=======================================
SLURM_ARRAY_TASK_ID = 16
YAML_PATH = /om2/user/bjmedina/auditory-memory/memory/model_yamls/three-regime/resnet50/run_000016.yaml
=======================================
Running config:
  YAML: /om2/user/bjmedina/auditory-memory/memory/model_yamls/three-regime/resnet50/run_000016.yaml
  Encoder: resnet50
  Metric: cosine
  Noise: three-regime
/om2/user/bjmedina/auditory-memory/memory/figures/figures_v11_three-regime_cosine_median_dist/atexts/resnet50/cosine/three-regime/ /om2/user/bjmedina/auditory-memory/memory/fits/fits_v11_three-regime_cosine_median_dist_best
Directory already exists: /om2/user/bjmedina/auditory-memory/memory/figures/figures_v11_three-regime_cosine_median_dist/atexts/resnet50/cosine/three-regime/
Directory already exists: /om2/user/bjmedina/auditory-memory/memory/fits/fits_v11_three-regime_cosine_median_dist_best
Directory already exists: /om2/user/bjmedina/auditory-memory/memory/fits/fits_v11_three-regime_cosine_median_dist_all
Encoder name: resnet50-layer1
LOADING FROM /om2/user/bjmedina/models/cochdnn/model_directories/resnet50_word_speaker_audioset/
=> loading checkpoint '/om2/user/bjmedina/models/cochdnn/model_checkpoints/audio_rep_training_cochleagram_1/standard_training_word_and_audioset_and_speaker_decay_lr/542752d7-9849-49ff-b84a-6758a81585b4/5_checkpoint.pt'
=> loaded checkpoint '/om2/user/bjmedina/models/cochdnn/model_checkpoints/audio_rep_training_cochleagram_1/standard_training_word_and_audioset_and_speaker_decay_lr/542752d7-9849-49ff-b84a-6758a81585b4/5_checkpoint.pt' (epoch 6)
median distance: 0.13791514395083881
there are 22 candidates
Stage A best sigma0: 0.2340079839927208 mse_isi0: 0.015755814497099903
(0.2106071855934487, 0.2574087823919929)
trying out {'sigma0': 0.2106071855934487, 'sigma1': 0.0006774360376489792, 'sigma2': 0.00010000000000000009, 't_step': 5.0}
trying out {'sigma0': 0.2106071855934487, 'sigma1': 0.004589195851055487, 'sigma2': 0.00010000000000000009, 't_step': 5.0}
trying out {'sigma0': 0.2106071855934487, 'sigma1': 0.004589195851055487, 'sigma2': 0.0006774360376489792, 't_step': 5.0}
trying out {'sigma0': 0.2106071855934487, 'sigma1': 0.031088866533341614, 'sigma2': 0.00010000000000000009, 't_step': 5.0}
trying out {'sigma0': 0.2106071855934487, 'sigma1': 0.031088866533341614, 'sigma2': 0.0006774360376489792, 't_step': 5.0}
trying out {'sigma0': 0.2106071855934487, 'sigma1': 0.031088866533341614, 'sigma2': 0.004589195851055487, 't_step': 5.0}
trying out {'sigma0': 0.2106071855934487, 'sigma1': 0.2106071855934487, 'sigma2': 0.00010000000000000009, 't_step': 5.0}
trying out {'sigma0': 0.2106071855934487, 'sigma1': 0.2106071855934487, 'sigma2': 0.0006774360376489792, 't_step': 5.0}
trying out {'sigma0': 0.2106071855934487, 'sigma1': 0.2106071855934487, 'sigma2': 0.004589195851055487, 't_step': 5.0}
trying out {'sigma0': 0.2106071855934487, 'sigma1': 0.2106071855934487, 'sigma2': 0.031088866533341614, 't_step': 5.0}
trying out {'sigma0': 0.22144237388961793, 'sigma1': 0.0006774360376489792, 'sigma2': 0.00010000000000000009, 't_step': 5.0}
trying out {'sigma0': 0.22144237388961793, 'sigma1': 0.004589195851055487, 'sigma2': 0.00010000000000000009, 't_step': 5.0}
trying out {'sigma0': 0.22144237388961793, 'sigma1': 0.004589195851055487, 'sigma2': 0.0006774360376489792, 't_step': 5.0}
trying out {'sigma0': 0.22144237388961793, 'sigma1': 0.031088866533341614, 'sigma2': 0.00010000000000000009, 't_step': 5.0}
trying out {'sigma0': 0.22144237388961793, 'sigma1': 0.031088866533341614, 'sigma2': 0.0006774360376489792, 't_step': 5.0}
trying out {'sigma0': 0.22144237388961793, 'sigma1': 0.031088866533341614, 'sigma2': 0.004589195851055487, 't_step': 5.0}
trying out {'sigma0': 0.22144237388961793, 'sigma1': 0.2106071855934487, 'sigma2': 0.00010000000000000009, 't_step': 5.0}
trying out {'sigma0': 0.22144237388961793, 'sigma1': 0.2106071855934487, 'sigma2': 0.0006774360376489792, 't_step': 5.0}
trying out {'sigma0': 0.22144237388961793, 'sigma1': 0.2106071855934487, 'sigma2': 0.004589195851055487, 't_step': 5.0}
trying out {'sigma0': 0.22144237388961793, 'sigma1': 0.2106071855934487, 'sigma2': 0.031088866533341614, 't_step': 5.0}
trying out {'sigma0': 0.23283500425540424, 'sigma1': 0.0006774360376489792, 'sigma2': 0.00010000000000000009, 't_step': 5.0}
trying out {'sigma0': 0.23283500425540424, 'sigma1': 0.004589195851055487, 'sigma2': 0.00010000000000000009, 't_step': 5.0}
trying out {'sigma0': 0.23283500425540424, 'sigma1': 0.004589195851055487, 'sigma2': 0.0006774360376489792, 't_step': 5.0}
trying out {'sigma0': 0.23283500425540424, 'sigma1': 0.031088866533341614, 'sigma2': 0.00010000000000000009, 't_step': 5.0}
trying out {'sigma0': 0.23283500425540424, 'sigma1': 0.031088866533341614, 'sigma2': 0.0006774360376489792, 't_step': 5.0}
trying out {'sigma0': 0.23283500425540424, 'sigma1': 0.031088866533341614, 'sigma2': 0.004589195851055487, 't_step': 5.0}
trying out {'sigma0': 0.23283500425540424, 'sigma1': 0.2106071855934487, 'sigma2': 0.00010000000000000009, 't_step': 5.0}
trying out {'sigma0': 0.23283500425540424, 'sigma1': 0.2106071855934487, 'sigma2': 0.0006774360376489792, 't_step': 5.0}
trying out {'sigma0': 0.23283500425540424, 'sigma1': 0.2106071855934487, 'sigma2': 0.004589195851055487, 't_step': 5.0}
trying out {'sigma0': 0.23283500425540424, 'sigma1': 0.2106071855934487, 'sigma2': 0.031088866533341614, 't_step': 5.0}
trying out {'sigma0': 0.24481375562581872, 'sigma1': 0.0006774360376489792, 'sigma2': 0.00010000000000000009, 't_step': 5.0}
trying out {'sigma0': 0.24481375562581872, 'sigma1': 0.004589195851055487, 'sigma2': 0.00010000000000000009, 't_step': 5.0}
trying out {'sigma0': 0.24481375562581872, 'sigma1': 0.004589195851055487, 'sigma2': 0.0006774360376489792, 't_step': 5.0}
trying out {'sigma0': 0.24481375562581872, 'sigma1': 0.031088866533341614, 'sigma2': 0.00010000000000000009, 't_step': 5.0}
trying out {'sigma0': 0.24481375562581872, 'sigma1': 0.031088866533341614, 'sigma2': 0.0006774360376489792, 't_step': 5.0}
trying out {'sigma0': 0.24481375562581872, 'sigma1': 0.031088866533341614, 'sigma2': 0.004589195851055487, 't_step': 5.0}
trying out {'sigma0': 0.24481375562581872, 'sigma1': 0.2106071855934487, 'sigma2': 0.00010000000000000009, 't_step': 5.0}
trying out {'sigma0': 0.24481375562581872, 'sigma1': 0.2106071855934487, 'sigma2': 0.0006774360376489792, 't_step': 5.0}
trying out {'sigma0': 0.24481375562581872, 'sigma1': 0.2106071855934487, 'sigma2': 0.004589195851055487, 't_step': 5.0}
trying out {'sigma0': 0.24481375562581872, 'sigma1': 0.2106071855934487, 'sigma2': 0.031088866533341614, 't_step': 5.0}
trying out {'sigma0': 0.2574087823919929, 'sigma1': 0.0006774360376489792, 'sigma2': 0.00010000000000000009, 't_step': 5.0}
trying out {'sigma0': 0.2574087823919929, 'sigma1': 0.004589195851055487, 'sigma2': 0.00010000000000000009, 't_step': 5.0}
trying out {'sigma0': 0.2574087823919929, 'sigma1': 0.004589195851055487, 'sigma2': 0.0006774360376489792, 't_step': 5.0}
trying out {'sigma0': 0.2574087823919929, 'sigma1': 0.031088866533341614, 'sigma2': 0.00010000000000000009, 't_step': 5.0}
trying out {'sigma0': 0.2574087823919929, 'sigma1': 0.031088866533341614, 'sigma2': 0.0006774360376489792, 't_step': 5.0}
trying out {'sigma0': 0.2574087823919929, 'sigma1': 0.031088866533341614, 'sigma2': 0.004589195851055487, 't_step': 5.0}
trying out {'sigma0': 0.2574087823919929, 'sigma1': 0.2106071855934487, 'sigma2': 0.00010000000000000009, 't_step': 5.0}
trying out {'sigma0': 0.2574087823919929, 'sigma1': 0.2106071855934487, 'sigma2': 0.0006774360376489792, 't_step': 5.0}
trying out {'sigma0': 0.2574087823919929, 'sigma1': 0.2106071855934487, 'sigma2': 0.004589195851055487, 't_step': 5.0}
trying out {'sigma0': 0.2574087823919929, 'sigma1': 0.2106071855934487, 'sigma2': 0.031088866533341614, 't_step': 5.0}
Stage B best params: {'sigma0': 0.2574087823919929, 'sigma1': 0.004589195851055487, 'sigma2': 0.00010000000000000009, 't_step': 5.0, 'noise_mode': 'three-regime', 'metric': 'cosine', 'layer': 'resnet50-layer1', 'encoder': 'resnet50-layer1', 'stimulus_set': 'Auditory Textures'}
Stage B mse_per_isi: [0.4739105  0.01245807 0.10484477 0.12048594 0.20851184 0.39778087
 0.26395916 0.51679344]
Stage B obj (ISI>=1 mean): 0.2321191586867255
refined search candidate: {'sigma0': 0.41374543185251644, 'sigma1': 0.013791514395083887, 'sigma2': 9.000000000000003e-05, 't_step': 5.0}
refined search candidate: {'sigma0': 0.41374543185251644, 'sigma1': 0.013791514395083887, 'sigma2': 9.949874371066201e-05, 't_step': 5.0}
refined search candidate: {'sigma0': 0.41374543185251644, 'sigma1': 0.013791514395083887, 'sigma2': 0.0001100000000000002, 't_step': 5.0}
refined search candidate: {'sigma0': 0.41374543185251644, 'sigma1': 0.01379220395356511, 'sigma2': 9.000000000000003e-05, 't_step': 5.0}
refined search candidate: {'sigma0': 0.41374543185251644, 'sigma1': 0.01379220395356511, 'sigma2': 9.949874371066201e-05, 't_step': 5.0}
refined search candidate: {'sigma0': 0.41374543185251644, 'sigma1': 0.01379220395356511, 'sigma2': 0.0001100000000000002, 't_step': 5.0}
refined search candidate: {'sigma0': 0.41374543185251644, 'sigma1': 0.013792893546523395, 'sigma2': 9.000000000000003e-05, 't_step': 5.0}
refined search candidate: {'sigma0': 0.41374543185251644, 'sigma1': 0.013792893546523395, 'sigma2': 9.949874371066201e-05, 't_step': 5.0}
refined search candidate: {'sigma0': 0.41374543185251644, 'sigma1': 0.013792893546523395, 'sigma2': 0.0001100000000000002, 't_step': 5.0}
refined search candidate: {'sigma0': 0.41376611860695317, 'sigma1': 0.013791514395083887, 'sigma2': 9.000000000000003e-05, 't_step': 5.0}
refined search candidate: {'sigma0': 0.41376611860695317, 'sigma1': 0.013791514395083887, 'sigma2': 9.949874371066201e-05, 't_step': 5.0}
refined search candidate: {'sigma0': 0.41376611860695317, 'sigma1': 0.013791514395083887, 'sigma2': 0.0001100000000000002, 't_step': 5.0}
refined search candidate: {'sigma0': 0.41376611860695317, 'sigma1': 0.01379220395356511, 'sigma2': 9.000000000000003e-05, 't_step': 5.0}
refined search candidate: {'sigma0': 0.41376611860695317, 'sigma1': 0.01379220395356511, 'sigma2': 9.949874371066201e-05, 't_step': 5.0}
refined search candidate: {'sigma0': 0.41376611860695317, 'sigma1': 0.01379220395356511, 'sigma2': 0.0001100000000000002, 't_step': 5.0}
refined search candidate: {'sigma0': 0.41376611860695317, 'sigma1': 0.013792893546523395, 'sigma2': 9.000000000000003e-05, 't_step': 5.0}
refined search candidate: {'sigma0': 0.41376611860695317, 'sigma1': 0.013792893546523395, 'sigma2': 9.949874371066201e-05, 't_step': 5.0}
refined search candidate: {'sigma0': 0.41376611860695317, 'sigma1': 0.013792893546523395, 'sigma2': 0.0001100000000000002, 't_step': 5.0}
refined search candidate: {'sigma0': 0.4137868063957017, 'sigma1': 0.013791514395083887, 'sigma2': 9.000000000000003e-05, 't_step': 5.0}
refined search candidate: {'sigma0': 0.4137868063957017, 'sigma1': 0.013791514395083887, 'sigma2': 9.949874371066201e-05, 't_step': 5.0}
refined search candidate: {'sigma0': 0.4137868063957017, 'sigma1': 0.013791514395083887, 'sigma2': 0.0001100000000000002, 't_step': 5.0}
refined search candidate: {'sigma0': 0.4137868063957017, 'sigma1': 0.01379220395356511, 'sigma2': 9.000000000000003e-05, 't_step': 5.0}
refined search candidate: {'sigma0': 0.4137868063957017, 'sigma1': 0.01379220395356511, 'sigma2': 9.949874371066201e-05, 't_step': 5.0}
refined search candidate: {'sigma0': 0.4137868063957017, 'sigma1': 0.01379220395356511, 'sigma2': 0.0001100000000000002, 't_step': 5.0}
refined search candidate: {'sigma0': 0.4137868063957017, 'sigma1': 0.013792893546523395, 'sigma2': 9.000000000000003e-05, 't_step': 5.0}
refined search candidate: {'sigma0': 0.4137868063957017, 'sigma1': 0.013792893546523395, 'sigma2': 9.949874371066201e-05, 't_step': 5.0}
refined search candidate: {'sigma0': 0.4137868063957017, 'sigma1': 0.013792893546523395, 'sigma2': 0.0001100000000000002, 't_step': 5.0}
REFINED best params: {'sigma0': 0.4137868063957017, 'sigma1': 0.01379220395356511, 'sigma2': 9.949874371066201e-05, 't_step': 5, 'noise_mode': 'three-regime', 'metric': 'cosine', 'layer': 'resnet50-layer1', 'encoder': 'resnet50-layer1', 'stimulus_set': 'Auditory Textures'}
REFINED mse_per_isi: [1.29702356 0.41575621 0.04356035 0.04992624 0.0050616  0.00258538
 0.00518978 0.04479526]
REFINED obj: 0.08098211782247415
✔ Saved 1 best models to /om2/user/bjmedina/auditory-memory/memory/fits/fits_v11_three-regime_cosine_median_dist_all
