=======================================
SLURM_ARRAY_TASK_ID = 10
YAML_PATH = /om2/user/bjmedina/auditory-memory/memory/model_yamls/three-regime/kell2018/run_000010.yaml
=======================================
Running config:
  YAML: /om2/user/bjmedina/auditory-memory/memory/model_yamls/three-regime/kell2018/run_000010.yaml
  Encoder: kell2018
  Metric: cosine
  Noise: three-regime
/om2/user/bjmedina/auditory-memory/memory/figures/figures_v11_three-regime/glob-music/kell2018/cosine/three-regime/ /om2/user/bjmedina/auditory-memory/memory/fits/fits_v11_three-regime_best
Directory already exists: /om2/user/bjmedina/auditory-memory/memory/figures/figures_v11_three-regime/glob-music/kell2018/cosine/three-regime/
Directory already exists: /om2/user/bjmedina/auditory-memory/memory/fits/fits_v11_three-regime_best
Directory already exists: /om2/user/bjmedina/auditory-memory/memory/fits/fits_v11_three-regime_all
Encoder name: kell2018-relu4
LOADING FROM /om2/user/bjmedina/models/cochdnn/model_directories/kell2018_word_speaker_audioset/
=> loading checkpoint '/om2/user/bjmedina/models/cochdnn/model_checkpoints/audio_rep_training_cochleagram_1/kell2018_word_audioset_speaker_decay_lr/5728d456-ddc2-4fc2-bf07-a41e658f36d4/5_checkpoint.pt'
=> loaded checkpoint '/om2/user/bjmedina/models/cochdnn/model_checkpoints/audio_rep_training_cochleagram_1/kell2018_word_audioset_speaker_decay_lr/5728d456-ddc2-4fc2-bf07-a41e658f36d4/5_checkpoint.pt' (epoch 6)
median distance: 1
there are 29 candidates
Stage A best sigma0: 0.11720087201588038 mse_isi0: 0.027627224150702706
✔ Saved 1 best models to /om2/user/bjmedina/auditory-memory/memory/fits/fits_v11_three-regime_all
(0.10548078481429234, 0.12892095921746843)
trying out {'sigma0': 0.10548078481429234, 'sigma1': 0.0005698930203988706, 'sigma2': 0.00010000000000000009, 't_step': 5.0}
trying out {'sigma0': 0.10548078481429234, 'sigma1': 0.0032477805469934753, 'sigma2': 0.00010000000000000009, 't_step': 5.0}
trying out {'sigma0': 0.10548078481429234, 'sigma1': 0.0032477805469934753, 'sigma2': 0.0005698930203988706, 't_step': 5.0}
trying out {'sigma0': 0.10548078481429234, 'sigma1': 0.01850887465518808, 'sigma2': 0.00010000000000000009, 't_step': 5.0}
trying out {'sigma0': 0.10548078481429234, 'sigma1': 0.01850887465518808, 'sigma2': 0.0005698930203988706, 't_step': 5.0}
trying out {'sigma0': 0.10548078481429234, 'sigma1': 0.01850887465518808, 'sigma2': 0.0032477805469934753, 't_step': 5.0}
trying out {'sigma0': 0.10548078481429234, 'sigma1': 0.10548078481429234, 'sigma2': 0.00010000000000000009, 't_step': 5.0}
trying out {'sigma0': 0.10548078481429234, 'sigma1': 0.10548078481429234, 'sigma2': 0.0005698930203988706, 't_step': 5.0}
trying out {'sigma0': 0.10548078481429234, 'sigma1': 0.10548078481429234, 'sigma2': 0.0032477805469934753, 't_step': 5.0}
trying out {'sigma0': 0.10548078481429234, 'sigma1': 0.10548078481429234, 'sigma2': 0.01850887465518808, 't_step': 5.0}
trying out {'sigma0': 0.11090749502776438, 'sigma1': 0.0005698930203988706, 'sigma2': 0.00010000000000000009, 't_step': 5.0}
trying out {'sigma0': 0.11090749502776438, 'sigma1': 0.0032477805469934753, 'sigma2': 0.00010000000000000009, 't_step': 5.0}
trying out {'sigma0': 0.11090749502776438, 'sigma1': 0.0032477805469934753, 'sigma2': 0.0005698930203988706, 't_step': 5.0}
trying out {'sigma0': 0.11090749502776438, 'sigma1': 0.01850887465518808, 'sigma2': 0.00010000000000000009, 't_step': 5.0}
trying out {'sigma0': 0.11090749502776438, 'sigma1': 0.01850887465518808, 'sigma2': 0.0005698930203988706, 't_step': 5.0}
trying out {'sigma0': 0.11090749502776438, 'sigma1': 0.01850887465518808, 'sigma2': 0.0032477805469934753, 't_step': 5.0}
trying out {'sigma0': 0.11090749502776438, 'sigma1': 0.10548078481429234, 'sigma2': 0.00010000000000000009, 't_step': 5.0}
trying out {'sigma0': 0.11090749502776438, 'sigma1': 0.10548078481429234, 'sigma2': 0.0005698930203988706, 't_step': 5.0}
trying out {'sigma0': 0.11090749502776438, 'sigma1': 0.10548078481429234, 'sigma2': 0.0032477805469934753, 't_step': 5.0}
trying out {'sigma0': 0.11090749502776438, 'sigma1': 0.10548078481429234, 'sigma2': 0.01850887465518808, 't_step': 5.0}
trying out {'sigma0': 0.11661339527374182, 'sigma1': 0.0005698930203988706, 'sigma2': 0.00010000000000000009, 't_step': 5.0}
trying out {'sigma0': 0.11661339527374182, 'sigma1': 0.0032477805469934753, 'sigma2': 0.00010000000000000009, 't_step': 5.0}
trying out {'sigma0': 0.11661339527374182, 'sigma1': 0.0032477805469934753, 'sigma2': 0.0005698930203988706, 't_step': 5.0}
trying out {'sigma0': 0.11661339527374182, 'sigma1': 0.01850887465518808, 'sigma2': 0.00010000000000000009, 't_step': 5.0}
trying out {'sigma0': 0.11661339527374182, 'sigma1': 0.01850887465518808, 'sigma2': 0.0005698930203988706, 't_step': 5.0}
trying out {'sigma0': 0.11661339527374182, 'sigma1': 0.01850887465518808, 'sigma2': 0.0032477805469934753, 't_step': 5.0}
trying out {'sigma0': 0.11661339527374182, 'sigma1': 0.10548078481429234, 'sigma2': 0.00010000000000000009, 't_step': 5.0}
trying out {'sigma0': 0.11661339527374182, 'sigma1': 0.10548078481429234, 'sigma2': 0.0005698930203988706, 't_step': 5.0}
trying out {'sigma0': 0.11661339527374182, 'sigma1': 0.10548078481429234, 'sigma2': 0.0032477805469934753, 't_step': 5.0}
trying out {'sigma0': 0.11661339527374182, 'sigma1': 0.10548078481429234, 'sigma2': 0.01850887465518808, 't_step': 5.0}
trying out {'sigma0': 0.12261284914843384, 'sigma1': 0.0005698930203988706, 'sigma2': 0.00010000000000000009, 't_step': 5.0}
trying out {'sigma0': 0.12261284914843384, 'sigma1': 0.0032477805469934753, 'sigma2': 0.00010000000000000009, 't_step': 5.0}
trying out {'sigma0': 0.12261284914843384, 'sigma1': 0.0032477805469934753, 'sigma2': 0.0005698930203988706, 't_step': 5.0}
trying out {'sigma0': 0.12261284914843384, 'sigma1': 0.01850887465518808, 'sigma2': 0.00010000000000000009, 't_step': 5.0}
trying out {'sigma0': 0.12261284914843384, 'sigma1': 0.01850887465518808, 'sigma2': 0.0005698930203988706, 't_step': 5.0}
trying out {'sigma0': 0.12261284914843384, 'sigma1': 0.01850887465518808, 'sigma2': 0.0032477805469934753, 't_step': 5.0}
trying out {'sigma0': 0.12261284914843384, 'sigma1': 0.10548078481429234, 'sigma2': 0.00010000000000000009, 't_step': 5.0}
trying out {'sigma0': 0.12261284914843384, 'sigma1': 0.10548078481429234, 'sigma2': 0.0005698930203988706, 't_step': 5.0}
trying out {'sigma0': 0.12261284914843384, 'sigma1': 0.10548078481429234, 'sigma2': 0.0032477805469934753, 't_step': 5.0}
trying out {'sigma0': 0.12261284914843384, 'sigma1': 0.10548078481429234, 'sigma2': 0.01850887465518808, 't_step': 5.0}
trying out {'sigma0': 0.12892095921746846, 'sigma1': 0.0005698930203988706, 'sigma2': 0.00010000000000000009, 't_step': 5.0}
trying out {'sigma0': 0.12892095921746846, 'sigma1': 0.0032477805469934753, 'sigma2': 0.00010000000000000009, 't_step': 5.0}
trying out {'sigma0': 0.12892095921746846, 'sigma1': 0.0032477805469934753, 'sigma2': 0.0005698930203988706, 't_step': 5.0}
trying out {'sigma0': 0.12892095921746846, 'sigma1': 0.01850887465518808, 'sigma2': 0.00010000000000000009, 't_step': 5.0}
trying out {'sigma0': 0.12892095921746846, 'sigma1': 0.01850887465518808, 'sigma2': 0.0005698930203988706, 't_step': 5.0}
trying out {'sigma0': 0.12892095921746846, 'sigma1': 0.01850887465518808, 'sigma2': 0.0032477805469934753, 't_step': 5.0}
trying out {'sigma0': 0.12892095921746846, 'sigma1': 0.10548078481429234, 'sigma2': 0.00010000000000000009, 't_step': 5.0}
trying out {'sigma0': 0.12892095921746846, 'sigma1': 0.10548078481429234, 'sigma2': 0.0005698930203988706, 't_step': 5.0}
trying out {'sigma0': 0.12892095921746846, 'sigma1': 0.10548078481429234, 'sigma2': 0.0032477805469934753, 't_step': 5.0}
trying out {'sigma0': 0.12892095921746846, 'sigma1': 0.10548078481429234, 'sigma2': 0.01850887465518808, 't_step': 5.0}
Stage B best params: {'sigma0': 0.10548078481429234, 'sigma1': 0.10548078481429234, 'sigma2': 0.00010000000000000009, 't_step': 5.0, 'noise_mode': 'three-regime', 'metric': 'cosine', 'layer': 'kell2018-relu4', 'encoder': 'kell2018-relu4', 'stimulus_set': 'Globalized Music'}
Stage B mse_per_isi: [0.05056534 0.46849705 0.03356197 0.11641683 0.11770263 0.02053325
 0.00929113 0.00506651]
Stage B obj (ISI>=1 mean): 0.11015276761254408
✔ Saved 1 best models to /om2/user/bjmedina/auditory-memory/memory/fits/fits_v11_three-regime_all
refined search candidate: {'sigma0': 0.7, 'sigma1': 0.10000000000000002, 'sigma2': 0.0005000000000000001, 't_step': 5.0}
refined search candidate: {'sigma0': 0.7, 'sigma1': 0.10000000000000002, 'sigma2': 0.0005000124995312774, 't_step': 5.0}
refined search candidate: {'sigma0': 0.7, 'sigma1': 0.10000000000000002, 'sigma2': 0.0005000249993750314, 't_step': 5.0}
refined search candidate: {'sigma0': 0.7, 'sigma1': 0.10000000000000002, 'sigma2': 0.0005000374995312696, 't_step': 5.0}
refined search candidate: {'sigma0': 0.7, 'sigma1': 0.10000000000000002, 'sigma2': 0.00050005, 't_step': 5.0}
refined search candidate: {'sigma0': 0.7, 'sigma1': 0.10378665364965084, 'sigma2': 0.0005000000000000001, 't_step': 5.0}
refined search candidate: {'sigma0': 0.7, 'sigma1': 0.10378665364965084, 'sigma2': 0.0005000124995312774, 't_step': 5.0}
refined search candidate: {'sigma0': 0.7, 'sigma1': 0.10378665364965084, 'sigma2': 0.0005000249993750314, 't_step': 5.0}
refined search candidate: {'sigma0': 0.7, 'sigma1': 0.10378665364965084, 'sigma2': 0.0005000374995312696, 't_step': 5.0}
refined search candidate: {'sigma0': 0.7, 'sigma1': 0.10378665364965084, 'sigma2': 0.00050005, 't_step': 5.0}
refined search candidate: {'sigma0': 0.7, 'sigma1': 0.10771669475792585, 'sigma2': 0.0005000000000000001, 't_step': 5.0}
refined search candidate: {'sigma0': 0.7, 'sigma1': 0.10771669475792585, 'sigma2': 0.0005000124995312774, 't_step': 5.0}
refined search candidate: {'sigma0': 0.7, 'sigma1': 0.10771669475792585, 'sigma2': 0.0005000249993750314, 't_step': 5.0}
refined search candidate: {'sigma0': 0.7, 'sigma1': 0.10771669475792585, 'sigma2': 0.0005000374995312696, 't_step': 5.0}
refined search candidate: {'sigma0': 0.7, 'sigma1': 0.10771669475792585, 'sigma2': 0.00050005, 't_step': 5.0}
refined search candidate: {'sigma0': 0.7, 'sigma1': 0.11179555291126007, 'sigma2': 0.0005000000000000001, 't_step': 5.0}
refined search candidate: {'sigma0': 0.7, 'sigma1': 0.11179555291126007, 'sigma2': 0.0005000124995312774, 't_step': 5.0}
refined search candidate: {'sigma0': 0.7, 'sigma1': 0.11179555291126007, 'sigma2': 0.0005000249993750314, 't_step': 5.0}
refined search candidate: {'sigma0': 0.7, 'sigma1': 0.11179555291126007, 'sigma2': 0.0005000374995312696, 't_step': 5.0}
refined search candidate: {'sigma0': 0.7, 'sigma1': 0.11179555291126007, 'sigma2': 0.00050005, 't_step': 5.0}
refined search candidate: {'sigma0': 0.7, 'sigma1': 0.11602886329572161, 'sigma2': 0.0005000000000000001, 't_step': 5.0}
refined search candidate: {'sigma0': 0.7, 'sigma1': 0.11602886329572161, 'sigma2': 0.0005000124995312774, 't_step': 5.0}
refined search candidate: {'sigma0': 0.7, 'sigma1': 0.11602886329572161, 'sigma2': 0.0005000249993750314, 't_step': 5.0}
refined search candidate: {'sigma0': 0.7, 'sigma1': 0.11602886329572161, 'sigma2': 0.0005000374995312696, 't_step': 5.0}
refined search candidate: {'sigma0': 0.7, 'sigma1': 0.11602886329572161, 'sigma2': 0.00050005, 't_step': 5.0}
refined search candidate: {'sigma0': 0.7000174993437882, 'sigma1': 0.10000000000000002, 'sigma2': 0.0005000000000000001, 't_step': 5.0}
refined search candidate: {'sigma0': 0.7000174993437882, 'sigma1': 0.10000000000000002, 'sigma2': 0.0005000124995312774, 't_step': 5.0}
refined search candidate: {'sigma0': 0.7000174993437882, 'sigma1': 0.10000000000000002, 'sigma2': 0.0005000249993750314, 't_step': 5.0}
refined search candidate: {'sigma0': 0.7000174993437882, 'sigma1': 0.10000000000000002, 'sigma2': 0.0005000374995312696, 't_step': 5.0}
refined search candidate: {'sigma0': 0.7000174993437882, 'sigma1': 0.10000000000000002, 'sigma2': 0.00050005, 't_step': 5.0}
refined search candidate: {'sigma0': 0.7000174993437882, 'sigma1': 0.10378665364965084, 'sigma2': 0.0005000000000000001, 't_step': 5.0}
refined search candidate: {'sigma0': 0.7000174993437882, 'sigma1': 0.10378665364965084, 'sigma2': 0.0005000124995312774, 't_step': 5.0}
refined search candidate: {'sigma0': 0.7000174993437882, 'sigma1': 0.10378665364965084, 'sigma2': 0.0005000249993750314, 't_step': 5.0}
refined search candidate: {'sigma0': 0.7000174993437882, 'sigma1': 0.10378665364965084, 'sigma2': 0.0005000374995312696, 't_step': 5.0}
refined search candidate: {'sigma0': 0.7000174993437882, 'sigma1': 0.10378665364965084, 'sigma2': 0.00050005, 't_step': 5.0}
refined search candidate: {'sigma0': 0.7000174993437882, 'sigma1': 0.10771669475792585, 'sigma2': 0.0005000000000000001, 't_step': 5.0}
refined search candidate: {'sigma0': 0.7000174993437882, 'sigma1': 0.10771669475792585, 'sigma2': 0.0005000124995312774, 't_step': 5.0}
refined search candidate: {'sigma0': 0.7000174993437882, 'sigma1': 0.10771669475792585, 'sigma2': 0.0005000249993750314, 't_step': 5.0}
refined search candidate: {'sigma0': 0.7000174993437882, 'sigma1': 0.10771669475792585, 'sigma2': 0.0005000374995312696, 't_step': 5.0}
refined search candidate: {'sigma0': 0.7000174993437882, 'sigma1': 0.10771669475792585, 'sigma2': 0.00050005, 't_step': 5.0}
refined search candidate: {'sigma0': 0.7000174993437882, 'sigma1': 0.11179555291126007, 'sigma2': 0.0005000000000000001, 't_step': 5.0}
refined search candidate: {'sigma0': 0.7000174993437882, 'sigma1': 0.11179555291126007, 'sigma2': 0.0005000124995312774, 't_step': 5.0}
refined search candidate: {'sigma0': 0.7000174993437882, 'sigma1': 0.11179555291126007, 'sigma2': 0.0005000249993750314, 't_step': 5.0}
refined search candidate: {'sigma0': 0.7000174993437882, 'sigma1': 0.11179555291126007, 'sigma2': 0.0005000374995312696, 't_step': 5.0}
refined search candidate: {'sigma0': 0.7000174993437882, 'sigma1': 0.11179555291126007, 'sigma2': 0.00050005, 't_step': 5.0}
refined search candidate: {'sigma0': 0.7000174993437882, 'sigma1': 0.11602886329572161, 'sigma2': 0.0005000000000000001, 't_step': 5.0}
refined search candidate: {'sigma0': 0.7000174993437882, 'sigma1': 0.11602886329572161, 'sigma2': 0.0005000124995312774, 't_step': 5.0}
refined search candidate: {'sigma0': 0.7000174993437882, 'sigma1': 0.11602886329572161, 'sigma2': 0.0005000249993750314, 't_step': 5.0}
refined search candidate: {'sigma0': 0.7000174993437882, 'sigma1': 0.11602886329572161, 'sigma2': 0.0005000374995312696, 't_step': 5.0}
refined search candidate: {'sigma0': 0.7000174993437882, 'sigma1': 0.11602886329572161, 'sigma2': 0.00050005, 't_step': 5.0}
refined search candidate: {'sigma0': 0.7000349991250436, 'sigma1': 0.10000000000000002, 'sigma2': 0.0005000000000000001, 't_step': 5.0}
refined search candidate: {'sigma0': 0.7000349991250436, 'sigma1': 0.10000000000000002, 'sigma2': 0.0005000124995312774, 't_step': 5.0}
refined search candidate: {'sigma0': 0.7000349991250436, 'sigma1': 0.10000000000000002, 'sigma2': 0.0005000249993750314, 't_step': 5.0}
refined search candidate: {'sigma0': 0.7000349991250436, 'sigma1': 0.10000000000000002, 'sigma2': 0.0005000374995312696, 't_step': 5.0}
refined search candidate: {'sigma0': 0.7000349991250436, 'sigma1': 0.10000000000000002, 'sigma2': 0.00050005, 't_step': 5.0}
refined search candidate: {'sigma0': 0.7000349991250436, 'sigma1': 0.10378665364965084, 'sigma2': 0.0005000000000000001, 't_step': 5.0}
refined search candidate: {'sigma0': 0.7000349991250436, 'sigma1': 0.10378665364965084, 'sigma2': 0.0005000124995312774, 't_step': 5.0}
refined search candidate: {'sigma0': 0.7000349991250436, 'sigma1': 0.10378665364965084, 'sigma2': 0.0005000249993750314, 't_step': 5.0}
refined search candidate: {'sigma0': 0.7000349991250436, 'sigma1': 0.10378665364965084, 'sigma2': 0.0005000374995312696, 't_step': 5.0}
refined search candidate: {'sigma0': 0.7000349991250436, 'sigma1': 0.10378665364965084, 'sigma2': 0.00050005, 't_step': 5.0}
refined search candidate: {'sigma0': 0.7000349991250436, 'sigma1': 0.10771669475792585, 'sigma2': 0.0005000000000000001, 't_step': 5.0}
refined search candidate: {'sigma0': 0.7000349991250436, 'sigma1': 0.10771669475792585, 'sigma2': 0.0005000124995312774, 't_step': 5.0}
refined search candidate: {'sigma0': 0.7000349991250436, 'sigma1': 0.10771669475792585, 'sigma2': 0.0005000249993750314, 't_step': 5.0}
refined search candidate: {'sigma0': 0.7000349991250436, 'sigma1': 0.10771669475792585, 'sigma2': 0.0005000374995312696, 't_step': 5.0}
refined search candidate: {'sigma0': 0.7000349991250436, 'sigma1': 0.10771669475792585, 'sigma2': 0.00050005, 't_step': 5.0}
refined search candidate: {'sigma0': 0.7000349991250436, 'sigma1': 0.11179555291126007, 'sigma2': 0.0005000000000000001, 't_step': 5.0}
refined search candidate: {'sigma0': 0.7000349991250436, 'sigma1': 0.11179555291126007, 'sigma2': 0.0005000124995312774, 't_step': 5.0}
refined search candidate: {'sigma0': 0.7000349991250436, 'sigma1': 0.11179555291126007, 'sigma2': 0.0005000249993750314, 't_step': 5.0}
refined search candidate: {'sigma0': 0.7000349991250436, 'sigma1': 0.11179555291126007, 'sigma2': 0.0005000374995312696, 't_step': 5.0}
refined search candidate: {'sigma0': 0.7000349991250436, 'sigma1': 0.11179555291126007, 'sigma2': 0.00050005, 't_step': 5.0}
refined search candidate: {'sigma0': 0.7000349991250436, 'sigma1': 0.11602886329572161, 'sigma2': 0.0005000000000000001, 't_step': 5.0}
refined search candidate: {'sigma0': 0.7000349991250436, 'sigma1': 0.11602886329572161, 'sigma2': 0.0005000124995312774, 't_step': 5.0}
refined search candidate: {'sigma0': 0.7000349991250436, 'sigma1': 0.11602886329572161, 'sigma2': 0.0005000249993750314, 't_step': 5.0}
refined search candidate: {'sigma0': 0.7000349991250436, 'sigma1': 0.11602886329572161, 'sigma2': 0.0005000374995312696, 't_step': 5.0}
refined search candidate: {'sigma0': 0.7000349991250436, 'sigma1': 0.11602886329572161, 'sigma2': 0.00050005, 't_step': 5.0}
refined search candidate: {'sigma0': 0.7000524993437772, 'sigma1': 0.10000000000000002, 'sigma2': 0.0005000000000000001, 't_step': 5.0}
refined search candidate: {'sigma0': 0.7000524993437772, 'sigma1': 0.10000000000000002, 'sigma2': 0.0005000124995312774, 't_step': 5.0}
refined search candidate: {'sigma0': 0.7000524993437772, 'sigma1': 0.10000000000000002, 'sigma2': 0.0005000249993750314, 't_step': 5.0}
refined search candidate: {'sigma0': 0.7000524993437772, 'sigma1': 0.10000000000000002, 'sigma2': 0.0005000374995312696, 't_step': 5.0}
refined search candidate: {'sigma0': 0.7000524993437772, 'sigma1': 0.10000000000000002, 'sigma2': 0.00050005, 't_step': 5.0}
refined search candidate: {'sigma0': 0.7000524993437772, 'sigma1': 0.10378665364965084, 'sigma2': 0.0005000000000000001, 't_step': 5.0}
refined search candidate: {'sigma0': 0.7000524993437772, 'sigma1': 0.10378665364965084, 'sigma2': 0.0005000124995312774, 't_step': 5.0}
refined search candidate: {'sigma0': 0.7000524993437772, 'sigma1': 0.10378665364965084, 'sigma2': 0.0005000249993750314, 't_step': 5.0}
refined search candidate: {'sigma0': 0.7000524993437772, 'sigma1': 0.10378665364965084, 'sigma2': 0.0005000374995312696, 't_step': 5.0}
refined search candidate: {'sigma0': 0.7000524993437772, 'sigma1': 0.10378665364965084, 'sigma2': 0.00050005, 't_step': 5.0}
refined search candidate: {'sigma0': 0.7000524993437772, 'sigma1': 0.10771669475792585, 'sigma2': 0.0005000000000000001, 't_step': 5.0}
refined search candidate: {'sigma0': 0.7000524993437772, 'sigma1': 0.10771669475792585, 'sigma2': 0.0005000124995312774, 't_step': 5.0}
refined search candidate: {'sigma0': 0.7000524993437772, 'sigma1': 0.10771669475792585, 'sigma2': 0.0005000249993750314, 't_step': 5.0}
refined search candidate: {'sigma0': 0.7000524993437772, 'sigma1': 0.10771669475792585, 'sigma2': 0.0005000374995312696, 't_step': 5.0}
refined search candidate: {'sigma0': 0.7000524993437772, 'sigma1': 0.10771669475792585, 'sigma2': 0.00050005, 't_step': 5.0}
refined search candidate: {'sigma0': 0.7000524993437772, 'sigma1': 0.11179555291126007, 'sigma2': 0.0005000000000000001, 't_step': 5.0}
refined search candidate: {'sigma0': 0.7000524993437772, 'sigma1': 0.11179555291126007, 'sigma2': 0.0005000124995312774, 't_step': 5.0}
refined search candidate: {'sigma0': 0.7000524993437772, 'sigma1': 0.11179555291126007, 'sigma2': 0.0005000249993750314, 't_step': 5.0}
refined search candidate: {'sigma0': 0.7000524993437772, 'sigma1': 0.11179555291126007, 'sigma2': 0.0005000374995312696, 't_step': 5.0}
refined search candidate: {'sigma0': 0.7000524993437772, 'sigma1': 0.11179555291126007, 'sigma2': 0.00050005, 't_step': 5.0}
refined search candidate: {'sigma0': 0.7000524993437772, 'sigma1': 0.11602886329572161, 'sigma2': 0.0005000000000000001, 't_step': 5.0}
refined search candidate: {'sigma0': 0.7000524993437772, 'sigma1': 0.11602886329572161, 'sigma2': 0.0005000124995312774, 't_step': 5.0}
refined search candidate: {'sigma0': 0.7000524993437772, 'sigma1': 0.11602886329572161, 'sigma2': 0.0005000249993750314, 't_step': 5.0}
refined search candidate: {'sigma0': 0.7000524993437772, 'sigma1': 0.11602886329572161, 'sigma2': 0.0005000374995312696, 't_step': 5.0}
refined search candidate: {'sigma0': 0.7000524993437772, 'sigma1': 0.11602886329572161, 'sigma2': 0.00050005, 't_step': 5.0}
refined search candidate: {'sigma0': 0.7000699999999999, 'sigma1': 0.10000000000000002, 'sigma2': 0.0005000000000000001, 't_step': 5.0}
refined search candidate: {'sigma0': 0.7000699999999999, 'sigma1': 0.10000000000000002, 'sigma2': 0.0005000124995312774, 't_step': 5.0}
refined search candidate: {'sigma0': 0.7000699999999999, 'sigma1': 0.10000000000000002, 'sigma2': 0.0005000249993750314, 't_step': 5.0}
refined search candidate: {'sigma0': 0.7000699999999999, 'sigma1': 0.10000000000000002, 'sigma2': 0.0005000374995312696, 't_step': 5.0}
refined search candidate: {'sigma0': 0.7000699999999999, 'sigma1': 0.10000000000000002, 'sigma2': 0.00050005, 't_step': 5.0}
refined search candidate: {'sigma0': 0.7000699999999999, 'sigma1': 0.10378665364965084, 'sigma2': 0.0005000000000000001, 't_step': 5.0}
refined search candidate: {'sigma0': 0.7000699999999999, 'sigma1': 0.10378665364965084, 'sigma2': 0.0005000124995312774, 't_step': 5.0}
refined search candidate: {'sigma0': 0.7000699999999999, 'sigma1': 0.10378665364965084, 'sigma2': 0.0005000249993750314, 't_step': 5.0}
refined search candidate: {'sigma0': 0.7000699999999999, 'sigma1': 0.10378665364965084, 'sigma2': 0.0005000374995312696, 't_step': 5.0}
refined search candidate: {'sigma0': 0.7000699999999999, 'sigma1': 0.10378665364965084, 'sigma2': 0.00050005, 't_step': 5.0}
refined search candidate: {'sigma0': 0.7000699999999999, 'sigma1': 0.10771669475792585, 'sigma2': 0.0005000000000000001, 't_step': 5.0}
refined search candidate: {'sigma0': 0.7000699999999999, 'sigma1': 0.10771669475792585, 'sigma2': 0.0005000124995312774, 't_step': 5.0}
refined search candidate: {'sigma0': 0.7000699999999999, 'sigma1': 0.10771669475792585, 'sigma2': 0.0005000249993750314, 't_step': 5.0}
refined search candidate: {'sigma0': 0.7000699999999999, 'sigma1': 0.10771669475792585, 'sigma2': 0.0005000374995312696, 't_step': 5.0}
refined search candidate: {'sigma0': 0.7000699999999999, 'sigma1': 0.10771669475792585, 'sigma2': 0.00050005, 't_step': 5.0}
refined search candidate: {'sigma0': 0.7000699999999999, 'sigma1': 0.11179555291126007, 'sigma2': 0.0005000000000000001, 't_step': 5.0}
refined search candidate: {'sigma0': 0.7000699999999999, 'sigma1': 0.11179555291126007, 'sigma2': 0.0005000124995312774, 't_step': 5.0}
refined search candidate: {'sigma0': 0.7000699999999999, 'sigma1': 0.11179555291126007, 'sigma2': 0.0005000249993750314, 't_step': 5.0}
refined search candidate: {'sigma0': 0.7000699999999999, 'sigma1': 0.11179555291126007, 'sigma2': 0.0005000374995312696, 't_step': 5.0}
refined search candidate: {'sigma0': 0.7000699999999999, 'sigma1': 0.11179555291126007, 'sigma2': 0.00050005, 't_step': 5.0}
refined search candidate: {'sigma0': 0.7000699999999999, 'sigma1': 0.11602886329572161, 'sigma2': 0.0005000000000000001, 't_step': 5.0}
refined search candidate: {'sigma0': 0.7000699999999999, 'sigma1': 0.11602886329572161, 'sigma2': 0.0005000124995312774, 't_step': 5.0}
refined search candidate: {'sigma0': 0.7000699999999999, 'sigma1': 0.11602886329572161, 'sigma2': 0.0005000249993750314, 't_step': 5.0}
refined search candidate: {'sigma0': 0.7000699999999999, 'sigma1': 0.11602886329572161, 'sigma2': 0.0005000374995312696, 't_step': 5.0}
refined search candidate: {'sigma0': 0.7000699999999999, 'sigma1': 0.11602886329572161, 'sigma2': 0.00050005, 't_step': 5.0}
REFINED best params: {'sigma0': 0.7000699999999999, 'sigma1': 0.10771669475792585, 'sigma2': 0.0005000000000000001, 't_step': 5, 'noise_mode': 'three-regime', 'metric': 'cosine', 'layer': 'kell2018-relu4', 'encoder': 'kell2018-relu4', 'stimulus_set': 'Globalized Music'}
REFINED mse_per_isi: [13.70111283  6.62511441  2.63962704  1.311301    1.03732598  0.87882827
  0.83193729  0.43406566]
REFINED obj: 1.9654570935608204
✔ Saved 1 best models to /om2/user/bjmedina/auditory-memory/memory/fits/fits_v11_three-regime_best
