=======================================
SLURM_ARRAY_TASK_ID = 10
YAML_PATH = /om2/user/bjmedina/auditory-memory/memory/model_yamls/three-regime/kell2018/run_000010.yaml
=======================================
Running config:
  YAML: /om2/user/bjmedina/auditory-memory/memory/model_yamls/three-regime/kell2018/run_000010.yaml
  Encoder: kell2018
  Metric: cosine
  Noise: three-regime
/om2/user/bjmedina/auditory-memory/memory/figures/figures_v11_three-regime_cosine_median_dist/glob-music/kell2018/cosine/three-regime/ /om2/user/bjmedina/auditory-memory/memory/fits/fits_v11_three-regime_cosine_median_dist_best
Created directory: /om2/user/bjmedina/auditory-memory/memory/figures/figures_v11_three-regime_cosine_median_dist/glob-music/kell2018/cosine/three-regime/
Directory already exists: /om2/user/bjmedina/auditory-memory/memory/fits/fits_v11_three-regime_cosine_median_dist_best
Directory already exists: /om2/user/bjmedina/auditory-memory/memory/fits/fits_v11_three-regime_cosine_median_dist_all
Encoder name: kell2018-relu4
LOADING FROM /om2/user/bjmedina/models/cochdnn/model_directories/kell2018_word_speaker_audioset/
=> loading checkpoint '/om2/user/bjmedina/models/cochdnn/model_checkpoints/audio_rep_training_cochleagram_1/kell2018_word_audioset_speaker_decay_lr/5728d456-ddc2-4fc2-bf07-a41e658f36d4/5_checkpoint.pt'
=> loaded checkpoint '/om2/user/bjmedina/models/cochdnn/model_checkpoints/audio_rep_training_cochleagram_1/kell2018_word_audioset_speaker_decay_lr/5728d456-ddc2-4fc2-bf07-a41e658f36d4/5_checkpoint.pt' (epoch 6)
median distance: 0.6927104204317491
there are 22 candidates
Stage A best sigma0: 0.11261165317932126 mse_isi0: 0.0004253755570916767
(0.10135048786138913, 0.1238728184972534)
trying out {'sigma0': 0.10135048786138913, 'sigma1': 0.0005642303729999275, 'sigma2': 0.00010000000000000009, 't_step': 5.0}
trying out {'sigma0': 0.10135048786138913, 'sigma1': 0.003183559138156368, 'sigma2': 0.00010000000000000009, 't_step': 5.0}
trying out {'sigma0': 0.10135048786138913, 'sigma1': 0.003183559138156368, 'sigma2': 0.0005642303729999275, 't_step': 5.0}
trying out {'sigma0': 0.10135048786138913, 'sigma1': 0.017962607599892922, 'sigma2': 0.00010000000000000009, 't_step': 5.0}
trying out {'sigma0': 0.10135048786138913, 'sigma1': 0.017962607599892922, 'sigma2': 0.0005642303729999275, 't_step': 5.0}
trying out {'sigma0': 0.10135048786138913, 'sigma1': 0.017962607599892922, 'sigma2': 0.003183559138156368, 't_step': 5.0}
trying out {'sigma0': 0.10135048786138913, 'sigma1': 0.10135048786138913, 'sigma2': 0.00010000000000000009, 't_step': 5.0}
trying out {'sigma0': 0.10135048786138913, 'sigma1': 0.10135048786138913, 'sigma2': 0.0005642303729999275, 't_step': 5.0}
trying out {'sigma0': 0.10135048786138913, 'sigma1': 0.10135048786138913, 'sigma2': 0.003183559138156368, 't_step': 5.0}
trying out {'sigma0': 0.10135048786138913, 'sigma1': 0.10135048786138913, 'sigma2': 0.017962607599892922, 't_step': 5.0}
trying out {'sigma0': 0.10656470511039894, 'sigma1': 0.0005642303729999275, 'sigma2': 0.00010000000000000009, 't_step': 5.0}
trying out {'sigma0': 0.10656470511039894, 'sigma1': 0.003183559138156368, 'sigma2': 0.00010000000000000009, 't_step': 5.0}
trying out {'sigma0': 0.10656470511039894, 'sigma1': 0.003183559138156368, 'sigma2': 0.0005642303729999275, 't_step': 5.0}
trying out {'sigma0': 0.10656470511039894, 'sigma1': 0.017962607599892922, 'sigma2': 0.00010000000000000009, 't_step': 5.0}
trying out {'sigma0': 0.10656470511039894, 'sigma1': 0.017962607599892922, 'sigma2': 0.0005642303729999275, 't_step': 5.0}
trying out {'sigma0': 0.10656470511039894, 'sigma1': 0.017962607599892922, 'sigma2': 0.003183559138156368, 't_step': 5.0}
trying out {'sigma0': 0.10656470511039894, 'sigma1': 0.10135048786138913, 'sigma2': 0.00010000000000000009, 't_step': 5.0}
trying out {'sigma0': 0.10656470511039894, 'sigma1': 0.10135048786138913, 'sigma2': 0.0005642303729999275, 't_step': 5.0}
trying out {'sigma0': 0.10656470511039894, 'sigma1': 0.10135048786138913, 'sigma2': 0.003183559138156368, 't_step': 5.0}
trying out {'sigma0': 0.10656470511039894, 'sigma1': 0.10135048786138913, 'sigma2': 0.017962607599892922, 't_step': 5.0}
trying out {'sigma0': 0.11204718018523244, 'sigma1': 0.0005642303729999275, 'sigma2': 0.00010000000000000009, 't_step': 5.0}
trying out {'sigma0': 0.11204718018523244, 'sigma1': 0.003183559138156368, 'sigma2': 0.00010000000000000009, 't_step': 5.0}
trying out {'sigma0': 0.11204718018523244, 'sigma1': 0.003183559138156368, 'sigma2': 0.0005642303729999275, 't_step': 5.0}
trying out {'sigma0': 0.11204718018523244, 'sigma1': 0.017962607599892922, 'sigma2': 0.00010000000000000009, 't_step': 5.0}
trying out {'sigma0': 0.11204718018523244, 'sigma1': 0.017962607599892922, 'sigma2': 0.0005642303729999275, 't_step': 5.0}
trying out {'sigma0': 0.11204718018523244, 'sigma1': 0.017962607599892922, 'sigma2': 0.003183559138156368, 't_step': 5.0}
trying out {'sigma0': 0.11204718018523244, 'sigma1': 0.10135048786138913, 'sigma2': 0.00010000000000000009, 't_step': 5.0}
trying out {'sigma0': 0.11204718018523244, 'sigma1': 0.10135048786138913, 'sigma2': 0.0005642303729999275, 't_step': 5.0}
trying out {'sigma0': 0.11204718018523244, 'sigma1': 0.10135048786138913, 'sigma2': 0.003183559138156368, 't_step': 5.0}
trying out {'sigma0': 0.11204718018523244, 'sigma1': 0.10135048786138913, 'sigma2': 0.017962607599892922, 't_step': 5.0}
trying out {'sigma0': 0.11781171424868726, 'sigma1': 0.0005642303729999275, 'sigma2': 0.00010000000000000009, 't_step': 5.0}
trying out {'sigma0': 0.11781171424868726, 'sigma1': 0.003183559138156368, 'sigma2': 0.00010000000000000009, 't_step': 5.0}
trying out {'sigma0': 0.11781171424868726, 'sigma1': 0.003183559138156368, 'sigma2': 0.0005642303729999275, 't_step': 5.0}
trying out {'sigma0': 0.11781171424868726, 'sigma1': 0.017962607599892922, 'sigma2': 0.00010000000000000009, 't_step': 5.0}
trying out {'sigma0': 0.11781171424868726, 'sigma1': 0.017962607599892922, 'sigma2': 0.0005642303729999275, 't_step': 5.0}
trying out {'sigma0': 0.11781171424868726, 'sigma1': 0.017962607599892922, 'sigma2': 0.003183559138156368, 't_step': 5.0}
trying out {'sigma0': 0.11781171424868726, 'sigma1': 0.10135048786138913, 'sigma2': 0.00010000000000000009, 't_step': 5.0}
trying out {'sigma0': 0.11781171424868726, 'sigma1': 0.10135048786138913, 'sigma2': 0.0005642303729999275, 't_step': 5.0}
trying out {'sigma0': 0.11781171424868726, 'sigma1': 0.10135048786138913, 'sigma2': 0.003183559138156368, 't_step': 5.0}
trying out {'sigma0': 0.11781171424868726, 'sigma1': 0.10135048786138913, 'sigma2': 0.017962607599892922, 't_step': 5.0}
trying out {'sigma0': 0.12387281849725344, 'sigma1': 0.0005642303729999275, 'sigma2': 0.00010000000000000009, 't_step': 5.0}
trying out {'sigma0': 0.12387281849725344, 'sigma1': 0.003183559138156368, 'sigma2': 0.00010000000000000009, 't_step': 5.0}
trying out {'sigma0': 0.12387281849725344, 'sigma1': 0.003183559138156368, 'sigma2': 0.0005642303729999275, 't_step': 5.0}
trying out {'sigma0': 0.12387281849725344, 'sigma1': 0.017962607599892922, 'sigma2': 0.00010000000000000009, 't_step': 5.0}
trying out {'sigma0': 0.12387281849725344, 'sigma1': 0.017962607599892922, 'sigma2': 0.0005642303729999275, 't_step': 5.0}
trying out {'sigma0': 0.12387281849725344, 'sigma1': 0.017962607599892922, 'sigma2': 0.003183559138156368, 't_step': 5.0}
trying out {'sigma0': 0.12387281849725344, 'sigma1': 0.10135048786138913, 'sigma2': 0.00010000000000000009, 't_step': 5.0}
trying out {'sigma0': 0.12387281849725344, 'sigma1': 0.10135048786138913, 'sigma2': 0.0005642303729999275, 't_step': 5.0}
trying out {'sigma0': 0.12387281849725344, 'sigma1': 0.10135048786138913, 'sigma2': 0.003183559138156368, 't_step': 5.0}
trying out {'sigma0': 0.12387281849725344, 'sigma1': 0.10135048786138913, 'sigma2': 0.017962607599892922, 't_step': 5.0}
Stage B best params: {'sigma0': 0.10135048786138913, 'sigma1': 0.10135048786138913, 'sigma2': 0.003183559138156368, 't_step': 5.0, 'noise_mode': 'three-regime', 'metric': 'cosine', 'layer': 'kell2018-relu4', 'encoder': 'kell2018-relu4', 'stimulus_set': 'Globalized Music'}
Stage B mse_per_isi: [0.0300185  0.27796325 0.04306685 0.04210687 0.03723297 0.03693979
 0.05603572 0.00668338]
Stage B obj (ISI>=1 mean): 0.07143269159346784
refined search candidate: {'sigma0': 0.4848972943022244, 'sigma1': 0.09121543907525022, 'sigma2': 0.002865203224340733, 't_step': 5.0}
refined search candidate: {'sigma0': 0.4848972943022244, 'sigma1': 0.09121543907525022, 'sigma2': 0.003167601347751565, 't_step': 5.0}
refined search candidate: {'sigma0': 0.4848972943022244, 'sigma1': 0.09121543907525022, 'sigma2': 0.003501915051972005, 't_step': 5.0}
refined search candidate: {'sigma0': 0.4848972943022244, 'sigma1': 0.10084246216670918, 'sigma2': 0.002865203224340733, 't_step': 5.0}
refined search candidate: {'sigma0': 0.4848972943022244, 'sigma1': 0.10084246216670918, 'sigma2': 0.003167601347751565, 't_step': 5.0}
refined search candidate: {'sigma0': 0.4848972943022244, 'sigma1': 0.10084246216670918, 'sigma2': 0.003501915051972005, 't_step': 5.0}
refined search candidate: {'sigma0': 0.4848972943022244, 'sigma1': 0.11148553664752808, 'sigma2': 0.002865203224340733, 't_step': 5.0}
refined search candidate: {'sigma0': 0.4848972943022244, 'sigma1': 0.11148553664752808, 'sigma2': 0.003167601347751565, 't_step': 5.0}
refined search candidate: {'sigma0': 0.4848972943022244, 'sigma1': 0.11148553664752808, 'sigma2': 0.003501915051972005, 't_step': 5.0}
refined search candidate: {'sigma0': 0.4849215385608482, 'sigma1': 0.09121543907525022, 'sigma2': 0.002865203224340733, 't_step': 5.0}
refined search candidate: {'sigma0': 0.4849215385608482, 'sigma1': 0.09121543907525022, 'sigma2': 0.003167601347751565, 't_step': 5.0}
refined search candidate: {'sigma0': 0.4849215385608482, 'sigma1': 0.09121543907525022, 'sigma2': 0.003501915051972005, 't_step': 5.0}
refined search candidate: {'sigma0': 0.4849215385608482, 'sigma1': 0.10084246216670918, 'sigma2': 0.002865203224340733, 't_step': 5.0}
refined search candidate: {'sigma0': 0.4849215385608482, 'sigma1': 0.10084246216670918, 'sigma2': 0.003167601347751565, 't_step': 5.0}
refined search candidate: {'sigma0': 0.4849215385608482, 'sigma1': 0.10084246216670918, 'sigma2': 0.003501915051972005, 't_step': 5.0}
refined search candidate: {'sigma0': 0.4849215385608482, 'sigma1': 0.11148553664752808, 'sigma2': 0.002865203224340733, 't_step': 5.0}
refined search candidate: {'sigma0': 0.4849215385608482, 'sigma1': 0.11148553664752808, 'sigma2': 0.003167601347751565, 't_step': 5.0}
refined search candidate: {'sigma0': 0.4849215385608482, 'sigma1': 0.11148553664752808, 'sigma2': 0.003501915051972005, 't_step': 5.0}
refined search candidate: {'sigma0': 0.4849457840316546, 'sigma1': 0.09121543907525022, 'sigma2': 0.002865203224340733, 't_step': 5.0}
refined search candidate: {'sigma0': 0.4849457840316546, 'sigma1': 0.09121543907525022, 'sigma2': 0.003167601347751565, 't_step': 5.0}
refined search candidate: {'sigma0': 0.4849457840316546, 'sigma1': 0.09121543907525022, 'sigma2': 0.003501915051972005, 't_step': 5.0}
refined search candidate: {'sigma0': 0.4849457840316546, 'sigma1': 0.10084246216670918, 'sigma2': 0.002865203224340733, 't_step': 5.0}
refined search candidate: {'sigma0': 0.4849457840316546, 'sigma1': 0.10084246216670918, 'sigma2': 0.003167601347751565, 't_step': 5.0}
refined search candidate: {'sigma0': 0.4849457840316546, 'sigma1': 0.10084246216670918, 'sigma2': 0.003501915051972005, 't_step': 5.0}
refined search candidate: {'sigma0': 0.4849457840316546, 'sigma1': 0.11148553664752808, 'sigma2': 0.002865203224340733, 't_step': 5.0}
refined search candidate: {'sigma0': 0.4849457840316546, 'sigma1': 0.11148553664752808, 'sigma2': 0.003167601347751565, 't_step': 5.0}
refined search candidate: {'sigma0': 0.4849457840316546, 'sigma1': 0.11148553664752808, 'sigma2': 0.003501915051972005, 't_step': 5.0}
REFINED best params: {'sigma0': 0.4849215385608482, 'sigma1': 0.09121543907525022, 'sigma2': 0.003501915051972005, 't_step': 5, 'noise_mode': 'three-regime', 'metric': 'cosine', 'layer': 'kell2018-relu4', 'encoder': 'kell2018-relu4', 'stimulus_set': 'Globalized Music'}
REFINED mse_per_isi: [12.20379374  6.3444503   1.92761499  0.95680689  1.09809104  0.96094351
  0.83497641  0.40209806]
REFINED obj: 1.7892830267875455
✔ Saved 1 best models to /om2/user/bjmedina/auditory-memory/memory/fits/fits_v11_three-regime_cosine_median_dist_all
