=======================================
SLURM_ARRAY_TASK_ID = 14
YAML_PATH = /om2/user/bjmedina/auditory-memory/memory/model_yamls/three-regime/resnet50/run_000014.yaml
=======================================
Running config:
  YAML: /om2/user/bjmedina/auditory-memory/memory/model_yamls/three-regime/resnet50/run_000014.yaml
  Encoder: resnet50
  Metric: cosine
  Noise: three-regime
/om2/user/bjmedina/auditory-memory/memory/figures/figures_v11_three-regime/atexts/resnet50/cosine/three-regime/ /om2/user/bjmedina/auditory-memory/memory/fits/fits_v11_three-regime_best
Directory already exists: /om2/user/bjmedina/auditory-memory/memory/figures/figures_v11_three-regime/atexts/resnet50/cosine/three-regime/
Directory already exists: /om2/user/bjmedina/auditory-memory/memory/fits/fits_v11_three-regime_best
Directory already exists: /om2/user/bjmedina/auditory-memory/memory/fits/fits_v11_three-regime_all
Encoder name: resnet50-input_after_preproc
LOADING FROM /om2/user/bjmedina/models/cochdnn/model_directories/resnet50_word_speaker_audioset/
=> loading checkpoint '/om2/user/bjmedina/models/cochdnn/model_checkpoints/audio_rep_training_cochleagram_1/standard_training_word_and_audioset_and_speaker_decay_lr/542752d7-9849-49ff-b84a-6758a81585b4/5_checkpoint.pt'
=> loaded checkpoint '/om2/user/bjmedina/models/cochdnn/model_checkpoints/audio_rep_training_cochleagram_1/standard_training_word_and_audioset_and_speaker_decay_lr/542752d7-9849-49ff-b84a-6758a81585b4/5_checkpoint.pt' (epoch 6)
median distance: 1
there are 29 candidates
Stage A best sigma0: 0.10725209743171998 mse_isi0: 0.7037842633584873
✔ Saved 1 best models to /om2/user/bjmedina/auditory-memory/memory/fits/fits_v11_three-regime_all
(0.09652688768854799, 0.117977307174892)
trying out {'sigma0': 0.09652688768854799, 'sigma1': 0.0005573937258276216, 'sigma2': 0.00010000000000000009, 't_step': 5.0}
trying out {'sigma0': 0.09652688768854799, 'sigma1': 0.0031068776559199755, 'sigma2': 0.00010000000000000009, 't_step': 5.0}
trying out {'sigma0': 0.09652688768854799, 'sigma1': 0.0031068776559199755, 'sigma2': 0.0005573937258276216, 't_step': 5.0}
trying out {'sigma0': 0.09652688768854799, 'sigma1': 0.017317541123238214, 'sigma2': 0.00010000000000000009, 't_step': 5.0}
trying out {'sigma0': 0.09652688768854799, 'sigma1': 0.017317541123238214, 'sigma2': 0.0005573937258276216, 't_step': 5.0}
trying out {'sigma0': 0.09652688768854799, 'sigma1': 0.017317541123238214, 'sigma2': 0.0031068776559199755, 't_step': 5.0}
trying out {'sigma0': 0.09652688768854799, 'sigma1': 0.09652688768854799, 'sigma2': 0.00010000000000000009, 't_step': 5.0}
trying out {'sigma0': 0.09652688768854799, 'sigma1': 0.09652688768854799, 'sigma2': 0.0005573937258276216, 't_step': 5.0}
trying out {'sigma0': 0.09652688768854799, 'sigma1': 0.09652688768854799, 'sigma2': 0.0031068776559199755, 't_step': 5.0}
trying out {'sigma0': 0.09652688768854799, 'sigma1': 0.09652688768854799, 'sigma2': 0.017317541123238214, 't_step': 5.0}
trying out {'sigma0': 0.10149294333760617, 'sigma1': 0.0005573937258276216, 'sigma2': 0.00010000000000000009, 't_step': 5.0}
trying out {'sigma0': 0.10149294333760617, 'sigma1': 0.0031068776559199755, 'sigma2': 0.00010000000000000009, 't_step': 5.0}
trying out {'sigma0': 0.10149294333760617, 'sigma1': 0.0031068776559199755, 'sigma2': 0.0005573937258276216, 't_step': 5.0}
trying out {'sigma0': 0.10149294333760617, 'sigma1': 0.017317541123238214, 'sigma2': 0.00010000000000000009, 't_step': 5.0}
trying out {'sigma0': 0.10149294333760617, 'sigma1': 0.017317541123238214, 'sigma2': 0.0005573937258276216, 't_step': 5.0}
trying out {'sigma0': 0.10149294333760617, 'sigma1': 0.017317541123238214, 'sigma2': 0.0031068776559199755, 't_step': 5.0}
trying out {'sigma0': 0.10149294333760617, 'sigma1': 0.09652688768854799, 'sigma2': 0.00010000000000000009, 't_step': 5.0}
trying out {'sigma0': 0.10149294333760617, 'sigma1': 0.09652688768854799, 'sigma2': 0.0005573937258276216, 't_step': 5.0}
trying out {'sigma0': 0.10149294333760617, 'sigma1': 0.09652688768854799, 'sigma2': 0.0031068776559199755, 't_step': 5.0}
trying out {'sigma0': 0.10149294333760617, 'sigma1': 0.09652688768854799, 'sigma2': 0.017317541123238214, 't_step': 5.0}
trying out {'sigma0': 0.10671448954789658, 'sigma1': 0.0005573937258276216, 'sigma2': 0.00010000000000000009, 't_step': 5.0}
trying out {'sigma0': 0.10671448954789658, 'sigma1': 0.0031068776559199755, 'sigma2': 0.00010000000000000009, 't_step': 5.0}
trying out {'sigma0': 0.10671448954789658, 'sigma1': 0.0031068776559199755, 'sigma2': 0.0005573937258276216, 't_step': 5.0}
trying out {'sigma0': 0.10671448954789658, 'sigma1': 0.017317541123238214, 'sigma2': 0.00010000000000000009, 't_step': 5.0}
trying out {'sigma0': 0.10671448954789658, 'sigma1': 0.017317541123238214, 'sigma2': 0.0005573937258276216, 't_step': 5.0}
trying out {'sigma0': 0.10671448954789658, 'sigma1': 0.017317541123238214, 'sigma2': 0.0031068776559199755, 't_step': 5.0}
trying out {'sigma0': 0.10671448954789658, 'sigma1': 0.09652688768854799, 'sigma2': 0.00010000000000000009, 't_step': 5.0}
trying out {'sigma0': 0.10671448954789658, 'sigma1': 0.09652688768854799, 'sigma2': 0.0005573937258276216, 't_step': 5.0}
trying out {'sigma0': 0.10671448954789658, 'sigma1': 0.09652688768854799, 'sigma2': 0.0031068776559199755, 't_step': 5.0}
trying out {'sigma0': 0.10671448954789658, 'sigma1': 0.09652688768854799, 'sigma2': 0.017317541123238214, 't_step': 5.0}
trying out {'sigma0': 0.1122046706398802, 'sigma1': 0.0005573937258276216, 'sigma2': 0.00010000000000000009, 't_step': 5.0}
trying out {'sigma0': 0.1122046706398802, 'sigma1': 0.0031068776559199755, 'sigma2': 0.00010000000000000009, 't_step': 5.0}
trying out {'sigma0': 0.1122046706398802, 'sigma1': 0.0031068776559199755, 'sigma2': 0.0005573937258276216, 't_step': 5.0}
trying out {'sigma0': 0.1122046706398802, 'sigma1': 0.017317541123238214, 'sigma2': 0.00010000000000000009, 't_step': 5.0}
trying out {'sigma0': 0.1122046706398802, 'sigma1': 0.017317541123238214, 'sigma2': 0.0005573937258276216, 't_step': 5.0}
trying out {'sigma0': 0.1122046706398802, 'sigma1': 0.017317541123238214, 'sigma2': 0.0031068776559199755, 't_step': 5.0}
trying out {'sigma0': 0.1122046706398802, 'sigma1': 0.09652688768854799, 'sigma2': 0.00010000000000000009, 't_step': 5.0}
trying out {'sigma0': 0.1122046706398802, 'sigma1': 0.09652688768854799, 'sigma2': 0.0005573937258276216, 't_step': 5.0}
trying out {'sigma0': 0.1122046706398802, 'sigma1': 0.09652688768854799, 'sigma2': 0.0031068776559199755, 't_step': 5.0}
trying out {'sigma0': 0.1122046706398802, 'sigma1': 0.09652688768854799, 'sigma2': 0.017317541123238214, 't_step': 5.0}
trying out {'sigma0': 0.11797730717489198, 'sigma1': 0.0005573937258276216, 'sigma2': 0.00010000000000000009, 't_step': 5.0}
trying out {'sigma0': 0.11797730717489198, 'sigma1': 0.0031068776559199755, 'sigma2': 0.00010000000000000009, 't_step': 5.0}
trying out {'sigma0': 0.11797730717489198, 'sigma1': 0.0031068776559199755, 'sigma2': 0.0005573937258276216, 't_step': 5.0}
trying out {'sigma0': 0.11797730717489198, 'sigma1': 0.017317541123238214, 'sigma2': 0.00010000000000000009, 't_step': 5.0}
trying out {'sigma0': 0.11797730717489198, 'sigma1': 0.017317541123238214, 'sigma2': 0.0005573937258276216, 't_step': 5.0}
trying out {'sigma0': 0.11797730717489198, 'sigma1': 0.017317541123238214, 'sigma2': 0.0031068776559199755, 't_step': 5.0}
trying out {'sigma0': 0.11797730717489198, 'sigma1': 0.09652688768854799, 'sigma2': 0.00010000000000000009, 't_step': 5.0}
trying out {'sigma0': 0.11797730717489198, 'sigma1': 0.09652688768854799, 'sigma2': 0.0005573937258276216, 't_step': 5.0}
trying out {'sigma0': 0.11797730717489198, 'sigma1': 0.09652688768854799, 'sigma2': 0.0031068776559199755, 't_step': 5.0}
trying out {'sigma0': 0.11797730717489198, 'sigma1': 0.09652688768854799, 'sigma2': 0.017317541123238214, 't_step': 5.0}
Stage B best params: {'sigma0': 0.10149294333760617, 'sigma1': 0.0031068776559199755, 'sigma2': 0.00010000000000000009, 't_step': 5.0, 'noise_mode': 'three-regime', 'metric': 'cosine', 'layer': 'resnet50-input_after_preproc', 'encoder': 'resnet50-input_after_preproc', 'stimulus_set': 'Auditory Textures'}
Stage B mse_per_isi: [3.8213632  2.70257127 1.14296059 0.81489074 0.56929757 0.47374419
 0.35622892 0.12196728]
Stage B obj (ISI>=1 mean): 0.883094365765066
✔ Saved 1 best models to /om2/user/bjmedina/auditory-memory/memory/fits/fits_v11_three-regime_all
refined search candidate: {'sigma0': 3.0000000000000004, 'sigma1': 0.10000000000000002, 'sigma2': 0.0005000000000000001, 't_step': 5.0}
refined search candidate: {'sigma0': 3.0000000000000004, 'sigma1': 0.10000000000000002, 'sigma2': 0.0005000124995312774, 't_step': 5.0}
refined search candidate: {'sigma0': 3.0000000000000004, 'sigma1': 0.10000000000000002, 'sigma2': 0.0005000249993750314, 't_step': 5.0}
refined search candidate: {'sigma0': 3.0000000000000004, 'sigma1': 0.10000000000000002, 'sigma2': 0.0005000374995312696, 't_step': 5.0}
refined search candidate: {'sigma0': 3.0000000000000004, 'sigma1': 0.10000000000000002, 'sigma2': 0.00050005, 't_step': 5.0}
refined search candidate: {'sigma0': 3.0000000000000004, 'sigma1': 0.1000024999062555, 'sigma2': 0.0005000000000000001, 't_step': 5.0}
refined search candidate: {'sigma0': 3.0000000000000004, 'sigma1': 0.1000024999062555, 'sigma2': 0.0005000124995312774, 't_step': 5.0}
refined search candidate: {'sigma0': 3.0000000000000004, 'sigma1': 0.1000024999062555, 'sigma2': 0.0005000249993750314, 't_step': 5.0}
refined search candidate: {'sigma0': 3.0000000000000004, 'sigma1': 0.1000024999062555, 'sigma2': 0.0005000374995312696, 't_step': 5.0}
refined search candidate: {'sigma0': 3.0000000000000004, 'sigma1': 0.1000024999062555, 'sigma2': 0.00050005, 't_step': 5.0}
refined search candidate: {'sigma0': 3.0000000000000004, 'sigma1': 0.10000499987500627, 'sigma2': 0.0005000000000000001, 't_step': 5.0}
refined search candidate: {'sigma0': 3.0000000000000004, 'sigma1': 0.10000499987500627, 'sigma2': 0.0005000124995312774, 't_step': 5.0}
refined search candidate: {'sigma0': 3.0000000000000004, 'sigma1': 0.10000499987500627, 'sigma2': 0.0005000249993750314, 't_step': 5.0}
refined search candidate: {'sigma0': 3.0000000000000004, 'sigma1': 0.10000499987500627, 'sigma2': 0.0005000374995312696, 't_step': 5.0}
refined search candidate: {'sigma0': 3.0000000000000004, 'sigma1': 0.10000499987500627, 'sigma2': 0.00050005, 't_step': 5.0}
refined search candidate: {'sigma0': 3.0000000000000004, 'sigma1': 0.10000749990625393, 'sigma2': 0.0005000000000000001, 't_step': 5.0}
refined search candidate: {'sigma0': 3.0000000000000004, 'sigma1': 0.10000749990625393, 'sigma2': 0.0005000124995312774, 't_step': 5.0}
refined search candidate: {'sigma0': 3.0000000000000004, 'sigma1': 0.10000749990625393, 'sigma2': 0.0005000249993750314, 't_step': 5.0}
refined search candidate: {'sigma0': 3.0000000000000004, 'sigma1': 0.10000749990625393, 'sigma2': 0.0005000374995312696, 't_step': 5.0}
refined search candidate: {'sigma0': 3.0000000000000004, 'sigma1': 0.10000749990625393, 'sigma2': 0.00050005, 't_step': 5.0}
refined search candidate: {'sigma0': 3.0000000000000004, 'sigma1': 0.10001000000000003, 'sigma2': 0.0005000000000000001, 't_step': 5.0}
refined search candidate: {'sigma0': 3.0000000000000004, 'sigma1': 0.10001000000000003, 'sigma2': 0.0005000124995312774, 't_step': 5.0}
refined search candidate: {'sigma0': 3.0000000000000004, 'sigma1': 0.10001000000000003, 'sigma2': 0.0005000249993750314, 't_step': 5.0}
refined search candidate: {'sigma0': 3.0000000000000004, 'sigma1': 0.10001000000000003, 'sigma2': 0.0005000374995312696, 't_step': 5.0}
refined search candidate: {'sigma0': 3.0000000000000004, 'sigma1': 0.10001000000000003, 'sigma2': 0.00050005, 't_step': 5.0}
refined search candidate: {'sigma0': 3.000074997187664, 'sigma1': 0.10000000000000002, 'sigma2': 0.0005000000000000001, 't_step': 5.0}
refined search candidate: {'sigma0': 3.000074997187664, 'sigma1': 0.10000000000000002, 'sigma2': 0.0005000124995312774, 't_step': 5.0}
refined search candidate: {'sigma0': 3.000074997187664, 'sigma1': 0.10000000000000002, 'sigma2': 0.0005000249993750314, 't_step': 5.0}
refined search candidate: {'sigma0': 3.000074997187664, 'sigma1': 0.10000000000000002, 'sigma2': 0.0005000374995312696, 't_step': 5.0}
refined search candidate: {'sigma0': 3.000074997187664, 'sigma1': 0.10000000000000002, 'sigma2': 0.00050005, 't_step': 5.0}
refined search candidate: {'sigma0': 3.000074997187664, 'sigma1': 0.1000024999062555, 'sigma2': 0.0005000000000000001, 't_step': 5.0}
refined search candidate: {'sigma0': 3.000074997187664, 'sigma1': 0.1000024999062555, 'sigma2': 0.0005000124995312774, 't_step': 5.0}
refined search candidate: {'sigma0': 3.000074997187664, 'sigma1': 0.1000024999062555, 'sigma2': 0.0005000249993750314, 't_step': 5.0}
refined search candidate: {'sigma0': 3.000074997187664, 'sigma1': 0.1000024999062555, 'sigma2': 0.0005000374995312696, 't_step': 5.0}
refined search candidate: {'sigma0': 3.000074997187664, 'sigma1': 0.1000024999062555, 'sigma2': 0.00050005, 't_step': 5.0}
refined search candidate: {'sigma0': 3.000074997187664, 'sigma1': 0.10000499987500627, 'sigma2': 0.0005000000000000001, 't_step': 5.0}
refined search candidate: {'sigma0': 3.000074997187664, 'sigma1': 0.10000499987500627, 'sigma2': 0.0005000124995312774, 't_step': 5.0}
refined search candidate: {'sigma0': 3.000074997187664, 'sigma1': 0.10000499987500627, 'sigma2': 0.0005000249993750314, 't_step': 5.0}
refined search candidate: {'sigma0': 3.000074997187664, 'sigma1': 0.10000499987500627, 'sigma2': 0.0005000374995312696, 't_step': 5.0}
refined search candidate: {'sigma0': 3.000074997187664, 'sigma1': 0.10000499987500627, 'sigma2': 0.00050005, 't_step': 5.0}
refined search candidate: {'sigma0': 3.000074997187664, 'sigma1': 0.10000749990625393, 'sigma2': 0.0005000000000000001, 't_step': 5.0}
refined search candidate: {'sigma0': 3.000074997187664, 'sigma1': 0.10000749990625393, 'sigma2': 0.0005000124995312774, 't_step': 5.0}
refined search candidate: {'sigma0': 3.000074997187664, 'sigma1': 0.10000749990625393, 'sigma2': 0.0005000249993750314, 't_step': 5.0}
refined search candidate: {'sigma0': 3.000074997187664, 'sigma1': 0.10000749990625393, 'sigma2': 0.0005000374995312696, 't_step': 5.0}
refined search candidate: {'sigma0': 3.000074997187664, 'sigma1': 0.10000749990625393, 'sigma2': 0.00050005, 't_step': 5.0}
refined search candidate: {'sigma0': 3.000074997187664, 'sigma1': 0.10001000000000003, 'sigma2': 0.0005000000000000001, 't_step': 5.0}
refined search candidate: {'sigma0': 3.000074997187664, 'sigma1': 0.10001000000000003, 'sigma2': 0.0005000124995312774, 't_step': 5.0}
refined search candidate: {'sigma0': 3.000074997187664, 'sigma1': 0.10001000000000003, 'sigma2': 0.0005000249993750314, 't_step': 5.0}
refined search candidate: {'sigma0': 3.000074997187664, 'sigma1': 0.10001000000000003, 'sigma2': 0.0005000374995312696, 't_step': 5.0}
refined search candidate: {'sigma0': 3.000074997187664, 'sigma1': 0.10001000000000003, 'sigma2': 0.00050005, 't_step': 5.0}
refined search candidate: {'sigma0': 3.0001499962501876, 'sigma1': 0.10000000000000002, 'sigma2': 0.0005000000000000001, 't_step': 5.0}
refined search candidate: {'sigma0': 3.0001499962501876, 'sigma1': 0.10000000000000002, 'sigma2': 0.0005000124995312774, 't_step': 5.0}
refined search candidate: {'sigma0': 3.0001499962501876, 'sigma1': 0.10000000000000002, 'sigma2': 0.0005000249993750314, 't_step': 5.0}
refined search candidate: {'sigma0': 3.0001499962501876, 'sigma1': 0.10000000000000002, 'sigma2': 0.0005000374995312696, 't_step': 5.0}
refined search candidate: {'sigma0': 3.0001499962501876, 'sigma1': 0.10000000000000002, 'sigma2': 0.00050005, 't_step': 5.0}
refined search candidate: {'sigma0': 3.0001499962501876, 'sigma1': 0.1000024999062555, 'sigma2': 0.0005000000000000001, 't_step': 5.0}
refined search candidate: {'sigma0': 3.0001499962501876, 'sigma1': 0.1000024999062555, 'sigma2': 0.0005000124995312774, 't_step': 5.0}
refined search candidate: {'sigma0': 3.0001499962501876, 'sigma1': 0.1000024999062555, 'sigma2': 0.0005000249993750314, 't_step': 5.0}
refined search candidate: {'sigma0': 3.0001499962501876, 'sigma1': 0.1000024999062555, 'sigma2': 0.0005000374995312696, 't_step': 5.0}
refined search candidate: {'sigma0': 3.0001499962501876, 'sigma1': 0.1000024999062555, 'sigma2': 0.00050005, 't_step': 5.0}
refined search candidate: {'sigma0': 3.0001499962501876, 'sigma1': 0.10000499987500627, 'sigma2': 0.0005000000000000001, 't_step': 5.0}
refined search candidate: {'sigma0': 3.0001499962501876, 'sigma1': 0.10000499987500627, 'sigma2': 0.0005000124995312774, 't_step': 5.0}
refined search candidate: {'sigma0': 3.0001499962501876, 'sigma1': 0.10000499987500627, 'sigma2': 0.0005000249993750314, 't_step': 5.0}
refined search candidate: {'sigma0': 3.0001499962501876, 'sigma1': 0.10000499987500627, 'sigma2': 0.0005000374995312696, 't_step': 5.0}
refined search candidate: {'sigma0': 3.0001499962501876, 'sigma1': 0.10000499987500627, 'sigma2': 0.00050005, 't_step': 5.0}
refined search candidate: {'sigma0': 3.0001499962501876, 'sigma1': 0.10000749990625393, 'sigma2': 0.0005000000000000001, 't_step': 5.0}
refined search candidate: {'sigma0': 3.0001499962501876, 'sigma1': 0.10000749990625393, 'sigma2': 0.0005000124995312774, 't_step': 5.0}
refined search candidate: {'sigma0': 3.0001499962501876, 'sigma1': 0.10000749990625393, 'sigma2': 0.0005000249993750314, 't_step': 5.0}
refined search candidate: {'sigma0': 3.0001499962501876, 'sigma1': 0.10000749990625393, 'sigma2': 0.0005000374995312696, 't_step': 5.0}
refined search candidate: {'sigma0': 3.0001499962501876, 'sigma1': 0.10000749990625393, 'sigma2': 0.00050005, 't_step': 5.0}
refined search candidate: {'sigma0': 3.0001499962501876, 'sigma1': 0.10001000000000003, 'sigma2': 0.0005000000000000001, 't_step': 5.0}
refined search candidate: {'sigma0': 3.0001499962501876, 'sigma1': 0.10001000000000003, 'sigma2': 0.0005000124995312774, 't_step': 5.0}
refined search candidate: {'sigma0': 3.0001499962501876, 'sigma1': 0.10001000000000003, 'sigma2': 0.0005000249993750314, 't_step': 5.0}
refined search candidate: {'sigma0': 3.0001499962501876, 'sigma1': 0.10001000000000003, 'sigma2': 0.0005000374995312696, 't_step': 5.0}
refined search candidate: {'sigma0': 3.0001499962501876, 'sigma1': 0.10001000000000003, 'sigma2': 0.00050005, 't_step': 5.0}
refined search candidate: {'sigma0': 3.0002249971876176, 'sigma1': 0.10000000000000002, 'sigma2': 0.0005000000000000001, 't_step': 5.0}
refined search candidate: {'sigma0': 3.0002249971876176, 'sigma1': 0.10000000000000002, 'sigma2': 0.0005000124995312774, 't_step': 5.0}
refined search candidate: {'sigma0': 3.0002249971876176, 'sigma1': 0.10000000000000002, 'sigma2': 0.0005000249993750314, 't_step': 5.0}
refined search candidate: {'sigma0': 3.0002249971876176, 'sigma1': 0.10000000000000002, 'sigma2': 0.0005000374995312696, 't_step': 5.0}
refined search candidate: {'sigma0': 3.0002249971876176, 'sigma1': 0.10000000000000002, 'sigma2': 0.00050005, 't_step': 5.0}
refined search candidate: {'sigma0': 3.0002249971876176, 'sigma1': 0.1000024999062555, 'sigma2': 0.0005000000000000001, 't_step': 5.0}
refined search candidate: {'sigma0': 3.0002249971876176, 'sigma1': 0.1000024999062555, 'sigma2': 0.0005000124995312774, 't_step': 5.0}
refined search candidate: {'sigma0': 3.0002249971876176, 'sigma1': 0.1000024999062555, 'sigma2': 0.0005000249993750314, 't_step': 5.0}
refined search candidate: {'sigma0': 3.0002249971876176, 'sigma1': 0.1000024999062555, 'sigma2': 0.0005000374995312696, 't_step': 5.0}
refined search candidate: {'sigma0': 3.0002249971876176, 'sigma1': 0.1000024999062555, 'sigma2': 0.00050005, 't_step': 5.0}
refined search candidate: {'sigma0': 3.0002249971876176, 'sigma1': 0.10000499987500627, 'sigma2': 0.0005000000000000001, 't_step': 5.0}
refined search candidate: {'sigma0': 3.0002249971876176, 'sigma1': 0.10000499987500627, 'sigma2': 0.0005000124995312774, 't_step': 5.0}
refined search candidate: {'sigma0': 3.0002249971876176, 'sigma1': 0.10000499987500627, 'sigma2': 0.0005000249993750314, 't_step': 5.0}
refined search candidate: {'sigma0': 3.0002249971876176, 'sigma1': 0.10000499987500627, 'sigma2': 0.0005000374995312696, 't_step': 5.0}
refined search candidate: {'sigma0': 3.0002249971876176, 'sigma1': 0.10000499987500627, 'sigma2': 0.00050005, 't_step': 5.0}
refined search candidate: {'sigma0': 3.0002249971876176, 'sigma1': 0.10000749990625393, 'sigma2': 0.0005000000000000001, 't_step': 5.0}
refined search candidate: {'sigma0': 3.0002249971876176, 'sigma1': 0.10000749990625393, 'sigma2': 0.0005000124995312774, 't_step': 5.0}
refined search candidate: {'sigma0': 3.0002249971876176, 'sigma1': 0.10000749990625393, 'sigma2': 0.0005000249993750314, 't_step': 5.0}
refined search candidate: {'sigma0': 3.0002249971876176, 'sigma1': 0.10000749990625393, 'sigma2': 0.0005000374995312696, 't_step': 5.0}
refined search candidate: {'sigma0': 3.0002249971876176, 'sigma1': 0.10000749990625393, 'sigma2': 0.00050005, 't_step': 5.0}
refined search candidate: {'sigma0': 3.0002249971876176, 'sigma1': 0.10001000000000003, 'sigma2': 0.0005000000000000001, 't_step': 5.0}
refined search candidate: {'sigma0': 3.0002249971876176, 'sigma1': 0.10001000000000003, 'sigma2': 0.0005000124995312774, 't_step': 5.0}
refined search candidate: {'sigma0': 3.0002249971876176, 'sigma1': 0.10001000000000003, 'sigma2': 0.0005000249993750314, 't_step': 5.0}
refined search candidate: {'sigma0': 3.0002249971876176, 'sigma1': 0.10001000000000003, 'sigma2': 0.0005000374995312696, 't_step': 5.0}
refined search candidate: {'sigma0': 3.0002249971876176, 'sigma1': 0.10001000000000003, 'sigma2': 0.00050005, 't_step': 5.0}
refined search candidate: {'sigma0': 3.0003, 'sigma1': 0.10000000000000002, 'sigma2': 0.0005000000000000001, 't_step': 5.0}
refined search candidate: {'sigma0': 3.0003, 'sigma1': 0.10000000000000002, 'sigma2': 0.0005000124995312774, 't_step': 5.0}
refined search candidate: {'sigma0': 3.0003, 'sigma1': 0.10000000000000002, 'sigma2': 0.0005000249993750314, 't_step': 5.0}
refined search candidate: {'sigma0': 3.0003, 'sigma1': 0.10000000000000002, 'sigma2': 0.0005000374995312696, 't_step': 5.0}
refined search candidate: {'sigma0': 3.0003, 'sigma1': 0.10000000000000002, 'sigma2': 0.00050005, 't_step': 5.0}
refined search candidate: {'sigma0': 3.0003, 'sigma1': 0.1000024999062555, 'sigma2': 0.0005000000000000001, 't_step': 5.0}
refined search candidate: {'sigma0': 3.0003, 'sigma1': 0.1000024999062555, 'sigma2': 0.0005000124995312774, 't_step': 5.0}
refined search candidate: {'sigma0': 3.0003, 'sigma1': 0.1000024999062555, 'sigma2': 0.0005000249993750314, 't_step': 5.0}
refined search candidate: {'sigma0': 3.0003, 'sigma1': 0.1000024999062555, 'sigma2': 0.0005000374995312696, 't_step': 5.0}
refined search candidate: {'sigma0': 3.0003, 'sigma1': 0.1000024999062555, 'sigma2': 0.00050005, 't_step': 5.0}
refined search candidate: {'sigma0': 3.0003, 'sigma1': 0.10000499987500627, 'sigma2': 0.0005000000000000001, 't_step': 5.0}
refined search candidate: {'sigma0': 3.0003, 'sigma1': 0.10000499987500627, 'sigma2': 0.0005000124995312774, 't_step': 5.0}
refined search candidate: {'sigma0': 3.0003, 'sigma1': 0.10000499987500627, 'sigma2': 0.0005000249993750314, 't_step': 5.0}
refined search candidate: {'sigma0': 3.0003, 'sigma1': 0.10000499987500627, 'sigma2': 0.0005000374995312696, 't_step': 5.0}
refined search candidate: {'sigma0': 3.0003, 'sigma1': 0.10000499987500627, 'sigma2': 0.00050005, 't_step': 5.0}
refined search candidate: {'sigma0': 3.0003, 'sigma1': 0.10000749990625393, 'sigma2': 0.0005000000000000001, 't_step': 5.0}
refined search candidate: {'sigma0': 3.0003, 'sigma1': 0.10000749990625393, 'sigma2': 0.0005000124995312774, 't_step': 5.0}
refined search candidate: {'sigma0': 3.0003, 'sigma1': 0.10000749990625393, 'sigma2': 0.0005000249993750314, 't_step': 5.0}
refined search candidate: {'sigma0': 3.0003, 'sigma1': 0.10000749990625393, 'sigma2': 0.0005000374995312696, 't_step': 5.0}
refined search candidate: {'sigma0': 3.0003, 'sigma1': 0.10000749990625393, 'sigma2': 0.00050005, 't_step': 5.0}
refined search candidate: {'sigma0': 3.0003, 'sigma1': 0.10001000000000003, 'sigma2': 0.0005000000000000001, 't_step': 5.0}
refined search candidate: {'sigma0': 3.0003, 'sigma1': 0.10001000000000003, 'sigma2': 0.0005000124995312774, 't_step': 5.0}
refined search candidate: {'sigma0': 3.0003, 'sigma1': 0.10001000000000003, 'sigma2': 0.0005000249993750314, 't_step': 5.0}
refined search candidate: {'sigma0': 3.0003, 'sigma1': 0.10001000000000003, 'sigma2': 0.0005000374995312696, 't_step': 5.0}
refined search candidate: {'sigma0': 3.0003, 'sigma1': 0.10001000000000003, 'sigma2': 0.00050005, 't_step': 5.0}
REFINED best params: {'sigma0': 3.0003, 'sigma1': 0.10000499987500627, 'sigma2': 0.0005000000000000001, 't_step': 5, 'noise_mode': 'three-regime', 'metric': 'cosine', 'layer': 'resnet50-input_after_preproc', 'encoder': 'resnet50-input_after_preproc', 'stimulus_set': 'Auditory Textures'}
REFINED mse_per_isi: [5.07163531 3.10080826 1.17454163 1.10412585 1.051999   0.53199665
 0.43576477 0.03716049]
REFINED obj: 1.0623423786516222
✔ Saved 1 best models to /om2/user/bjmedina/auditory-memory/memory/fits/fits_v11_three-regime_best
