=======================================
SLURM_ARRAY_TASK_ID = 4
YAML_PATH = /om2/user/bjmedina/auditory-memory/memory/model_yamls/three-regime/kell2018/run_000004.yaml
=======================================
Running config:
  YAML: /om2/user/bjmedina/auditory-memory/memory/model_yamls/three-regime/kell2018/run_000004.yaml
  Encoder: kell2018
  Metric: cosine
  Noise: three-regime
/om2/user/bjmedina/auditory-memory/memory/figures/figures_v11_three-regime_cosine_median_dist/env-sounds/kell2018/cosine/three-regime/ /om2/user/bjmedina/auditory-memory/memory/fits/fits_v11_three-regime_cosine_median_dist_best
Directory already exists: /om2/user/bjmedina/auditory-memory/memory/figures/figures_v11_three-regime_cosine_median_dist/env-sounds/kell2018/cosine/three-regime/
Directory already exists: /om2/user/bjmedina/auditory-memory/memory/fits/fits_v11_three-regime_cosine_median_dist_best
Directory already exists: /om2/user/bjmedina/auditory-memory/memory/fits/fits_v11_three-regime_cosine_median_dist_all
Encoder name: kell2018-relu4
LOADING FROM /om2/user/bjmedina/models/cochdnn/model_directories/kell2018_word_speaker_audioset/
=> loading checkpoint '/om2/user/bjmedina/models/cochdnn/model_checkpoints/audio_rep_training_cochleagram_1/kell2018_word_audioset_speaker_decay_lr/5728d456-ddc2-4fc2-bf07-a41e658f36d4/5_checkpoint.pt'
=> loaded checkpoint '/om2/user/bjmedina/models/cochdnn/model_checkpoints/audio_rep_training_cochleagram_1/kell2018_word_audioset_speaker_decay_lr/5728d456-ddc2-4fc2-bf07-a41e658f36d4/5_checkpoint.pt' (epoch 6)
median distance: 0.7587557094849706
there are 22 candidates
Stage A best sigma0: 0.15622573826739397 mse_isi0: 0.09614161143098357
(0.14060316444065457, 0.17184831209413337)
trying out {'sigma0': 0.1406031644406546, 'sigma1': 0.0006123486627654321, 'sigma2': 0.00010000000000000009, 't_step': 5.0}
trying out {'sigma0': 0.1406031644406546, 'sigma1': 0.0037497088479061234, 'sigma2': 0.00010000000000000009, 't_step': 5.0}
trying out {'sigma0': 0.1406031644406546, 'sigma1': 0.0037497088479061234, 'sigma2': 0.0006123486627654321, 't_step': 5.0}
trying out {'sigma0': 0.1406031644406546, 'sigma1': 0.0229612919877502, 'sigma2': 0.00010000000000000009, 't_step': 5.0}
trying out {'sigma0': 0.1406031644406546, 'sigma1': 0.0229612919877502, 'sigma2': 0.0006123486627654321, 't_step': 5.0}
trying out {'sigma0': 0.1406031644406546, 'sigma1': 0.0229612919877502, 'sigma2': 0.0037497088479061234, 't_step': 5.0}
trying out {'sigma0': 0.1406031644406546, 'sigma1': 0.1406031644406546, 'sigma2': 0.00010000000000000009, 't_step': 5.0}
trying out {'sigma0': 0.1406031644406546, 'sigma1': 0.1406031644406546, 'sigma2': 0.0006123486627654321, 't_step': 5.0}
trying out {'sigma0': 0.1406031644406546, 'sigma1': 0.1406031644406546, 'sigma2': 0.0037497088479061234, 't_step': 5.0}
trying out {'sigma0': 0.1406031644406546, 'sigma1': 0.1406031644406546, 'sigma2': 0.0229612919877502, 't_step': 5.0}
trying out {'sigma0': 0.14783682913000942, 'sigma1': 0.0006123486627654321, 'sigma2': 0.00010000000000000009, 't_step': 5.0}
trying out {'sigma0': 0.14783682913000942, 'sigma1': 0.0037497088479061234, 'sigma2': 0.00010000000000000009, 't_step': 5.0}
trying out {'sigma0': 0.14783682913000942, 'sigma1': 0.0037497088479061234, 'sigma2': 0.0006123486627654321, 't_step': 5.0}
trying out {'sigma0': 0.14783682913000942, 'sigma1': 0.0229612919877502, 'sigma2': 0.00010000000000000009, 't_step': 5.0}
trying out {'sigma0': 0.14783682913000942, 'sigma1': 0.0229612919877502, 'sigma2': 0.0006123486627654321, 't_step': 5.0}
trying out {'sigma0': 0.14783682913000942, 'sigma1': 0.0229612919877502, 'sigma2': 0.0037497088479061234, 't_step': 5.0}
trying out {'sigma0': 0.14783682913000942, 'sigma1': 0.1406031644406546, 'sigma2': 0.00010000000000000009, 't_step': 5.0}
trying out {'sigma0': 0.14783682913000942, 'sigma1': 0.1406031644406546, 'sigma2': 0.0006123486627654321, 't_step': 5.0}
trying out {'sigma0': 0.14783682913000942, 'sigma1': 0.1406031644406546, 'sigma2': 0.0037497088479061234, 't_step': 5.0}
trying out {'sigma0': 0.14783682913000942, 'sigma1': 0.1406031644406546, 'sigma2': 0.0229612919877502, 't_step': 5.0}
trying out {'sigma0': 0.15544264692876394, 'sigma1': 0.0006123486627654321, 'sigma2': 0.00010000000000000009, 't_step': 5.0}
trying out {'sigma0': 0.15544264692876394, 'sigma1': 0.0037497088479061234, 'sigma2': 0.00010000000000000009, 't_step': 5.0}
trying out {'sigma0': 0.15544264692876394, 'sigma1': 0.0037497088479061234, 'sigma2': 0.0006123486627654321, 't_step': 5.0}
trying out {'sigma0': 0.15544264692876394, 'sigma1': 0.0229612919877502, 'sigma2': 0.00010000000000000009, 't_step': 5.0}
trying out {'sigma0': 0.15544264692876394, 'sigma1': 0.0229612919877502, 'sigma2': 0.0006123486627654321, 't_step': 5.0}
trying out {'sigma0': 0.15544264692876394, 'sigma1': 0.0229612919877502, 'sigma2': 0.0037497088479061234, 't_step': 5.0}
trying out {'sigma0': 0.15544264692876394, 'sigma1': 0.1406031644406546, 'sigma2': 0.00010000000000000009, 't_step': 5.0}
trying out {'sigma0': 0.15544264692876394, 'sigma1': 0.1406031644406546, 'sigma2': 0.0006123486627654321, 't_step': 5.0}
trying out {'sigma0': 0.15544264692876394, 'sigma1': 0.1406031644406546, 'sigma2': 0.0037497088479061234, 't_step': 5.0}
trying out {'sigma0': 0.15544264692876394, 'sigma1': 0.1406031644406546, 'sigma2': 0.0229612919877502, 't_step': 5.0}
trying out {'sigma0': 0.16343976414004158, 'sigma1': 0.0006123486627654321, 'sigma2': 0.00010000000000000009, 't_step': 5.0}
trying out {'sigma0': 0.16343976414004158, 'sigma1': 0.0037497088479061234, 'sigma2': 0.00010000000000000009, 't_step': 5.0}
trying out {'sigma0': 0.16343976414004158, 'sigma1': 0.0037497088479061234, 'sigma2': 0.0006123486627654321, 't_step': 5.0}
trying out {'sigma0': 0.16343976414004158, 'sigma1': 0.0229612919877502, 'sigma2': 0.00010000000000000009, 't_step': 5.0}
trying out {'sigma0': 0.16343976414004158, 'sigma1': 0.0229612919877502, 'sigma2': 0.0006123486627654321, 't_step': 5.0}
trying out {'sigma0': 0.16343976414004158, 'sigma1': 0.0229612919877502, 'sigma2': 0.0037497088479061234, 't_step': 5.0}
trying out {'sigma0': 0.16343976414004158, 'sigma1': 0.1406031644406546, 'sigma2': 0.00010000000000000009, 't_step': 5.0}
trying out {'sigma0': 0.16343976414004158, 'sigma1': 0.1406031644406546, 'sigma2': 0.0006123486627654321, 't_step': 5.0}
trying out {'sigma0': 0.16343976414004158, 'sigma1': 0.1406031644406546, 'sigma2': 0.0037497088479061234, 't_step': 5.0}
trying out {'sigma0': 0.16343976414004158, 'sigma1': 0.1406031644406546, 'sigma2': 0.0229612919877502, 't_step': 5.0}
trying out {'sigma0': 0.17184831209413337, 'sigma1': 0.0006123486627654321, 'sigma2': 0.00010000000000000009, 't_step': 5.0}
trying out {'sigma0': 0.17184831209413337, 'sigma1': 0.0037497088479061234, 'sigma2': 0.00010000000000000009, 't_step': 5.0}
trying out {'sigma0': 0.17184831209413337, 'sigma1': 0.0037497088479061234, 'sigma2': 0.0006123486627654321, 't_step': 5.0}
trying out {'sigma0': 0.17184831209413337, 'sigma1': 0.0229612919877502, 'sigma2': 0.00010000000000000009, 't_step': 5.0}
trying out {'sigma0': 0.17184831209413337, 'sigma1': 0.0229612919877502, 'sigma2': 0.0006123486627654321, 't_step': 5.0}
trying out {'sigma0': 0.17184831209413337, 'sigma1': 0.0229612919877502, 'sigma2': 0.0037497088479061234, 't_step': 5.0}
trying out {'sigma0': 0.17184831209413337, 'sigma1': 0.1406031644406546, 'sigma2': 0.00010000000000000009, 't_step': 5.0}
trying out {'sigma0': 0.17184831209413337, 'sigma1': 0.1406031644406546, 'sigma2': 0.0006123486627654321, 't_step': 5.0}
trying out {'sigma0': 0.17184831209413337, 'sigma1': 0.1406031644406546, 'sigma2': 0.0037497088479061234, 't_step': 5.0}
trying out {'sigma0': 0.17184831209413337, 'sigma1': 0.1406031644406546, 'sigma2': 0.0229612919877502, 't_step': 5.0}
Stage B best params: {'sigma0': 0.1406031644406546, 'sigma1': 0.1406031644406546, 'sigma2': 0.0006123486627654321, 't_step': 5.0, 'noise_mode': 'three-regime', 'metric': 'cosine', 'layer': 'kell2018-relu4', 'encoder': 'kell2018-relu4', 'stimulus_set': 'Industrial and Nature'}
Stage B mse_per_isi: [1.6217943  0.05207367 0.09898202 0.48971397 0.22389605 0.06762272
 0.02431348 0.00168831]
Stage B obj (ISI>=1 mean): 0.1368986032658972
refined search candidate: {'sigma0': 0.5311289966394794, 'sigma1': 0.12654284799658913, 'sigma2': 0.0005511137964888892, 't_step': 5.0}
refined search candidate: {'sigma0': 0.5311289966394794, 'sigma1': 0.12654284799658913, 'sigma2': 0.0006092792265806434, 't_step': 5.0}
refined search candidate: {'sigma0': 0.5311289966394794, 'sigma1': 0.12654284799658913, 'sigma2': 0.0006735835290419753, 't_step': 5.0}
refined search candidate: {'sigma0': 0.5311289966394794, 'sigma1': 0.13989838223588758, 'sigma2': 0.0005511137964888892, 't_step': 5.0}
refined search candidate: {'sigma0': 0.5311289966394794, 'sigma1': 0.13989838223588758, 'sigma2': 0.0006092792265806434, 't_step': 5.0}
refined search candidate: {'sigma0': 0.5311289966394794, 'sigma1': 0.13989838223588758, 'sigma2': 0.0006735835290419753, 't_step': 5.0}
refined search candidate: {'sigma0': 0.5311289966394794, 'sigma1': 0.15466348088472007, 'sigma2': 0.0005511137964888892, 't_step': 5.0}
refined search candidate: {'sigma0': 0.5311289966394794, 'sigma1': 0.15466348088472007, 'sigma2': 0.0006092792265806434, 't_step': 5.0}
refined search candidate: {'sigma0': 0.5311289966394794, 'sigma1': 0.15466348088472007, 'sigma2': 0.0006735835290419753, 't_step': 5.0}
refined search candidate: {'sigma0': 0.5311555524254333, 'sigma1': 0.12654284799658913, 'sigma2': 0.0005511137964888892, 't_step': 5.0}
refined search candidate: {'sigma0': 0.5311555524254333, 'sigma1': 0.12654284799658913, 'sigma2': 0.0006092792265806434, 't_step': 5.0}
refined search candidate: {'sigma0': 0.5311555524254333, 'sigma1': 0.12654284799658913, 'sigma2': 0.0006735835290419753, 't_step': 5.0}
refined search candidate: {'sigma0': 0.5311555524254333, 'sigma1': 0.13989838223588758, 'sigma2': 0.0005511137964888892, 't_step': 5.0}
refined search candidate: {'sigma0': 0.5311555524254333, 'sigma1': 0.13989838223588758, 'sigma2': 0.0006092792265806434, 't_step': 5.0}
refined search candidate: {'sigma0': 0.5311555524254333, 'sigma1': 0.13989838223588758, 'sigma2': 0.0006735835290419753, 't_step': 5.0}
refined search candidate: {'sigma0': 0.5311555524254333, 'sigma1': 0.15466348088472007, 'sigma2': 0.0005511137964888892, 't_step': 5.0}
refined search candidate: {'sigma0': 0.5311555524254333, 'sigma1': 0.15466348088472007, 'sigma2': 0.0006092792265806434, 't_step': 5.0}
refined search candidate: {'sigma0': 0.5311555524254333, 'sigma1': 0.15466348088472007, 'sigma2': 0.0006735835290419753, 't_step': 5.0}
refined search candidate: {'sigma0': 0.5311821095391434, 'sigma1': 0.12654284799658913, 'sigma2': 0.0005511137964888892, 't_step': 5.0}
refined search candidate: {'sigma0': 0.5311821095391434, 'sigma1': 0.12654284799658913, 'sigma2': 0.0006092792265806434, 't_step': 5.0}
refined search candidate: {'sigma0': 0.5311821095391434, 'sigma1': 0.12654284799658913, 'sigma2': 0.0006735835290419753, 't_step': 5.0}
refined search candidate: {'sigma0': 0.5311821095391434, 'sigma1': 0.13989838223588758, 'sigma2': 0.0005511137964888892, 't_step': 5.0}
refined search candidate: {'sigma0': 0.5311821095391434, 'sigma1': 0.13989838223588758, 'sigma2': 0.0006092792265806434, 't_step': 5.0}
refined search candidate: {'sigma0': 0.5311821095391434, 'sigma1': 0.13989838223588758, 'sigma2': 0.0006735835290419753, 't_step': 5.0}
refined search candidate: {'sigma0': 0.5311821095391434, 'sigma1': 0.15466348088472007, 'sigma2': 0.0005511137964888892, 't_step': 5.0}
refined search candidate: {'sigma0': 0.5311821095391434, 'sigma1': 0.15466348088472007, 'sigma2': 0.0006092792265806434, 't_step': 5.0}
refined search candidate: {'sigma0': 0.5311821095391434, 'sigma1': 0.15466348088472007, 'sigma2': 0.0006735835290419753, 't_step': 5.0}
REFINED best params: {'sigma0': 0.5311555524254333, 'sigma1': 0.12654284799658913, 'sigma2': 0.0005511137964888892, 't_step': 5, 'noise_mode': 'three-regime', 'metric': 'cosine', 'layer': 'kell2018-relu4', 'encoder': 'kell2018-relu4', 'stimulus_set': 'Industrial and Nature'}
REFINED mse_per_isi: [8.24538569 5.04556695 3.74931139 2.96678833 1.82499251 1.99205873
 1.76810179 0.80308801]
REFINED obj: 2.592843957195069
✔ Saved 1 best models to /om2/user/bjmedina/auditory-memory/memory/fits/fits_v11_three-regime_cosine_median_dist_all
