=======================================
SLURM_ARRAY_TASK_ID = 8
YAML_PATH = /om2/user/bjmedina/auditory-memory/memory/model_yamls/three-regime/resnet50/run_000008.yaml
=======================================
Running config:
  YAML: /om2/user/bjmedina/auditory-memory/memory/model_yamls/three-regime/resnet50/run_000008.yaml
  Encoder: resnet50
  Metric: cosine
  Noise: three-regime
/om2/user/bjmedina/auditory-memory/memory/figures/figures_v11_three-regime_cosine_median_dist/glob-music/resnet50/cosine/three-regime/ /om2/user/bjmedina/auditory-memory/memory/fits/fits_v11_three-regime_cosine_median_dist_best
Directory already exists: /om2/user/bjmedina/auditory-memory/memory/figures/figures_v11_three-regime_cosine_median_dist/glob-music/resnet50/cosine/three-regime/
Directory already exists: /om2/user/bjmedina/auditory-memory/memory/fits/fits_v11_three-regime_cosine_median_dist_best
Directory already exists: /om2/user/bjmedina/auditory-memory/memory/fits/fits_v11_three-regime_cosine_median_dist_all
Encoder name: resnet50-conv1_relu1
LOADING FROM /om2/user/bjmedina/models/cochdnn/model_directories/resnet50_word_speaker_audioset/
=> loading checkpoint '/om2/user/bjmedina/models/cochdnn/model_checkpoints/audio_rep_training_cochleagram_1/standard_training_word_and_audioset_and_speaker_decay_lr/542752d7-9849-49ff-b84a-6758a81585b4/5_checkpoint.pt'
=> loaded checkpoint '/om2/user/bjmedina/models/cochdnn/model_checkpoints/audio_rep_training_cochleagram_1/standard_training_word_and_audioset_and_speaker_decay_lr/542752d7-9849-49ff-b84a-6758a81585b4/5_checkpoint.pt' (epoch 6)
median distance: 0.08228224898668218
there are 22 candidates
Stage A best sigma0: 0.20029140301510023 mse_isi0: 0.45711618573128127
(0.18026226271359022, 0.22032054331661027)
trying out {'sigma0': 0.18026226271359022, 'sigma1': 0.0006515926916276202, 'sigma2': 0.00010000000000000009, 't_step': 5.0}
trying out {'sigma0': 0.18026226271359022, 'sigma1': 0.004245730357825265, 'sigma2': 0.00010000000000000009, 't_step': 5.0}
trying out {'sigma0': 0.18026226271359022, 'sigma1': 0.004245730357825265, 'sigma2': 0.0006515926916276202, 't_step': 5.0}
trying out {'sigma0': 0.18026226271359022, 'sigma1': 0.027664868717804585, 'sigma2': 0.00010000000000000009, 't_step': 5.0}
trying out {'sigma0': 0.18026226271359022, 'sigma1': 0.027664868717804585, 'sigma2': 0.0006515926916276202, 't_step': 5.0}
trying out {'sigma0': 0.18026226271359022, 'sigma1': 0.027664868717804585, 'sigma2': 0.004245730357825265, 't_step': 5.0}
trying out {'sigma0': 0.18026226271359022, 'sigma1': 0.18026226271359022, 'sigma2': 0.00010000000000000009, 't_step': 5.0}
trying out {'sigma0': 0.18026226271359022, 'sigma1': 0.18026226271359022, 'sigma2': 0.0006515926916276202, 't_step': 5.0}
trying out {'sigma0': 0.18026226271359022, 'sigma1': 0.18026226271359022, 'sigma2': 0.004245730357825265, 't_step': 5.0}
trying out {'sigma0': 0.18026226271359022, 'sigma1': 0.18026226271359022, 'sigma2': 0.027664868717804585, 't_step': 5.0}
trying out {'sigma0': 0.1895362841753538, 'sigma1': 0.0006515926916276202, 'sigma2': 0.00010000000000000009, 't_step': 5.0}
trying out {'sigma0': 0.1895362841753538, 'sigma1': 0.004245730357825265, 'sigma2': 0.00010000000000000009, 't_step': 5.0}
trying out {'sigma0': 0.1895362841753538, 'sigma1': 0.004245730357825265, 'sigma2': 0.0006515926916276202, 't_step': 5.0}
trying out {'sigma0': 0.1895362841753538, 'sigma1': 0.027664868717804585, 'sigma2': 0.00010000000000000009, 't_step': 5.0}
trying out {'sigma0': 0.1895362841753538, 'sigma1': 0.027664868717804585, 'sigma2': 0.0006515926916276202, 't_step': 5.0}
trying out {'sigma0': 0.1895362841753538, 'sigma1': 0.027664868717804585, 'sigma2': 0.004245730357825265, 't_step': 5.0}
trying out {'sigma0': 0.1895362841753538, 'sigma1': 0.18026226271359022, 'sigma2': 0.00010000000000000009, 't_step': 5.0}
trying out {'sigma0': 0.1895362841753538, 'sigma1': 0.18026226271359022, 'sigma2': 0.0006515926916276202, 't_step': 5.0}
trying out {'sigma0': 0.1895362841753538, 'sigma1': 0.18026226271359022, 'sigma2': 0.004245730357825265, 't_step': 5.0}
trying out {'sigma0': 0.1895362841753538, 'sigma1': 0.18026226271359022, 'sigma2': 0.027664868717804585, 't_step': 5.0}
trying out {'sigma0': 0.19928742976048372, 'sigma1': 0.0006515926916276202, 'sigma2': 0.00010000000000000009, 't_step': 5.0}
trying out {'sigma0': 0.19928742976048372, 'sigma1': 0.004245730357825265, 'sigma2': 0.00010000000000000009, 't_step': 5.0}
trying out {'sigma0': 0.19928742976048372, 'sigma1': 0.004245730357825265, 'sigma2': 0.0006515926916276202, 't_step': 5.0}
trying out {'sigma0': 0.19928742976048372, 'sigma1': 0.027664868717804585, 'sigma2': 0.00010000000000000009, 't_step': 5.0}
trying out {'sigma0': 0.19928742976048372, 'sigma1': 0.027664868717804585, 'sigma2': 0.0006515926916276202, 't_step': 5.0}
trying out {'sigma0': 0.19928742976048372, 'sigma1': 0.027664868717804585, 'sigma2': 0.004245730357825265, 't_step': 5.0}
trying out {'sigma0': 0.19928742976048372, 'sigma1': 0.18026226271359022, 'sigma2': 0.00010000000000000009, 't_step': 5.0}
trying out {'sigma0': 0.19928742976048372, 'sigma1': 0.18026226271359022, 'sigma2': 0.0006515926916276202, 't_step': 5.0}
trying out {'sigma0': 0.19928742976048372, 'sigma1': 0.18026226271359022, 'sigma2': 0.004245730357825265, 't_step': 5.0}
trying out {'sigma0': 0.19928742976048372, 'sigma1': 0.18026226271359022, 'sigma2': 0.027664868717804585, 't_step': 5.0}
trying out {'sigma0': 0.20954024625594145, 'sigma1': 0.0006515926916276202, 'sigma2': 0.00010000000000000009, 't_step': 5.0}
trying out {'sigma0': 0.20954024625594145, 'sigma1': 0.004245730357825265, 'sigma2': 0.00010000000000000009, 't_step': 5.0}
trying out {'sigma0': 0.20954024625594145, 'sigma1': 0.004245730357825265, 'sigma2': 0.0006515926916276202, 't_step': 5.0}
trying out {'sigma0': 0.20954024625594145, 'sigma1': 0.027664868717804585, 'sigma2': 0.00010000000000000009, 't_step': 5.0}
trying out {'sigma0': 0.20954024625594145, 'sigma1': 0.027664868717804585, 'sigma2': 0.0006515926916276202, 't_step': 5.0}
trying out {'sigma0': 0.20954024625594145, 'sigma1': 0.027664868717804585, 'sigma2': 0.004245730357825265, 't_step': 5.0}
trying out {'sigma0': 0.20954024625594145, 'sigma1': 0.18026226271359022, 'sigma2': 0.00010000000000000009, 't_step': 5.0}
trying out {'sigma0': 0.20954024625594145, 'sigma1': 0.18026226271359022, 'sigma2': 0.0006515926916276202, 't_step': 5.0}
trying out {'sigma0': 0.20954024625594145, 'sigma1': 0.18026226271359022, 'sigma2': 0.004245730357825265, 't_step': 5.0}
trying out {'sigma0': 0.20954024625594145, 'sigma1': 0.18026226271359022, 'sigma2': 0.027664868717804585, 't_step': 5.0}
trying out {'sigma0': 0.22032054331661025, 'sigma1': 0.0006515926916276202, 'sigma2': 0.00010000000000000009, 't_step': 5.0}
trying out {'sigma0': 0.22032054331661025, 'sigma1': 0.004245730357825265, 'sigma2': 0.00010000000000000009, 't_step': 5.0}
trying out {'sigma0': 0.22032054331661025, 'sigma1': 0.004245730357825265, 'sigma2': 0.0006515926916276202, 't_step': 5.0}
trying out {'sigma0': 0.22032054331661025, 'sigma1': 0.027664868717804585, 'sigma2': 0.00010000000000000009, 't_step': 5.0}
trying out {'sigma0': 0.22032054331661025, 'sigma1': 0.027664868717804585, 'sigma2': 0.0006515926916276202, 't_step': 5.0}
trying out {'sigma0': 0.22032054331661025, 'sigma1': 0.027664868717804585, 'sigma2': 0.004245730357825265, 't_step': 5.0}
trying out {'sigma0': 0.22032054331661025, 'sigma1': 0.18026226271359022, 'sigma2': 0.00010000000000000009, 't_step': 5.0}
trying out {'sigma0': 0.22032054331661025, 'sigma1': 0.18026226271359022, 'sigma2': 0.0006515926916276202, 't_step': 5.0}
trying out {'sigma0': 0.22032054331661025, 'sigma1': 0.18026226271359022, 'sigma2': 0.004245730357825265, 't_step': 5.0}
trying out {'sigma0': 0.22032054331661025, 'sigma1': 0.18026226271359022, 'sigma2': 0.027664868717804585, 't_step': 5.0}
Stage B best params: {'sigma0': 0.22032054331661025, 'sigma1': 0.027664868717804585, 'sigma2': 0.00010000000000000009, 't_step': 5.0, 'noise_mode': 'three-regime', 'metric': 'cosine', 'layer': 'resnet50-conv1_relu1', 'encoder': 'resnet50-conv1_relu1', 'stimulus_set': 'Globalized Music'}
Stage B mse_per_isi: [0.52877219 0.01090059 0.3174876  0.9908051  1.08457793 1.23476464
 1.09906798 1.77879727]
Stage B obj (ISI>=1 mean): 0.9309144412094117
refined search candidate: {'sigma0': 0.24684674696004655, 'sigma1': 0.024898381846024126, 'sigma2': 9.000000000000003e-05, 't_step': 5.0}
refined search candidate: {'sigma0': 0.24684674696004655, 'sigma1': 0.024898381846024126, 'sigma2': 9.949874371066201e-05, 't_step': 5.0}
refined search candidate: {'sigma0': 0.24684674696004655, 'sigma1': 0.024898381846024126, 'sigma2': 0.0001100000000000002, 't_step': 5.0}
refined search candidate: {'sigma0': 0.24684674696004655, 'sigma1': 0.02752619682341949, 'sigma2': 9.000000000000003e-05, 't_step': 5.0}
refined search candidate: {'sigma0': 0.24684674696004655, 'sigma1': 0.02752619682341949, 'sigma2': 9.949874371066201e-05, 't_step': 5.0}
refined search candidate: {'sigma0': 0.24684674696004655, 'sigma1': 0.02752619682341949, 'sigma2': 0.0001100000000000002, 't_step': 5.0}
refined search candidate: {'sigma0': 0.24684674696004655, 'sigma1': 0.030431355589585055, 'sigma2': 9.000000000000003e-05, 't_step': 5.0}
refined search candidate: {'sigma0': 0.24684674696004655, 'sigma1': 0.030431355589585055, 'sigma2': 9.949874371066201e-05, 't_step': 5.0}
refined search candidate: {'sigma0': 0.24684674696004655, 'sigma1': 0.030431355589585055, 'sigma2': 0.0001100000000000002, 't_step': 5.0}
refined search candidate: {'sigma0': 0.24685908898885153, 'sigma1': 0.024898381846024126, 'sigma2': 9.000000000000003e-05, 't_step': 5.0}
refined search candidate: {'sigma0': 0.24685908898885153, 'sigma1': 0.024898381846024126, 'sigma2': 9.949874371066201e-05, 't_step': 5.0}
refined search candidate: {'sigma0': 0.24685908898885153, 'sigma1': 0.024898381846024126, 'sigma2': 0.0001100000000000002, 't_step': 5.0}
refined search candidate: {'sigma0': 0.24685908898885153, 'sigma1': 0.02752619682341949, 'sigma2': 9.000000000000003e-05, 't_step': 5.0}
refined search candidate: {'sigma0': 0.24685908898885153, 'sigma1': 0.02752619682341949, 'sigma2': 9.949874371066201e-05, 't_step': 5.0}
refined search candidate: {'sigma0': 0.24685908898885153, 'sigma1': 0.02752619682341949, 'sigma2': 0.0001100000000000002, 't_step': 5.0}
refined search candidate: {'sigma0': 0.24685908898885153, 'sigma1': 0.030431355589585055, 'sigma2': 9.000000000000003e-05, 't_step': 5.0}
refined search candidate: {'sigma0': 0.24685908898885153, 'sigma1': 0.030431355589585055, 'sigma2': 9.949874371066201e-05, 't_step': 5.0}
refined search candidate: {'sigma0': 0.24685908898885153, 'sigma1': 0.030431355589585055, 'sigma2': 0.0001100000000000002, 't_step': 5.0}
refined search candidate: {'sigma0': 0.24687143163474254, 'sigma1': 0.024898381846024126, 'sigma2': 9.000000000000003e-05, 't_step': 5.0}
refined search candidate: {'sigma0': 0.24687143163474254, 'sigma1': 0.024898381846024126, 'sigma2': 9.949874371066201e-05, 't_step': 5.0}
refined search candidate: {'sigma0': 0.24687143163474254, 'sigma1': 0.024898381846024126, 'sigma2': 0.0001100000000000002, 't_step': 5.0}
refined search candidate: {'sigma0': 0.24687143163474254, 'sigma1': 0.02752619682341949, 'sigma2': 9.000000000000003e-05, 't_step': 5.0}
refined search candidate: {'sigma0': 0.24687143163474254, 'sigma1': 0.02752619682341949, 'sigma2': 9.949874371066201e-05, 't_step': 5.0}
refined search candidate: {'sigma0': 0.24687143163474254, 'sigma1': 0.02752619682341949, 'sigma2': 0.0001100000000000002, 't_step': 5.0}
refined search candidate: {'sigma0': 0.24687143163474254, 'sigma1': 0.030431355589585055, 'sigma2': 9.000000000000003e-05, 't_step': 5.0}
refined search candidate: {'sigma0': 0.24687143163474254, 'sigma1': 0.030431355589585055, 'sigma2': 9.949874371066201e-05, 't_step': 5.0}
refined search candidate: {'sigma0': 0.24687143163474254, 'sigma1': 0.030431355589585055, 'sigma2': 0.0001100000000000002, 't_step': 5.0}
REFINED best params: {'sigma0': 0.24685908898885153, 'sigma1': 0.02752619682341949, 'sigma2': 9.949874371066201e-05, 't_step': 5, 'noise_mode': 'three-regime', 'metric': 'cosine', 'layer': 'resnet50-conv1_relu1', 'encoder': 'resnet50-conv1_relu1', 'stimulus_set': 'Globalized Music'}
REFINED mse_per_isi: [1.47065656 0.08918107 0.19552475 0.42284139 0.38494588 0.37577287
 0.49611236 1.0271123 ]
REFINED obj: 0.4273558041360342
✔ Saved 1 best models to /om2/user/bjmedina/auditory-memory/memory/fits/fits_v11_three-regime_cosine_median_dist_all
