=======================================
SLURM_ARRAY_TASK_ID = 2
YAML_PATH = /om2/user/bjmedina/auditory-memory/memory/model_yamls/three-regime/kell2018/run_000002.yaml
=======================================
Running config:
  YAML: /om2/user/bjmedina/auditory-memory/memory/model_yamls/three-regime/kell2018/run_000002.yaml
  Encoder: kell2018
  Metric: cosine
  Noise: three-regime
/om2/user/bjmedina/auditory-memory/memory/figures/figures_v11_three-regime_cosine_median_dist/env-sounds/kell2018/cosine/three-regime/ /om2/user/bjmedina/auditory-memory/memory/fits/fits_v11_three-regime_cosine_median_dist_best
Directory already exists: /om2/user/bjmedina/auditory-memory/memory/figures/figures_v11_three-regime_cosine_median_dist/env-sounds/kell2018/cosine/three-regime/
Directory already exists: /om2/user/bjmedina/auditory-memory/memory/fits/fits_v11_three-regime_cosine_median_dist_best
Directory already exists: /om2/user/bjmedina/auditory-memory/memory/fits/fits_v11_three-regime_cosine_median_dist_all
Encoder name: kell2018-relu2
LOADING FROM /om2/user/bjmedina/models/cochdnn/model_directories/kell2018_word_speaker_audioset/
=> loading checkpoint '/om2/user/bjmedina/models/cochdnn/model_checkpoints/audio_rep_training_cochleagram_1/kell2018_word_audioset_speaker_decay_lr/5728d456-ddc2-4fc2-bf07-a41e658f36d4/5_checkpoint.pt'
=> loaded checkpoint '/om2/user/bjmedina/models/cochdnn/model_checkpoints/audio_rep_training_cochleagram_1/kell2018_word_audioset_speaker_decay_lr/5728d456-ddc2-4fc2-bf07-a41e658f36d4/5_checkpoint.pt' (epoch 6)
median distance: 0.5829901619257145
there are 22 candidates
Stage A best sigma0: 0.3473682372013153 mse_isi0: 0.01969005702579962
(0.3126314134811838, 0.38210506092144686)
trying out {'sigma0': 0.3126314134811838, 'sigma1': 0.0007477529818137336, 'sigma2': 0.00010000000000000009, 't_step': 5.0}
trying out {'sigma0': 0.3126314134811838, 'sigma1': 0.005591345218113297, 'sigma2': 0.00010000000000000009, 't_step': 5.0}
trying out {'sigma0': 0.3126314134811838, 'sigma1': 0.005591345218113297, 'sigma2': 0.0007477529818137336, 't_step': 5.0}
trying out {'sigma0': 0.3126314134811838, 'sigma1': 0.04180945059194178, 'sigma2': 0.00010000000000000009, 't_step': 5.0}
trying out {'sigma0': 0.3126314134811838, 'sigma1': 0.04180945059194178, 'sigma2': 0.0007477529818137336, 't_step': 5.0}
trying out {'sigma0': 0.3126314134811838, 'sigma1': 0.04180945059194178, 'sigma2': 0.005591345218113297, 't_step': 5.0}
trying out {'sigma0': 0.3126314134811838, 'sigma1': 0.3126314134811838, 'sigma2': 0.00010000000000000009, 't_step': 5.0}
trying out {'sigma0': 0.3126314134811838, 'sigma1': 0.3126314134811838, 'sigma2': 0.0007477529818137336, 't_step': 5.0}
trying out {'sigma0': 0.3126314134811838, 'sigma1': 0.3126314134811838, 'sigma2': 0.005591345218113297, 't_step': 5.0}
trying out {'sigma0': 0.3126314134811838, 'sigma1': 0.3126314134811838, 'sigma2': 0.04180945059194178, 't_step': 5.0}
trying out {'sigma0': 0.32871548118676136, 'sigma1': 0.0007477529818137336, 'sigma2': 0.00010000000000000009, 't_step': 5.0}
trying out {'sigma0': 0.32871548118676136, 'sigma1': 0.005591345218113297, 'sigma2': 0.00010000000000000009, 't_step': 5.0}
trying out {'sigma0': 0.32871548118676136, 'sigma1': 0.005591345218113297, 'sigma2': 0.0007477529818137336, 't_step': 5.0}
trying out {'sigma0': 0.32871548118676136, 'sigma1': 0.04180945059194178, 'sigma2': 0.00010000000000000009, 't_step': 5.0}
trying out {'sigma0': 0.32871548118676136, 'sigma1': 0.04180945059194178, 'sigma2': 0.0007477529818137336, 't_step': 5.0}
trying out {'sigma0': 0.32871548118676136, 'sigma1': 0.04180945059194178, 'sigma2': 0.005591345218113297, 't_step': 5.0}
trying out {'sigma0': 0.32871548118676136, 'sigma1': 0.3126314134811838, 'sigma2': 0.00010000000000000009, 't_step': 5.0}
trying out {'sigma0': 0.32871548118676136, 'sigma1': 0.3126314134811838, 'sigma2': 0.0007477529818137336, 't_step': 5.0}
trying out {'sigma0': 0.32871548118676136, 'sigma1': 0.3126314134811838, 'sigma2': 0.005591345218113297, 't_step': 5.0}
trying out {'sigma0': 0.32871548118676136, 'sigma1': 0.3126314134811838, 'sigma2': 0.04180945059194178, 't_step': 5.0}
trying out {'sigma0': 0.34562703206518114, 'sigma1': 0.0007477529818137336, 'sigma2': 0.00010000000000000009, 't_step': 5.0}
trying out {'sigma0': 0.34562703206518114, 'sigma1': 0.005591345218113297, 'sigma2': 0.00010000000000000009, 't_step': 5.0}
trying out {'sigma0': 0.34562703206518114, 'sigma1': 0.005591345218113297, 'sigma2': 0.0007477529818137336, 't_step': 5.0}
trying out {'sigma0': 0.34562703206518114, 'sigma1': 0.04180945059194178, 'sigma2': 0.00010000000000000009, 't_step': 5.0}
trying out {'sigma0': 0.34562703206518114, 'sigma1': 0.04180945059194178, 'sigma2': 0.0007477529818137336, 't_step': 5.0}
trying out {'sigma0': 0.34562703206518114, 'sigma1': 0.04180945059194178, 'sigma2': 0.005591345218113297, 't_step': 5.0}
trying out {'sigma0': 0.34562703206518114, 'sigma1': 0.3126314134811838, 'sigma2': 0.00010000000000000009, 't_step': 5.0}
trying out {'sigma0': 0.34562703206518114, 'sigma1': 0.3126314134811838, 'sigma2': 0.0007477529818137336, 't_step': 5.0}
trying out {'sigma0': 0.34562703206518114, 'sigma1': 0.3126314134811838, 'sigma2': 0.005591345218113297, 't_step': 5.0}
trying out {'sigma0': 0.34562703206518114, 'sigma1': 0.3126314134811838, 'sigma2': 0.04180945059194178, 't_step': 5.0}
trying out {'sigma0': 0.3634086379592055, 'sigma1': 0.0007477529818137336, 'sigma2': 0.00010000000000000009, 't_step': 5.0}
trying out {'sigma0': 0.3634086379592055, 'sigma1': 0.005591345218113297, 'sigma2': 0.00010000000000000009, 't_step': 5.0}
trying out {'sigma0': 0.3634086379592055, 'sigma1': 0.005591345218113297, 'sigma2': 0.0007477529818137336, 't_step': 5.0}
trying out {'sigma0': 0.3634086379592055, 'sigma1': 0.04180945059194178, 'sigma2': 0.00010000000000000009, 't_step': 5.0}
trying out {'sigma0': 0.3634086379592055, 'sigma1': 0.04180945059194178, 'sigma2': 0.0007477529818137336, 't_step': 5.0}
trying out {'sigma0': 0.3634086379592055, 'sigma1': 0.04180945059194178, 'sigma2': 0.005591345218113297, 't_step': 5.0}
trying out {'sigma0': 0.3634086379592055, 'sigma1': 0.3126314134811838, 'sigma2': 0.00010000000000000009, 't_step': 5.0}
trying out {'sigma0': 0.3634086379592055, 'sigma1': 0.3126314134811838, 'sigma2': 0.0007477529818137336, 't_step': 5.0}
trying out {'sigma0': 0.3634086379592055, 'sigma1': 0.3126314134811838, 'sigma2': 0.005591345218113297, 't_step': 5.0}
trying out {'sigma0': 0.3634086379592055, 'sigma1': 0.3126314134811838, 'sigma2': 0.04180945059194178, 't_step': 5.0}
trying out {'sigma0': 0.38210506092144686, 'sigma1': 0.0007477529818137336, 'sigma2': 0.00010000000000000009, 't_step': 5.0}
trying out {'sigma0': 0.38210506092144686, 'sigma1': 0.005591345218113297, 'sigma2': 0.00010000000000000009, 't_step': 5.0}
trying out {'sigma0': 0.38210506092144686, 'sigma1': 0.005591345218113297, 'sigma2': 0.0007477529818137336, 't_step': 5.0}
trying out {'sigma0': 0.38210506092144686, 'sigma1': 0.04180945059194178, 'sigma2': 0.00010000000000000009, 't_step': 5.0}
trying out {'sigma0': 0.38210506092144686, 'sigma1': 0.04180945059194178, 'sigma2': 0.0007477529818137336, 't_step': 5.0}
trying out {'sigma0': 0.38210506092144686, 'sigma1': 0.04180945059194178, 'sigma2': 0.005591345218113297, 't_step': 5.0}
trying out {'sigma0': 0.38210506092144686, 'sigma1': 0.3126314134811838, 'sigma2': 0.00010000000000000009, 't_step': 5.0}
trying out {'sigma0': 0.38210506092144686, 'sigma1': 0.3126314134811838, 'sigma2': 0.0007477529818137336, 't_step': 5.0}
trying out {'sigma0': 0.38210506092144686, 'sigma1': 0.3126314134811838, 'sigma2': 0.005591345218113297, 't_step': 5.0}
trying out {'sigma0': 0.38210506092144686, 'sigma1': 0.3126314134811838, 'sigma2': 0.04180945059194178, 't_step': 5.0}
Stage B best params: {'sigma0': 0.38210506092144686, 'sigma1': 0.3126314134811838, 'sigma2': 0.005591345218113297, 't_step': 5.0, 'noise_mode': 'three-regime', 'metric': 'cosine', 'layer': 'kell2018-relu2', 'encoder': 'kell2018-relu2', 'stimulus_set': 'Industrial and Nature'}
Stage B mse_per_isi: [1.36052883 0.06646249 0.03915826 0.55736764 0.29708575 0.32425815
 0.0326402  0.01947043]
Stage B obj (ISI>=1 mean): 0.190920416132704
refined search candidate: {'sigma0': 0.40809311334800014, 'sigma1': 0.2813682721330654, 'sigma2': 0.005032210696301969, 't_step': 5.0}
refined search candidate: {'sigma0': 0.40809311334800014, 'sigma1': 0.2813682721330654, 'sigma2': 0.005563318248548906, 't_step': 5.0}
refined search candidate: {'sigma0': 0.40809311334800014, 'sigma1': 0.2813682721330654, 'sigma2': 0.006150479739924625, 't_step': 5.0}
refined search candidate: {'sigma0': 0.40809311334800014, 'sigma1': 0.31106432885866303, 'sigma2': 0.005032210696301969, 't_step': 5.0}
refined search candidate: {'sigma0': 0.40809311334800014, 'sigma1': 0.31106432885866303, 'sigma2': 0.005563318248548906, 't_step': 5.0}
refined search candidate: {'sigma0': 0.40809311334800014, 'sigma1': 0.31106432885866303, 'sigma2': 0.006150479739924625, 't_step': 5.0}
refined search candidate: {'sigma0': 0.40809311334800014, 'sigma1': 0.3438945548293022, 'sigma2': 0.005032210696301969, 't_step': 5.0}
refined search candidate: {'sigma0': 0.40809311334800014, 'sigma1': 0.3438945548293022, 'sigma2': 0.005563318248548906, 't_step': 5.0}
refined search candidate: {'sigma0': 0.40809311334800014, 'sigma1': 0.3438945548293022, 'sigma2': 0.006150479739924625, 't_step': 5.0}
refined search candidate: {'sigma0': 0.4141592547936199, 'sigma1': 0.2813682721330654, 'sigma2': 0.005032210696301969, 't_step': 5.0}
refined search candidate: {'sigma0': 0.4141592547936199, 'sigma1': 0.2813682721330654, 'sigma2': 0.005563318248548906, 't_step': 5.0}
refined search candidate: {'sigma0': 0.4141592547936199, 'sigma1': 0.2813682721330654, 'sigma2': 0.006150479739924625, 't_step': 5.0}
refined search candidate: {'sigma0': 0.4141592547936199, 'sigma1': 0.31106432885866303, 'sigma2': 0.005032210696301969, 't_step': 5.0}
refined search candidate: {'sigma0': 0.4141592547936199, 'sigma1': 0.31106432885866303, 'sigma2': 0.005563318248548906, 't_step': 5.0}
refined search candidate: {'sigma0': 0.4141592547936199, 'sigma1': 0.31106432885866303, 'sigma2': 0.006150479739924625, 't_step': 5.0}
refined search candidate: {'sigma0': 0.4141592547936199, 'sigma1': 0.3438945548293022, 'sigma2': 0.005032210696301969, 't_step': 5.0}
refined search candidate: {'sigma0': 0.4141592547936199, 'sigma1': 0.3438945548293022, 'sigma2': 0.005563318248548906, 't_step': 5.0}
refined search candidate: {'sigma0': 0.4141592547936199, 'sigma1': 0.3438945548293022, 'sigma2': 0.006150479739924625, 't_step': 5.0}
refined search candidate: {'sigma0': 0.4203155670135916, 'sigma1': 0.2813682721330654, 'sigma2': 0.005032210696301969, 't_step': 5.0}
refined search candidate: {'sigma0': 0.4203155670135916, 'sigma1': 0.2813682721330654, 'sigma2': 0.005563318248548906, 't_step': 5.0}
refined search candidate: {'sigma0': 0.4203155670135916, 'sigma1': 0.2813682721330654, 'sigma2': 0.006150479739924625, 't_step': 5.0}
refined search candidate: {'sigma0': 0.4203155670135916, 'sigma1': 0.31106432885866303, 'sigma2': 0.005032210696301969, 't_step': 5.0}
refined search candidate: {'sigma0': 0.4203155670135916, 'sigma1': 0.31106432885866303, 'sigma2': 0.005563318248548906, 't_step': 5.0}
refined search candidate: {'sigma0': 0.4203155670135916, 'sigma1': 0.31106432885866303, 'sigma2': 0.006150479739924625, 't_step': 5.0}
refined search candidate: {'sigma0': 0.4203155670135916, 'sigma1': 0.3438945548293022, 'sigma2': 0.005032210696301969, 't_step': 5.0}
refined search candidate: {'sigma0': 0.4203155670135916, 'sigma1': 0.3438945548293022, 'sigma2': 0.005563318248548906, 't_step': 5.0}
refined search candidate: {'sigma0': 0.4203155670135916, 'sigma1': 0.3438945548293022, 'sigma2': 0.006150479739924625, 't_step': 5.0}
REFINED best params: {'sigma0': 0.4203155670135916, 'sigma1': 0.2813682721330654, 'sigma2': 0.005563318248548906, 't_step': 5, 'noise_mode': 'three-regime', 'metric': 'cosine', 'layer': 'kell2018-relu2', 'encoder': 'kell2018-relu2', 'stimulus_set': 'Industrial and Nature'}
REFINED mse_per_isi: [0.65102808 0.0098487  0.02375421 0.15023606 0.13305725 0.09522948
 0.00538116 0.02724449]
REFINED obj: 0.06353590707106621
✔ Saved 1 best models to /om2/user/bjmedina/auditory-memory/memory/fits/fits_v11_three-regime_cosine_median_dist_all
