=======================================
SLURM_ARRAY_TASK_ID = 13
YAML_PATH = /om2/user/bjmedina/auditory-memory/memory/model_yamls/three-regime/kell2018/run_000013.yaml
=======================================
Running config:
  YAML: /om2/user/bjmedina/auditory-memory/memory/model_yamls/three-regime/kell2018/run_000013.yaml
  Encoder: kell2018
  Metric: cosine
  Noise: three-regime
/om2/user/bjmedina/auditory-memory/memory/figures/figures_v12_three-regime/atexts/kell2018/cosine/three-regime/ /om2/user/bjmedina/auditory-memory/memory/fits/fits_v12_three-regime_best
Directory already exists: /om2/user/bjmedina/auditory-memory/memory/figures/figures_v12_three-regime/atexts/kell2018/cosine/three-regime/
Directory already exists: /om2/user/bjmedina/auditory-memory/memory/fits/fits_v12_three-regime_best
Directory already exists: /om2/user/bjmedina/auditory-memory/memory/fits/fits_v12_three-regime_all
Directory already exists: /om2/user/bjmedina/auditory-memory/memory/fits/fits_v12_three-regime_intermediate
Encoder name: kell2018-relu1
LOADING FROM /om2/user/bjmedina/models/cochdnn/model_directories/kell2018_word_speaker_audioset/
=> loading checkpoint '/om2/user/bjmedina/models/cochdnn/model_checkpoints/audio_rep_training_cochleagram_1/kell2018_word_audioset_speaker_decay_lr/5728d456-ddc2-4fc2-bf07-a41e658f36d4/5_checkpoint.pt'
=> loaded checkpoint '/om2/user/bjmedina/models/cochdnn/model_checkpoints/audio_rep_training_cochleagram_1/kell2018_word_audioset_speaker_decay_lr/5728d456-ddc2-4fc2-bf07-a41e658f36d4/5_checkpoint.pt' (epoch 6)
median distance: 1
there are 20 candidates
Stage A best sigma0: 1.0336843570697403 mse_isi0: 0.013279926722990335
✔ Saved 1 best models to /om2/user/bjmedina/auditory-memory/memory/fits/fits_v12_three-regime_all
(0.9820001392162532, 1.0853685749232274)
trying out {'sigma0': 0.9820001392162532, 'sigma1': 0.010000000000000004, 'sigma2': 0.00010000000000000009, 't_step': 5.0}
trying out {'sigma0': 0.9820001392162532, 'sigma1': 0.010000000000000004, 'sigma2': 0.000995469337343037, 't_step': 5.0}
trying out {'sigma0': 0.9820001392162532, 'sigma1': 0.010000000000000004, 'sigma2': 0.009909592015901835, 't_step': 5.0}
trying out {'sigma0': 0.9820001392162532, 'sigma1': 0.03147950446862503, 'sigma2': 0.00010000000000000009, 't_step': 5.0}
trying out {'sigma0': 0.9820001392162532, 'sigma1': 0.03147950446862503, 'sigma2': 0.000995469337343037, 't_step': 5.0}
trying out {'sigma0': 0.9820001392162532, 'sigma1': 0.03147950446862503, 'sigma2': 0.009909592015901835, 't_step': 5.0}
trying out {'sigma0': 0.9820001392162532, 'sigma1': 0.09909592015901833, 'sigma2': 0.00010000000000000009, 't_step': 5.0}
trying out {'sigma0': 0.9820001392162532, 'sigma1': 0.09909592015901833, 'sigma2': 0.000995469337343037, 't_step': 5.0}
trying out {'sigma0': 0.9820001392162532, 'sigma1': 0.09909592015901833, 'sigma2': 0.009909592015901835, 't_step': 5.0}
trying out {'sigma0': 0.9820001392162532, 'sigma1': 0.09909592015901833, 'sigma2': 0.09864694997409633, 't_step': 5.0}
trying out {'sigma0': 0.9820001392162532, 'sigma1': 0.31194904614683266, 'sigma2': 0.00010000000000000009, 't_step': 5.0}
trying out {'sigma0': 0.9820001392162532, 'sigma1': 0.31194904614683266, 'sigma2': 0.000995469337343037, 't_step': 5.0}
trying out {'sigma0': 0.9820001392162532, 'sigma1': 0.31194904614683266, 'sigma2': 0.009909592015901835, 't_step': 5.0}
trying out {'sigma0': 0.9820001392162532, 'sigma1': 0.31194904614683266, 'sigma2': 0.09864694997409633, 't_step': 5.0}
trying out {'sigma0': 0.9820001392162532, 'sigma1': 0.9820001392162532, 'sigma2': 0.00010000000000000009, 't_step': 5.0}
trying out {'sigma0': 0.9820001392162532, 'sigma1': 0.9820001392162532, 'sigma2': 0.000995469337343037, 't_step': 5.0}
trying out {'sigma0': 0.9820001392162532, 'sigma1': 0.9820001392162532, 'sigma2': 0.009909592015901835, 't_step': 5.0}
trying out {'sigma0': 0.9820001392162532, 'sigma1': 0.9820001392162532, 'sigma2': 0.09864694997409633, 't_step': 5.0}
trying out {'sigma0': 1.006880599076819, 'sigma1': 0.010000000000000004, 'sigma2': 0.00010000000000000009, 't_step': 5.0}
trying out {'sigma0': 1.006880599076819, 'sigma1': 0.010000000000000004, 'sigma2': 0.000995469337343037, 't_step': 5.0}
trying out {'sigma0': 1.006880599076819, 'sigma1': 0.010000000000000004, 'sigma2': 0.009909592015901835, 't_step': 5.0}
trying out {'sigma0': 1.006880599076819, 'sigma1': 0.03147950446862503, 'sigma2': 0.00010000000000000009, 't_step': 5.0}
trying out {'sigma0': 1.006880599076819, 'sigma1': 0.03147950446862503, 'sigma2': 0.000995469337343037, 't_step': 5.0}
trying out {'sigma0': 1.006880599076819, 'sigma1': 0.03147950446862503, 'sigma2': 0.009909592015901835, 't_step': 5.0}
trying out {'sigma0': 1.006880599076819, 'sigma1': 0.09909592015901833, 'sigma2': 0.00010000000000000009, 't_step': 5.0}
trying out {'sigma0': 1.006880599076819, 'sigma1': 0.09909592015901833, 'sigma2': 0.000995469337343037, 't_step': 5.0}
trying out {'sigma0': 1.006880599076819, 'sigma1': 0.09909592015901833, 'sigma2': 0.009909592015901835, 't_step': 5.0}
trying out {'sigma0': 1.006880599076819, 'sigma1': 0.09909592015901833, 'sigma2': 0.09864694997409633, 't_step': 5.0}
trying out {'sigma0': 1.006880599076819, 'sigma1': 0.31194904614683266, 'sigma2': 0.00010000000000000009, 't_step': 5.0}
trying out {'sigma0': 1.006880599076819, 'sigma1': 0.31194904614683266, 'sigma2': 0.000995469337343037, 't_step': 5.0}
trying out {'sigma0': 1.006880599076819, 'sigma1': 0.31194904614683266, 'sigma2': 0.009909592015901835, 't_step': 5.0}
trying out {'sigma0': 1.006880599076819, 'sigma1': 0.31194904614683266, 'sigma2': 0.09864694997409633, 't_step': 5.0}
trying out {'sigma0': 1.006880599076819, 'sigma1': 0.9820001392162532, 'sigma2': 0.00010000000000000009, 't_step': 5.0}
trying out {'sigma0': 1.006880599076819, 'sigma1': 0.9820001392162532, 'sigma2': 0.000995469337343037, 't_step': 5.0}
trying out {'sigma0': 1.006880599076819, 'sigma1': 0.9820001392162532, 'sigma2': 0.009909592015901835, 't_step': 5.0}
trying out {'sigma0': 1.006880599076819, 'sigma1': 0.9820001392162532, 'sigma2': 0.09864694997409633, 't_step': 5.0}
trying out {'sigma0': 1.0323914430464618, 'sigma1': 0.010000000000000004, 'sigma2': 0.00010000000000000009, 't_step': 5.0}
trying out {'sigma0': 1.0323914430464618, 'sigma1': 0.010000000000000004, 'sigma2': 0.000995469337343037, 't_step': 5.0}
trying out {'sigma0': 1.0323914430464618, 'sigma1': 0.010000000000000004, 'sigma2': 0.009909592015901835, 't_step': 5.0}
trying out {'sigma0': 1.0323914430464618, 'sigma1': 0.03147950446862503, 'sigma2': 0.00010000000000000009, 't_step': 5.0}
trying out {'sigma0': 1.0323914430464618, 'sigma1': 0.03147950446862503, 'sigma2': 0.000995469337343037, 't_step': 5.0}
trying out {'sigma0': 1.0323914430464618, 'sigma1': 0.03147950446862503, 'sigma2': 0.009909592015901835, 't_step': 5.0}
trying out {'sigma0': 1.0323914430464618, 'sigma1': 0.09909592015901833, 'sigma2': 0.00010000000000000009, 't_step': 5.0}
trying out {'sigma0': 1.0323914430464618, 'sigma1': 0.09909592015901833, 'sigma2': 0.000995469337343037, 't_step': 5.0}
trying out {'sigma0': 1.0323914430464618, 'sigma1': 0.09909592015901833, 'sigma2': 0.009909592015901835, 't_step': 5.0}
trying out {'sigma0': 1.0323914430464618, 'sigma1': 0.09909592015901833, 'sigma2': 0.09864694997409633, 't_step': 5.0}
trying out {'sigma0': 1.0323914430464618, 'sigma1': 0.31194904614683266, 'sigma2': 0.00010000000000000009, 't_step': 5.0}
trying out {'sigma0': 1.0323914430464618, 'sigma1': 0.31194904614683266, 'sigma2': 0.000995469337343037, 't_step': 5.0}
trying out {'sigma0': 1.0323914430464618, 'sigma1': 0.31194904614683266, 'sigma2': 0.009909592015901835, 't_step': 5.0}
trying out {'sigma0': 1.0323914430464618, 'sigma1': 0.31194904614683266, 'sigma2': 0.09864694997409633, 't_step': 5.0}
trying out {'sigma0': 1.0323914430464618, 'sigma1': 0.9820001392162532, 'sigma2': 0.00010000000000000009, 't_step': 5.0}
trying out {'sigma0': 1.0323914430464618, 'sigma1': 0.9820001392162532, 'sigma2': 0.000995469337343037, 't_step': 5.0}
trying out {'sigma0': 1.0323914430464618, 'sigma1': 0.9820001392162532, 'sigma2': 0.009909592015901835, 't_step': 5.0}
trying out {'sigma0': 1.0323914430464618, 'sigma1': 0.9820001392162532, 'sigma2': 0.09864694997409633, 't_step': 5.0}
trying out {'sigma0': 1.05854864286072, 'sigma1': 0.010000000000000004, 'sigma2': 0.00010000000000000009, 't_step': 5.0}
trying out {'sigma0': 1.05854864286072, 'sigma1': 0.010000000000000004, 'sigma2': 0.000995469337343037, 't_step': 5.0}
trying out {'sigma0': 1.05854864286072, 'sigma1': 0.010000000000000004, 'sigma2': 0.009909592015901835, 't_step': 5.0}
trying out {'sigma0': 1.05854864286072, 'sigma1': 0.03147950446862503, 'sigma2': 0.00010000000000000009, 't_step': 5.0}
trying out {'sigma0': 1.05854864286072, 'sigma1': 0.03147950446862503, 'sigma2': 0.000995469337343037, 't_step': 5.0}
trying out {'sigma0': 1.05854864286072, 'sigma1': 0.03147950446862503, 'sigma2': 0.009909592015901835, 't_step': 5.0}
trying out {'sigma0': 1.05854864286072, 'sigma1': 0.09909592015901833, 'sigma2': 0.00010000000000000009, 't_step': 5.0}
trying out {'sigma0': 1.05854864286072, 'sigma1': 0.09909592015901833, 'sigma2': 0.000995469337343037, 't_step': 5.0}
trying out {'sigma0': 1.05854864286072, 'sigma1': 0.09909592015901833, 'sigma2': 0.009909592015901835, 't_step': 5.0}
trying out {'sigma0': 1.05854864286072, 'sigma1': 0.09909592015901833, 'sigma2': 0.09864694997409633, 't_step': 5.0}
trying out {'sigma0': 1.05854864286072, 'sigma1': 0.31194904614683266, 'sigma2': 0.00010000000000000009, 't_step': 5.0}
trying out {'sigma0': 1.05854864286072, 'sigma1': 0.31194904614683266, 'sigma2': 0.000995469337343037, 't_step': 5.0}
trying out {'sigma0': 1.05854864286072, 'sigma1': 0.31194904614683266, 'sigma2': 0.009909592015901835, 't_step': 5.0}
trying out {'sigma0': 1.05854864286072, 'sigma1': 0.31194904614683266, 'sigma2': 0.09864694997409633, 't_step': 5.0}
trying out {'sigma0': 1.05854864286072, 'sigma1': 0.9820001392162532, 'sigma2': 0.00010000000000000009, 't_step': 5.0}
trying out {'sigma0': 1.05854864286072, 'sigma1': 0.9820001392162532, 'sigma2': 0.000995469337343037, 't_step': 5.0}
trying out {'sigma0': 1.05854864286072, 'sigma1': 0.9820001392162532, 'sigma2': 0.009909592015901835, 't_step': 5.0}
trying out {'sigma0': 1.05854864286072, 'sigma1': 0.9820001392162532, 'sigma2': 0.09864694997409633, 't_step': 5.0}
trying out {'sigma0': 1.0853685749232274, 'sigma1': 0.010000000000000004, 'sigma2': 0.00010000000000000009, 't_step': 5.0}
trying out {'sigma0': 1.0853685749232274, 'sigma1': 0.010000000000000004, 'sigma2': 0.000995469337343037, 't_step': 5.0}
trying out {'sigma0': 1.0853685749232274, 'sigma1': 0.010000000000000004, 'sigma2': 0.009909592015901835, 't_step': 5.0}
trying out {'sigma0': 1.0853685749232274, 'sigma1': 0.03147950446862503, 'sigma2': 0.00010000000000000009, 't_step': 5.0}
trying out {'sigma0': 1.0853685749232274, 'sigma1': 0.03147950446862503, 'sigma2': 0.000995469337343037, 't_step': 5.0}
trying out {'sigma0': 1.0853685749232274, 'sigma1': 0.03147950446862503, 'sigma2': 0.009909592015901835, 't_step': 5.0}
trying out {'sigma0': 1.0853685749232274, 'sigma1': 0.09909592015901833, 'sigma2': 0.00010000000000000009, 't_step': 5.0}
trying out {'sigma0': 1.0853685749232274, 'sigma1': 0.09909592015901833, 'sigma2': 0.000995469337343037, 't_step': 5.0}
trying out {'sigma0': 1.0853685749232274, 'sigma1': 0.09909592015901833, 'sigma2': 0.009909592015901835, 't_step': 5.0}
trying out {'sigma0': 1.0853685749232274, 'sigma1': 0.09909592015901833, 'sigma2': 0.09864694997409633, 't_step': 5.0}
trying out {'sigma0': 1.0853685749232274, 'sigma1': 0.31194904614683266, 'sigma2': 0.00010000000000000009, 't_step': 5.0}
trying out {'sigma0': 1.0853685749232274, 'sigma1': 0.31194904614683266, 'sigma2': 0.000995469337343037, 't_step': 5.0}
trying out {'sigma0': 1.0853685749232274, 'sigma1': 0.31194904614683266, 'sigma2': 0.009909592015901835, 't_step': 5.0}
trying out {'sigma0': 1.0853685749232274, 'sigma1': 0.31194904614683266, 'sigma2': 0.09864694997409633, 't_step': 5.0}
trying out {'sigma0': 1.0853685749232274, 'sigma1': 0.9820001392162532, 'sigma2': 0.00010000000000000009, 't_step': 5.0}
trying out {'sigma0': 1.0853685749232274, 'sigma1': 0.9820001392162532, 'sigma2': 0.000995469337343037, 't_step': 5.0}
trying out {'sigma0': 1.0853685749232274, 'sigma1': 0.9820001392162532, 'sigma2': 0.009909592015901835, 't_step': 5.0}
trying out {'sigma0': 1.0853685749232274, 'sigma1': 0.9820001392162532, 'sigma2': 0.09864694997409633, 't_step': 5.0}
Stage B best params: {'sigma0': 1.0853685749232274, 'sigma1': 0.9820001392162532, 'sigma2': 0.000995469337343037, 't_step': 5.0, 'noise_mode': 'three-regime', 'metric': 'cosine', 'layer': 'kell2018-relu1', 'encoder': 'kell2018-relu1', 'stimulus_set': 'Auditory Textures'}
Stage B mse_per_isi: [0.06355432 0.09247432 0.55430003 0.61033103 1.25056938 1.2339538
 0.81146316 0.88158209]
Stage B obj (ISI>=1 mean): 0.7763819734119187
✔ Saved 1 best models to /om2/user/bjmedina/auditory-memory/memory/fits/fits_v12_three-regime_intermediate
refined search candidate: {'sigma0': 0.9768317174309047, 'sigma1': 0.8838001252946279, 'sigma2': 0.0008959224036087337, 't_step': 5.0}
refined search candidate: {'sigma0': 0.9768317174309047, 'sigma1': 0.8838001252946279, 'sigma2': 0.0009420152656091606, 't_step': 5.0}
refined search candidate: {'sigma0': 0.9768317174309047, 'sigma1': 0.8838001252946279, 'sigma2': 0.000990479484681174, 't_step': 5.0}
refined search candidate: {'sigma0': 0.9768317174309047, 'sigma1': 0.8838001252946279, 'sigma2': 0.0010414370609375225, 't_step': 5.0}
refined search candidate: {'sigma0': 0.9768317174309047, 'sigma1': 0.8838001252946279, 'sigma2': 0.0010950162710773406, 't_step': 5.0}
refined search candidate: {'sigma0': 0.9768317174309047, 'sigma1': 0.883822219469246, 'sigma2': 0.0008959224036087337, 't_step': 5.0}
refined search candidate: {'sigma0': 0.9768317174309047, 'sigma1': 0.883822219469246, 'sigma2': 0.0009420152656091606, 't_step': 5.0}
refined search candidate: {'sigma0': 0.9768317174309047, 'sigma1': 0.883822219469246, 'sigma2': 0.000990479484681174, 't_step': 5.0}
refined search candidate: {'sigma0': 0.9768317174309047, 'sigma1': 0.883822219469246, 'sigma2': 0.0010414370609375225, 't_step': 5.0}
refined search candidate: {'sigma0': 0.9768317174309047, 'sigma1': 0.883822219469246, 'sigma2': 0.0010950162710773406, 't_step': 5.0}
refined search candidate: {'sigma0': 0.9768317174309047, 'sigma1': 0.8838443141961977, 'sigma2': 0.0008959224036087337, 't_step': 5.0}
refined search candidate: {'sigma0': 0.9768317174309047, 'sigma1': 0.8838443141961977, 'sigma2': 0.0009420152656091606, 't_step': 5.0}
refined search candidate: {'sigma0': 0.9768317174309047, 'sigma1': 0.8838443141961977, 'sigma2': 0.000990479484681174, 't_step': 5.0}
refined search candidate: {'sigma0': 0.9768317174309047, 'sigma1': 0.8838443141961977, 'sigma2': 0.0010414370609375225, 't_step': 5.0}
refined search candidate: {'sigma0': 0.9768317174309047, 'sigma1': 0.8838443141961977, 'sigma2': 0.0010950162710773406, 't_step': 5.0}
refined search candidate: {'sigma0': 0.9768317174309047, 'sigma1': 0.8838664094754969, 'sigma2': 0.0008959224036087337, 't_step': 5.0}
refined search candidate: {'sigma0': 0.9768317174309047, 'sigma1': 0.8838664094754969, 'sigma2': 0.0009420152656091606, 't_step': 5.0}
refined search candidate: {'sigma0': 0.9768317174309047, 'sigma1': 0.8838664094754969, 'sigma2': 0.000990479484681174, 't_step': 5.0}
refined search candidate: {'sigma0': 0.9768317174309047, 'sigma1': 0.8838664094754969, 'sigma2': 0.0010414370609375225, 't_step': 5.0}
refined search candidate: {'sigma0': 0.9768317174309047, 'sigma1': 0.8838664094754969, 'sigma2': 0.0010950162710773406, 't_step': 5.0}
refined search candidate: {'sigma0': 0.9768317174309047, 'sigma1': 0.8838885053071573, 'sigma2': 0.0008959224036087337, 't_step': 5.0}
refined search candidate: {'sigma0': 0.9768317174309047, 'sigma1': 0.8838885053071573, 'sigma2': 0.0009420152656091606, 't_step': 5.0}
refined search candidate: {'sigma0': 0.9768317174309047, 'sigma1': 0.8838885053071573, 'sigma2': 0.000990479484681174, 't_step': 5.0}
refined search candidate: {'sigma0': 0.9768317174309047, 'sigma1': 0.8838885053071573, 'sigma2': 0.0010414370609375225, 't_step': 5.0}
refined search candidate: {'sigma0': 0.9768317174309047, 'sigma1': 0.8838885053071573, 'sigma2': 0.0010950162710773406, 't_step': 5.0}
refined search candidate: {'sigma0': 0.9768561373081142, 'sigma1': 0.8838001252946279, 'sigma2': 0.0008959224036087337, 't_step': 5.0}
refined search candidate: {'sigma0': 0.9768561373081142, 'sigma1': 0.8838001252946279, 'sigma2': 0.0009420152656091606, 't_step': 5.0}
refined search candidate: {'sigma0': 0.9768561373081142, 'sigma1': 0.8838001252946279, 'sigma2': 0.000990479484681174, 't_step': 5.0}
refined search candidate: {'sigma0': 0.9768561373081142, 'sigma1': 0.8838001252946279, 'sigma2': 0.0010414370609375225, 't_step': 5.0}
refined search candidate: {'sigma0': 0.9768561373081142, 'sigma1': 0.8838001252946279, 'sigma2': 0.0010950162710773406, 't_step': 5.0}
refined search candidate: {'sigma0': 0.9768561373081142, 'sigma1': 0.883822219469246, 'sigma2': 0.0008959224036087337, 't_step': 5.0}
refined search candidate: {'sigma0': 0.9768561373081142, 'sigma1': 0.883822219469246, 'sigma2': 0.0009420152656091606, 't_step': 5.0}
refined search candidate: {'sigma0': 0.9768561373081142, 'sigma1': 0.883822219469246, 'sigma2': 0.000990479484681174, 't_step': 5.0}
refined search candidate: {'sigma0': 0.9768561373081142, 'sigma1': 0.883822219469246, 'sigma2': 0.0010414370609375225, 't_step': 5.0}
refined search candidate: {'sigma0': 0.9768561373081142, 'sigma1': 0.883822219469246, 'sigma2': 0.0010950162710773406, 't_step': 5.0}
refined search candidate: {'sigma0': 0.9768561373081142, 'sigma1': 0.8838443141961977, 'sigma2': 0.0008959224036087337, 't_step': 5.0}
refined search candidate: {'sigma0': 0.9768561373081142, 'sigma1': 0.8838443141961977, 'sigma2': 0.0009420152656091606, 't_step': 5.0}
refined search candidate: {'sigma0': 0.9768561373081142, 'sigma1': 0.8838443141961977, 'sigma2': 0.000990479484681174, 't_step': 5.0}
refined search candidate: {'sigma0': 0.9768561373081142, 'sigma1': 0.8838443141961977, 'sigma2': 0.0010414370609375225, 't_step': 5.0}
refined search candidate: {'sigma0': 0.9768561373081142, 'sigma1': 0.8838443141961977, 'sigma2': 0.0010950162710773406, 't_step': 5.0}
refined search candidate: {'sigma0': 0.9768561373081142, 'sigma1': 0.8838664094754969, 'sigma2': 0.0008959224036087337, 't_step': 5.0}
refined search candidate: {'sigma0': 0.9768561373081142, 'sigma1': 0.8838664094754969, 'sigma2': 0.0009420152656091606, 't_step': 5.0}
refined search candidate: {'sigma0': 0.9768561373081142, 'sigma1': 0.8838664094754969, 'sigma2': 0.000990479484681174, 't_step': 5.0}
refined search candidate: {'sigma0': 0.9768561373081142, 'sigma1': 0.8838664094754969, 'sigma2': 0.0010414370609375225, 't_step': 5.0}
refined search candidate: {'sigma0': 0.9768561373081142, 'sigma1': 0.8838664094754969, 'sigma2': 0.0010950162710773406, 't_step': 5.0}
refined search candidate: {'sigma0': 0.9768561373081142, 'sigma1': 0.8838885053071573, 'sigma2': 0.0008959224036087337, 't_step': 5.0}
refined search candidate: {'sigma0': 0.9768561373081142, 'sigma1': 0.8838885053071573, 'sigma2': 0.0009420152656091606, 't_step': 5.0}
refined search candidate: {'sigma0': 0.9768561373081142, 'sigma1': 0.8838885053071573, 'sigma2': 0.000990479484681174, 't_step': 5.0}
refined search candidate: {'sigma0': 0.9768561373081142, 'sigma1': 0.8838885053071573, 'sigma2': 0.0010414370609375225, 't_step': 5.0}
refined search candidate: {'sigma0': 0.9768561373081142, 'sigma1': 0.8838885053071573, 'sigma2': 0.0010950162710773406, 't_step': 5.0}
refined search candidate: {'sigma0': 0.9768805577957976, 'sigma1': 0.8838001252946279, 'sigma2': 0.0008959224036087337, 't_step': 5.0}
refined search candidate: {'sigma0': 0.9768805577957976, 'sigma1': 0.8838001252946279, 'sigma2': 0.0009420152656091606, 't_step': 5.0}
refined search candidate: {'sigma0': 0.9768805577957976, 'sigma1': 0.8838001252946279, 'sigma2': 0.000990479484681174, 't_step': 5.0}
refined search candidate: {'sigma0': 0.9768805577957976, 'sigma1': 0.8838001252946279, 'sigma2': 0.0010414370609375225, 't_step': 5.0}
refined search candidate: {'sigma0': 0.9768805577957976, 'sigma1': 0.8838001252946279, 'sigma2': 0.0010950162710773406, 't_step': 5.0}
refined search candidate: {'sigma0': 0.9768805577957976, 'sigma1': 0.883822219469246, 'sigma2': 0.0008959224036087337, 't_step': 5.0}
refined search candidate: {'sigma0': 0.9768805577957976, 'sigma1': 0.883822219469246, 'sigma2': 0.0009420152656091606, 't_step': 5.0}
refined search candidate: {'sigma0': 0.9768805577957976, 'sigma1': 0.883822219469246, 'sigma2': 0.000990479484681174, 't_step': 5.0}
refined search candidate: {'sigma0': 0.9768805577957976, 'sigma1': 0.883822219469246, 'sigma2': 0.0010414370609375225, 't_step': 5.0}
refined search candidate: {'sigma0': 0.9768805577957976, 'sigma1': 0.883822219469246, 'sigma2': 0.0010950162710773406, 't_step': 5.0}
refined search candidate: {'sigma0': 0.9768805577957976, 'sigma1': 0.8838443141961977, 'sigma2': 0.0008959224036087337, 't_step': 5.0}
refined search candidate: {'sigma0': 0.9768805577957976, 'sigma1': 0.8838443141961977, 'sigma2': 0.0009420152656091606, 't_step': 5.0}
refined search candidate: {'sigma0': 0.9768805577957976, 'sigma1': 0.8838443141961977, 'sigma2': 0.000990479484681174, 't_step': 5.0}
refined search candidate: {'sigma0': 0.9768805577957976, 'sigma1': 0.8838443141961977, 'sigma2': 0.0010414370609375225, 't_step': 5.0}
refined search candidate: {'sigma0': 0.9768805577957976, 'sigma1': 0.8838443141961977, 'sigma2': 0.0010950162710773406, 't_step': 5.0}
refined search candidate: {'sigma0': 0.9768805577957976, 'sigma1': 0.8838664094754969, 'sigma2': 0.0008959224036087337, 't_step': 5.0}
refined search candidate: {'sigma0': 0.9768805577957976, 'sigma1': 0.8838664094754969, 'sigma2': 0.0009420152656091606, 't_step': 5.0}
refined search candidate: {'sigma0': 0.9768805577957976, 'sigma1': 0.8838664094754969, 'sigma2': 0.000990479484681174, 't_step': 5.0}
refined search candidate: {'sigma0': 0.9768805577957976, 'sigma1': 0.8838664094754969, 'sigma2': 0.0010414370609375225, 't_step': 5.0}
refined search candidate: {'sigma0': 0.9768805577957976, 'sigma1': 0.8838664094754969, 'sigma2': 0.0010950162710773406, 't_step': 5.0}
refined search candidate: {'sigma0': 0.9768805577957976, 'sigma1': 0.8838885053071573, 'sigma2': 0.0008959224036087337, 't_step': 5.0}
refined search candidate: {'sigma0': 0.9768805577957976, 'sigma1': 0.8838885053071573, 'sigma2': 0.0009420152656091606, 't_step': 5.0}
refined search candidate: {'sigma0': 0.9768805577957976, 'sigma1': 0.8838885053071573, 'sigma2': 0.000990479484681174, 't_step': 5.0}
refined search candidate: {'sigma0': 0.9768805577957976, 'sigma1': 0.8838885053071573, 'sigma2': 0.0010414370609375225, 't_step': 5.0}
refined search candidate: {'sigma0': 0.9768805577957976, 'sigma1': 0.8838885053071573, 'sigma2': 0.0010950162710773406, 't_step': 5.0}
refined search candidate: {'sigma0': 0.9769049788939704, 'sigma1': 0.8838001252946279, 'sigma2': 0.0008959224036087337, 't_step': 5.0}
refined search candidate: {'sigma0': 0.9769049788939704, 'sigma1': 0.8838001252946279, 'sigma2': 0.0009420152656091606, 't_step': 5.0}
refined search candidate: {'sigma0': 0.9769049788939704, 'sigma1': 0.8838001252946279, 'sigma2': 0.000990479484681174, 't_step': 5.0}
refined search candidate: {'sigma0': 0.9769049788939704, 'sigma1': 0.8838001252946279, 'sigma2': 0.0010414370609375225, 't_step': 5.0}
refined search candidate: {'sigma0': 0.9769049788939704, 'sigma1': 0.8838001252946279, 'sigma2': 0.0010950162710773406, 't_step': 5.0}
refined search candidate: {'sigma0': 0.9769049788939704, 'sigma1': 0.883822219469246, 'sigma2': 0.0008959224036087337, 't_step': 5.0}
refined search candidate: {'sigma0': 0.9769049788939704, 'sigma1': 0.883822219469246, 'sigma2': 0.0009420152656091606, 't_step': 5.0}
refined search candidate: {'sigma0': 0.9769049788939704, 'sigma1': 0.883822219469246, 'sigma2': 0.000990479484681174, 't_step': 5.0}
refined search candidate: {'sigma0': 0.9769049788939704, 'sigma1': 0.883822219469246, 'sigma2': 0.0010414370609375225, 't_step': 5.0}
refined search candidate: {'sigma0': 0.9769049788939704, 'sigma1': 0.883822219469246, 'sigma2': 0.0010950162710773406, 't_step': 5.0}
refined search candidate: {'sigma0': 0.9769049788939704, 'sigma1': 0.8838443141961977, 'sigma2': 0.0008959224036087337, 't_step': 5.0}
refined search candidate: {'sigma0': 0.9769049788939704, 'sigma1': 0.8838443141961977, 'sigma2': 0.0009420152656091606, 't_step': 5.0}
refined search candidate: {'sigma0': 0.9769049788939704, 'sigma1': 0.8838443141961977, 'sigma2': 0.000990479484681174, 't_step': 5.0}
refined search candidate: {'sigma0': 0.9769049788939704, 'sigma1': 0.8838443141961977, 'sigma2': 0.0010414370609375225, 't_step': 5.0}
refined search candidate: {'sigma0': 0.9769049788939704, 'sigma1': 0.8838443141961977, 'sigma2': 0.0010950162710773406, 't_step': 5.0}
refined search candidate: {'sigma0': 0.9769049788939704, 'sigma1': 0.8838664094754969, 'sigma2': 0.0008959224036087337, 't_step': 5.0}
refined search candidate: {'sigma0': 0.9769049788939704, 'sigma1': 0.8838664094754969, 'sigma2': 0.0009420152656091606, 't_step': 5.0}
refined search candidate: {'sigma0': 0.9769049788939704, 'sigma1': 0.8838664094754969, 'sigma2': 0.000990479484681174, 't_step': 5.0}
refined search candidate: {'sigma0': 0.9769049788939704, 'sigma1': 0.8838664094754969, 'sigma2': 0.0010414370609375225, 't_step': 5.0}
refined search candidate: {'sigma0': 0.9769049788939704, 'sigma1': 0.8838664094754969, 'sigma2': 0.0010950162710773406, 't_step': 5.0}
refined search candidate: {'sigma0': 0.9769049788939704, 'sigma1': 0.8838885053071573, 'sigma2': 0.0008959224036087337, 't_step': 5.0}
refined search candidate: {'sigma0': 0.9769049788939704, 'sigma1': 0.8838885053071573, 'sigma2': 0.0009420152656091606, 't_step': 5.0}
refined search candidate: {'sigma0': 0.9769049788939704, 'sigma1': 0.8838885053071573, 'sigma2': 0.000990479484681174, 't_step': 5.0}
refined search candidate: {'sigma0': 0.9769049788939704, 'sigma1': 0.8838885053071573, 'sigma2': 0.0010414370609375225, 't_step': 5.0}
refined search candidate: {'sigma0': 0.9769049788939704, 'sigma1': 0.8838885053071573, 'sigma2': 0.0010950162710773406, 't_step': 5.0}
refined search candidate: {'sigma0': 0.9769294006026478, 'sigma1': 0.8838001252946279, 'sigma2': 0.0008959224036087337, 't_step': 5.0}
refined search candidate: {'sigma0': 0.9769294006026478, 'sigma1': 0.8838001252946279, 'sigma2': 0.0009420152656091606, 't_step': 5.0}
refined search candidate: {'sigma0': 0.9769294006026478, 'sigma1': 0.8838001252946279, 'sigma2': 0.000990479484681174, 't_step': 5.0}
refined search candidate: {'sigma0': 0.9769294006026478, 'sigma1': 0.8838001252946279, 'sigma2': 0.0010414370609375225, 't_step': 5.0}
refined search candidate: {'sigma0': 0.9769294006026478, 'sigma1': 0.8838001252946279, 'sigma2': 0.0010950162710773406, 't_step': 5.0}
refined search candidate: {'sigma0': 0.9769294006026478, 'sigma1': 0.883822219469246, 'sigma2': 0.0008959224036087337, 't_step': 5.0}
refined search candidate: {'sigma0': 0.9769294006026478, 'sigma1': 0.883822219469246, 'sigma2': 0.0009420152656091606, 't_step': 5.0}
refined search candidate: {'sigma0': 0.9769294006026478, 'sigma1': 0.883822219469246, 'sigma2': 0.000990479484681174, 't_step': 5.0}
refined search candidate: {'sigma0': 0.9769294006026478, 'sigma1': 0.883822219469246, 'sigma2': 0.0010414370609375225, 't_step': 5.0}
refined search candidate: {'sigma0': 0.9769294006026478, 'sigma1': 0.883822219469246, 'sigma2': 0.0010950162710773406, 't_step': 5.0}
refined search candidate: {'sigma0': 0.9769294006026478, 'sigma1': 0.8838443141961977, 'sigma2': 0.0008959224036087337, 't_step': 5.0}
refined search candidate: {'sigma0': 0.9769294006026478, 'sigma1': 0.8838443141961977, 'sigma2': 0.0009420152656091606, 't_step': 5.0}
refined search candidate: {'sigma0': 0.9769294006026478, 'sigma1': 0.8838443141961977, 'sigma2': 0.000990479484681174, 't_step': 5.0}
refined search candidate: {'sigma0': 0.9769294006026478, 'sigma1': 0.8838443141961977, 'sigma2': 0.0010414370609375225, 't_step': 5.0}
refined search candidate: {'sigma0': 0.9769294006026478, 'sigma1': 0.8838443141961977, 'sigma2': 0.0010950162710773406, 't_step': 5.0}
refined search candidate: {'sigma0': 0.9769294006026478, 'sigma1': 0.8838664094754969, 'sigma2': 0.0008959224036087337, 't_step': 5.0}
refined search candidate: {'sigma0': 0.9769294006026478, 'sigma1': 0.8838664094754969, 'sigma2': 0.0009420152656091606, 't_step': 5.0}
refined search candidate: {'sigma0': 0.9769294006026478, 'sigma1': 0.8838664094754969, 'sigma2': 0.000990479484681174, 't_step': 5.0}
refined search candidate: {'sigma0': 0.9769294006026478, 'sigma1': 0.8838664094754969, 'sigma2': 0.0010414370609375225, 't_step': 5.0}
refined search candidate: {'sigma0': 0.9769294006026478, 'sigma1': 0.8838664094754969, 'sigma2': 0.0010950162710773406, 't_step': 5.0}
refined search candidate: {'sigma0': 0.9769294006026478, 'sigma1': 0.8838885053071573, 'sigma2': 0.0008959224036087337, 't_step': 5.0}
refined search candidate: {'sigma0': 0.9769294006026478, 'sigma1': 0.8838885053071573, 'sigma2': 0.0009420152656091606, 't_step': 5.0}
refined search candidate: {'sigma0': 0.9769294006026478, 'sigma1': 0.8838885053071573, 'sigma2': 0.000990479484681174, 't_step': 5.0}
refined search candidate: {'sigma0': 0.9769294006026478, 'sigma1': 0.8838885053071573, 'sigma2': 0.0010414370609375225, 't_step': 5.0}
refined search candidate: {'sigma0': 0.9769294006026478, 'sigma1': 0.8838885053071573, 'sigma2': 0.0010950162710773406, 't_step': 5.0}
REFINED best params: {'sigma0': 0.9768561373081142, 'sigma1': 0.8838664094754969, 'sigma2': 0.0010414370609375225, 't_step': 5, 'noise_mode': 'three-regime', 'metric': 'cosine', 'layer': 'kell2018-relu1', 'encoder': 'kell2018-relu1', 'stimulus_set': 'Auditory Textures'}
REFINED mse_per_isi: [0.02226544 0.2446336  0.32647026 0.85201708 0.82920342 1.1479326
 1.00718592 1.00315859]
REFINED obj: 0.7729430683107494
✔ Saved 1 best models to /om2/user/bjmedina/auditory-memory/memory/fits/fits_v12_three-regime_best
