=======================================
SLURM_ARRAY_TASK_ID = 4
YAML_PATH = /om2/user/bjmedina/auditory-memory/memory/model_yamls/three-regime/kell2018/run_000004.yaml
=======================================
Running config:
  YAML: /om2/user/bjmedina/auditory-memory/memory/model_yamls/three-regime/kell2018/run_000004.yaml
  Encoder: kell2018
  Metric: cosine
  Noise: three-regime
/om2/user/bjmedina/auditory-memory/memory/figures/figures_v11_three-regime/env-sounds/kell2018/cosine/three-regime/ /om2/user/bjmedina/auditory-memory/memory/fits/fits_v11_three-regime_best
Directory already exists: /om2/user/bjmedina/auditory-memory/memory/figures/figures_v11_three-regime/env-sounds/kell2018/cosine/three-regime/
Directory already exists: /om2/user/bjmedina/auditory-memory/memory/fits/fits_v11_three-regime_best
Directory already exists: /om2/user/bjmedina/auditory-memory/memory/fits/fits_v11_three-regime_all
Encoder name: kell2018-relu4
LOADING FROM /om2/user/bjmedina/models/cochdnn/model_directories/kell2018_word_speaker_audioset/
=> loading checkpoint '/om2/user/bjmedina/models/cochdnn/model_checkpoints/audio_rep_training_cochleagram_1/kell2018_word_audioset_speaker_decay_lr/5728d456-ddc2-4fc2-bf07-a41e658f36d4/5_checkpoint.pt'
=> loaded checkpoint '/om2/user/bjmedina/models/cochdnn/model_checkpoints/audio_rep_training_cochleagram_1/kell2018_word_audioset_speaker_decay_lr/5728d456-ddc2-4fc2-bf07-a41e658f36d4/5_checkpoint.pt' (epoch 6)
median distance: 1
there are 29 candidates
Stage A best sigma0: 0.20589728197687912 mse_isi0: 0.006082550023476287
✔ Saved 1 best models to /om2/user/bjmedina/auditory-memory/memory/fits/fits_v11_three-regime_all
(0.18530755377919123, 0.22648701017456704)
trying out {'sigma0': 0.18530755377919125, 'sigma1': 0.0006561048993034517, 'sigma2': 0.00010000000000000009, 't_step': 5.0}
trying out {'sigma0': 0.18530755377919125, 'sigma1': 0.004304736388899922, 'sigma2': 0.00010000000000000009, 't_step': 5.0}
trying out {'sigma0': 0.18530755377919125, 'sigma1': 0.004304736388899922, 'sigma2': 0.0006561048993034517, 't_step': 5.0}
trying out {'sigma0': 0.18530755377919125, 'sigma1': 0.02824358634967085, 'sigma2': 0.00010000000000000009, 't_step': 5.0}
trying out {'sigma0': 0.18530755377919125, 'sigma1': 0.02824358634967085, 'sigma2': 0.0006561048993034517, 't_step': 5.0}
trying out {'sigma0': 0.18530755377919125, 'sigma1': 0.02824358634967085, 'sigma2': 0.004304736388899922, 't_step': 5.0}
trying out {'sigma0': 0.18530755377919125, 'sigma1': 0.18530755377919125, 'sigma2': 0.00010000000000000009, 't_step': 5.0}
trying out {'sigma0': 0.18530755377919125, 'sigma1': 0.18530755377919125, 'sigma2': 0.0006561048993034517, 't_step': 5.0}
trying out {'sigma0': 0.18530755377919125, 'sigma1': 0.18530755377919125, 'sigma2': 0.004304736388899922, 't_step': 5.0}
trying out {'sigma0': 0.18530755377919125, 'sigma1': 0.18530755377919125, 'sigma2': 0.02824358634967085, 't_step': 5.0}
trying out {'sigma0': 0.1948411422569174, 'sigma1': 0.0006561048993034517, 'sigma2': 0.00010000000000000009, 't_step': 5.0}
trying out {'sigma0': 0.1948411422569174, 'sigma1': 0.004304736388899922, 'sigma2': 0.00010000000000000009, 't_step': 5.0}
trying out {'sigma0': 0.1948411422569174, 'sigma1': 0.004304736388899922, 'sigma2': 0.0006561048993034517, 't_step': 5.0}
trying out {'sigma0': 0.1948411422569174, 'sigma1': 0.02824358634967085, 'sigma2': 0.00010000000000000009, 't_step': 5.0}
trying out {'sigma0': 0.1948411422569174, 'sigma1': 0.02824358634967085, 'sigma2': 0.0006561048993034517, 't_step': 5.0}
trying out {'sigma0': 0.1948411422569174, 'sigma1': 0.02824358634967085, 'sigma2': 0.004304736388899922, 't_step': 5.0}
trying out {'sigma0': 0.1948411422569174, 'sigma1': 0.18530755377919125, 'sigma2': 0.00010000000000000009, 't_step': 5.0}
trying out {'sigma0': 0.1948411422569174, 'sigma1': 0.18530755377919125, 'sigma2': 0.0006561048993034517, 't_step': 5.0}
trying out {'sigma0': 0.1948411422569174, 'sigma1': 0.18530755377919125, 'sigma2': 0.004304736388899922, 't_step': 5.0}
trying out {'sigma0': 0.1948411422569174, 'sigma1': 0.18530755377919125, 'sigma2': 0.02824358634967085, 't_step': 5.0}
trying out {'sigma0': 0.20486520890139404, 'sigma1': 0.0006561048993034517, 'sigma2': 0.00010000000000000009, 't_step': 5.0}
trying out {'sigma0': 0.20486520890139404, 'sigma1': 0.004304736388899922, 'sigma2': 0.00010000000000000009, 't_step': 5.0}
trying out {'sigma0': 0.20486520890139404, 'sigma1': 0.004304736388899922, 'sigma2': 0.0006561048993034517, 't_step': 5.0}
trying out {'sigma0': 0.20486520890139404, 'sigma1': 0.02824358634967085, 'sigma2': 0.00010000000000000009, 't_step': 5.0}
trying out {'sigma0': 0.20486520890139404, 'sigma1': 0.02824358634967085, 'sigma2': 0.0006561048993034517, 't_step': 5.0}
trying out {'sigma0': 0.20486520890139404, 'sigma1': 0.02824358634967085, 'sigma2': 0.004304736388899922, 't_step': 5.0}
trying out {'sigma0': 0.20486520890139404, 'sigma1': 0.18530755377919125, 'sigma2': 0.00010000000000000009, 't_step': 5.0}
trying out {'sigma0': 0.20486520890139404, 'sigma1': 0.18530755377919125, 'sigma2': 0.0006561048993034517, 't_step': 5.0}
trying out {'sigma0': 0.20486520890139404, 'sigma1': 0.18530755377919125, 'sigma2': 0.004304736388899922, 't_step': 5.0}
trying out {'sigma0': 0.20486520890139404, 'sigma1': 0.18530755377919125, 'sigma2': 0.02824358634967085, 't_step': 5.0}
trying out {'sigma0': 0.21540498753015175, 'sigma1': 0.0006561048993034517, 'sigma2': 0.00010000000000000009, 't_step': 5.0}
trying out {'sigma0': 0.21540498753015175, 'sigma1': 0.004304736388899922, 'sigma2': 0.00010000000000000009, 't_step': 5.0}
trying out {'sigma0': 0.21540498753015175, 'sigma1': 0.004304736388899922, 'sigma2': 0.0006561048993034517, 't_step': 5.0}
trying out {'sigma0': 0.21540498753015175, 'sigma1': 0.02824358634967085, 'sigma2': 0.00010000000000000009, 't_step': 5.0}
trying out {'sigma0': 0.21540498753015175, 'sigma1': 0.02824358634967085, 'sigma2': 0.0006561048993034517, 't_step': 5.0}
trying out {'sigma0': 0.21540498753015175, 'sigma1': 0.02824358634967085, 'sigma2': 0.004304736388899922, 't_step': 5.0}
trying out {'sigma0': 0.21540498753015175, 'sigma1': 0.18530755377919125, 'sigma2': 0.00010000000000000009, 't_step': 5.0}
trying out {'sigma0': 0.21540498753015175, 'sigma1': 0.18530755377919125, 'sigma2': 0.0006561048993034517, 't_step': 5.0}
trying out {'sigma0': 0.21540498753015175, 'sigma1': 0.18530755377919125, 'sigma2': 0.004304736388899922, 't_step': 5.0}
trying out {'sigma0': 0.21540498753015175, 'sigma1': 0.18530755377919125, 'sigma2': 0.02824358634967085, 't_step': 5.0}
trying out {'sigma0': 0.22648701017456704, 'sigma1': 0.0006561048993034517, 'sigma2': 0.00010000000000000009, 't_step': 5.0}
trying out {'sigma0': 0.22648701017456704, 'sigma1': 0.004304736388899922, 'sigma2': 0.00010000000000000009, 't_step': 5.0}
trying out {'sigma0': 0.22648701017456704, 'sigma1': 0.004304736388899922, 'sigma2': 0.0006561048993034517, 't_step': 5.0}
trying out {'sigma0': 0.22648701017456704, 'sigma1': 0.02824358634967085, 'sigma2': 0.00010000000000000009, 't_step': 5.0}
trying out {'sigma0': 0.22648701017456704, 'sigma1': 0.02824358634967085, 'sigma2': 0.0006561048993034517, 't_step': 5.0}
trying out {'sigma0': 0.22648701017456704, 'sigma1': 0.02824358634967085, 'sigma2': 0.004304736388899922, 't_step': 5.0}
trying out {'sigma0': 0.22648701017456704, 'sigma1': 0.18530755377919125, 'sigma2': 0.00010000000000000009, 't_step': 5.0}
trying out {'sigma0': 0.22648701017456704, 'sigma1': 0.18530755377919125, 'sigma2': 0.0006561048993034517, 't_step': 5.0}
trying out {'sigma0': 0.22648701017456704, 'sigma1': 0.18530755377919125, 'sigma2': 0.004304736388899922, 't_step': 5.0}
trying out {'sigma0': 0.22648701017456704, 'sigma1': 0.18530755377919125, 'sigma2': 0.02824358634967085, 't_step': 5.0}
Stage B best params: {'sigma0': 0.21540498753015175, 'sigma1': 0.004304736388899922, 'sigma2': 0.00010000000000000009, 't_step': 5.0, 'noise_mode': 'three-regime', 'metric': 'cosine', 'layer': 'kell2018-relu4', 'encoder': 'kell2018-relu4', 'stimulus_set': 'Industrial and Nature'}
Stage B mse_per_isi: [1.72627953 0.6983826  0.10012441 0.0037595  0.0594253  0.07671364
 0.19882654 0.20886892]
Stage B obj (ISI>=1 mean): 0.1923001292075581
✔ Saved 1 best models to /om2/user/bjmedina/auditory-memory/memory/fits/fits_v11_three-regime_all
refined search candidate: {'sigma0': 0.7, 'sigma1': 0.10000000000000002, 'sigma2': 0.0005000000000000001, 't_step': 5.0}
refined search candidate: {'sigma0': 0.7, 'sigma1': 0.10000000000000002, 'sigma2': 0.0005000124995312774, 't_step': 5.0}
refined search candidate: {'sigma0': 0.7, 'sigma1': 0.10000000000000002, 'sigma2': 0.0005000249993750314, 't_step': 5.0}
refined search candidate: {'sigma0': 0.7, 'sigma1': 0.10000000000000002, 'sigma2': 0.0005000374995312696, 't_step': 5.0}
refined search candidate: {'sigma0': 0.7, 'sigma1': 0.10000000000000002, 'sigma2': 0.00050005, 't_step': 5.0}
refined search candidate: {'sigma0': 0.7, 'sigma1': 0.10000249990625548, 'sigma2': 0.0005000000000000001, 't_step': 5.0}
refined search candidate: {'sigma0': 0.7, 'sigma1': 0.10000249990625548, 'sigma2': 0.0005000124995312774, 't_step': 5.0}
refined search candidate: {'sigma0': 0.7, 'sigma1': 0.10000249990625548, 'sigma2': 0.0005000249993750314, 't_step': 5.0}
refined search candidate: {'sigma0': 0.7, 'sigma1': 0.10000249990625548, 'sigma2': 0.0005000374995312696, 't_step': 5.0}
refined search candidate: {'sigma0': 0.7, 'sigma1': 0.10000249990625548, 'sigma2': 0.00050005, 't_step': 5.0}
refined search candidate: {'sigma0': 0.7, 'sigma1': 0.10000499987500627, 'sigma2': 0.0005000000000000001, 't_step': 5.0}
refined search candidate: {'sigma0': 0.7, 'sigma1': 0.10000499987500627, 'sigma2': 0.0005000124995312774, 't_step': 5.0}
refined search candidate: {'sigma0': 0.7, 'sigma1': 0.10000499987500627, 'sigma2': 0.0005000249993750314, 't_step': 5.0}
refined search candidate: {'sigma0': 0.7, 'sigma1': 0.10000499987500627, 'sigma2': 0.0005000374995312696, 't_step': 5.0}
refined search candidate: {'sigma0': 0.7, 'sigma1': 0.10000499987500627, 'sigma2': 0.00050005, 't_step': 5.0}
refined search candidate: {'sigma0': 0.7, 'sigma1': 0.10000749990625392, 'sigma2': 0.0005000000000000001, 't_step': 5.0}
refined search candidate: {'sigma0': 0.7, 'sigma1': 0.10000749990625392, 'sigma2': 0.0005000124995312774, 't_step': 5.0}
refined search candidate: {'sigma0': 0.7, 'sigma1': 0.10000749990625392, 'sigma2': 0.0005000249993750314, 't_step': 5.0}
refined search candidate: {'sigma0': 0.7, 'sigma1': 0.10000749990625392, 'sigma2': 0.0005000374995312696, 't_step': 5.0}
refined search candidate: {'sigma0': 0.7, 'sigma1': 0.10000749990625392, 'sigma2': 0.00050005, 't_step': 5.0}
refined search candidate: {'sigma0': 0.7, 'sigma1': 0.10001000000000002, 'sigma2': 0.0005000000000000001, 't_step': 5.0}
refined search candidate: {'sigma0': 0.7, 'sigma1': 0.10001000000000002, 'sigma2': 0.0005000124995312774, 't_step': 5.0}
refined search candidate: {'sigma0': 0.7, 'sigma1': 0.10001000000000002, 'sigma2': 0.0005000249993750314, 't_step': 5.0}
refined search candidate: {'sigma0': 0.7, 'sigma1': 0.10001000000000002, 'sigma2': 0.0005000374995312696, 't_step': 5.0}
refined search candidate: {'sigma0': 0.7, 'sigma1': 0.10001000000000002, 'sigma2': 0.00050005, 't_step': 5.0}
refined search candidate: {'sigma0': 0.7000174993437882, 'sigma1': 0.10000000000000002, 'sigma2': 0.0005000000000000001, 't_step': 5.0}
refined search candidate: {'sigma0': 0.7000174993437882, 'sigma1': 0.10000000000000002, 'sigma2': 0.0005000124995312774, 't_step': 5.0}
refined search candidate: {'sigma0': 0.7000174993437882, 'sigma1': 0.10000000000000002, 'sigma2': 0.0005000249993750314, 't_step': 5.0}
refined search candidate: {'sigma0': 0.7000174993437882, 'sigma1': 0.10000000000000002, 'sigma2': 0.0005000374995312696, 't_step': 5.0}
refined search candidate: {'sigma0': 0.7000174993437882, 'sigma1': 0.10000000000000002, 'sigma2': 0.00050005, 't_step': 5.0}
refined search candidate: {'sigma0': 0.7000174993437882, 'sigma1': 0.10000249990625548, 'sigma2': 0.0005000000000000001, 't_step': 5.0}
refined search candidate: {'sigma0': 0.7000174993437882, 'sigma1': 0.10000249990625548, 'sigma2': 0.0005000124995312774, 't_step': 5.0}
refined search candidate: {'sigma0': 0.7000174993437882, 'sigma1': 0.10000249990625548, 'sigma2': 0.0005000249993750314, 't_step': 5.0}
refined search candidate: {'sigma0': 0.7000174993437882, 'sigma1': 0.10000249990625548, 'sigma2': 0.0005000374995312696, 't_step': 5.0}
refined search candidate: {'sigma0': 0.7000174993437882, 'sigma1': 0.10000249990625548, 'sigma2': 0.00050005, 't_step': 5.0}
refined search candidate: {'sigma0': 0.7000174993437882, 'sigma1': 0.10000499987500627, 'sigma2': 0.0005000000000000001, 't_step': 5.0}
refined search candidate: {'sigma0': 0.7000174993437882, 'sigma1': 0.10000499987500627, 'sigma2': 0.0005000124995312774, 't_step': 5.0}
refined search candidate: {'sigma0': 0.7000174993437882, 'sigma1': 0.10000499987500627, 'sigma2': 0.0005000249993750314, 't_step': 5.0}
refined search candidate: {'sigma0': 0.7000174993437882, 'sigma1': 0.10000499987500627, 'sigma2': 0.0005000374995312696, 't_step': 5.0}
refined search candidate: {'sigma0': 0.7000174993437882, 'sigma1': 0.10000499987500627, 'sigma2': 0.00050005, 't_step': 5.0}
refined search candidate: {'sigma0': 0.7000174993437882, 'sigma1': 0.10000749990625392, 'sigma2': 0.0005000000000000001, 't_step': 5.0}
refined search candidate: {'sigma0': 0.7000174993437882, 'sigma1': 0.10000749990625392, 'sigma2': 0.0005000124995312774, 't_step': 5.0}
refined search candidate: {'sigma0': 0.7000174993437882, 'sigma1': 0.10000749990625392, 'sigma2': 0.0005000249993750314, 't_step': 5.0}
refined search candidate: {'sigma0': 0.7000174993437882, 'sigma1': 0.10000749990625392, 'sigma2': 0.0005000374995312696, 't_step': 5.0}
refined search candidate: {'sigma0': 0.7000174993437882, 'sigma1': 0.10000749990625392, 'sigma2': 0.00050005, 't_step': 5.0}
refined search candidate: {'sigma0': 0.7000174993437882, 'sigma1': 0.10001000000000002, 'sigma2': 0.0005000000000000001, 't_step': 5.0}
refined search candidate: {'sigma0': 0.7000174993437882, 'sigma1': 0.10001000000000002, 'sigma2': 0.0005000124995312774, 't_step': 5.0}
refined search candidate: {'sigma0': 0.7000174993437882, 'sigma1': 0.10001000000000002, 'sigma2': 0.0005000249993750314, 't_step': 5.0}
refined search candidate: {'sigma0': 0.7000174993437882, 'sigma1': 0.10001000000000002, 'sigma2': 0.0005000374995312696, 't_step': 5.0}
refined search candidate: {'sigma0': 0.7000174993437882, 'sigma1': 0.10001000000000002, 'sigma2': 0.00050005, 't_step': 5.0}
refined search candidate: {'sigma0': 0.7000349991250436, 'sigma1': 0.10000000000000002, 'sigma2': 0.0005000000000000001, 't_step': 5.0}
refined search candidate: {'sigma0': 0.7000349991250436, 'sigma1': 0.10000000000000002, 'sigma2': 0.0005000124995312774, 't_step': 5.0}
refined search candidate: {'sigma0': 0.7000349991250436, 'sigma1': 0.10000000000000002, 'sigma2': 0.0005000249993750314, 't_step': 5.0}
refined search candidate: {'sigma0': 0.7000349991250436, 'sigma1': 0.10000000000000002, 'sigma2': 0.0005000374995312696, 't_step': 5.0}
refined search candidate: {'sigma0': 0.7000349991250436, 'sigma1': 0.10000000000000002, 'sigma2': 0.00050005, 't_step': 5.0}
refined search candidate: {'sigma0': 0.7000349991250436, 'sigma1': 0.10000249990625548, 'sigma2': 0.0005000000000000001, 't_step': 5.0}
refined search candidate: {'sigma0': 0.7000349991250436, 'sigma1': 0.10000249990625548, 'sigma2': 0.0005000124995312774, 't_step': 5.0}
refined search candidate: {'sigma0': 0.7000349991250436, 'sigma1': 0.10000249990625548, 'sigma2': 0.0005000249993750314, 't_step': 5.0}
refined search candidate: {'sigma0': 0.7000349991250436, 'sigma1': 0.10000249990625548, 'sigma2': 0.0005000374995312696, 't_step': 5.0}
refined search candidate: {'sigma0': 0.7000349991250436, 'sigma1': 0.10000249990625548, 'sigma2': 0.00050005, 't_step': 5.0}
refined search candidate: {'sigma0': 0.7000349991250436, 'sigma1': 0.10000499987500627, 'sigma2': 0.0005000000000000001, 't_step': 5.0}
refined search candidate: {'sigma0': 0.7000349991250436, 'sigma1': 0.10000499987500627, 'sigma2': 0.0005000124995312774, 't_step': 5.0}
refined search candidate: {'sigma0': 0.7000349991250436, 'sigma1': 0.10000499987500627, 'sigma2': 0.0005000249993750314, 't_step': 5.0}
refined search candidate: {'sigma0': 0.7000349991250436, 'sigma1': 0.10000499987500627, 'sigma2': 0.0005000374995312696, 't_step': 5.0}
refined search candidate: {'sigma0': 0.7000349991250436, 'sigma1': 0.10000499987500627, 'sigma2': 0.00050005, 't_step': 5.0}
refined search candidate: {'sigma0': 0.7000349991250436, 'sigma1': 0.10000749990625392, 'sigma2': 0.0005000000000000001, 't_step': 5.0}
refined search candidate: {'sigma0': 0.7000349991250436, 'sigma1': 0.10000749990625392, 'sigma2': 0.0005000124995312774, 't_step': 5.0}
refined search candidate: {'sigma0': 0.7000349991250436, 'sigma1': 0.10000749990625392, 'sigma2': 0.0005000249993750314, 't_step': 5.0}
refined search candidate: {'sigma0': 0.7000349991250436, 'sigma1': 0.10000749990625392, 'sigma2': 0.0005000374995312696, 't_step': 5.0}
refined search candidate: {'sigma0': 0.7000349991250436, 'sigma1': 0.10000749990625392, 'sigma2': 0.00050005, 't_step': 5.0}
refined search candidate: {'sigma0': 0.7000349991250436, 'sigma1': 0.10001000000000002, 'sigma2': 0.0005000000000000001, 't_step': 5.0}
refined search candidate: {'sigma0': 0.7000349991250436, 'sigma1': 0.10001000000000002, 'sigma2': 0.0005000124995312774, 't_step': 5.0}
refined search candidate: {'sigma0': 0.7000349991250436, 'sigma1': 0.10001000000000002, 'sigma2': 0.0005000249993750314, 't_step': 5.0}
refined search candidate: {'sigma0': 0.7000349991250436, 'sigma1': 0.10001000000000002, 'sigma2': 0.0005000374995312696, 't_step': 5.0}
refined search candidate: {'sigma0': 0.7000349991250436, 'sigma1': 0.10001000000000002, 'sigma2': 0.00050005, 't_step': 5.0}
refined search candidate: {'sigma0': 0.7000524993437772, 'sigma1': 0.10000000000000002, 'sigma2': 0.0005000000000000001, 't_step': 5.0}
refined search candidate: {'sigma0': 0.7000524993437772, 'sigma1': 0.10000000000000002, 'sigma2': 0.0005000124995312774, 't_step': 5.0}
refined search candidate: {'sigma0': 0.7000524993437772, 'sigma1': 0.10000000000000002, 'sigma2': 0.0005000249993750314, 't_step': 5.0}
refined search candidate: {'sigma0': 0.7000524993437772, 'sigma1': 0.10000000000000002, 'sigma2': 0.0005000374995312696, 't_step': 5.0}
refined search candidate: {'sigma0': 0.7000524993437772, 'sigma1': 0.10000000000000002, 'sigma2': 0.00050005, 't_step': 5.0}
refined search candidate: {'sigma0': 0.7000524993437772, 'sigma1': 0.10000249990625548, 'sigma2': 0.0005000000000000001, 't_step': 5.0}
refined search candidate: {'sigma0': 0.7000524993437772, 'sigma1': 0.10000249990625548, 'sigma2': 0.0005000124995312774, 't_step': 5.0}
refined search candidate: {'sigma0': 0.7000524993437772, 'sigma1': 0.10000249990625548, 'sigma2': 0.0005000249993750314, 't_step': 5.0}
refined search candidate: {'sigma0': 0.7000524993437772, 'sigma1': 0.10000249990625548, 'sigma2': 0.0005000374995312696, 't_step': 5.0}
refined search candidate: {'sigma0': 0.7000524993437772, 'sigma1': 0.10000249990625548, 'sigma2': 0.00050005, 't_step': 5.0}
refined search candidate: {'sigma0': 0.7000524993437772, 'sigma1': 0.10000499987500627, 'sigma2': 0.0005000000000000001, 't_step': 5.0}
refined search candidate: {'sigma0': 0.7000524993437772, 'sigma1': 0.10000499987500627, 'sigma2': 0.0005000124995312774, 't_step': 5.0}
refined search candidate: {'sigma0': 0.7000524993437772, 'sigma1': 0.10000499987500627, 'sigma2': 0.0005000249993750314, 't_step': 5.0}
refined search candidate: {'sigma0': 0.7000524993437772, 'sigma1': 0.10000499987500627, 'sigma2': 0.0005000374995312696, 't_step': 5.0}
refined search candidate: {'sigma0': 0.7000524993437772, 'sigma1': 0.10000499987500627, 'sigma2': 0.00050005, 't_step': 5.0}
refined search candidate: {'sigma0': 0.7000524993437772, 'sigma1': 0.10000749990625392, 'sigma2': 0.0005000000000000001, 't_step': 5.0}
refined search candidate: {'sigma0': 0.7000524993437772, 'sigma1': 0.10000749990625392, 'sigma2': 0.0005000124995312774, 't_step': 5.0}
refined search candidate: {'sigma0': 0.7000524993437772, 'sigma1': 0.10000749990625392, 'sigma2': 0.0005000249993750314, 't_step': 5.0}
refined search candidate: {'sigma0': 0.7000524993437772, 'sigma1': 0.10000749990625392, 'sigma2': 0.0005000374995312696, 't_step': 5.0}
refined search candidate: {'sigma0': 0.7000524993437772, 'sigma1': 0.10000749990625392, 'sigma2': 0.00050005, 't_step': 5.0}
refined search candidate: {'sigma0': 0.7000524993437772, 'sigma1': 0.10001000000000002, 'sigma2': 0.0005000000000000001, 't_step': 5.0}
refined search candidate: {'sigma0': 0.7000524993437772, 'sigma1': 0.10001000000000002, 'sigma2': 0.0005000124995312774, 't_step': 5.0}
refined search candidate: {'sigma0': 0.7000524993437772, 'sigma1': 0.10001000000000002, 'sigma2': 0.0005000249993750314, 't_step': 5.0}
refined search candidate: {'sigma0': 0.7000524993437772, 'sigma1': 0.10001000000000002, 'sigma2': 0.0005000374995312696, 't_step': 5.0}
refined search candidate: {'sigma0': 0.7000524993437772, 'sigma1': 0.10001000000000002, 'sigma2': 0.00050005, 't_step': 5.0}
refined search candidate: {'sigma0': 0.7000699999999999, 'sigma1': 0.10000000000000002, 'sigma2': 0.0005000000000000001, 't_step': 5.0}
refined search candidate: {'sigma0': 0.7000699999999999, 'sigma1': 0.10000000000000002, 'sigma2': 0.0005000124995312774, 't_step': 5.0}
refined search candidate: {'sigma0': 0.7000699999999999, 'sigma1': 0.10000000000000002, 'sigma2': 0.0005000249993750314, 't_step': 5.0}
refined search candidate: {'sigma0': 0.7000699999999999, 'sigma1': 0.10000000000000002, 'sigma2': 0.0005000374995312696, 't_step': 5.0}
refined search candidate: {'sigma0': 0.7000699999999999, 'sigma1': 0.10000000000000002, 'sigma2': 0.00050005, 't_step': 5.0}
refined search candidate: {'sigma0': 0.7000699999999999, 'sigma1': 0.10000249990625548, 'sigma2': 0.0005000000000000001, 't_step': 5.0}
refined search candidate: {'sigma0': 0.7000699999999999, 'sigma1': 0.10000249990625548, 'sigma2': 0.0005000124995312774, 't_step': 5.0}
refined search candidate: {'sigma0': 0.7000699999999999, 'sigma1': 0.10000249990625548, 'sigma2': 0.0005000249993750314, 't_step': 5.0}
refined search candidate: {'sigma0': 0.7000699999999999, 'sigma1': 0.10000249990625548, 'sigma2': 0.0005000374995312696, 't_step': 5.0}
refined search candidate: {'sigma0': 0.7000699999999999, 'sigma1': 0.10000249990625548, 'sigma2': 0.00050005, 't_step': 5.0}
refined search candidate: {'sigma0': 0.7000699999999999, 'sigma1': 0.10000499987500627, 'sigma2': 0.0005000000000000001, 't_step': 5.0}
refined search candidate: {'sigma0': 0.7000699999999999, 'sigma1': 0.10000499987500627, 'sigma2': 0.0005000124995312774, 't_step': 5.0}
refined search candidate: {'sigma0': 0.7000699999999999, 'sigma1': 0.10000499987500627, 'sigma2': 0.0005000249993750314, 't_step': 5.0}
refined search candidate: {'sigma0': 0.7000699999999999, 'sigma1': 0.10000499987500627, 'sigma2': 0.0005000374995312696, 't_step': 5.0}
refined search candidate: {'sigma0': 0.7000699999999999, 'sigma1': 0.10000499987500627, 'sigma2': 0.00050005, 't_step': 5.0}
refined search candidate: {'sigma0': 0.7000699999999999, 'sigma1': 0.10000749990625392, 'sigma2': 0.0005000000000000001, 't_step': 5.0}
refined search candidate: {'sigma0': 0.7000699999999999, 'sigma1': 0.10000749990625392, 'sigma2': 0.0005000124995312774, 't_step': 5.0}
refined search candidate: {'sigma0': 0.7000699999999999, 'sigma1': 0.10000749990625392, 'sigma2': 0.0005000249993750314, 't_step': 5.0}
refined search candidate: {'sigma0': 0.7000699999999999, 'sigma1': 0.10000749990625392, 'sigma2': 0.0005000374995312696, 't_step': 5.0}
refined search candidate: {'sigma0': 0.7000699999999999, 'sigma1': 0.10000749990625392, 'sigma2': 0.00050005, 't_step': 5.0}
refined search candidate: {'sigma0': 0.7000699999999999, 'sigma1': 0.10001000000000002, 'sigma2': 0.0005000000000000001, 't_step': 5.0}
refined search candidate: {'sigma0': 0.7000699999999999, 'sigma1': 0.10001000000000002, 'sigma2': 0.0005000124995312774, 't_step': 5.0}
refined search candidate: {'sigma0': 0.7000699999999999, 'sigma1': 0.10001000000000002, 'sigma2': 0.0005000249993750314, 't_step': 5.0}
refined search candidate: {'sigma0': 0.7000699999999999, 'sigma1': 0.10001000000000002, 'sigma2': 0.0005000374995312696, 't_step': 5.0}
refined search candidate: {'sigma0': 0.7000699999999999, 'sigma1': 0.10001000000000002, 'sigma2': 0.00050005, 't_step': 5.0}
REFINED best params: {'sigma0': 0.7000524993437772, 'sigma1': 0.10000249990625548, 'sigma2': 0.0005000000000000001, 't_step': 5, 'noise_mode': 'three-regime', 'metric': 'cosine', 'layer': 'kell2018-relu4', 'encoder': 'kell2018-relu4', 'stimulus_set': 'Industrial and Nature'}
REFINED mse_per_isi: [9.69973043 7.160323   3.94624125 2.91291617 2.40763954 2.22767412
 1.4949124  0.91363487]
REFINED obj: 3.009048763274069
✔ Saved 1 best models to /om2/user/bjmedina/auditory-memory/memory/fits/fits_v11_three-regime_best
