=======================================
SLURM_ARRAY_TASK_ID = 2
YAML_PATH = /om2/user/bjmedina/auditory-memory/memory/model_yamls/three-regime/resnet50/run_000002.yaml
=======================================
Running config:
  YAML: /om2/user/bjmedina/auditory-memory/memory/model_yamls/three-regime/resnet50/run_000002.yaml
  Encoder: resnet50
  Metric: cosine
  Noise: three-regime
/om2/user/bjmedina/auditory-memory/memory/figures/figures_v11_three-regime_cosine_median_dist/env-sounds/resnet50/cosine/three-regime/ /om2/user/bjmedina/auditory-memory/memory/fits/fits_v11_three-regime_cosine_median_dist_best
Directory already exists: /om2/user/bjmedina/auditory-memory/memory/figures/figures_v11_three-regime_cosine_median_dist/env-sounds/resnet50/cosine/three-regime/
Directory already exists: /om2/user/bjmedina/auditory-memory/memory/fits/fits_v11_three-regime_cosine_median_dist_best
Directory already exists: /om2/user/bjmedina/auditory-memory/memory/fits/fits_v11_three-regime_cosine_median_dist_all
Encoder name: resnet50-layer1
LOADING FROM /om2/user/bjmedina/models/cochdnn/model_directories/resnet50_word_speaker_audioset/
=> loading checkpoint '/om2/user/bjmedina/models/cochdnn/model_checkpoints/audio_rep_training_cochleagram_1/standard_training_word_and_audioset_and_speaker_decay_lr/542752d7-9849-49ff-b84a-6758a81585b4/5_checkpoint.pt'
=> loaded checkpoint '/om2/user/bjmedina/models/cochdnn/model_checkpoints/audio_rep_training_cochleagram_1/standard_training_word_and_audioset_and_speaker_decay_lr/542752d7-9849-49ff-b84a-6758a81585b4/5_checkpoint.pt' (epoch 6)
median distance: 0.16917304425343688
there are 22 candidates
Stage A best sigma0: 0.13069257801288378 mse_isi0: 0.00021554913699363388
(0.11762332021159541, 0.14376183581417218)
trying out {'sigma0': 0.11762332021159538, 'sigma1': 0.0005856300571719017, 'sigma2': 0.00010000000000000009, 't_step': 5.0}
trying out {'sigma0': 0.11762332021159538, 'sigma1': 0.003429625638631649, 'sigma2': 0.00010000000000000009, 't_step': 5.0}
trying out {'sigma0': 0.11762332021159538, 'sigma1': 0.003429625638631649, 'sigma2': 0.0005856300571719017, 't_step': 5.0}
trying out {'sigma0': 0.11762332021159538, 'sigma1': 0.020084918588300724, 'sigma2': 0.00010000000000000009, 't_step': 5.0}
trying out {'sigma0': 0.11762332021159538, 'sigma1': 0.020084918588300724, 'sigma2': 0.0005856300571719017, 't_step': 5.0}
trying out {'sigma0': 0.11762332021159538, 'sigma1': 0.020084918588300724, 'sigma2': 0.003429625638631649, 't_step': 5.0}
trying out {'sigma0': 0.11762332021159538, 'sigma1': 0.11762332021159538, 'sigma2': 0.00010000000000000009, 't_step': 5.0}
trying out {'sigma0': 0.11762332021159538, 'sigma1': 0.11762332021159538, 'sigma2': 0.0005856300571719017, 't_step': 5.0}
trying out {'sigma0': 0.11762332021159538, 'sigma1': 0.11762332021159538, 'sigma2': 0.003429625638631649, 't_step': 5.0}
trying out {'sigma0': 0.11762332021159538, 'sigma1': 0.11762332021159538, 'sigma2': 0.020084918588300724, 't_step': 5.0}
trying out {'sigma0': 0.12367473208019823, 'sigma1': 0.0005856300571719017, 'sigma2': 0.00010000000000000009, 't_step': 5.0}
trying out {'sigma0': 0.12367473208019823, 'sigma1': 0.003429625638631649, 'sigma2': 0.00010000000000000009, 't_step': 5.0}
trying out {'sigma0': 0.12367473208019823, 'sigma1': 0.003429625638631649, 'sigma2': 0.0005856300571719017, 't_step': 5.0}
trying out {'sigma0': 0.12367473208019823, 'sigma1': 0.020084918588300724, 'sigma2': 0.00010000000000000009, 't_step': 5.0}
trying out {'sigma0': 0.12367473208019823, 'sigma1': 0.020084918588300724, 'sigma2': 0.0005856300571719017, 't_step': 5.0}
trying out {'sigma0': 0.12367473208019823, 'sigma1': 0.020084918588300724, 'sigma2': 0.003429625638631649, 't_step': 5.0}
trying out {'sigma0': 0.12367473208019823, 'sigma1': 0.11762332021159538, 'sigma2': 0.00010000000000000009, 't_step': 5.0}
trying out {'sigma0': 0.12367473208019823, 'sigma1': 0.11762332021159538, 'sigma2': 0.0005856300571719017, 't_step': 5.0}
trying out {'sigma0': 0.12367473208019823, 'sigma1': 0.11762332021159538, 'sigma2': 0.003429625638631649, 't_step': 5.0}
trying out {'sigma0': 0.12367473208019823, 'sigma1': 0.11762332021159538, 'sigma2': 0.020084918588300724, 't_step': 5.0}
trying out {'sigma0': 0.13003747324589623, 'sigma1': 0.0005856300571719017, 'sigma2': 0.00010000000000000009, 't_step': 5.0}
trying out {'sigma0': 0.13003747324589623, 'sigma1': 0.003429625638631649, 'sigma2': 0.00010000000000000009, 't_step': 5.0}
trying out {'sigma0': 0.13003747324589623, 'sigma1': 0.003429625638631649, 'sigma2': 0.0005856300571719017, 't_step': 5.0}
trying out {'sigma0': 0.13003747324589623, 'sigma1': 0.020084918588300724, 'sigma2': 0.00010000000000000009, 't_step': 5.0}
trying out {'sigma0': 0.13003747324589623, 'sigma1': 0.020084918588300724, 'sigma2': 0.0005856300571719017, 't_step': 5.0}
trying out {'sigma0': 0.13003747324589623, 'sigma1': 0.020084918588300724, 'sigma2': 0.003429625638631649, 't_step': 5.0}
trying out {'sigma0': 0.13003747324589623, 'sigma1': 0.11762332021159538, 'sigma2': 0.00010000000000000009, 't_step': 5.0}
trying out {'sigma0': 0.13003747324589623, 'sigma1': 0.11762332021159538, 'sigma2': 0.0005856300571719017, 't_step': 5.0}
trying out {'sigma0': 0.13003747324589623, 'sigma1': 0.11762332021159538, 'sigma2': 0.003429625638631649, 't_step': 5.0}
trying out {'sigma0': 0.13003747324589623, 'sigma1': 0.11762332021159538, 'sigma2': 0.020084918588300724, 't_step': 5.0}
trying out {'sigma0': 0.13672756078591594, 'sigma1': 0.0005856300571719017, 'sigma2': 0.00010000000000000009, 't_step': 5.0}
trying out {'sigma0': 0.13672756078591594, 'sigma1': 0.003429625638631649, 'sigma2': 0.00010000000000000009, 't_step': 5.0}
trying out {'sigma0': 0.13672756078591594, 'sigma1': 0.003429625638631649, 'sigma2': 0.0005856300571719017, 't_step': 5.0}
trying out {'sigma0': 0.13672756078591594, 'sigma1': 0.020084918588300724, 'sigma2': 0.00010000000000000009, 't_step': 5.0}
trying out {'sigma0': 0.13672756078591594, 'sigma1': 0.020084918588300724, 'sigma2': 0.0005856300571719017, 't_step': 5.0}
trying out {'sigma0': 0.13672756078591594, 'sigma1': 0.020084918588300724, 'sigma2': 0.003429625638631649, 't_step': 5.0}
trying out {'sigma0': 0.13672756078591594, 'sigma1': 0.11762332021159538, 'sigma2': 0.00010000000000000009, 't_step': 5.0}
trying out {'sigma0': 0.13672756078591594, 'sigma1': 0.11762332021159538, 'sigma2': 0.0005856300571719017, 't_step': 5.0}
trying out {'sigma0': 0.13672756078591594, 'sigma1': 0.11762332021159538, 'sigma2': 0.003429625638631649, 't_step': 5.0}
trying out {'sigma0': 0.13672756078591594, 'sigma1': 0.11762332021159538, 'sigma2': 0.020084918588300724, 't_step': 5.0}
trying out {'sigma0': 0.14376183581417215, 'sigma1': 0.0005856300571719017, 'sigma2': 0.00010000000000000009, 't_step': 5.0}
trying out {'sigma0': 0.14376183581417215, 'sigma1': 0.003429625638631649, 'sigma2': 0.00010000000000000009, 't_step': 5.0}
trying out {'sigma0': 0.14376183581417215, 'sigma1': 0.003429625638631649, 'sigma2': 0.0005856300571719017, 't_step': 5.0}
trying out {'sigma0': 0.14376183581417215, 'sigma1': 0.020084918588300724, 'sigma2': 0.00010000000000000009, 't_step': 5.0}
trying out {'sigma0': 0.14376183581417215, 'sigma1': 0.020084918588300724, 'sigma2': 0.0005856300571719017, 't_step': 5.0}
trying out {'sigma0': 0.14376183581417215, 'sigma1': 0.020084918588300724, 'sigma2': 0.003429625638631649, 't_step': 5.0}
trying out {'sigma0': 0.14376183581417215, 'sigma1': 0.11762332021159538, 'sigma2': 0.00010000000000000009, 't_step': 5.0}
trying out {'sigma0': 0.14376183581417215, 'sigma1': 0.11762332021159538, 'sigma2': 0.0005856300571719017, 't_step': 5.0}
trying out {'sigma0': 0.14376183581417215, 'sigma1': 0.11762332021159538, 'sigma2': 0.003429625638631649, 't_step': 5.0}
trying out {'sigma0': 0.14376183581417215, 'sigma1': 0.11762332021159538, 'sigma2': 0.020084918588300724, 't_step': 5.0}
Stage B best params: {'sigma0': 0.14376183581417215, 'sigma1': 0.020084918588300724, 'sigma2': 0.0005856300571719017, 't_step': 5.0, 'noise_mode': 'three-regime', 'metric': 'cosine', 'layer': 'resnet50-layer1', 'encoder': 'resnet50-layer1', 'stimulus_set': 'Industrial and Nature'}
Stage B mse_per_isi: [0.64651962 0.13030131 0.00133014 0.01828083 0.15771586 0.12829206
 0.16217469 0.57977079]
Stage B obj (ISI>=1 mean): 0.168266524805458
refined search candidate: {'sigma0': 0.5075191327603106, 'sigma1': 0.018076426729470657, 'sigma2': 0.0005270670514547118, 't_step': 5.0}
refined search candidate: {'sigma0': 0.5075191327603106, 'sigma1': 0.018076426729470657, 'sigma2': 0.0005826945496780739, 't_step': 5.0}
refined search candidate: {'sigma0': 0.5075191327603106, 'sigma1': 0.018076426729470657, 'sigma2': 0.0006441930628890919, 't_step': 5.0}
refined search candidate: {'sigma0': 0.5075191327603106, 'sigma1': 0.01998424167066845, 'sigma2': 0.0005270670514547118, 't_step': 5.0}
refined search candidate: {'sigma0': 0.5075191327603106, 'sigma1': 0.01998424167066845, 'sigma2': 0.0005826945496780739, 't_step': 5.0}
refined search candidate: {'sigma0': 0.5075191327603106, 'sigma1': 0.01998424167066845, 'sigma2': 0.0006441930628890919, 't_step': 5.0}
refined search candidate: {'sigma0': 0.5075191327603106, 'sigma1': 0.022093410447130802, 'sigma2': 0.0005270670514547118, 't_step': 5.0}
refined search candidate: {'sigma0': 0.5075191327603106, 'sigma1': 0.022093410447130802, 'sigma2': 0.0005826945496780739, 't_step': 5.0}
refined search candidate: {'sigma0': 0.5075191327603106, 'sigma1': 0.022093410447130802, 'sigma2': 0.0006441930628890919, 't_step': 5.0}
refined search candidate: {'sigma0': 0.5075445080825814, 'sigma1': 0.018076426729470657, 'sigma2': 0.0005270670514547118, 't_step': 5.0}
refined search candidate: {'sigma0': 0.5075445080825814, 'sigma1': 0.018076426729470657, 'sigma2': 0.0005826945496780739, 't_step': 5.0}
refined search candidate: {'sigma0': 0.5075445080825814, 'sigma1': 0.018076426729470657, 'sigma2': 0.0006441930628890919, 't_step': 5.0}
refined search candidate: {'sigma0': 0.5075445080825814, 'sigma1': 0.01998424167066845, 'sigma2': 0.0005270670514547118, 't_step': 5.0}
refined search candidate: {'sigma0': 0.5075445080825814, 'sigma1': 0.01998424167066845, 'sigma2': 0.0005826945496780739, 't_step': 5.0}
refined search candidate: {'sigma0': 0.5075445080825814, 'sigma1': 0.01998424167066845, 'sigma2': 0.0006441930628890919, 't_step': 5.0}
refined search candidate: {'sigma0': 0.5075445080825814, 'sigma1': 0.022093410447130802, 'sigma2': 0.0005270670514547118, 't_step': 5.0}
refined search candidate: {'sigma0': 0.5075445080825814, 'sigma1': 0.022093410447130802, 'sigma2': 0.0005826945496780739, 't_step': 5.0}
refined search candidate: {'sigma0': 0.5075445080825814, 'sigma1': 0.022093410447130802, 'sigma2': 0.0006441930628890919, 't_step': 5.0}
refined search candidate: {'sigma0': 0.5075698846735865, 'sigma1': 0.018076426729470657, 'sigma2': 0.0005270670514547118, 't_step': 5.0}
refined search candidate: {'sigma0': 0.5075698846735865, 'sigma1': 0.018076426729470657, 'sigma2': 0.0005826945496780739, 't_step': 5.0}
refined search candidate: {'sigma0': 0.5075698846735865, 'sigma1': 0.018076426729470657, 'sigma2': 0.0006441930628890919, 't_step': 5.0}
refined search candidate: {'sigma0': 0.5075698846735865, 'sigma1': 0.01998424167066845, 'sigma2': 0.0005270670514547118, 't_step': 5.0}
refined search candidate: {'sigma0': 0.5075698846735865, 'sigma1': 0.01998424167066845, 'sigma2': 0.0005826945496780739, 't_step': 5.0}
refined search candidate: {'sigma0': 0.5075698846735865, 'sigma1': 0.01998424167066845, 'sigma2': 0.0006441930628890919, 't_step': 5.0}
refined search candidate: {'sigma0': 0.5075698846735865, 'sigma1': 0.022093410447130802, 'sigma2': 0.0005270670514547118, 't_step': 5.0}
refined search candidate: {'sigma0': 0.5075698846735865, 'sigma1': 0.022093410447130802, 'sigma2': 0.0005826945496780739, 't_step': 5.0}
refined search candidate: {'sigma0': 0.5075698846735865, 'sigma1': 0.022093410447130802, 'sigma2': 0.0006441930628890919, 't_step': 5.0}
REFINED best params: {'sigma0': 0.5075698846735865, 'sigma1': 0.01998424167066845, 'sigma2': 0.0005270670514547118, 't_step': 5, 'noise_mode': 'three-regime', 'metric': 'cosine', 'layer': 'resnet50-layer1', 'encoder': 'resnet50-layer1', 'stimulus_set': 'Industrial and Nature'}
REFINED mse_per_isi: [7.72633322 3.85699164 2.6643473  1.50118697 1.18896571 0.87898594
 0.82588797 0.43534676]
REFINED obj: 1.6216731824766115
✔ Saved 1 best models to /om2/user/bjmedina/auditory-memory/memory/fits/fits_v11_three-regime_cosine_median_dist_all
