=======================================
SLURM_ARRAY_TASK_ID = 12
YAML_PATH = /om2/user/bjmedina/auditory-memory/memory/model_yamls/three-regime/resnet50/run_000012.yaml
=======================================
Running config:
  YAML: /om2/user/bjmedina/auditory-memory/memory/model_yamls/three-regime/resnet50/run_000012.yaml
  Encoder: resnet50
  Metric: cosine
  Noise: three-regime
/om2/user/bjmedina/auditory-memory/memory/figures/figures_v11_three-regime_cosine_median_dist/glob-music/resnet50/cosine/three-regime/ /om2/user/bjmedina/auditory-memory/memory/fits/fits_v11_three-regime_cosine_median_dist_best
Directory already exists: /om2/user/bjmedina/auditory-memory/memory/figures/figures_v11_three-regime_cosine_median_dist/glob-music/resnet50/cosine/three-regime/
Directory already exists: /om2/user/bjmedina/auditory-memory/memory/fits/fits_v11_three-regime_cosine_median_dist_best
Directory already exists: /om2/user/bjmedina/auditory-memory/memory/fits/fits_v11_three-regime_cosine_median_dist_all
Encoder name: resnet50-layer4
LOADING FROM /om2/user/bjmedina/models/cochdnn/model_directories/resnet50_word_speaker_audioset/
=> loading checkpoint '/om2/user/bjmedina/models/cochdnn/model_checkpoints/audio_rep_training_cochleagram_1/standard_training_word_and_audioset_and_speaker_decay_lr/542752d7-9849-49ff-b84a-6758a81585b4/5_checkpoint.pt'
=> loaded checkpoint '/om2/user/bjmedina/models/cochdnn/model_checkpoints/audio_rep_training_cochleagram_1/standard_training_word_and_audioset_and_speaker_decay_lr/542752d7-9849-49ff-b84a-6758a81585b4/5_checkpoint.pt' (epoch 6)
median distance: 0.3491248753307912
there are 22 candidates
Stage A best sigma0: 0.4950840582578103 mse_isi0: 0.003422503810284806
(0.4455756524320293, 0.5445924640835914)
trying out {'sigma0': 0.4455756524320293, 'sigma1': 0.0008170156262267772, 'sigma2': 0.00010000000000000009, 't_step': 5.0}
trying out {'sigma0': 0.4455756524320293, 'sigma1': 0.006675145334987322, 'sigma2': 0.00010000000000000009, 't_step': 5.0}
trying out {'sigma0': 0.4455756524320293, 'sigma1': 0.006675145334987322, 'sigma2': 0.0008170156262267772, 't_step': 5.0}
trying out {'sigma0': 0.4455756524320293, 'sigma1': 0.05453698046019412, 'sigma2': 0.00010000000000000009, 't_step': 5.0}
trying out {'sigma0': 0.4455756524320293, 'sigma1': 0.05453698046019412, 'sigma2': 0.0008170156262267772, 't_step': 5.0}
trying out {'sigma0': 0.4455756524320293, 'sigma1': 0.05453698046019412, 'sigma2': 0.006675145334987322, 't_step': 5.0}
trying out {'sigma0': 0.4455756524320293, 'sigma1': 0.4455756524320293, 'sigma2': 0.00010000000000000009, 't_step': 5.0}
trying out {'sigma0': 0.4455756524320293, 'sigma1': 0.4455756524320293, 'sigma2': 0.0008170156262267772, 't_step': 5.0}
trying out {'sigma0': 0.4455756524320293, 'sigma1': 0.4455756524320293, 'sigma2': 0.006675145334987322, 't_step': 5.0}
trying out {'sigma0': 0.4455756524320293, 'sigma1': 0.4455756524320293, 'sigma2': 0.05453698046019412, 't_step': 5.0}
trying out {'sigma0': 0.4684993531627781, 'sigma1': 0.0008170156262267772, 'sigma2': 0.00010000000000000009, 't_step': 5.0}
trying out {'sigma0': 0.4684993531627781, 'sigma1': 0.006675145334987322, 'sigma2': 0.00010000000000000009, 't_step': 5.0}
trying out {'sigma0': 0.4684993531627781, 'sigma1': 0.006675145334987322, 'sigma2': 0.0008170156262267772, 't_step': 5.0}
trying out {'sigma0': 0.4684993531627781, 'sigma1': 0.05453698046019412, 'sigma2': 0.00010000000000000009, 't_step': 5.0}
trying out {'sigma0': 0.4684993531627781, 'sigma1': 0.05453698046019412, 'sigma2': 0.0008170156262267772, 't_step': 5.0}
trying out {'sigma0': 0.4684993531627781, 'sigma1': 0.05453698046019412, 'sigma2': 0.006675145334987322, 't_step': 5.0}
trying out {'sigma0': 0.4684993531627781, 'sigma1': 0.4455756524320293, 'sigma2': 0.00010000000000000009, 't_step': 5.0}
trying out {'sigma0': 0.4684993531627781, 'sigma1': 0.4455756524320293, 'sigma2': 0.0008170156262267772, 't_step': 5.0}
trying out {'sigma0': 0.4684993531627781, 'sigma1': 0.4455756524320293, 'sigma2': 0.006675145334987322, 't_step': 5.0}
trying out {'sigma0': 0.4684993531627781, 'sigma1': 0.4455756524320293, 'sigma2': 0.05453698046019412, 't_step': 5.0}
trying out {'sigma0': 0.49260241827828327, 'sigma1': 0.0008170156262267772, 'sigma2': 0.00010000000000000009, 't_step': 5.0}
trying out {'sigma0': 0.49260241827828327, 'sigma1': 0.006675145334987322, 'sigma2': 0.00010000000000000009, 't_step': 5.0}
trying out {'sigma0': 0.49260241827828327, 'sigma1': 0.006675145334987322, 'sigma2': 0.0008170156262267772, 't_step': 5.0}
trying out {'sigma0': 0.49260241827828327, 'sigma1': 0.05453698046019412, 'sigma2': 0.00010000000000000009, 't_step': 5.0}
trying out {'sigma0': 0.49260241827828327, 'sigma1': 0.05453698046019412, 'sigma2': 0.0008170156262267772, 't_step': 5.0}
trying out {'sigma0': 0.49260241827828327, 'sigma1': 0.05453698046019412, 'sigma2': 0.006675145334987322, 't_step': 5.0}
trying out {'sigma0': 0.49260241827828327, 'sigma1': 0.4455756524320293, 'sigma2': 0.00010000000000000009, 't_step': 5.0}
trying out {'sigma0': 0.49260241827828327, 'sigma1': 0.4455756524320293, 'sigma2': 0.0008170156262267772, 't_step': 5.0}
trying out {'sigma0': 0.49260241827828327, 'sigma1': 0.4455756524320293, 'sigma2': 0.006675145334987322, 't_step': 5.0}
trying out {'sigma0': 0.49260241827828327, 'sigma1': 0.4455756524320293, 'sigma2': 0.05453698046019412, 't_step': 5.0}
trying out {'sigma0': 0.5179455229883798, 'sigma1': 0.0008170156262267772, 'sigma2': 0.00010000000000000009, 't_step': 5.0}
trying out {'sigma0': 0.5179455229883798, 'sigma1': 0.006675145334987322, 'sigma2': 0.00010000000000000009, 't_step': 5.0}
trying out {'sigma0': 0.5179455229883798, 'sigma1': 0.006675145334987322, 'sigma2': 0.0008170156262267772, 't_step': 5.0}
trying out {'sigma0': 0.5179455229883798, 'sigma1': 0.05453698046019412, 'sigma2': 0.00010000000000000009, 't_step': 5.0}
trying out {'sigma0': 0.5179455229883798, 'sigma1': 0.05453698046019412, 'sigma2': 0.0008170156262267772, 't_step': 5.0}
trying out {'sigma0': 0.5179455229883798, 'sigma1': 0.05453698046019412, 'sigma2': 0.006675145334987322, 't_step': 5.0}
trying out {'sigma0': 0.5179455229883798, 'sigma1': 0.4455756524320293, 'sigma2': 0.00010000000000000009, 't_step': 5.0}
trying out {'sigma0': 0.5179455229883798, 'sigma1': 0.4455756524320293, 'sigma2': 0.0008170156262267772, 't_step': 5.0}
trying out {'sigma0': 0.5179455229883798, 'sigma1': 0.4455756524320293, 'sigma2': 0.006675145334987322, 't_step': 5.0}
trying out {'sigma0': 0.5179455229883798, 'sigma1': 0.4455756524320293, 'sigma2': 0.05453698046019412, 't_step': 5.0}
trying out {'sigma0': 0.5445924640835914, 'sigma1': 0.0008170156262267772, 'sigma2': 0.00010000000000000009, 't_step': 5.0}
trying out {'sigma0': 0.5445924640835914, 'sigma1': 0.006675145334987322, 'sigma2': 0.00010000000000000009, 't_step': 5.0}
trying out {'sigma0': 0.5445924640835914, 'sigma1': 0.006675145334987322, 'sigma2': 0.0008170156262267772, 't_step': 5.0}
trying out {'sigma0': 0.5445924640835914, 'sigma1': 0.05453698046019412, 'sigma2': 0.00010000000000000009, 't_step': 5.0}
trying out {'sigma0': 0.5445924640835914, 'sigma1': 0.05453698046019412, 'sigma2': 0.0008170156262267772, 't_step': 5.0}
trying out {'sigma0': 0.5445924640835914, 'sigma1': 0.05453698046019412, 'sigma2': 0.006675145334987322, 't_step': 5.0}
trying out {'sigma0': 0.5445924640835914, 'sigma1': 0.4455756524320293, 'sigma2': 0.00010000000000000009, 't_step': 5.0}
trying out {'sigma0': 0.5445924640835914, 'sigma1': 0.4455756524320293, 'sigma2': 0.0008170156262267772, 't_step': 5.0}
trying out {'sigma0': 0.5445924640835914, 'sigma1': 0.4455756524320293, 'sigma2': 0.006675145334987322, 't_step': 5.0}
trying out {'sigma0': 0.5445924640835914, 'sigma1': 0.4455756524320293, 'sigma2': 0.05453698046019412, 't_step': 5.0}
Stage B best params: {'sigma0': 0.5445924640835914, 'sigma1': 0.4455756524320293, 'sigma2': 0.00010000000000000009, 't_step': 5.0, 'noise_mode': 'three-regime', 'metric': 'cosine', 'layer': 'resnet50-layer4', 'encoder': 'resnet50-layer4', 'stimulus_set': 'Globalized Music'}
Stage B mse_per_isi: [6.06861753e-01 1.22862284e-01 3.78302429e-05 1.48626024e-01
 1.25980272e-01 1.19636329e-01 6.71565305e-02 1.90566331e-04]
Stage B obj (ISI>=1 mean): 0.08349854823021194
refined search candidate: {'sigma0': 1.0473746259923735, 'sigma1': 0.40101808718882637, 'sigma2': 0.0001745624376653955, 't_step': 5.0}
refined search candidate: {'sigma0': 1.0473746259923735, 'sigma1': 0.40101808718882637, 'sigma2': 0.00017457116556908662, 't_step': 5.0}
refined search candidate: {'sigma0': 1.0473746259923735, 'sigma1': 0.40101808718882637, 'sigma2': 0.00017457989390916203, 't_step': 5.0}
refined search candidate: {'sigma0': 1.0473746259923735, 'sigma1': 0.40103813759193824, 'sigma2': 0.0001745624376653955, 't_step': 5.0}
refined search candidate: {'sigma0': 1.0473746259923735, 'sigma1': 0.40103813759193824, 'sigma2': 0.00017457116556908662, 't_step': 5.0}
refined search candidate: {'sigma0': 1.0473746259923735, 'sigma1': 0.40103813759193824, 'sigma2': 0.00017457989390916203, 't_step': 5.0}
refined search candidate: {'sigma0': 1.0473746259923735, 'sigma1': 0.40105818899754525, 'sigma2': 0.0001745624376653955, 't_step': 5.0}
refined search candidate: {'sigma0': 1.0473746259923735, 'sigma1': 0.40105818899754525, 'sigma2': 0.00017457116556908662, 't_step': 5.0}
refined search candidate: {'sigma0': 1.0473746259923735, 'sigma1': 0.40105818899754525, 'sigma2': 0.00017457989390916203, 't_step': 5.0}
refined search candidate: {'sigma0': 1.0474269934145204, 'sigma1': 0.40101808718882637, 'sigma2': 0.0001745624376653955, 't_step': 5.0}
refined search candidate: {'sigma0': 1.0474269934145204, 'sigma1': 0.40101808718882637, 'sigma2': 0.00017457116556908662, 't_step': 5.0}
refined search candidate: {'sigma0': 1.0474269934145204, 'sigma1': 0.40101808718882637, 'sigma2': 0.00017457989390916203, 't_step': 5.0}
refined search candidate: {'sigma0': 1.0474269934145204, 'sigma1': 0.40103813759193824, 'sigma2': 0.0001745624376653955, 't_step': 5.0}
refined search candidate: {'sigma0': 1.0474269934145204, 'sigma1': 0.40103813759193824, 'sigma2': 0.00017457116556908662, 't_step': 5.0}
refined search candidate: {'sigma0': 1.0474269934145204, 'sigma1': 0.40103813759193824, 'sigma2': 0.00017457989390916203, 't_step': 5.0}
refined search candidate: {'sigma0': 1.0474269934145204, 'sigma1': 0.40105818899754525, 'sigma2': 0.0001745624376653955, 't_step': 5.0}
refined search candidate: {'sigma0': 1.0474269934145204, 'sigma1': 0.40105818899754525, 'sigma2': 0.00017457116556908662, 't_step': 5.0}
refined search candidate: {'sigma0': 1.0474269934145204, 'sigma1': 0.40105818899754525, 'sigma2': 0.00017457989390916203, 't_step': 5.0}
refined search candidate: {'sigma0': 1.0474793634549728, 'sigma1': 0.40101808718882637, 'sigma2': 0.0001745624376653955, 't_step': 5.0}
refined search candidate: {'sigma0': 1.0474793634549728, 'sigma1': 0.40101808718882637, 'sigma2': 0.00017457116556908662, 't_step': 5.0}
refined search candidate: {'sigma0': 1.0474793634549728, 'sigma1': 0.40101808718882637, 'sigma2': 0.00017457989390916203, 't_step': 5.0}
refined search candidate: {'sigma0': 1.0474793634549728, 'sigma1': 0.40103813759193824, 'sigma2': 0.0001745624376653955, 't_step': 5.0}
refined search candidate: {'sigma0': 1.0474793634549728, 'sigma1': 0.40103813759193824, 'sigma2': 0.00017457116556908662, 't_step': 5.0}
refined search candidate: {'sigma0': 1.0474793634549728, 'sigma1': 0.40103813759193824, 'sigma2': 0.00017457989390916203, 't_step': 5.0}
refined search candidate: {'sigma0': 1.0474793634549728, 'sigma1': 0.40105818899754525, 'sigma2': 0.0001745624376653955, 't_step': 5.0}
refined search candidate: {'sigma0': 1.0474793634549728, 'sigma1': 0.40105818899754525, 'sigma2': 0.00017457116556908662, 't_step': 5.0}
refined search candidate: {'sigma0': 1.0474793634549728, 'sigma1': 0.40105818899754525, 'sigma2': 0.00017457989390916203, 't_step': 5.0}
REFINED best params: {'sigma0': 1.0474269934145204, 'sigma1': 0.40103813759193824, 'sigma2': 0.00017457116556908662, 't_step': 5, 'noise_mode': 'three-regime', 'metric': 'cosine', 'layer': 'resnet50-layer4', 'encoder': 'resnet50-layer4', 'stimulus_set': 'Globalized Music'}
REFINED mse_per_isi: [0.24927187 0.00811687 0.13612237 0.23636774 0.21783877 0.24453569
 0.20920954 0.50135298]
REFINED obj: 0.22193484953718792
✔ Saved 1 best models to /om2/user/bjmedina/auditory-memory/memory/fits/fits_v11_three-regime_cosine_median_dist_all
