=======================================
SLURM_ARRAY_TASK_ID = 18
YAML_PATH = /om2/user/bjmedina/auditory-memory/memory/model_yamls/three-regime/resnet50/run_000018.yaml
=======================================
Running config:
  YAML: /om2/user/bjmedina/auditory-memory/memory/model_yamls/three-regime/resnet50/run_000018.yaml
  Encoder: resnet50
  Metric: cosine
  Noise: three-regime
/om2/user/bjmedina/auditory-memory/memory/figures/figures_v11_three-regime_cosine_median_dist/atexts/resnet50/cosine/three-regime/ /om2/user/bjmedina/auditory-memory/memory/fits/fits_v11_three-regime_cosine_median_dist_best
Directory already exists: /om2/user/bjmedina/auditory-memory/memory/figures/figures_v11_three-regime_cosine_median_dist/atexts/resnet50/cosine/three-regime/
Directory already exists: /om2/user/bjmedina/auditory-memory/memory/fits/fits_v11_three-regime_cosine_median_dist_best
Directory already exists: /om2/user/bjmedina/auditory-memory/memory/fits/fits_v11_three-regime_cosine_median_dist_all
Encoder name: resnet50-layer3
LOADING FROM /om2/user/bjmedina/models/cochdnn/model_directories/resnet50_word_speaker_audioset/
=> loading checkpoint '/om2/user/bjmedina/models/cochdnn/model_checkpoints/audio_rep_training_cochleagram_1/standard_training_word_and_audioset_and_speaker_decay_lr/542752d7-9849-49ff-b84a-6758a81585b4/5_checkpoint.pt'
=> loaded checkpoint '/om2/user/bjmedina/models/cochdnn/model_checkpoints/audio_rep_training_cochleagram_1/standard_training_word_and_audioset_and_speaker_decay_lr/542752d7-9849-49ff-b84a-6758a81585b4/5_checkpoint.pt' (epoch 6)
median distance: 0.22156999815525186
there are 22 candidates
Stage A best sigma0: 0.26714974492665533 mse_isi0: 0.001656343435288814
(0.2404347704339898, 0.2938647194193209)
trying out {'sigma0': 0.24043477043398984, 'sigma1': 0.000700243874298713, 'sigma2': 0.00010000000000000009, 't_step': 5.0}
trying out {'sigma0': 0.24043477043398984, 'sigma1': 0.004903414834928713, 'sigma2': 0.00010000000000000009, 't_step': 5.0}
trying out {'sigma0': 0.24043477043398984, 'sigma1': 0.004903414834928713, 'sigma2': 0.000700243874298713, 't_step': 5.0}
trying out {'sigma0': 0.24043477043398984, 'sigma1': 0.03433586201304266, 'sigma2': 0.00010000000000000009, 't_step': 5.0}
trying out {'sigma0': 0.24043477043398984, 'sigma1': 0.03433586201304266, 'sigma2': 0.000700243874298713, 't_step': 5.0}
trying out {'sigma0': 0.24043477043398984, 'sigma1': 0.03433586201304266, 'sigma2': 0.004903414834928713, 't_step': 5.0}
trying out {'sigma0': 0.24043477043398984, 'sigma1': 0.24043477043398984, 'sigma2': 0.00010000000000000009, 't_step': 5.0}
trying out {'sigma0': 0.24043477043398984, 'sigma1': 0.24043477043398984, 'sigma2': 0.000700243874298713, 't_step': 5.0}
trying out {'sigma0': 0.24043477043398984, 'sigma1': 0.24043477043398984, 'sigma2': 0.004903414834928713, 't_step': 5.0}
trying out {'sigma0': 0.24043477043398984, 'sigma1': 0.24043477043398984, 'sigma2': 0.03433586201304266, 't_step': 5.0}
trying out {'sigma0': 0.25280450987691383, 'sigma1': 0.000700243874298713, 'sigma2': 0.00010000000000000009, 't_step': 5.0}
trying out {'sigma0': 0.25280450987691383, 'sigma1': 0.004903414834928713, 'sigma2': 0.00010000000000000009, 't_step': 5.0}
trying out {'sigma0': 0.25280450987691383, 'sigma1': 0.004903414834928713, 'sigma2': 0.000700243874298713, 't_step': 5.0}
trying out {'sigma0': 0.25280450987691383, 'sigma1': 0.03433586201304266, 'sigma2': 0.00010000000000000009, 't_step': 5.0}
trying out {'sigma0': 0.25280450987691383, 'sigma1': 0.03433586201304266, 'sigma2': 0.000700243874298713, 't_step': 5.0}
trying out {'sigma0': 0.25280450987691383, 'sigma1': 0.03433586201304266, 'sigma2': 0.004903414834928713, 't_step': 5.0}
trying out {'sigma0': 0.25280450987691383, 'sigma1': 0.24043477043398984, 'sigma2': 0.00010000000000000009, 't_step': 5.0}
trying out {'sigma0': 0.25280450987691383, 'sigma1': 0.24043477043398984, 'sigma2': 0.000700243874298713, 't_step': 5.0}
trying out {'sigma0': 0.25280450987691383, 'sigma1': 0.24043477043398984, 'sigma2': 0.004903414834928713, 't_step': 5.0}
trying out {'sigma0': 0.25280450987691383, 'sigma1': 0.24043477043398984, 'sigma2': 0.03433586201304266, 't_step': 5.0}
trying out {'sigma0': 0.26581064002826005, 'sigma1': 0.000700243874298713, 'sigma2': 0.00010000000000000009, 't_step': 5.0}
trying out {'sigma0': 0.26581064002826005, 'sigma1': 0.004903414834928713, 'sigma2': 0.00010000000000000009, 't_step': 5.0}
trying out {'sigma0': 0.26581064002826005, 'sigma1': 0.004903414834928713, 'sigma2': 0.000700243874298713, 't_step': 5.0}
trying out {'sigma0': 0.26581064002826005, 'sigma1': 0.03433586201304266, 'sigma2': 0.00010000000000000009, 't_step': 5.0}
trying out {'sigma0': 0.26581064002826005, 'sigma1': 0.03433586201304266, 'sigma2': 0.000700243874298713, 't_step': 5.0}
trying out {'sigma0': 0.26581064002826005, 'sigma1': 0.03433586201304266, 'sigma2': 0.004903414834928713, 't_step': 5.0}
trying out {'sigma0': 0.26581064002826005, 'sigma1': 0.24043477043398984, 'sigma2': 0.00010000000000000009, 't_step': 5.0}
trying out {'sigma0': 0.26581064002826005, 'sigma1': 0.24043477043398984, 'sigma2': 0.000700243874298713, 't_step': 5.0}
trying out {'sigma0': 0.26581064002826005, 'sigma1': 0.24043477043398984, 'sigma2': 0.004903414834928713, 't_step': 5.0}
trying out {'sigma0': 0.26581064002826005, 'sigma1': 0.24043477043398984, 'sigma2': 0.03433586201304266, 't_step': 5.0}
trying out {'sigma0': 0.27948590152380626, 'sigma1': 0.000700243874298713, 'sigma2': 0.00010000000000000009, 't_step': 5.0}
trying out {'sigma0': 0.27948590152380626, 'sigma1': 0.004903414834928713, 'sigma2': 0.00010000000000000009, 't_step': 5.0}
trying out {'sigma0': 0.27948590152380626, 'sigma1': 0.004903414834928713, 'sigma2': 0.000700243874298713, 't_step': 5.0}
trying out {'sigma0': 0.27948590152380626, 'sigma1': 0.03433586201304266, 'sigma2': 0.00010000000000000009, 't_step': 5.0}
trying out {'sigma0': 0.27948590152380626, 'sigma1': 0.03433586201304266, 'sigma2': 0.000700243874298713, 't_step': 5.0}
trying out {'sigma0': 0.27948590152380626, 'sigma1': 0.03433586201304266, 'sigma2': 0.004903414834928713, 't_step': 5.0}
trying out {'sigma0': 0.27948590152380626, 'sigma1': 0.24043477043398984, 'sigma2': 0.00010000000000000009, 't_step': 5.0}
trying out {'sigma0': 0.27948590152380626, 'sigma1': 0.24043477043398984, 'sigma2': 0.000700243874298713, 't_step': 5.0}
trying out {'sigma0': 0.27948590152380626, 'sigma1': 0.24043477043398984, 'sigma2': 0.004903414834928713, 't_step': 5.0}
trying out {'sigma0': 0.27948590152380626, 'sigma1': 0.24043477043398984, 'sigma2': 0.03433586201304266, 't_step': 5.0}
trying out {'sigma0': 0.2938647194193209, 'sigma1': 0.000700243874298713, 'sigma2': 0.00010000000000000009, 't_step': 5.0}
trying out {'sigma0': 0.2938647194193209, 'sigma1': 0.004903414834928713, 'sigma2': 0.00010000000000000009, 't_step': 5.0}
trying out {'sigma0': 0.2938647194193209, 'sigma1': 0.004903414834928713, 'sigma2': 0.000700243874298713, 't_step': 5.0}
trying out {'sigma0': 0.2938647194193209, 'sigma1': 0.03433586201304266, 'sigma2': 0.00010000000000000009, 't_step': 5.0}
trying out {'sigma0': 0.2938647194193209, 'sigma1': 0.03433586201304266, 'sigma2': 0.000700243874298713, 't_step': 5.0}
trying out {'sigma0': 0.2938647194193209, 'sigma1': 0.03433586201304266, 'sigma2': 0.004903414834928713, 't_step': 5.0}
trying out {'sigma0': 0.2938647194193209, 'sigma1': 0.24043477043398984, 'sigma2': 0.00010000000000000009, 't_step': 5.0}
trying out {'sigma0': 0.2938647194193209, 'sigma1': 0.24043477043398984, 'sigma2': 0.000700243874298713, 't_step': 5.0}
trying out {'sigma0': 0.2938647194193209, 'sigma1': 0.24043477043398984, 'sigma2': 0.004903414834928713, 't_step': 5.0}
trying out {'sigma0': 0.2938647194193209, 'sigma1': 0.24043477043398984, 'sigma2': 0.03433586201304266, 't_step': 5.0}
Stage B best params: {'sigma0': 0.2938647194193209, 'sigma1': 0.03433586201304266, 'sigma2': 0.004903414834928713, 't_step': 5.0, 'noise_mode': 'three-regime', 'metric': 'cosine', 'layer': 'resnet50-layer3', 'encoder': 'resnet50-layer3', 'stimulus_set': 'Auditory Textures'}
Stage B mse_per_isi: [0.24291938 0.05025319 0.15447693 0.04024228 0.18387295 0.33210579
 0.15201802 0.27938003]
Stage B obj (ISI>=1 mean): 0.17033559835218362
refined search candidate: {'sigma0': 0.6647099944657555, 'sigma1': 0.030902275811738395, 'sigma2': 0.004413073351435844, 't_step': 5.0}
refined search candidate: {'sigma0': 0.6647099944657555, 'sigma1': 0.030902275811738395, 'sigma2': 0.004878836159676301, 't_step': 5.0}
refined search candidate: {'sigma0': 0.6647099944657555, 'sigma1': 0.030902275811738395, 'sigma2': 0.005393756318421584, 't_step': 5.0}
refined search candidate: {'sigma0': 0.6647099944657555, 'sigma1': 0.03416375134520387, 'sigma2': 0.004413073351435844, 't_step': 5.0}
refined search candidate: {'sigma0': 0.6647099944657555, 'sigma1': 0.03416375134520387, 'sigma2': 0.004878836159676301, 't_step': 5.0}
refined search candidate: {'sigma0': 0.6647099944657555, 'sigma1': 0.03416375134520387, 'sigma2': 0.005393756318421584, 't_step': 5.0}
refined search candidate: {'sigma0': 0.6647099944657555, 'sigma1': 0.037769448214346926, 'sigma2': 0.004413073351435844, 't_step': 5.0}
refined search candidate: {'sigma0': 0.6647099944657555, 'sigma1': 0.037769448214346926, 'sigma2': 0.004878836159676301, 't_step': 5.0}
refined search candidate: {'sigma0': 0.6647099944657555, 'sigma1': 0.037769448214346926, 'sigma2': 0.005393756318421584, 't_step': 5.0}
refined search candidate: {'sigma0': 0.6647432291346328, 'sigma1': 0.030902275811738395, 'sigma2': 0.004413073351435844, 't_step': 5.0}
refined search candidate: {'sigma0': 0.6647432291346328, 'sigma1': 0.030902275811738395, 'sigma2': 0.004878836159676301, 't_step': 5.0}
refined search candidate: {'sigma0': 0.6647432291346328, 'sigma1': 0.030902275811738395, 'sigma2': 0.005393756318421584, 't_step': 5.0}
refined search candidate: {'sigma0': 0.6647432291346328, 'sigma1': 0.03416375134520387, 'sigma2': 0.004413073351435844, 't_step': 5.0}
refined search candidate: {'sigma0': 0.6647432291346328, 'sigma1': 0.03416375134520387, 'sigma2': 0.004878836159676301, 't_step': 5.0}
refined search candidate: {'sigma0': 0.6647432291346328, 'sigma1': 0.03416375134520387, 'sigma2': 0.005393756318421584, 't_step': 5.0}
refined search candidate: {'sigma0': 0.6647432291346328, 'sigma1': 0.037769448214346926, 'sigma2': 0.004413073351435844, 't_step': 5.0}
refined search candidate: {'sigma0': 0.6647432291346328, 'sigma1': 0.037769448214346926, 'sigma2': 0.004878836159676301, 't_step': 5.0}
refined search candidate: {'sigma0': 0.6647432291346328, 'sigma1': 0.037769448214346926, 'sigma2': 0.005393756318421584, 't_step': 5.0}
refined search candidate: {'sigma0': 0.6647764654652021, 'sigma1': 0.030902275811738395, 'sigma2': 0.004413073351435844, 't_step': 5.0}
refined search candidate: {'sigma0': 0.6647764654652021, 'sigma1': 0.030902275811738395, 'sigma2': 0.004878836159676301, 't_step': 5.0}
refined search candidate: {'sigma0': 0.6647764654652021, 'sigma1': 0.030902275811738395, 'sigma2': 0.005393756318421584, 't_step': 5.0}
refined search candidate: {'sigma0': 0.6647764654652021, 'sigma1': 0.03416375134520387, 'sigma2': 0.004413073351435844, 't_step': 5.0}
refined search candidate: {'sigma0': 0.6647764654652021, 'sigma1': 0.03416375134520387, 'sigma2': 0.004878836159676301, 't_step': 5.0}
refined search candidate: {'sigma0': 0.6647764654652021, 'sigma1': 0.03416375134520387, 'sigma2': 0.005393756318421584, 't_step': 5.0}
refined search candidate: {'sigma0': 0.6647764654652021, 'sigma1': 0.037769448214346926, 'sigma2': 0.004413073351435844, 't_step': 5.0}
refined search candidate: {'sigma0': 0.6647764654652021, 'sigma1': 0.037769448214346926, 'sigma2': 0.004878836159676301, 't_step': 5.0}
refined search candidate: {'sigma0': 0.6647764654652021, 'sigma1': 0.037769448214346926, 'sigma2': 0.005393756318421584, 't_step': 5.0}
REFINED best params: {'sigma0': 0.6647764654652021, 'sigma1': 0.037769448214346926, 'sigma2': 0.004878836159676301, 't_step': 5, 'noise_mode': 'three-regime', 'metric': 'cosine', 'layer': 'resnet50-layer3', 'encoder': 'resnet50-layer3', 'stimulus_set': 'Auditory Textures'}
REFINED mse_per_isi: [1.93889    1.05534535 0.30910572 0.08632167 0.10190037 0.0631698
 0.04922361 0.00603361]
REFINED obj: 0.2387285892192794
✔ Saved 1 best models to /om2/user/bjmedina/auditory-memory/memory/fits/fits_v11_three-regime_cosine_median_dist_all
