=======================================
SLURM_ARRAY_TASK_ID = 3
YAML_PATH = /om2/user/bjmedina/auditory-memory/memory/model_yamls/three-regime/kell2018/run_000003.yaml
=======================================
Running config:
  YAML: /om2/user/bjmedina/auditory-memory/memory/model_yamls/three-regime/kell2018/run_000003.yaml
  Encoder: kell2018
  Metric: cosine
  Noise: three-regime
/om2/user/bjmedina/auditory-memory/memory/figures/figures_v11_three-regime_cosine_median_dist/env-sounds/kell2018/cosine/three-regime/ /om2/user/bjmedina/auditory-memory/memory/fits/fits_v11_three-regime_cosine_median_dist_best
Directory already exists: /om2/user/bjmedina/auditory-memory/memory/figures/figures_v11_three-regime_cosine_median_dist/env-sounds/kell2018/cosine/three-regime/
Directory already exists: /om2/user/bjmedina/auditory-memory/memory/fits/fits_v11_three-regime_cosine_median_dist_best
Directory already exists: /om2/user/bjmedina/auditory-memory/memory/fits/fits_v11_three-regime_cosine_median_dist_all
Encoder name: kell2018-relu3
LOADING FROM /om2/user/bjmedina/models/cochdnn/model_directories/kell2018_word_speaker_audioset/
=> loading checkpoint '/om2/user/bjmedina/models/cochdnn/model_checkpoints/audio_rep_training_cochleagram_1/kell2018_word_audioset_speaker_decay_lr/5728d456-ddc2-4fc2-bf07-a41e658f36d4/5_checkpoint.pt'
=> loaded checkpoint '/om2/user/bjmedina/models/cochdnn/model_checkpoints/audio_rep_training_cochleagram_1/kell2018_word_audioset_speaker_decay_lr/5728d456-ddc2-4fc2-bf07-a41e658f36d4/5_checkpoint.pt' (epoch 6)
median distance: 0.7257555390540271
there are 22 candidates
Stage A best sigma0: 0.3153737389841253 mse_isi0: 0.008638190703363179
(0.28383636508571275, 0.34691111288253784)
trying out {'sigma0': 0.2838363650857128, 'sigma1': 0.0007299061267965602, 'sigma2': 0.00010000000000000009, 't_step': 5.0}
trying out {'sigma0': 0.2838363650857128, 'sigma1': 0.005327629539351557, 'sigma2': 0.00010000000000000009, 't_step': 5.0}
trying out {'sigma0': 0.2838363650857128, 'sigma1': 0.005327629539351557, 'sigma2': 0.0007299061267965602, 't_step': 5.0}
trying out {'sigma0': 0.2838363650857128, 'sigma1': 0.03888669442075037, 'sigma2': 0.00010000000000000009, 't_step': 5.0}
trying out {'sigma0': 0.2838363650857128, 'sigma1': 0.03888669442075037, 'sigma2': 0.0007299061267965602, 't_step': 5.0}
trying out {'sigma0': 0.2838363650857128, 'sigma1': 0.03888669442075037, 'sigma2': 0.005327629539351557, 't_step': 5.0}
trying out {'sigma0': 0.2838363650857128, 'sigma1': 0.2838363650857128, 'sigma2': 0.00010000000000000009, 't_step': 5.0}
trying out {'sigma0': 0.2838363650857128, 'sigma1': 0.2838363650857128, 'sigma2': 0.0007299061267965602, 't_step': 5.0}
trying out {'sigma0': 0.2838363650857128, 'sigma1': 0.2838363650857128, 'sigma2': 0.005327629539351557, 't_step': 5.0}
trying out {'sigma0': 0.2838363650857128, 'sigma1': 0.2838363650857128, 'sigma2': 0.03888669442075037, 't_step': 5.0}
trying out {'sigma0': 0.29843900294129216, 'sigma1': 0.0007299061267965602, 'sigma2': 0.00010000000000000009, 't_step': 5.0}
trying out {'sigma0': 0.29843900294129216, 'sigma1': 0.005327629539351557, 'sigma2': 0.00010000000000000009, 't_step': 5.0}
trying out {'sigma0': 0.29843900294129216, 'sigma1': 0.005327629539351557, 'sigma2': 0.0007299061267965602, 't_step': 5.0}
trying out {'sigma0': 0.29843900294129216, 'sigma1': 0.03888669442075037, 'sigma2': 0.00010000000000000009, 't_step': 5.0}
trying out {'sigma0': 0.29843900294129216, 'sigma1': 0.03888669442075037, 'sigma2': 0.0007299061267965602, 't_step': 5.0}
trying out {'sigma0': 0.29843900294129216, 'sigma1': 0.03888669442075037, 'sigma2': 0.005327629539351557, 't_step': 5.0}
trying out {'sigma0': 0.29843900294129216, 'sigma1': 0.2838363650857128, 'sigma2': 0.00010000000000000009, 't_step': 5.0}
trying out {'sigma0': 0.29843900294129216, 'sigma1': 0.2838363650857128, 'sigma2': 0.0007299061267965602, 't_step': 5.0}
trying out {'sigma0': 0.29843900294129216, 'sigma1': 0.2838363650857128, 'sigma2': 0.005327629539351557, 't_step': 5.0}
trying out {'sigma0': 0.29843900294129216, 'sigma1': 0.2838363650857128, 'sigma2': 0.03888669442075037, 't_step': 5.0}
trying out {'sigma0': 0.3137929082825469, 'sigma1': 0.0007299061267965602, 'sigma2': 0.00010000000000000009, 't_step': 5.0}
trying out {'sigma0': 0.3137929082825469, 'sigma1': 0.005327629539351557, 'sigma2': 0.00010000000000000009, 't_step': 5.0}
trying out {'sigma0': 0.3137929082825469, 'sigma1': 0.005327629539351557, 'sigma2': 0.0007299061267965602, 't_step': 5.0}
trying out {'sigma0': 0.3137929082825469, 'sigma1': 0.03888669442075037, 'sigma2': 0.00010000000000000009, 't_step': 5.0}
trying out {'sigma0': 0.3137929082825469, 'sigma1': 0.03888669442075037, 'sigma2': 0.0007299061267965602, 't_step': 5.0}
trying out {'sigma0': 0.3137929082825469, 'sigma1': 0.03888669442075037, 'sigma2': 0.005327629539351557, 't_step': 5.0}
trying out {'sigma0': 0.3137929082825469, 'sigma1': 0.2838363650857128, 'sigma2': 0.00010000000000000009, 't_step': 5.0}
trying out {'sigma0': 0.3137929082825469, 'sigma1': 0.2838363650857128, 'sigma2': 0.0007299061267965602, 't_step': 5.0}
trying out {'sigma0': 0.3137929082825469, 'sigma1': 0.2838363650857128, 'sigma2': 0.005327629539351557, 't_step': 5.0}
trying out {'sigma0': 0.3137929082825469, 'sigma1': 0.2838363650857128, 'sigma2': 0.03888669442075037, 't_step': 5.0}
trying out {'sigma0': 0.32993673185467914, 'sigma1': 0.0007299061267965602, 'sigma2': 0.00010000000000000009, 't_step': 5.0}
trying out {'sigma0': 0.32993673185467914, 'sigma1': 0.005327629539351557, 'sigma2': 0.00010000000000000009, 't_step': 5.0}
trying out {'sigma0': 0.32993673185467914, 'sigma1': 0.005327629539351557, 'sigma2': 0.0007299061267965602, 't_step': 5.0}
trying out {'sigma0': 0.32993673185467914, 'sigma1': 0.03888669442075037, 'sigma2': 0.00010000000000000009, 't_step': 5.0}
trying out {'sigma0': 0.32993673185467914, 'sigma1': 0.03888669442075037, 'sigma2': 0.0007299061267965602, 't_step': 5.0}
trying out {'sigma0': 0.32993673185467914, 'sigma1': 0.03888669442075037, 'sigma2': 0.005327629539351557, 't_step': 5.0}
trying out {'sigma0': 0.32993673185467914, 'sigma1': 0.2838363650857128, 'sigma2': 0.00010000000000000009, 't_step': 5.0}
trying out {'sigma0': 0.32993673185467914, 'sigma1': 0.2838363650857128, 'sigma2': 0.0007299061267965602, 't_step': 5.0}
trying out {'sigma0': 0.32993673185467914, 'sigma1': 0.2838363650857128, 'sigma2': 0.005327629539351557, 't_step': 5.0}
trying out {'sigma0': 0.32993673185467914, 'sigma1': 0.2838363650857128, 'sigma2': 0.03888669442075037, 't_step': 5.0}
trying out {'sigma0': 0.3469111128825378, 'sigma1': 0.0007299061267965602, 'sigma2': 0.00010000000000000009, 't_step': 5.0}
trying out {'sigma0': 0.3469111128825378, 'sigma1': 0.005327629539351557, 'sigma2': 0.00010000000000000009, 't_step': 5.0}
trying out {'sigma0': 0.3469111128825378, 'sigma1': 0.005327629539351557, 'sigma2': 0.0007299061267965602, 't_step': 5.0}
trying out {'sigma0': 0.3469111128825378, 'sigma1': 0.03888669442075037, 'sigma2': 0.00010000000000000009, 't_step': 5.0}
trying out {'sigma0': 0.3469111128825378, 'sigma1': 0.03888669442075037, 'sigma2': 0.0007299061267965602, 't_step': 5.0}
trying out {'sigma0': 0.3469111128825378, 'sigma1': 0.03888669442075037, 'sigma2': 0.005327629539351557, 't_step': 5.0}
trying out {'sigma0': 0.3469111128825378, 'sigma1': 0.2838363650857128, 'sigma2': 0.00010000000000000009, 't_step': 5.0}
trying out {'sigma0': 0.3469111128825378, 'sigma1': 0.2838363650857128, 'sigma2': 0.0007299061267965602, 't_step': 5.0}
trying out {'sigma0': 0.3469111128825378, 'sigma1': 0.2838363650857128, 'sigma2': 0.005327629539351557, 't_step': 5.0}
trying out {'sigma0': 0.3469111128825378, 'sigma1': 0.2838363650857128, 'sigma2': 0.03888669442075037, 't_step': 5.0}
Stage B best params: {'sigma0': 0.3469111128825378, 'sigma1': 0.2838363650857128, 'sigma2': 0.0007299061267965602, 't_step': 5.0, 'noise_mode': 'three-regime', 'metric': 'cosine', 'layer': 'kell2018-relu3', 'encoder': 'kell2018-relu3', 'stimulus_set': 'Industrial and Nature'}
Stage B mse_per_isi: [0.62389087 0.01323388 0.05020165 0.16203537 0.12362006 0.16688717
 0.02117875 0.02859555]
Stage B obj (ISI>=1 mean): 0.08082177668033476
refined search candidate: {'sigma0': 0.508028877337819, 'sigma1': 0.2554527285771416, 'sigma2': 0.0006569155141169044, 't_step': 5.0}
refined search candidate: {'sigma0': 0.508028877337819, 'sigma1': 0.2554527285771416, 'sigma2': 0.0007262474264297298, 't_step': 5.0}
refined search candidate: {'sigma0': 0.508028877337819, 'sigma1': 0.2554527285771416, 'sigma2': 0.0008028967394762169, 't_step': 5.0}
refined search candidate: {'sigma0': 0.508028877337819, 'sigma1': 0.28241361745429233, 'sigma2': 0.0006569155141169044, 't_step': 5.0}
refined search candidate: {'sigma0': 0.508028877337819, 'sigma1': 0.28241361745429233, 'sigma2': 0.0007262474264297298, 't_step': 5.0}
refined search candidate: {'sigma0': 0.508028877337819, 'sigma1': 0.28241361745429233, 'sigma2': 0.0008028967394762169, 't_step': 5.0}
refined search candidate: {'sigma0': 0.508028877337819, 'sigma1': 0.3122200015942841, 'sigma2': 0.0006569155141169044, 't_step': 5.0}
refined search candidate: {'sigma0': 0.508028877337819, 'sigma1': 0.3122200015942841, 'sigma2': 0.0007262474264297298, 't_step': 5.0}
refined search candidate: {'sigma0': 0.508028877337819, 'sigma1': 0.3122200015942841, 'sigma2': 0.0008028967394762169, 't_step': 5.0}
refined search candidate: {'sigma0': 0.5080542781466815, 'sigma1': 0.2554527285771416, 'sigma2': 0.0006569155141169044, 't_step': 5.0}
refined search candidate: {'sigma0': 0.5080542781466815, 'sigma1': 0.2554527285771416, 'sigma2': 0.0007262474264297298, 't_step': 5.0}
refined search candidate: {'sigma0': 0.5080542781466815, 'sigma1': 0.2554527285771416, 'sigma2': 0.0008028967394762169, 't_step': 5.0}
refined search candidate: {'sigma0': 0.5080542781466815, 'sigma1': 0.28241361745429233, 'sigma2': 0.0006569155141169044, 't_step': 5.0}
refined search candidate: {'sigma0': 0.5080542781466815, 'sigma1': 0.28241361745429233, 'sigma2': 0.0007262474264297298, 't_step': 5.0}
refined search candidate: {'sigma0': 0.5080542781466815, 'sigma1': 0.28241361745429233, 'sigma2': 0.0008028967394762169, 't_step': 5.0}
refined search candidate: {'sigma0': 0.5080542781466815, 'sigma1': 0.3122200015942841, 'sigma2': 0.0006569155141169044, 't_step': 5.0}
refined search candidate: {'sigma0': 0.5080542781466815, 'sigma1': 0.3122200015942841, 'sigma2': 0.0007262474264297298, 't_step': 5.0}
refined search candidate: {'sigma0': 0.5080542781466815, 'sigma1': 0.3122200015942841, 'sigma2': 0.0008028967394762169, 't_step': 5.0}
refined search candidate: {'sigma0': 0.5080796802255527, 'sigma1': 0.2554527285771416, 'sigma2': 0.0006569155141169044, 't_step': 5.0}
refined search candidate: {'sigma0': 0.5080796802255527, 'sigma1': 0.2554527285771416, 'sigma2': 0.0007262474264297298, 't_step': 5.0}
refined search candidate: {'sigma0': 0.5080796802255527, 'sigma1': 0.2554527285771416, 'sigma2': 0.0008028967394762169, 't_step': 5.0}
refined search candidate: {'sigma0': 0.5080796802255527, 'sigma1': 0.28241361745429233, 'sigma2': 0.0006569155141169044, 't_step': 5.0}
refined search candidate: {'sigma0': 0.5080796802255527, 'sigma1': 0.28241361745429233, 'sigma2': 0.0007262474264297298, 't_step': 5.0}
refined search candidate: {'sigma0': 0.5080796802255527, 'sigma1': 0.28241361745429233, 'sigma2': 0.0008028967394762169, 't_step': 5.0}
refined search candidate: {'sigma0': 0.5080796802255527, 'sigma1': 0.3122200015942841, 'sigma2': 0.0006569155141169044, 't_step': 5.0}
refined search candidate: {'sigma0': 0.5080796802255527, 'sigma1': 0.3122200015942841, 'sigma2': 0.0007262474264297298, 't_step': 5.0}
refined search candidate: {'sigma0': 0.5080796802255527, 'sigma1': 0.3122200015942841, 'sigma2': 0.0008028967394762169, 't_step': 5.0}
REFINED best params: {'sigma0': 0.508028877337819, 'sigma1': 0.2554527285771416, 'sigma2': 0.0008028967394762169, 't_step': 5, 'noise_mode': 'three-regime', 'metric': 'cosine', 'layer': 'kell2018-relu3', 'encoder': 'kell2018-relu3', 'stimulus_set': 'Industrial and Nature'}
REFINED mse_per_isi: [0.90237627 0.7262798  0.28188841 0.54244458 0.16796899 0.21992381
 0.05111377 0.00166362]
REFINED obj: 0.2844689961307466
✔ Saved 1 best models to /om2/user/bjmedina/auditory-memory/memory/fits/fits_v11_three-regime_cosine_median_dist_all
