=======================================
SLURM_ARRAY_TASK_ID = 19
YAML_PATH = /om2/user/bjmedina/auditory-memory/memory/model_yamls/three-regime/resnet50/run_000019.yaml
=======================================
Running config:
  YAML: /om2/user/bjmedina/auditory-memory/memory/model_yamls/three-regime/resnet50/run_000019.yaml
  Encoder: resnet50
  Metric: cosine
  Noise: three-regime
/om2/user/bjmedina/auditory-memory/memory/figures/figures_v11_three-regime_cosine_median_dist/atexts/resnet50/cosine/three-regime/ /om2/user/bjmedina/auditory-memory/memory/fits/fits_v11_three-regime_cosine_median_dist_best
Directory already exists: /om2/user/bjmedina/auditory-memory/memory/figures/figures_v11_three-regime_cosine_median_dist/atexts/resnet50/cosine/three-regime/
Directory already exists: /om2/user/bjmedina/auditory-memory/memory/fits/fits_v11_three-regime_cosine_median_dist_best
Directory already exists: /om2/user/bjmedina/auditory-memory/memory/fits/fits_v11_three-regime_cosine_median_dist_all
Encoder name: resnet50-layer4
LOADING FROM /om2/user/bjmedina/models/cochdnn/model_directories/resnet50_word_speaker_audioset/
=> loading checkpoint '/om2/user/bjmedina/models/cochdnn/model_checkpoints/audio_rep_training_cochleagram_1/standard_training_word_and_audioset_and_speaker_decay_lr/542752d7-9849-49ff-b84a-6758a81585b4/5_checkpoint.pt'
=> loaded checkpoint '/om2/user/bjmedina/models/cochdnn/model_checkpoints/audio_rep_training_cochleagram_1/standard_training_word_and_audioset_and_speaker_decay_lr/542752d7-9849-49ff-b84a-6758a81585b4/5_checkpoint.pt' (epoch 6)
median distance: 0.40111419530282844
there are 22 candidates
Stage A best sigma0: 0.6805918589124342 mse_isi0: 0.00021554410747680965
(0.6125326730211909, 0.7486510448036777)
trying out {'sigma0': 0.6125326730211909, 'sigma1': 0.0008846720668553439, 'sigma2': 0.00010000000000000009, 't_step': 5.0}
trying out {'sigma0': 0.6125326730211909, 'sigma1': 0.007826446658741062, 'sigma2': 0.00010000000000000009, 't_step': 5.0}
trying out {'sigma0': 0.6125326730211909, 'sigma1': 0.007826446658741062, 'sigma2': 0.0008846720668553439, 't_step': 5.0}
trying out {'sigma0': 0.6125326730211909, 'sigma1': 0.06923838741721557, 'sigma2': 0.00010000000000000009, 't_step': 5.0}
trying out {'sigma0': 0.6125326730211909, 'sigma1': 0.06923838741721557, 'sigma2': 0.0008846720668553439, 't_step': 5.0}
trying out {'sigma0': 0.6125326730211909, 'sigma1': 0.06923838741721557, 'sigma2': 0.007826446658741062, 't_step': 5.0}
trying out {'sigma0': 0.6125326730211909, 'sigma1': 0.6125326730211909, 'sigma2': 0.00010000000000000009, 't_step': 5.0}
trying out {'sigma0': 0.6125326730211909, 'sigma1': 0.6125326730211909, 'sigma2': 0.0008846720668553439, 't_step': 5.0}
trying out {'sigma0': 0.6125326730211909, 'sigma1': 0.6125326730211909, 'sigma2': 0.007826446658741062, 't_step': 5.0}
trying out {'sigma0': 0.6125326730211909, 'sigma1': 0.6125326730211909, 'sigma2': 0.06923838741721557, 't_step': 5.0}
trying out {'sigma0': 0.6440458753416102, 'sigma1': 0.0008846720668553439, 'sigma2': 0.00010000000000000009, 't_step': 5.0}
trying out {'sigma0': 0.6440458753416102, 'sigma1': 0.007826446658741062, 'sigma2': 0.00010000000000000009, 't_step': 5.0}
trying out {'sigma0': 0.6440458753416102, 'sigma1': 0.007826446658741062, 'sigma2': 0.0008846720668553439, 't_step': 5.0}
trying out {'sigma0': 0.6440458753416102, 'sigma1': 0.06923838741721557, 'sigma2': 0.00010000000000000009, 't_step': 5.0}
trying out {'sigma0': 0.6440458753416102, 'sigma1': 0.06923838741721557, 'sigma2': 0.0008846720668553439, 't_step': 5.0}
trying out {'sigma0': 0.6440458753416102, 'sigma1': 0.06923838741721557, 'sigma2': 0.007826446658741062, 't_step': 5.0}
trying out {'sigma0': 0.6440458753416102, 'sigma1': 0.6125326730211909, 'sigma2': 0.00010000000000000009, 't_step': 5.0}
trying out {'sigma0': 0.6440458753416102, 'sigma1': 0.6125326730211909, 'sigma2': 0.0008846720668553439, 't_step': 5.0}
trying out {'sigma0': 0.6440458753416102, 'sigma1': 0.6125326730211909, 'sigma2': 0.007826446658741062, 't_step': 5.0}
trying out {'sigma0': 0.6440458753416102, 'sigma1': 0.6125326730211909, 'sigma2': 0.06923838741721557, 't_step': 5.0}
trying out {'sigma0': 0.6771803494149132, 'sigma1': 0.0008846720668553439, 'sigma2': 0.00010000000000000009, 't_step': 5.0}
trying out {'sigma0': 0.6771803494149132, 'sigma1': 0.007826446658741062, 'sigma2': 0.00010000000000000009, 't_step': 5.0}
trying out {'sigma0': 0.6771803494149132, 'sigma1': 0.007826446658741062, 'sigma2': 0.0008846720668553439, 't_step': 5.0}
trying out {'sigma0': 0.6771803494149132, 'sigma1': 0.06923838741721557, 'sigma2': 0.00010000000000000009, 't_step': 5.0}
trying out {'sigma0': 0.6771803494149132, 'sigma1': 0.06923838741721557, 'sigma2': 0.0008846720668553439, 't_step': 5.0}
trying out {'sigma0': 0.6771803494149132, 'sigma1': 0.06923838741721557, 'sigma2': 0.007826446658741062, 't_step': 5.0}
trying out {'sigma0': 0.6771803494149132, 'sigma1': 0.6125326730211909, 'sigma2': 0.00010000000000000009, 't_step': 5.0}
trying out {'sigma0': 0.6771803494149132, 'sigma1': 0.6125326730211909, 'sigma2': 0.0008846720668553439, 't_step': 5.0}
trying out {'sigma0': 0.6771803494149132, 'sigma1': 0.6125326730211909, 'sigma2': 0.007826446658741062, 't_step': 5.0}
trying out {'sigma0': 0.6771803494149132, 'sigma1': 0.6125326730211909, 'sigma2': 0.06923838741721557, 't_step': 5.0}
trying out {'sigma0': 0.7120195054280426, 'sigma1': 0.0008846720668553439, 'sigma2': 0.00010000000000000009, 't_step': 5.0}
trying out {'sigma0': 0.7120195054280426, 'sigma1': 0.007826446658741062, 'sigma2': 0.00010000000000000009, 't_step': 5.0}
trying out {'sigma0': 0.7120195054280426, 'sigma1': 0.007826446658741062, 'sigma2': 0.0008846720668553439, 't_step': 5.0}
trying out {'sigma0': 0.7120195054280426, 'sigma1': 0.06923838741721557, 'sigma2': 0.00010000000000000009, 't_step': 5.0}
trying out {'sigma0': 0.7120195054280426, 'sigma1': 0.06923838741721557, 'sigma2': 0.0008846720668553439, 't_step': 5.0}
trying out {'sigma0': 0.7120195054280426, 'sigma1': 0.06923838741721557, 'sigma2': 0.007826446658741062, 't_step': 5.0}
trying out {'sigma0': 0.7120195054280426, 'sigma1': 0.6125326730211909, 'sigma2': 0.00010000000000000009, 't_step': 5.0}
trying out {'sigma0': 0.7120195054280426, 'sigma1': 0.6125326730211909, 'sigma2': 0.0008846720668553439, 't_step': 5.0}
trying out {'sigma0': 0.7120195054280426, 'sigma1': 0.6125326730211909, 'sigma2': 0.007826446658741062, 't_step': 5.0}
trying out {'sigma0': 0.7120195054280426, 'sigma1': 0.6125326730211909, 'sigma2': 0.06923838741721557, 't_step': 5.0}
trying out {'sigma0': 0.7486510448036777, 'sigma1': 0.0008846720668553439, 'sigma2': 0.00010000000000000009, 't_step': 5.0}
trying out {'sigma0': 0.7486510448036777, 'sigma1': 0.007826446658741062, 'sigma2': 0.00010000000000000009, 't_step': 5.0}
trying out {'sigma0': 0.7486510448036777, 'sigma1': 0.007826446658741062, 'sigma2': 0.0008846720668553439, 't_step': 5.0}
trying out {'sigma0': 0.7486510448036777, 'sigma1': 0.06923838741721557, 'sigma2': 0.00010000000000000009, 't_step': 5.0}
trying out {'sigma0': 0.7486510448036777, 'sigma1': 0.06923838741721557, 'sigma2': 0.0008846720668553439, 't_step': 5.0}
trying out {'sigma0': 0.7486510448036777, 'sigma1': 0.06923838741721557, 'sigma2': 0.007826446658741062, 't_step': 5.0}
trying out {'sigma0': 0.7486510448036777, 'sigma1': 0.6125326730211909, 'sigma2': 0.00010000000000000009, 't_step': 5.0}
trying out {'sigma0': 0.7486510448036777, 'sigma1': 0.6125326730211909, 'sigma2': 0.0008846720668553439, 't_step': 5.0}
trying out {'sigma0': 0.7486510448036777, 'sigma1': 0.6125326730211909, 'sigma2': 0.007826446658741062, 't_step': 5.0}
trying out {'sigma0': 0.7486510448036777, 'sigma1': 0.6125326730211909, 'sigma2': 0.06923838741721557, 't_step': 5.0}
Stage B best params: {'sigma0': 0.7486510448036777, 'sigma1': 0.6125326730211909, 'sigma2': 0.007826446658741062, 't_step': 5.0, 'noise_mode': 'three-regime', 'metric': 'cosine', 'layer': 'resnet50-layer4', 'encoder': 'resnet50-layer4', 'stimulus_set': 'Auditory Textures'}
Stage B mse_per_isi: [3.51256493 0.37712918 0.02018714 0.13880681 0.1192661  0.02230786
 0.05291632 0.01814338]
Stage B obj (ISI>=1 mean): 0.10696525534099788
refined search candidate: {'sigma0': 1.2033425859084854, 'sigma1': 0.5512794057190717, 'sigma2': 0.0070438019928669585, 't_step': 5.0}
refined search candidate: {'sigma0': 1.2033425859084854, 'sigma1': 0.5512794057190717, 'sigma2': 0.0077872161026324395, 't_step': 5.0}
refined search candidate: {'sigma0': 1.2033425859084854, 'sigma1': 0.5512794057190717, 'sigma2': 0.008609091324615167, 't_step': 5.0}
refined search candidate: {'sigma0': 1.2033425859084854, 'sigma1': 0.551306969000293, 'sigma2': 0.0070438019928669585, 't_step': 5.0}
refined search candidate: {'sigma0': 1.2033425859084854, 'sigma1': 0.551306969000293, 'sigma2': 0.0077872161026324395, 't_step': 5.0}
refined search candidate: {'sigma0': 1.2033425859084854, 'sigma1': 0.551306969000293, 'sigma2': 0.008609091324615167, 't_step': 5.0}
refined search candidate: {'sigma0': 1.2033425859084854, 'sigma1': 0.5513345336596437, 'sigma2': 0.0070438019928669585, 't_step': 5.0}
refined search candidate: {'sigma0': 1.2033425859084854, 'sigma1': 0.5513345336596437, 'sigma2': 0.0077872161026324395, 't_step': 5.0}
refined search candidate: {'sigma0': 1.2033425859084854, 'sigma1': 0.5513345336596437, 'sigma2': 0.008609091324615167, 't_step': 5.0}
refined search candidate: {'sigma0': 1.2034027515336778, 'sigma1': 0.5512794057190717, 'sigma2': 0.0070438019928669585, 't_step': 5.0}
refined search candidate: {'sigma0': 1.2034027515336778, 'sigma1': 0.5512794057190717, 'sigma2': 0.0077872161026324395, 't_step': 5.0}
refined search candidate: {'sigma0': 1.2034027515336778, 'sigma1': 0.5512794057190717, 'sigma2': 0.008609091324615167, 't_step': 5.0}
refined search candidate: {'sigma0': 1.2034027515336778, 'sigma1': 0.551306969000293, 'sigma2': 0.0070438019928669585, 't_step': 5.0}
refined search candidate: {'sigma0': 1.2034027515336778, 'sigma1': 0.551306969000293, 'sigma2': 0.0077872161026324395, 't_step': 5.0}
refined search candidate: {'sigma0': 1.2034027515336778, 'sigma1': 0.551306969000293, 'sigma2': 0.008609091324615167, 't_step': 5.0}
refined search candidate: {'sigma0': 1.2034027515336778, 'sigma1': 0.5513345336596437, 'sigma2': 0.0070438019928669585, 't_step': 5.0}
refined search candidate: {'sigma0': 1.2034027515336778, 'sigma1': 0.5513345336596437, 'sigma2': 0.0077872161026324395, 't_step': 5.0}
refined search candidate: {'sigma0': 1.2034027515336778, 'sigma1': 0.5513345336596437, 'sigma2': 0.008609091324615167, 't_step': 5.0}
refined search candidate: {'sigma0': 1.2034629201670763, 'sigma1': 0.5512794057190717, 'sigma2': 0.0070438019928669585, 't_step': 5.0}
refined search candidate: {'sigma0': 1.2034629201670763, 'sigma1': 0.5512794057190717, 'sigma2': 0.0077872161026324395, 't_step': 5.0}
refined search candidate: {'sigma0': 1.2034629201670763, 'sigma1': 0.5512794057190717, 'sigma2': 0.008609091324615167, 't_step': 5.0}
refined search candidate: {'sigma0': 1.2034629201670763, 'sigma1': 0.551306969000293, 'sigma2': 0.0070438019928669585, 't_step': 5.0}
refined search candidate: {'sigma0': 1.2034629201670763, 'sigma1': 0.551306969000293, 'sigma2': 0.0077872161026324395, 't_step': 5.0}
refined search candidate: {'sigma0': 1.2034629201670763, 'sigma1': 0.551306969000293, 'sigma2': 0.008609091324615167, 't_step': 5.0}
refined search candidate: {'sigma0': 1.2034629201670763, 'sigma1': 0.5513345336596437, 'sigma2': 0.0070438019928669585, 't_step': 5.0}
refined search candidate: {'sigma0': 1.2034629201670763, 'sigma1': 0.5513345336596437, 'sigma2': 0.0077872161026324395, 't_step': 5.0}
refined search candidate: {'sigma0': 1.2034629201670763, 'sigma1': 0.5513345336596437, 'sigma2': 0.008609091324615167, 't_step': 5.0}
REFINED best params: {'sigma0': 1.2034027515336778, 'sigma1': 0.551306969000293, 'sigma2': 0.008609091324615167, 't_step': 5, 'noise_mode': 'three-regime', 'metric': 'cosine', 'layer': 'resnet50-layer4', 'encoder': 'resnet50-layer4', 'stimulus_set': 'Auditory Textures'}
REFINED mse_per_isi: [2.45308399e-01 4.94315878e-02 6.43822132e-03 2.33827809e-02
 8.15605221e-05 2.45167677e-02 6.19283377e-03 2.17248721e-02]
REFINED obj: 0.01882408917090772
✔ Saved 1 best models to /om2/user/bjmedina/auditory-memory/memory/fits/fits_v11_three-regime_cosine_median_dist_all
