=======================================
SLURM_ARRAY_TASK_ID = 15
YAML_PATH = /om2/user/bjmedina/auditory-memory/memory/model_yamls/three-regime/kell2018/run_000015.yaml
=======================================
Running config:
  YAML: /om2/user/bjmedina/auditory-memory/memory/model_yamls/three-regime/kell2018/run_000015.yaml
  Encoder: kell2018
  Metric: cosine
  Noise: three-regime
/om2/user/bjmedina/auditory-memory/memory/figures/figures_v11_three-regime_cosine_median_dist/atexts/kell2018/cosine/three-regime/ /om2/user/bjmedina/auditory-memory/memory/fits/fits_v11_three-regime_cosine_median_dist_best
Directory already exists: /om2/user/bjmedina/auditory-memory/memory/figures/figures_v11_three-regime_cosine_median_dist/atexts/kell2018/cosine/three-regime/
Directory already exists: /om2/user/bjmedina/auditory-memory/memory/fits/fits_v11_three-regime_cosine_median_dist_best
Directory already exists: /om2/user/bjmedina/auditory-memory/memory/fits/fits_v11_three-regime_cosine_median_dist_all
Encoder name: kell2018-relu3
LOADING FROM /om2/user/bjmedina/models/cochdnn/model_directories/kell2018_word_speaker_audioset/
=> loading checkpoint '/om2/user/bjmedina/models/cochdnn/model_checkpoints/audio_rep_training_cochleagram_1/kell2018_word_audioset_speaker_decay_lr/5728d456-ddc2-4fc2-bf07-a41e658f36d4/5_checkpoint.pt'
=> loaded checkpoint '/om2/user/bjmedina/models/cochdnn/model_checkpoints/audio_rep_training_cochleagram_1/kell2018_word_audioset_speaker_decay_lr/5728d456-ddc2-4fc2-bf07-a41e658f36d4/5_checkpoint.pt' (epoch 6)
median distance: 0.7054081693601171
there are 22 candidates
Stage A best sigma0: 0.3065318828582666 mse_isi0: 0.0429023256633905
(0.27587869457243996, 0.3371850711440933)
trying out {'sigma0': 0.27587869457243996, 'sigma1': 0.0007247355092078008, 'sigma2': 0.00010000000000000009, 't_step': 5.0}
trying out {'sigma0': 0.27587869457243996, 'sigma1': 0.005252415583066903, 'sigma2': 0.00010000000000000009, 't_step': 5.0}
trying out {'sigma0': 0.27587869457243996, 'sigma1': 0.005252415583066903, 'sigma2': 0.0007247355092078008, 't_step': 5.0}
trying out {'sigma0': 0.27587869457243996, 'sigma1': 0.0380661208216498, 'sigma2': 0.00010000000000000009, 't_step': 5.0}
trying out {'sigma0': 0.27587869457243996, 'sigma1': 0.0380661208216498, 'sigma2': 0.0007247355092078008, 't_step': 5.0}
trying out {'sigma0': 0.27587869457243996, 'sigma1': 0.0380661208216498, 'sigma2': 0.005252415583066903, 't_step': 5.0}
trying out {'sigma0': 0.27587869457243996, 'sigma1': 0.27587869457243996, 'sigma2': 0.00010000000000000009, 't_step': 5.0}
trying out {'sigma0': 0.27587869457243996, 'sigma1': 0.27587869457243996, 'sigma2': 0.0007247355092078008, 't_step': 5.0}
trying out {'sigma0': 0.27587869457243996, 'sigma1': 0.27587869457243996, 'sigma2': 0.005252415583066903, 't_step': 5.0}
trying out {'sigma0': 0.27587869457243996, 'sigma1': 0.27587869457243996, 'sigma2': 0.0380661208216498, 't_step': 5.0}
trying out {'sigma0': 0.29007193111453977, 'sigma1': 0.0007247355092078008, 'sigma2': 0.00010000000000000009, 't_step': 5.0}
trying out {'sigma0': 0.29007193111453977, 'sigma1': 0.005252415583066903, 'sigma2': 0.00010000000000000009, 't_step': 5.0}
trying out {'sigma0': 0.29007193111453977, 'sigma1': 0.005252415583066903, 'sigma2': 0.0007247355092078008, 't_step': 5.0}
trying out {'sigma0': 0.29007193111453977, 'sigma1': 0.0380661208216498, 'sigma2': 0.00010000000000000009, 't_step': 5.0}
trying out {'sigma0': 0.29007193111453977, 'sigma1': 0.0380661208216498, 'sigma2': 0.0007247355092078008, 't_step': 5.0}
trying out {'sigma0': 0.29007193111453977, 'sigma1': 0.0380661208216498, 'sigma2': 0.005252415583066903, 't_step': 5.0}
trying out {'sigma0': 0.29007193111453977, 'sigma1': 0.27587869457243996, 'sigma2': 0.00010000000000000009, 't_step': 5.0}
trying out {'sigma0': 0.29007193111453977, 'sigma1': 0.27587869457243996, 'sigma2': 0.0007247355092078008, 't_step': 5.0}
trying out {'sigma0': 0.29007193111453977, 'sigma1': 0.27587869457243996, 'sigma2': 0.005252415583066903, 't_step': 5.0}
trying out {'sigma0': 0.29007193111453977, 'sigma1': 0.27587869457243996, 'sigma2': 0.0380661208216498, 't_step': 5.0}
trying out {'sigma0': 0.30499537251661335, 'sigma1': 0.0007247355092078008, 'sigma2': 0.00010000000000000009, 't_step': 5.0}
trying out {'sigma0': 0.30499537251661335, 'sigma1': 0.005252415583066903, 'sigma2': 0.00010000000000000009, 't_step': 5.0}
trying out {'sigma0': 0.30499537251661335, 'sigma1': 0.005252415583066903, 'sigma2': 0.0007247355092078008, 't_step': 5.0}
trying out {'sigma0': 0.30499537251661335, 'sigma1': 0.0380661208216498, 'sigma2': 0.00010000000000000009, 't_step': 5.0}
trying out {'sigma0': 0.30499537251661335, 'sigma1': 0.0380661208216498, 'sigma2': 0.0007247355092078008, 't_step': 5.0}
trying out {'sigma0': 0.30499537251661335, 'sigma1': 0.0380661208216498, 'sigma2': 0.005252415583066903, 't_step': 5.0}
trying out {'sigma0': 0.30499537251661335, 'sigma1': 0.27587869457243996, 'sigma2': 0.00010000000000000009, 't_step': 5.0}
trying out {'sigma0': 0.30499537251661335, 'sigma1': 0.27587869457243996, 'sigma2': 0.0007247355092078008, 't_step': 5.0}
trying out {'sigma0': 0.30499537251661335, 'sigma1': 0.27587869457243996, 'sigma2': 0.005252415583066903, 't_step': 5.0}
trying out {'sigma0': 0.30499537251661335, 'sigma1': 0.27587869457243996, 'sigma2': 0.0380661208216498, 't_step': 5.0}
trying out {'sigma0': 0.3206865859069155, 'sigma1': 0.0007247355092078008, 'sigma2': 0.00010000000000000009, 't_step': 5.0}
trying out {'sigma0': 0.3206865859069155, 'sigma1': 0.005252415583066903, 'sigma2': 0.00010000000000000009, 't_step': 5.0}
trying out {'sigma0': 0.3206865859069155, 'sigma1': 0.005252415583066903, 'sigma2': 0.0007247355092078008, 't_step': 5.0}
trying out {'sigma0': 0.3206865859069155, 'sigma1': 0.0380661208216498, 'sigma2': 0.00010000000000000009, 't_step': 5.0}
trying out {'sigma0': 0.3206865859069155, 'sigma1': 0.0380661208216498, 'sigma2': 0.0007247355092078008, 't_step': 5.0}
trying out {'sigma0': 0.3206865859069155, 'sigma1': 0.0380661208216498, 'sigma2': 0.005252415583066903, 't_step': 5.0}
trying out {'sigma0': 0.3206865859069155, 'sigma1': 0.27587869457243996, 'sigma2': 0.00010000000000000009, 't_step': 5.0}
trying out {'sigma0': 0.3206865859069155, 'sigma1': 0.27587869457243996, 'sigma2': 0.0007247355092078008, 't_step': 5.0}
trying out {'sigma0': 0.3206865859069155, 'sigma1': 0.27587869457243996, 'sigma2': 0.005252415583066903, 't_step': 5.0}
trying out {'sigma0': 0.3206865859069155, 'sigma1': 0.27587869457243996, 'sigma2': 0.0380661208216498, 't_step': 5.0}
trying out {'sigma0': 0.33718507114409324, 'sigma1': 0.0007247355092078008, 'sigma2': 0.00010000000000000009, 't_step': 5.0}
trying out {'sigma0': 0.33718507114409324, 'sigma1': 0.005252415583066903, 'sigma2': 0.00010000000000000009, 't_step': 5.0}
trying out {'sigma0': 0.33718507114409324, 'sigma1': 0.005252415583066903, 'sigma2': 0.0007247355092078008, 't_step': 5.0}
trying out {'sigma0': 0.33718507114409324, 'sigma1': 0.0380661208216498, 'sigma2': 0.00010000000000000009, 't_step': 5.0}
trying out {'sigma0': 0.33718507114409324, 'sigma1': 0.0380661208216498, 'sigma2': 0.0007247355092078008, 't_step': 5.0}
trying out {'sigma0': 0.33718507114409324, 'sigma1': 0.0380661208216498, 'sigma2': 0.005252415583066903, 't_step': 5.0}
trying out {'sigma0': 0.33718507114409324, 'sigma1': 0.27587869457243996, 'sigma2': 0.00010000000000000009, 't_step': 5.0}
trying out {'sigma0': 0.33718507114409324, 'sigma1': 0.27587869457243996, 'sigma2': 0.0007247355092078008, 't_step': 5.0}
trying out {'sigma0': 0.33718507114409324, 'sigma1': 0.27587869457243996, 'sigma2': 0.005252415583066903, 't_step': 5.0}
trying out {'sigma0': 0.33718507114409324, 'sigma1': 0.27587869457243996, 'sigma2': 0.0380661208216498, 't_step': 5.0}
Stage B best params: {'sigma0': 0.3206865859069155, 'sigma1': 0.27587869457243996, 'sigma2': 0.0007247355092078008, 't_step': 5.0, 'noise_mode': 'three-regime', 'metric': 'cosine', 'layer': 'kell2018-relu3', 'encoder': 'kell2018-relu3', 'stimulus_set': 'Auditory Textures'}
Stage B mse_per_isi: [9.69907746e-01 1.76579737e-02 4.14787384e-04 3.27578116e-04
 1.22457699e-03 4.48497995e-03 6.23055066e-03 2.84387961e-03]
Stage B obj (ISI>=1 mean): 0.004740618060441601
refined search candidate: {'sigma0': 0.4937857185520819, 'sigma1': 0.248290825115196, 'sigma2': 0.0006522619582870209, 't_step': 5.0}
refined search candidate: {'sigma0': 0.4937857185520819, 'sigma1': 0.248290825115196, 'sigma2': 0.0007211027268868309, 't_step': 5.0}
refined search candidate: {'sigma0': 0.4937857185520819, 'sigma1': 0.248290825115196, 'sigma2': 0.0007972090601285808, 't_step': 5.0}
refined search candidate: {'sigma0': 0.4937857185520819, 'sigma1': 0.2744958352649521, 'sigma2': 0.0006522619582870209, 't_step': 5.0}
refined search candidate: {'sigma0': 0.4937857185520819, 'sigma1': 0.2744958352649521, 'sigma2': 0.0007211027268868309, 't_step': 5.0}
refined search candidate: {'sigma0': 0.4937857185520819, 'sigma1': 0.2744958352649521, 'sigma2': 0.0007972090601285808, 't_step': 5.0}
refined search candidate: {'sigma0': 0.4937857185520819, 'sigma1': 0.30346656402968397, 'sigma2': 0.0006522619582870209, 't_step': 5.0}
refined search candidate: {'sigma0': 0.4937857185520819, 'sigma1': 0.30346656402968397, 'sigma2': 0.0007211027268868309, 't_step': 5.0}
refined search candidate: {'sigma0': 0.4937857185520819, 'sigma1': 0.30346656402968397, 'sigma2': 0.0007972090601285808, 't_step': 5.0}
refined search candidate: {'sigma0': 0.49381040722080827, 'sigma1': 0.248290825115196, 'sigma2': 0.0006522619582870209, 't_step': 5.0}
refined search candidate: {'sigma0': 0.49381040722080827, 'sigma1': 0.248290825115196, 'sigma2': 0.0007211027268868309, 't_step': 5.0}
refined search candidate: {'sigma0': 0.49381040722080827, 'sigma1': 0.248290825115196, 'sigma2': 0.0007972090601285808, 't_step': 5.0}
refined search candidate: {'sigma0': 0.49381040722080827, 'sigma1': 0.2744958352649521, 'sigma2': 0.0006522619582870209, 't_step': 5.0}
refined search candidate: {'sigma0': 0.49381040722080827, 'sigma1': 0.2744958352649521, 'sigma2': 0.0007211027268868309, 't_step': 5.0}
refined search candidate: {'sigma0': 0.49381040722080827, 'sigma1': 0.2744958352649521, 'sigma2': 0.0007972090601285808, 't_step': 5.0}
refined search candidate: {'sigma0': 0.49381040722080827, 'sigma1': 0.30346656402968397, 'sigma2': 0.0006522619582870209, 't_step': 5.0}
refined search candidate: {'sigma0': 0.49381040722080827, 'sigma1': 0.30346656402968397, 'sigma2': 0.0007211027268868309, 't_step': 5.0}
refined search candidate: {'sigma0': 0.49381040722080827, 'sigma1': 0.30346656402968397, 'sigma2': 0.0007972090601285808, 't_step': 5.0}
refined search candidate: {'sigma0': 0.49383509712393714, 'sigma1': 0.248290825115196, 'sigma2': 0.0006522619582870209, 't_step': 5.0}
refined search candidate: {'sigma0': 0.49383509712393714, 'sigma1': 0.248290825115196, 'sigma2': 0.0007211027268868309, 't_step': 5.0}
refined search candidate: {'sigma0': 0.49383509712393714, 'sigma1': 0.248290825115196, 'sigma2': 0.0007972090601285808, 't_step': 5.0}
refined search candidate: {'sigma0': 0.49383509712393714, 'sigma1': 0.2744958352649521, 'sigma2': 0.0006522619582870209, 't_step': 5.0}
refined search candidate: {'sigma0': 0.49383509712393714, 'sigma1': 0.2744958352649521, 'sigma2': 0.0007211027268868309, 't_step': 5.0}
refined search candidate: {'sigma0': 0.49383509712393714, 'sigma1': 0.2744958352649521, 'sigma2': 0.0007972090601285808, 't_step': 5.0}
refined search candidate: {'sigma0': 0.49383509712393714, 'sigma1': 0.30346656402968397, 'sigma2': 0.0006522619582870209, 't_step': 5.0}
refined search candidate: {'sigma0': 0.49383509712393714, 'sigma1': 0.30346656402968397, 'sigma2': 0.0007211027268868309, 't_step': 5.0}
refined search candidate: {'sigma0': 0.49383509712393714, 'sigma1': 0.30346656402968397, 'sigma2': 0.0007972090601285808, 't_step': 5.0}
REFINED best params: {'sigma0': 0.49383509712393714, 'sigma1': 0.248290825115196, 'sigma2': 0.0007972090601285808, 't_step': 5, 'noise_mode': 'three-regime', 'metric': 'cosine', 'layer': 'kell2018-relu3', 'encoder': 'kell2018-relu3', 'stimulus_set': 'Auditory Textures'}
REFINED mse_per_isi: [0.19881879 0.17891942 0.04107042 0.06459221 0.04108839 0.00987852
 0.00126546 0.03031358]
REFINED obj: 0.05244685801593828
✔ Saved 1 best models to /om2/user/bjmedina/auditory-memory/memory/fits/fits_v11_three-regime_cosine_median_dist_all
