=======================================
SLURM_ARRAY_TASK_ID = 15
YAML_PATH = /om2/user/bjmedina/auditory-memory/memory/model_yamls/three-regime/resnet50/run_000015.yaml
=======================================
Running config:
  YAML: /om2/user/bjmedina/auditory-memory/memory/model_yamls/three-regime/resnet50/run_000015.yaml
  Encoder: resnet50
  Metric: cosine
  Noise: three-regime
/om2/user/bjmedina/auditory-memory/memory/figures/figures_v12_three-regime/atexts/resnet50/cosine/three-regime/ /om2/user/bjmedina/auditory-memory/memory/fits/fits_v12_three-regime_best
Directory already exists: /om2/user/bjmedina/auditory-memory/memory/figures/figures_v12_three-regime/atexts/resnet50/cosine/three-regime/
Directory already exists: /om2/user/bjmedina/auditory-memory/memory/fits/fits_v12_three-regime_best
Directory already exists: /om2/user/bjmedina/auditory-memory/memory/fits/fits_v12_three-regime_all
Directory already exists: /om2/user/bjmedina/auditory-memory/memory/fits/fits_v12_three-regime_intermediate
Encoder name: resnet50-conv1_relu1
LOADING FROM /om2/user/bjmedina/models/cochdnn/model_directories/resnet50_word_speaker_audioset/
=> loading checkpoint '/om2/user/bjmedina/models/cochdnn/model_checkpoints/audio_rep_training_cochleagram_1/standard_training_word_and_audioset_and_speaker_decay_lr/542752d7-9849-49ff-b84a-6758a81585b4/5_checkpoint.pt'
=> loaded checkpoint '/om2/user/bjmedina/models/cochdnn/model_checkpoints/audio_rep_training_cochleagram_1/standard_training_word_and_audioset_and_speaker_decay_lr/542752d7-9849-49ff-b84a-6758a81585b4/5_checkpoint.pt' (epoch 6)
median distance: 1
there are 20 candidates
Stage A best sigma0: 3.1255143181676113 mse_isi0: 0.015754960374060874
✔ Saved 1 best models to /om2/user/bjmedina/auditory-memory/memory/fits/fits_v12_three-regime_all
(2.9692386022592308, 3.281790034075992)
trying out {'sigma0': 2.9692386022592308, 'sigma1': 0.010000000000000004, 'sigma2': 0.00010000000000000009, 't_step': 5.0}
trying out {'sigma0': 2.9692386022592308, 'sigma1': 0.010000000000000004, 'sigma2': 0.001312687272701221, 't_step': 5.0}
trying out {'sigma0': 2.9692386022592308, 'sigma1': 0.04151081637250424, 'sigma2': 0.00010000000000000009, 't_step': 5.0}
trying out {'sigma0': 2.9692386022592308, 'sigma1': 0.04151081637250424, 'sigma2': 0.001312687272701221, 't_step': 5.0}
trying out {'sigma0': 2.9692386022592308, 'sigma1': 0.04151081637250424, 'sigma2': 0.01723147875911767, 't_step': 5.0}
trying out {'sigma0': 2.9692386022592308, 'sigma1': 0.17231478759117666, 'sigma2': 0.00010000000000000009, 't_step': 5.0}
trying out {'sigma0': 2.9692386022592308, 'sigma1': 0.17231478759117666, 'sigma2': 0.001312687272701221, 't_step': 5.0}
trying out {'sigma0': 2.9692386022592308, 'sigma1': 0.17231478759117666, 'sigma2': 0.01723147875911767, 't_step': 5.0}
trying out {'sigma0': 2.9692386022592308, 'sigma1': 0.7152927505964407, 'sigma2': 0.00010000000000000009, 't_step': 5.0}
trying out {'sigma0': 2.9692386022592308, 'sigma1': 0.7152927505964407, 'sigma2': 0.001312687272701221, 't_step': 5.0}
trying out {'sigma0': 2.9692386022592308, 'sigma1': 0.7152927505964407, 'sigma2': 0.01723147875911767, 't_step': 5.0}
trying out {'sigma0': 2.9692386022592308, 'sigma1': 0.7152927505964407, 'sigma2': 0.22619542856915154, 't_step': 5.0}
trying out {'sigma0': 2.9692386022592308, 'sigma1': 2.9692386022592308, 'sigma2': 0.00010000000000000009, 't_step': 5.0}
trying out {'sigma0': 2.9692386022592308, 'sigma1': 2.9692386022592308, 'sigma2': 0.001312687272701221, 't_step': 5.0}
trying out {'sigma0': 2.9692386022592308, 'sigma1': 2.9692386022592308, 'sigma2': 0.01723147875911767, 't_step': 5.0}
trying out {'sigma0': 2.9692386022592308, 'sigma1': 2.9692386022592308, 'sigma2': 0.22619542856915154, 't_step': 5.0}
trying out {'sigma0': 3.0444687564208324, 'sigma1': 0.010000000000000004, 'sigma2': 0.00010000000000000009, 't_step': 5.0}
trying out {'sigma0': 3.0444687564208324, 'sigma1': 0.010000000000000004, 'sigma2': 0.001312687272701221, 't_step': 5.0}
trying out {'sigma0': 3.0444687564208324, 'sigma1': 0.04151081637250424, 'sigma2': 0.00010000000000000009, 't_step': 5.0}
trying out {'sigma0': 3.0444687564208324, 'sigma1': 0.04151081637250424, 'sigma2': 0.001312687272701221, 't_step': 5.0}
trying out {'sigma0': 3.0444687564208324, 'sigma1': 0.04151081637250424, 'sigma2': 0.01723147875911767, 't_step': 5.0}
trying out {'sigma0': 3.0444687564208324, 'sigma1': 0.17231478759117666, 'sigma2': 0.00010000000000000009, 't_step': 5.0}
trying out {'sigma0': 3.0444687564208324, 'sigma1': 0.17231478759117666, 'sigma2': 0.001312687272701221, 't_step': 5.0}
trying out {'sigma0': 3.0444687564208324, 'sigma1': 0.17231478759117666, 'sigma2': 0.01723147875911767, 't_step': 5.0}
trying out {'sigma0': 3.0444687564208324, 'sigma1': 0.7152927505964407, 'sigma2': 0.00010000000000000009, 't_step': 5.0}
trying out {'sigma0': 3.0444687564208324, 'sigma1': 0.7152927505964407, 'sigma2': 0.001312687272701221, 't_step': 5.0}
trying out {'sigma0': 3.0444687564208324, 'sigma1': 0.7152927505964407, 'sigma2': 0.01723147875911767, 't_step': 5.0}
trying out {'sigma0': 3.0444687564208324, 'sigma1': 0.7152927505964407, 'sigma2': 0.22619542856915154, 't_step': 5.0}
trying out {'sigma0': 3.0444687564208324, 'sigma1': 2.9692386022592308, 'sigma2': 0.00010000000000000009, 't_step': 5.0}
trying out {'sigma0': 3.0444687564208324, 'sigma1': 2.9692386022592308, 'sigma2': 0.001312687272701221, 't_step': 5.0}
trying out {'sigma0': 3.0444687564208324, 'sigma1': 2.9692386022592308, 'sigma2': 0.01723147875911767, 't_step': 5.0}
trying out {'sigma0': 3.0444687564208324, 'sigma1': 2.9692386022592308, 'sigma2': 0.22619542856915154, 't_step': 5.0}
trying out {'sigma0': 3.121604980404803, 'sigma1': 0.010000000000000004, 'sigma2': 0.00010000000000000009, 't_step': 5.0}
trying out {'sigma0': 3.121604980404803, 'sigma1': 0.010000000000000004, 'sigma2': 0.001312687272701221, 't_step': 5.0}
trying out {'sigma0': 3.121604980404803, 'sigma1': 0.04151081637250424, 'sigma2': 0.00010000000000000009, 't_step': 5.0}
trying out {'sigma0': 3.121604980404803, 'sigma1': 0.04151081637250424, 'sigma2': 0.001312687272701221, 't_step': 5.0}
trying out {'sigma0': 3.121604980404803, 'sigma1': 0.04151081637250424, 'sigma2': 0.01723147875911767, 't_step': 5.0}
trying out {'sigma0': 3.121604980404803, 'sigma1': 0.17231478759117666, 'sigma2': 0.00010000000000000009, 't_step': 5.0}
trying out {'sigma0': 3.121604980404803, 'sigma1': 0.17231478759117666, 'sigma2': 0.001312687272701221, 't_step': 5.0}
trying out {'sigma0': 3.121604980404803, 'sigma1': 0.17231478759117666, 'sigma2': 0.01723147875911767, 't_step': 5.0}
trying out {'sigma0': 3.121604980404803, 'sigma1': 0.7152927505964407, 'sigma2': 0.00010000000000000009, 't_step': 5.0}
trying out {'sigma0': 3.121604980404803, 'sigma1': 0.7152927505964407, 'sigma2': 0.001312687272701221, 't_step': 5.0}
trying out {'sigma0': 3.121604980404803, 'sigma1': 0.7152927505964407, 'sigma2': 0.01723147875911767, 't_step': 5.0}
trying out {'sigma0': 3.121604980404803, 'sigma1': 0.7152927505964407, 'sigma2': 0.22619542856915154, 't_step': 5.0}
trying out {'sigma0': 3.121604980404803, 'sigma1': 2.9692386022592308, 'sigma2': 0.00010000000000000009, 't_step': 5.0}
trying out {'sigma0': 3.121604980404803, 'sigma1': 2.9692386022592308, 'sigma2': 0.001312687272701221, 't_step': 5.0}
trying out {'sigma0': 3.121604980404803, 'sigma1': 2.9692386022592308, 'sigma2': 0.01723147875911767, 't_step': 5.0}
trying out {'sigma0': 3.121604980404803, 'sigma1': 2.9692386022592308, 'sigma2': 0.22619542856915154, 't_step': 5.0}
trying out {'sigma0': 3.2006955673750768, 'sigma1': 0.010000000000000004, 'sigma2': 0.00010000000000000009, 't_step': 5.0}
trying out {'sigma0': 3.2006955673750768, 'sigma1': 0.010000000000000004, 'sigma2': 0.001312687272701221, 't_step': 5.0}
trying out {'sigma0': 3.2006955673750768, 'sigma1': 0.04151081637250424, 'sigma2': 0.00010000000000000009, 't_step': 5.0}
trying out {'sigma0': 3.2006955673750768, 'sigma1': 0.04151081637250424, 'sigma2': 0.001312687272701221, 't_step': 5.0}
trying out {'sigma0': 3.2006955673750768, 'sigma1': 0.04151081637250424, 'sigma2': 0.01723147875911767, 't_step': 5.0}
trying out {'sigma0': 3.2006955673750768, 'sigma1': 0.17231478759117666, 'sigma2': 0.00010000000000000009, 't_step': 5.0}
trying out {'sigma0': 3.2006955673750768, 'sigma1': 0.17231478759117666, 'sigma2': 0.001312687272701221, 't_step': 5.0}
trying out {'sigma0': 3.2006955673750768, 'sigma1': 0.17231478759117666, 'sigma2': 0.01723147875911767, 't_step': 5.0}
trying out {'sigma0': 3.2006955673750768, 'sigma1': 0.7152927505964407, 'sigma2': 0.00010000000000000009, 't_step': 5.0}
trying out {'sigma0': 3.2006955673750768, 'sigma1': 0.7152927505964407, 'sigma2': 0.001312687272701221, 't_step': 5.0}
trying out {'sigma0': 3.2006955673750768, 'sigma1': 0.7152927505964407, 'sigma2': 0.01723147875911767, 't_step': 5.0}
trying out {'sigma0': 3.2006955673750768, 'sigma1': 0.7152927505964407, 'sigma2': 0.22619542856915154, 't_step': 5.0}
trying out {'sigma0': 3.2006955673750768, 'sigma1': 2.9692386022592308, 'sigma2': 0.00010000000000000009, 't_step': 5.0}
trying out {'sigma0': 3.2006955673750768, 'sigma1': 2.9692386022592308, 'sigma2': 0.001312687272701221, 't_step': 5.0}
trying out {'sigma0': 3.2006955673750768, 'sigma1': 2.9692386022592308, 'sigma2': 0.01723147875911767, 't_step': 5.0}
trying out {'sigma0': 3.2006955673750768, 'sigma1': 2.9692386022592308, 'sigma2': 0.22619542856915154, 't_step': 5.0}
trying out {'sigma0': 3.281790034075992, 'sigma1': 0.010000000000000004, 'sigma2': 0.00010000000000000009, 't_step': 5.0}
trying out {'sigma0': 3.281790034075992, 'sigma1': 0.010000000000000004, 'sigma2': 0.001312687272701221, 't_step': 5.0}
trying out {'sigma0': 3.281790034075992, 'sigma1': 0.04151081637250424, 'sigma2': 0.00010000000000000009, 't_step': 5.0}
trying out {'sigma0': 3.281790034075992, 'sigma1': 0.04151081637250424, 'sigma2': 0.001312687272701221, 't_step': 5.0}
trying out {'sigma0': 3.281790034075992, 'sigma1': 0.04151081637250424, 'sigma2': 0.01723147875911767, 't_step': 5.0}
trying out {'sigma0': 3.281790034075992, 'sigma1': 0.17231478759117666, 'sigma2': 0.00010000000000000009, 't_step': 5.0}
trying out {'sigma0': 3.281790034075992, 'sigma1': 0.17231478759117666, 'sigma2': 0.001312687272701221, 't_step': 5.0}
trying out {'sigma0': 3.281790034075992, 'sigma1': 0.17231478759117666, 'sigma2': 0.01723147875911767, 't_step': 5.0}
trying out {'sigma0': 3.281790034075992, 'sigma1': 0.7152927505964407, 'sigma2': 0.00010000000000000009, 't_step': 5.0}
trying out {'sigma0': 3.281790034075992, 'sigma1': 0.7152927505964407, 'sigma2': 0.001312687272701221, 't_step': 5.0}
trying out {'sigma0': 3.281790034075992, 'sigma1': 0.7152927505964407, 'sigma2': 0.01723147875911767, 't_step': 5.0}
trying out {'sigma0': 3.281790034075992, 'sigma1': 0.7152927505964407, 'sigma2': 0.22619542856915154, 't_step': 5.0}
trying out {'sigma0': 3.281790034075992, 'sigma1': 2.9692386022592308, 'sigma2': 0.00010000000000000009, 't_step': 5.0}
trying out {'sigma0': 3.281790034075992, 'sigma1': 2.9692386022592308, 'sigma2': 0.001312687272701221, 't_step': 5.0}
trying out {'sigma0': 3.281790034075992, 'sigma1': 2.9692386022592308, 'sigma2': 0.01723147875911767, 't_step': 5.0}
trying out {'sigma0': 3.281790034075992, 'sigma1': 2.9692386022592308, 'sigma2': 0.22619542856915154, 't_step': 5.0}
Stage B best params: {'sigma0': 2.9692386022592308, 'sigma1': 0.04151081637250424, 'sigma2': 0.01723147875911767, 't_step': 5.0, 'noise_mode': 'three-regime', 'metric': 'cosine', 'layer': 'resnet50-conv1_relu1', 'encoder': 'resnet50-conv1_relu1', 'stimulus_set': 'Auditory Textures'}
Stage B mse_per_isi: [0.96222757 0.61822879 0.16717572 0.0690349  0.05549815 0.00443695
 0.18308009 0.14954255]
Stage B obj (ISI>=1 mean): 0.17814244872730658
✔ Saved 1 best models to /om2/user/bjmedina/auditory-memory/memory/fits/fits_v12_three-regime_intermediate
refined search candidate: {'sigma0': 3.0000000000000004, 'sigma1': 0.10000000000000002, 'sigma2': 0.015508330883205908, 't_step': 5.0}
refined search candidate: {'sigma0': 3.0000000000000004, 'sigma1': 0.10000000000000002, 'sigma2': 0.016306193903906464, 't_step': 5.0}
refined search candidate: {'sigma0': 3.0000000000000004, 'sigma1': 0.10000000000000002, 'sigma2': 0.01714510488809165, 't_step': 5.0}
refined search candidate: {'sigma0': 3.0000000000000004, 'sigma1': 0.10000000000000002, 'sigma2': 0.018027175646012753, 't_step': 5.0}
refined search candidate: {'sigma0': 3.0000000000000004, 'sigma1': 0.10000000000000002, 'sigma2': 0.018954626635029434, 't_step': 5.0}
refined search candidate: {'sigma0': 3.0000000000000004, 'sigma1': 0.1000024999062555, 'sigma2': 0.015508330883205908, 't_step': 5.0}
refined search candidate: {'sigma0': 3.0000000000000004, 'sigma1': 0.1000024999062555, 'sigma2': 0.016306193903906464, 't_step': 5.0}
refined search candidate: {'sigma0': 3.0000000000000004, 'sigma1': 0.1000024999062555, 'sigma2': 0.01714510488809165, 't_step': 5.0}
refined search candidate: {'sigma0': 3.0000000000000004, 'sigma1': 0.1000024999062555, 'sigma2': 0.018027175646012753, 't_step': 5.0}
refined search candidate: {'sigma0': 3.0000000000000004, 'sigma1': 0.1000024999062555, 'sigma2': 0.018954626635029434, 't_step': 5.0}
refined search candidate: {'sigma0': 3.0000000000000004, 'sigma1': 0.10000499987500627, 'sigma2': 0.015508330883205908, 't_step': 5.0}
refined search candidate: {'sigma0': 3.0000000000000004, 'sigma1': 0.10000499987500627, 'sigma2': 0.016306193903906464, 't_step': 5.0}
refined search candidate: {'sigma0': 3.0000000000000004, 'sigma1': 0.10000499987500627, 'sigma2': 0.01714510488809165, 't_step': 5.0}
refined search candidate: {'sigma0': 3.0000000000000004, 'sigma1': 0.10000499987500627, 'sigma2': 0.018027175646012753, 't_step': 5.0}
refined search candidate: {'sigma0': 3.0000000000000004, 'sigma1': 0.10000499987500627, 'sigma2': 0.018954626635029434, 't_step': 5.0}
refined search candidate: {'sigma0': 3.0000000000000004, 'sigma1': 0.10000749990625393, 'sigma2': 0.015508330883205908, 't_step': 5.0}
refined search candidate: {'sigma0': 3.0000000000000004, 'sigma1': 0.10000749990625393, 'sigma2': 0.016306193903906464, 't_step': 5.0}
refined search candidate: {'sigma0': 3.0000000000000004, 'sigma1': 0.10000749990625393, 'sigma2': 0.01714510488809165, 't_step': 5.0}
refined search candidate: {'sigma0': 3.0000000000000004, 'sigma1': 0.10000749990625393, 'sigma2': 0.018027175646012753, 't_step': 5.0}
refined search candidate: {'sigma0': 3.0000000000000004, 'sigma1': 0.10000749990625393, 'sigma2': 0.018954626635029434, 't_step': 5.0}
refined search candidate: {'sigma0': 3.0000000000000004, 'sigma1': 0.10001000000000003, 'sigma2': 0.015508330883205908, 't_step': 5.0}
refined search candidate: {'sigma0': 3.0000000000000004, 'sigma1': 0.10001000000000003, 'sigma2': 0.016306193903906464, 't_step': 5.0}
refined search candidate: {'sigma0': 3.0000000000000004, 'sigma1': 0.10001000000000003, 'sigma2': 0.01714510488809165, 't_step': 5.0}
refined search candidate: {'sigma0': 3.0000000000000004, 'sigma1': 0.10001000000000003, 'sigma2': 0.018027175646012753, 't_step': 5.0}
refined search candidate: {'sigma0': 3.0000000000000004, 'sigma1': 0.10001000000000003, 'sigma2': 0.018954626635029434, 't_step': 5.0}
refined search candidate: {'sigma0': 3.000074997187664, 'sigma1': 0.10000000000000002, 'sigma2': 0.015508330883205908, 't_step': 5.0}
refined search candidate: {'sigma0': 3.000074997187664, 'sigma1': 0.10000000000000002, 'sigma2': 0.016306193903906464, 't_step': 5.0}
refined search candidate: {'sigma0': 3.000074997187664, 'sigma1': 0.10000000000000002, 'sigma2': 0.01714510488809165, 't_step': 5.0}
refined search candidate: {'sigma0': 3.000074997187664, 'sigma1': 0.10000000000000002, 'sigma2': 0.018027175646012753, 't_step': 5.0}
refined search candidate: {'sigma0': 3.000074997187664, 'sigma1': 0.10000000000000002, 'sigma2': 0.018954626635029434, 't_step': 5.0}
refined search candidate: {'sigma0': 3.000074997187664, 'sigma1': 0.1000024999062555, 'sigma2': 0.015508330883205908, 't_step': 5.0}
refined search candidate: {'sigma0': 3.000074997187664, 'sigma1': 0.1000024999062555, 'sigma2': 0.016306193903906464, 't_step': 5.0}
refined search candidate: {'sigma0': 3.000074997187664, 'sigma1': 0.1000024999062555, 'sigma2': 0.01714510488809165, 't_step': 5.0}
refined search candidate: {'sigma0': 3.000074997187664, 'sigma1': 0.1000024999062555, 'sigma2': 0.018027175646012753, 't_step': 5.0}
refined search candidate: {'sigma0': 3.000074997187664, 'sigma1': 0.1000024999062555, 'sigma2': 0.018954626635029434, 't_step': 5.0}
refined search candidate: {'sigma0': 3.000074997187664, 'sigma1': 0.10000499987500627, 'sigma2': 0.015508330883205908, 't_step': 5.0}
refined search candidate: {'sigma0': 3.000074997187664, 'sigma1': 0.10000499987500627, 'sigma2': 0.016306193903906464, 't_step': 5.0}
refined search candidate: {'sigma0': 3.000074997187664, 'sigma1': 0.10000499987500627, 'sigma2': 0.01714510488809165, 't_step': 5.0}
refined search candidate: {'sigma0': 3.000074997187664, 'sigma1': 0.10000499987500627, 'sigma2': 0.018027175646012753, 't_step': 5.0}
refined search candidate: {'sigma0': 3.000074997187664, 'sigma1': 0.10000499987500627, 'sigma2': 0.018954626635029434, 't_step': 5.0}
refined search candidate: {'sigma0': 3.000074997187664, 'sigma1': 0.10000749990625393, 'sigma2': 0.015508330883205908, 't_step': 5.0}
refined search candidate: {'sigma0': 3.000074997187664, 'sigma1': 0.10000749990625393, 'sigma2': 0.016306193903906464, 't_step': 5.0}
refined search candidate: {'sigma0': 3.000074997187664, 'sigma1': 0.10000749990625393, 'sigma2': 0.01714510488809165, 't_step': 5.0}
refined search candidate: {'sigma0': 3.000074997187664, 'sigma1': 0.10000749990625393, 'sigma2': 0.018027175646012753, 't_step': 5.0}
refined search candidate: {'sigma0': 3.000074997187664, 'sigma1': 0.10000749990625393, 'sigma2': 0.018954626635029434, 't_step': 5.0}
refined search candidate: {'sigma0': 3.000074997187664, 'sigma1': 0.10001000000000003, 'sigma2': 0.015508330883205908, 't_step': 5.0}
refined search candidate: {'sigma0': 3.000074997187664, 'sigma1': 0.10001000000000003, 'sigma2': 0.016306193903906464, 't_step': 5.0}
refined search candidate: {'sigma0': 3.000074997187664, 'sigma1': 0.10001000000000003, 'sigma2': 0.01714510488809165, 't_step': 5.0}
refined search candidate: {'sigma0': 3.000074997187664, 'sigma1': 0.10001000000000003, 'sigma2': 0.018027175646012753, 't_step': 5.0}
refined search candidate: {'sigma0': 3.000074997187664, 'sigma1': 0.10001000000000003, 'sigma2': 0.018954626635029434, 't_step': 5.0}
refined search candidate: {'sigma0': 3.0001499962501876, 'sigma1': 0.10000000000000002, 'sigma2': 0.015508330883205908, 't_step': 5.0}
refined search candidate: {'sigma0': 3.0001499962501876, 'sigma1': 0.10000000000000002, 'sigma2': 0.016306193903906464, 't_step': 5.0}
refined search candidate: {'sigma0': 3.0001499962501876, 'sigma1': 0.10000000000000002, 'sigma2': 0.01714510488809165, 't_step': 5.0}
refined search candidate: {'sigma0': 3.0001499962501876, 'sigma1': 0.10000000000000002, 'sigma2': 0.018027175646012753, 't_step': 5.0}
refined search candidate: {'sigma0': 3.0001499962501876, 'sigma1': 0.10000000000000002, 'sigma2': 0.018954626635029434, 't_step': 5.0}
refined search candidate: {'sigma0': 3.0001499962501876, 'sigma1': 0.1000024999062555, 'sigma2': 0.015508330883205908, 't_step': 5.0}
refined search candidate: {'sigma0': 3.0001499962501876, 'sigma1': 0.1000024999062555, 'sigma2': 0.016306193903906464, 't_step': 5.0}
refined search candidate: {'sigma0': 3.0001499962501876, 'sigma1': 0.1000024999062555, 'sigma2': 0.01714510488809165, 't_step': 5.0}
refined search candidate: {'sigma0': 3.0001499962501876, 'sigma1': 0.1000024999062555, 'sigma2': 0.018027175646012753, 't_step': 5.0}
refined search candidate: {'sigma0': 3.0001499962501876, 'sigma1': 0.1000024999062555, 'sigma2': 0.018954626635029434, 't_step': 5.0}
refined search candidate: {'sigma0': 3.0001499962501876, 'sigma1': 0.10000499987500627, 'sigma2': 0.015508330883205908, 't_step': 5.0}
refined search candidate: {'sigma0': 3.0001499962501876, 'sigma1': 0.10000499987500627, 'sigma2': 0.016306193903906464, 't_step': 5.0}
refined search candidate: {'sigma0': 3.0001499962501876, 'sigma1': 0.10000499987500627, 'sigma2': 0.01714510488809165, 't_step': 5.0}
refined search candidate: {'sigma0': 3.0001499962501876, 'sigma1': 0.10000499987500627, 'sigma2': 0.018027175646012753, 't_step': 5.0}
refined search candidate: {'sigma0': 3.0001499962501876, 'sigma1': 0.10000499987500627, 'sigma2': 0.018954626635029434, 't_step': 5.0}
refined search candidate: {'sigma0': 3.0001499962501876, 'sigma1': 0.10000749990625393, 'sigma2': 0.015508330883205908, 't_step': 5.0}
refined search candidate: {'sigma0': 3.0001499962501876, 'sigma1': 0.10000749990625393, 'sigma2': 0.016306193903906464, 't_step': 5.0}
refined search candidate: {'sigma0': 3.0001499962501876, 'sigma1': 0.10000749990625393, 'sigma2': 0.01714510488809165, 't_step': 5.0}
refined search candidate: {'sigma0': 3.0001499962501876, 'sigma1': 0.10000749990625393, 'sigma2': 0.018027175646012753, 't_step': 5.0}
refined search candidate: {'sigma0': 3.0001499962501876, 'sigma1': 0.10000749990625393, 'sigma2': 0.018954626635029434, 't_step': 5.0}
refined search candidate: {'sigma0': 3.0001499962501876, 'sigma1': 0.10001000000000003, 'sigma2': 0.015508330883205908, 't_step': 5.0}
refined search candidate: {'sigma0': 3.0001499962501876, 'sigma1': 0.10001000000000003, 'sigma2': 0.016306193903906464, 't_step': 5.0}
refined search candidate: {'sigma0': 3.0001499962501876, 'sigma1': 0.10001000000000003, 'sigma2': 0.01714510488809165, 't_step': 5.0}
refined search candidate: {'sigma0': 3.0001499962501876, 'sigma1': 0.10001000000000003, 'sigma2': 0.018027175646012753, 't_step': 5.0}
refined search candidate: {'sigma0': 3.0001499962501876, 'sigma1': 0.10001000000000003, 'sigma2': 0.018954626635029434, 't_step': 5.0}
refined search candidate: {'sigma0': 3.0002249971876176, 'sigma1': 0.10000000000000002, 'sigma2': 0.015508330883205908, 't_step': 5.0}
refined search candidate: {'sigma0': 3.0002249971876176, 'sigma1': 0.10000000000000002, 'sigma2': 0.016306193903906464, 't_step': 5.0}
refined search candidate: {'sigma0': 3.0002249971876176, 'sigma1': 0.10000000000000002, 'sigma2': 0.01714510488809165, 't_step': 5.0}
refined search candidate: {'sigma0': 3.0002249971876176, 'sigma1': 0.10000000000000002, 'sigma2': 0.018027175646012753, 't_step': 5.0}
refined search candidate: {'sigma0': 3.0002249971876176, 'sigma1': 0.10000000000000002, 'sigma2': 0.018954626635029434, 't_step': 5.0}
refined search candidate: {'sigma0': 3.0002249971876176, 'sigma1': 0.1000024999062555, 'sigma2': 0.015508330883205908, 't_step': 5.0}
refined search candidate: {'sigma0': 3.0002249971876176, 'sigma1': 0.1000024999062555, 'sigma2': 0.016306193903906464, 't_step': 5.0}
refined search candidate: {'sigma0': 3.0002249971876176, 'sigma1': 0.1000024999062555, 'sigma2': 0.01714510488809165, 't_step': 5.0}
refined search candidate: {'sigma0': 3.0002249971876176, 'sigma1': 0.1000024999062555, 'sigma2': 0.018027175646012753, 't_step': 5.0}
refined search candidate: {'sigma0': 3.0002249971876176, 'sigma1': 0.1000024999062555, 'sigma2': 0.018954626635029434, 't_step': 5.0}
refined search candidate: {'sigma0': 3.0002249971876176, 'sigma1': 0.10000499987500627, 'sigma2': 0.015508330883205908, 't_step': 5.0}
refined search candidate: {'sigma0': 3.0002249971876176, 'sigma1': 0.10000499987500627, 'sigma2': 0.016306193903906464, 't_step': 5.0}
refined search candidate: {'sigma0': 3.0002249971876176, 'sigma1': 0.10000499987500627, 'sigma2': 0.01714510488809165, 't_step': 5.0}
refined search candidate: {'sigma0': 3.0002249971876176, 'sigma1': 0.10000499987500627, 'sigma2': 0.018027175646012753, 't_step': 5.0}
refined search candidate: {'sigma0': 3.0002249971876176, 'sigma1': 0.10000499987500627, 'sigma2': 0.018954626635029434, 't_step': 5.0}
refined search candidate: {'sigma0': 3.0002249971876176, 'sigma1': 0.10000749990625393, 'sigma2': 0.015508330883205908, 't_step': 5.0}
refined search candidate: {'sigma0': 3.0002249971876176, 'sigma1': 0.10000749990625393, 'sigma2': 0.016306193903906464, 't_step': 5.0}
refined search candidate: {'sigma0': 3.0002249971876176, 'sigma1': 0.10000749990625393, 'sigma2': 0.01714510488809165, 't_step': 5.0}
refined search candidate: {'sigma0': 3.0002249971876176, 'sigma1': 0.10000749990625393, 'sigma2': 0.018027175646012753, 't_step': 5.0}
refined search candidate: {'sigma0': 3.0002249971876176, 'sigma1': 0.10000749990625393, 'sigma2': 0.018954626635029434, 't_step': 5.0}
refined search candidate: {'sigma0': 3.0002249971876176, 'sigma1': 0.10001000000000003, 'sigma2': 0.015508330883205908, 't_step': 5.0}
refined search candidate: {'sigma0': 3.0002249971876176, 'sigma1': 0.10001000000000003, 'sigma2': 0.016306193903906464, 't_step': 5.0}
refined search candidate: {'sigma0': 3.0002249971876176, 'sigma1': 0.10001000000000003, 'sigma2': 0.01714510488809165, 't_step': 5.0}
refined search candidate: {'sigma0': 3.0002249971876176, 'sigma1': 0.10001000000000003, 'sigma2': 0.018027175646012753, 't_step': 5.0}
refined search candidate: {'sigma0': 3.0002249971876176, 'sigma1': 0.10001000000000003, 'sigma2': 0.018954626635029434, 't_step': 5.0}
refined search candidate: {'sigma0': 3.0003, 'sigma1': 0.10000000000000002, 'sigma2': 0.015508330883205908, 't_step': 5.0}
refined search candidate: {'sigma0': 3.0003, 'sigma1': 0.10000000000000002, 'sigma2': 0.016306193903906464, 't_step': 5.0}
refined search candidate: {'sigma0': 3.0003, 'sigma1': 0.10000000000000002, 'sigma2': 0.01714510488809165, 't_step': 5.0}
refined search candidate: {'sigma0': 3.0003, 'sigma1': 0.10000000000000002, 'sigma2': 0.018027175646012753, 't_step': 5.0}
refined search candidate: {'sigma0': 3.0003, 'sigma1': 0.10000000000000002, 'sigma2': 0.018954626635029434, 't_step': 5.0}
refined search candidate: {'sigma0': 3.0003, 'sigma1': 0.1000024999062555, 'sigma2': 0.015508330883205908, 't_step': 5.0}
refined search candidate: {'sigma0': 3.0003, 'sigma1': 0.1000024999062555, 'sigma2': 0.016306193903906464, 't_step': 5.0}
refined search candidate: {'sigma0': 3.0003, 'sigma1': 0.1000024999062555, 'sigma2': 0.01714510488809165, 't_step': 5.0}
refined search candidate: {'sigma0': 3.0003, 'sigma1': 0.1000024999062555, 'sigma2': 0.018027175646012753, 't_step': 5.0}
refined search candidate: {'sigma0': 3.0003, 'sigma1': 0.1000024999062555, 'sigma2': 0.018954626635029434, 't_step': 5.0}
refined search candidate: {'sigma0': 3.0003, 'sigma1': 0.10000499987500627, 'sigma2': 0.015508330883205908, 't_step': 5.0}
refined search candidate: {'sigma0': 3.0003, 'sigma1': 0.10000499987500627, 'sigma2': 0.016306193903906464, 't_step': 5.0}
refined search candidate: {'sigma0': 3.0003, 'sigma1': 0.10000499987500627, 'sigma2': 0.01714510488809165, 't_step': 5.0}
refined search candidate: {'sigma0': 3.0003, 'sigma1': 0.10000499987500627, 'sigma2': 0.018027175646012753, 't_step': 5.0}
refined search candidate: {'sigma0': 3.0003, 'sigma1': 0.10000499987500627, 'sigma2': 0.018954626635029434, 't_step': 5.0}
refined search candidate: {'sigma0': 3.0003, 'sigma1': 0.10000749990625393, 'sigma2': 0.015508330883205908, 't_step': 5.0}
refined search candidate: {'sigma0': 3.0003, 'sigma1': 0.10000749990625393, 'sigma2': 0.016306193903906464, 't_step': 5.0}
refined search candidate: {'sigma0': 3.0003, 'sigma1': 0.10000749990625393, 'sigma2': 0.01714510488809165, 't_step': 5.0}
refined search candidate: {'sigma0': 3.0003, 'sigma1': 0.10000749990625393, 'sigma2': 0.018027175646012753, 't_step': 5.0}
refined search candidate: {'sigma0': 3.0003, 'sigma1': 0.10000749990625393, 'sigma2': 0.018954626635029434, 't_step': 5.0}
refined search candidate: {'sigma0': 3.0003, 'sigma1': 0.10001000000000003, 'sigma2': 0.015508330883205908, 't_step': 5.0}
refined search candidate: {'sigma0': 3.0003, 'sigma1': 0.10001000000000003, 'sigma2': 0.016306193903906464, 't_step': 5.0}
refined search candidate: {'sigma0': 3.0003, 'sigma1': 0.10001000000000003, 'sigma2': 0.01714510488809165, 't_step': 5.0}
refined search candidate: {'sigma0': 3.0003, 'sigma1': 0.10001000000000003, 'sigma2': 0.018027175646012753, 't_step': 5.0}
refined search candidate: {'sigma0': 3.0003, 'sigma1': 0.10001000000000003, 'sigma2': 0.018954626635029434, 't_step': 5.0}
REFINED best params: {'sigma0': 3.0000000000000004, 'sigma1': 0.10000000000000002, 'sigma2': 0.015508330883205908, 't_step': 5, 'noise_mode': 'three-regime', 'metric': 'cosine', 'layer': 'resnet50-conv1_relu1', 'encoder': 'resnet50-conv1_relu1', 'stimulus_set': 'Auditory Textures'}
REFINED mse_per_isi: [0.64004382 0.51106558 0.34522689 0.05334431 0.26994723 0.37160852
 0.15375522 0.31301652]
REFINED obj: 0.28828060954976564
✔ Saved 1 best models to /om2/user/bjmedina/auditory-memory/memory/fits/fits_v12_three-regime_best
