=======================================
SLURM_ARRAY_TASK_ID = 5
YAML_PATH = /om2/user/bjmedina/auditory-memory/memory/model_yamls/three-regime/kell2018/run_000005.yaml
=======================================
Running config:
  YAML: /om2/user/bjmedina/auditory-memory/memory/model_yamls/three-regime/kell2018/run_000005.yaml
  Encoder: kell2018
  Metric: cosine
  Noise: three-regime
/om2/user/bjmedina/auditory-memory/memory/figures/figures_v11_three-regime_cosine_median_dist/env-sounds/kell2018/cosine/three-regime/ /om2/user/bjmedina/auditory-memory/memory/fits/fits_v11_three-regime_cosine_median_dist_best
Created directory: /om2/user/bjmedina/auditory-memory/memory/figures/figures_v11_three-regime_cosine_median_dist/env-sounds/kell2018/cosine/three-regime/
Directory already exists: /om2/user/bjmedina/auditory-memory/memory/fits/fits_v11_three-regime_cosine_median_dist_best
Directory already exists: /om2/user/bjmedina/auditory-memory/memory/fits/fits_v11_three-regime_cosine_median_dist_all
Encoder name: kell2018-relufc
LOADING FROM /om2/user/bjmedina/models/cochdnn/model_directories/kell2018_word_speaker_audioset/
=> loading checkpoint '/om2/user/bjmedina/models/cochdnn/model_checkpoints/audio_rep_training_cochleagram_1/kell2018_word_audioset_speaker_decay_lr/5728d456-ddc2-4fc2-bf07-a41e658f36d4/5_checkpoint.pt'
=> loaded checkpoint '/om2/user/bjmedina/models/cochdnn/model_checkpoints/audio_rep_training_cochleagram_1/kell2018_word_audioset_speaker_decay_lr/5728d456-ddc2-4fc2-bf07-a41e658f36d4/5_checkpoint.pt' (epoch 6)
median distance: 0.5937079082050438
there are 22 candidates
Stage A best sigma0: 0.4757225622495077 mse_isi0: 6.56797786902228e-05
(0.42815030602455695, 0.5232948184744585)
trying out {'sigma0': 0.42815030602455695, 'sigma1': 0.000808907877325541, 'sigma2': 0.00010000000000000009, 't_step': 5.0}
trying out {'sigma0': 0.42815030602455695, 'sigma1': 0.0065433195399931185, 'sigma2': 0.00010000000000000009, 't_step': 5.0}
trying out {'sigma0': 0.42815030602455695, 'sigma1': 0.0065433195399931185, 'sigma2': 0.000808907877325541, 't_step': 5.0}
trying out {'sigma0': 0.42815030602455695, 'sigma1': 0.05292942719758563, 'sigma2': 0.00010000000000000009, 't_step': 5.0}
trying out {'sigma0': 0.42815030602455695, 'sigma1': 0.05292942719758563, 'sigma2': 0.000808907877325541, 't_step': 5.0}
trying out {'sigma0': 0.42815030602455695, 'sigma1': 0.05292942719758563, 'sigma2': 0.0065433195399931185, 't_step': 5.0}
trying out {'sigma0': 0.42815030602455695, 'sigma1': 0.42815030602455695, 'sigma2': 0.00010000000000000009, 't_step': 5.0}
trying out {'sigma0': 0.42815030602455695, 'sigma1': 0.42815030602455695, 'sigma2': 0.000808907877325541, 't_step': 5.0}
trying out {'sigma0': 0.42815030602455695, 'sigma1': 0.42815030602455695, 'sigma2': 0.0065433195399931185, 't_step': 5.0}
trying out {'sigma0': 0.42815030602455695, 'sigma1': 0.42815030602455695, 'sigma2': 0.05292942719758563, 't_step': 5.0}
trying out {'sigma0': 0.4501775183049287, 'sigma1': 0.000808907877325541, 'sigma2': 0.00010000000000000009, 't_step': 5.0}
trying out {'sigma0': 0.4501775183049287, 'sigma1': 0.0065433195399931185, 'sigma2': 0.00010000000000000009, 't_step': 5.0}
trying out {'sigma0': 0.4501775183049287, 'sigma1': 0.0065433195399931185, 'sigma2': 0.000808907877325541, 't_step': 5.0}
trying out {'sigma0': 0.4501775183049287, 'sigma1': 0.05292942719758563, 'sigma2': 0.00010000000000000009, 't_step': 5.0}
trying out {'sigma0': 0.4501775183049287, 'sigma1': 0.05292942719758563, 'sigma2': 0.000808907877325541, 't_step': 5.0}
trying out {'sigma0': 0.4501775183049287, 'sigma1': 0.05292942719758563, 'sigma2': 0.0065433195399931185, 't_step': 5.0}
trying out {'sigma0': 0.4501775183049287, 'sigma1': 0.42815030602455695, 'sigma2': 0.00010000000000000009, 't_step': 5.0}
trying out {'sigma0': 0.4501775183049287, 'sigma1': 0.42815030602455695, 'sigma2': 0.000808907877325541, 't_step': 5.0}
trying out {'sigma0': 0.4501775183049287, 'sigma1': 0.42815030602455695, 'sigma2': 0.0065433195399931185, 't_step': 5.0}
trying out {'sigma0': 0.4501775183049287, 'sigma1': 0.42815030602455695, 'sigma2': 0.05292942719758563, 't_step': 5.0}
trying out {'sigma0': 0.47333797298643215, 'sigma1': 0.000808907877325541, 'sigma2': 0.00010000000000000009, 't_step': 5.0}
trying out {'sigma0': 0.47333797298643215, 'sigma1': 0.0065433195399931185, 'sigma2': 0.00010000000000000009, 't_step': 5.0}
trying out {'sigma0': 0.47333797298643215, 'sigma1': 0.0065433195399931185, 'sigma2': 0.000808907877325541, 't_step': 5.0}
trying out {'sigma0': 0.47333797298643215, 'sigma1': 0.05292942719758563, 'sigma2': 0.00010000000000000009, 't_step': 5.0}
trying out {'sigma0': 0.47333797298643215, 'sigma1': 0.05292942719758563, 'sigma2': 0.000808907877325541, 't_step': 5.0}
trying out {'sigma0': 0.47333797298643215, 'sigma1': 0.05292942719758563, 'sigma2': 0.0065433195399931185, 't_step': 5.0}
trying out {'sigma0': 0.47333797298643215, 'sigma1': 0.42815030602455695, 'sigma2': 0.00010000000000000009, 't_step': 5.0}
trying out {'sigma0': 0.47333797298643215, 'sigma1': 0.42815030602455695, 'sigma2': 0.000808907877325541, 't_step': 5.0}
trying out {'sigma0': 0.47333797298643215, 'sigma1': 0.42815030602455695, 'sigma2': 0.0065433195399931185, 't_step': 5.0}
trying out {'sigma0': 0.47333797298643215, 'sigma1': 0.42815030602455695, 'sigma2': 0.05292942719758563, 't_step': 5.0}
trying out {'sigma0': 0.49768997242359947, 'sigma1': 0.000808907877325541, 'sigma2': 0.00010000000000000009, 't_step': 5.0}
trying out {'sigma0': 0.49768997242359947, 'sigma1': 0.0065433195399931185, 'sigma2': 0.00010000000000000009, 't_step': 5.0}
trying out {'sigma0': 0.49768997242359947, 'sigma1': 0.0065433195399931185, 'sigma2': 0.000808907877325541, 't_step': 5.0}
trying out {'sigma0': 0.49768997242359947, 'sigma1': 0.05292942719758563, 'sigma2': 0.00010000000000000009, 't_step': 5.0}
trying out {'sigma0': 0.49768997242359947, 'sigma1': 0.05292942719758563, 'sigma2': 0.000808907877325541, 't_step': 5.0}
trying out {'sigma0': 0.49768997242359947, 'sigma1': 0.05292942719758563, 'sigma2': 0.0065433195399931185, 't_step': 5.0}
trying out {'sigma0': 0.49768997242359947, 'sigma1': 0.42815030602455695, 'sigma2': 0.00010000000000000009, 't_step': 5.0}
trying out {'sigma0': 0.49768997242359947, 'sigma1': 0.42815030602455695, 'sigma2': 0.000808907877325541, 't_step': 5.0}
trying out {'sigma0': 0.49768997242359947, 'sigma1': 0.42815030602455695, 'sigma2': 0.0065433195399931185, 't_step': 5.0}
trying out {'sigma0': 0.49768997242359947, 'sigma1': 0.42815030602455695, 'sigma2': 0.05292942719758563, 't_step': 5.0}
trying out {'sigma0': 0.5232948184744585, 'sigma1': 0.000808907877325541, 'sigma2': 0.00010000000000000009, 't_step': 5.0}
trying out {'sigma0': 0.5232948184744585, 'sigma1': 0.0065433195399931185, 'sigma2': 0.00010000000000000009, 't_step': 5.0}
trying out {'sigma0': 0.5232948184744585, 'sigma1': 0.0065433195399931185, 'sigma2': 0.000808907877325541, 't_step': 5.0}
trying out {'sigma0': 0.5232948184744585, 'sigma1': 0.05292942719758563, 'sigma2': 0.00010000000000000009, 't_step': 5.0}
trying out {'sigma0': 0.5232948184744585, 'sigma1': 0.05292942719758563, 'sigma2': 0.000808907877325541, 't_step': 5.0}
trying out {'sigma0': 0.5232948184744585, 'sigma1': 0.05292942719758563, 'sigma2': 0.0065433195399931185, 't_step': 5.0}
trying out {'sigma0': 0.5232948184744585, 'sigma1': 0.42815030602455695, 'sigma2': 0.00010000000000000009, 't_step': 5.0}
trying out {'sigma0': 0.5232948184744585, 'sigma1': 0.42815030602455695, 'sigma2': 0.000808907877325541, 't_step': 5.0}
trying out {'sigma0': 0.5232948184744585, 'sigma1': 0.42815030602455695, 'sigma2': 0.0065433195399931185, 't_step': 5.0}
trying out {'sigma0': 0.5232948184744585, 'sigma1': 0.42815030602455695, 'sigma2': 0.05292942719758563, 't_step': 5.0}
Stage B best params: {'sigma0': 0.5232948184744585, 'sigma1': 0.42815030602455695, 'sigma2': 0.0065433195399931185, 't_step': 5.0, 'noise_mode': 'three-regime', 'metric': 'cosine', 'layer': 'kell2018-relufc', 'encoder': 'kell2018-relufc', 'stimulus_set': 'Industrial and Nature'}
Stage B mse_per_isi: [7.17208233e-01 1.01375985e-06 2.55218465e-03 1.85217235e-01
 1.38477441e-02 3.88668570e-02 2.85757027e-03 3.32674387e-03]
Stage B obj (ISI>=1 mean): 0.03523847835080424
refined search candidate: {'sigma0': 0.4709653366270126, 'sigma1': 0.38533527542210133, 'sigma2': 0.005888987585993809, 't_step': 5.0}
refined search candidate: {'sigma0': 0.4709653366270126, 'sigma1': 0.38533527542210133, 'sigma2': 0.00651052073926742, 't_step': 5.0}
refined search candidate: {'sigma0': 0.4709653366270126, 'sigma1': 0.38533527542210133, 'sigma2': 0.007197651493992429, 't_step': 5.0}
refined search candidate: {'sigma0': 0.4709653366270126, 'sigma1': 0.3853545417042274, 'sigma2': 0.005888987585993809, 't_step': 5.0}
refined search candidate: {'sigma0': 0.4709653366270126, 'sigma1': 0.3853545417042274, 'sigma2': 0.00651052073926742, 't_step': 5.0}
refined search candidate: {'sigma0': 0.4709653366270126, 'sigma1': 0.3853545417042274, 'sigma2': 0.007197651493992429, 't_step': 5.0}
refined search candidate: {'sigma0': 0.4709653366270126, 'sigma1': 0.38537380894964346, 'sigma2': 0.005888987585993809, 't_step': 5.0}
refined search candidate: {'sigma0': 0.4709653366270126, 'sigma1': 0.38537380894964346, 'sigma2': 0.00651052073926742, 't_step': 5.0}
refined search candidate: {'sigma0': 0.4709653366270126, 'sigma1': 0.38537380894964346, 'sigma2': 0.007197651493992429, 't_step': 5.0}
refined search candidate: {'sigma0': 0.4709888843051667, 'sigma1': 0.38533527542210133, 'sigma2': 0.005888987585993809, 't_step': 5.0}
refined search candidate: {'sigma0': 0.4709888843051667, 'sigma1': 0.38533527542210133, 'sigma2': 0.00651052073926742, 't_step': 5.0}
refined search candidate: {'sigma0': 0.4709888843051667, 'sigma1': 0.38533527542210133, 'sigma2': 0.007197651493992429, 't_step': 5.0}
refined search candidate: {'sigma0': 0.4709888843051667, 'sigma1': 0.3853545417042274, 'sigma2': 0.005888987585993809, 't_step': 5.0}
refined search candidate: {'sigma0': 0.4709888843051667, 'sigma1': 0.3853545417042274, 'sigma2': 0.00651052073926742, 't_step': 5.0}
refined search candidate: {'sigma0': 0.4709888843051667, 'sigma1': 0.3853545417042274, 'sigma2': 0.007197651493992429, 't_step': 5.0}
refined search candidate: {'sigma0': 0.4709888843051667, 'sigma1': 0.38537380894964346, 'sigma2': 0.005888987585993809, 't_step': 5.0}
refined search candidate: {'sigma0': 0.4709888843051667, 'sigma1': 0.38537380894964346, 'sigma2': 0.00651052073926742, 't_step': 5.0}
refined search candidate: {'sigma0': 0.4709888843051667, 'sigma1': 0.38537380894964346, 'sigma2': 0.007197651493992429, 't_step': 5.0}
refined search candidate: {'sigma0': 0.4710124331606753, 'sigma1': 0.38533527542210133, 'sigma2': 0.005888987585993809, 't_step': 5.0}
refined search candidate: {'sigma0': 0.4710124331606753, 'sigma1': 0.38533527542210133, 'sigma2': 0.00651052073926742, 't_step': 5.0}
refined search candidate: {'sigma0': 0.4710124331606753, 'sigma1': 0.38533527542210133, 'sigma2': 0.007197651493992429, 't_step': 5.0}
refined search candidate: {'sigma0': 0.4710124331606753, 'sigma1': 0.3853545417042274, 'sigma2': 0.005888987585993809, 't_step': 5.0}
refined search candidate: {'sigma0': 0.4710124331606753, 'sigma1': 0.3853545417042274, 'sigma2': 0.00651052073926742, 't_step': 5.0}
refined search candidate: {'sigma0': 0.4710124331606753, 'sigma1': 0.3853545417042274, 'sigma2': 0.007197651493992429, 't_step': 5.0}
refined search candidate: {'sigma0': 0.4710124331606753, 'sigma1': 0.38537380894964346, 'sigma2': 0.005888987585993809, 't_step': 5.0}
refined search candidate: {'sigma0': 0.4710124331606753, 'sigma1': 0.38537380894964346, 'sigma2': 0.00651052073926742, 't_step': 5.0}
refined search candidate: {'sigma0': 0.4710124331606753, 'sigma1': 0.38537380894964346, 'sigma2': 0.007197651493992429, 't_step': 5.0}
REFINED best params: {'sigma0': 0.4709653366270126, 'sigma1': 0.38533527542210133, 'sigma2': 0.00651052073926742, 't_step': 5, 'noise_mode': 'three-regime', 'metric': 'cosine', 'layer': 'kell2018-relufc', 'encoder': 'kell2018-relufc', 'stimulus_set': 'Industrial and Nature'}
REFINED mse_per_isi: [1.91634572 0.00475086 0.00790615 0.0588223  0.00409669 0.00195189
 0.02303084 0.0761409 ]
REFINED obj: 0.025242804822321392
✔ Saved 1 best models to /om2/user/bjmedina/auditory-memory/memory/fits/fits_v11_three-regime_cosine_median_dist_all
