=======================================
SLURM_ARRAY_TASK_ID = 3
YAML_PATH = /om2/user/bjmedina/auditory-memory/memory/model_yamls/three-regime/resnet50/run_000003.yaml
=======================================
Running config:
  YAML: /om2/user/bjmedina/auditory-memory/memory/model_yamls/three-regime/resnet50/run_000003.yaml
  Encoder: resnet50
  Metric: cosine
  Noise: three-regime
/om2/user/bjmedina/auditory-memory/memory/figures/figures_v11_three-regime/env-sounds/resnet50/cosine/three-regime/ /om2/user/bjmedina/auditory-memory/memory/fits/fits_v11_three-regime_best
Directory already exists: /om2/user/bjmedina/auditory-memory/memory/figures/figures_v11_three-regime/env-sounds/resnet50/cosine/three-regime/
Directory already exists: /om2/user/bjmedina/auditory-memory/memory/fits/fits_v11_three-regime_best
Directory already exists: /om2/user/bjmedina/auditory-memory/memory/fits/fits_v11_three-regime_all
Encoder name: resnet50-layer2
LOADING FROM /om2/user/bjmedina/models/cochdnn/model_directories/resnet50_word_speaker_audioset/
=> loading checkpoint '/om2/user/bjmedina/models/cochdnn/model_checkpoints/audio_rep_training_cochleagram_1/standard_training_word_and_audioset_and_speaker_decay_lr/542752d7-9849-49ff-b84a-6758a81585b4/5_checkpoint.pt'
=> loaded checkpoint '/om2/user/bjmedina/models/cochdnn/model_checkpoints/audio_rep_training_cochleagram_1/standard_training_word_and_audioset_and_speaker_decay_lr/542752d7-9849-49ff-b84a-6758a81585b4/5_checkpoint.pt' (epoch 6)
median distance: 1
there are 29 candidates
Stage A best sigma0: 0.17000372989211016 mse_isi0: 0.00421574436668169
✔ Saved 1 best models to /om2/user/bjmedina/auditory-memory/memory/fits/fits_v11_three-regime_all
(0.15300335690289915, 0.1870041028813212)
trying out {'sigma0': 0.15300335690289915, 'sigma1': 0.0006254250037643314, 'sigma2': 0.00010000000000000009, 't_step': 5.0}
trying out {'sigma0': 0.15300335690289915, 'sigma1': 0.003911564353336136, 'sigma2': 0.00010000000000000009, 't_step': 5.0}
trying out {'sigma0': 0.15300335690289915, 'sigma1': 0.003911564353336136, 'sigma2': 0.0006254250037643314, 't_step': 5.0}
trying out {'sigma0': 0.15300335690289915, 'sigma1': 0.024463901504096726, 'sigma2': 0.00010000000000000009, 't_step': 5.0}
trying out {'sigma0': 0.15300335690289915, 'sigma1': 0.024463901504096726, 'sigma2': 0.0006254250037643314, 't_step': 5.0}
trying out {'sigma0': 0.15300335690289915, 'sigma1': 0.024463901504096726, 'sigma2': 0.003911564353336136, 't_step': 5.0}
trying out {'sigma0': 0.15300335690289915, 'sigma1': 0.15300335690289915, 'sigma2': 0.00010000000000000009, 't_step': 5.0}
trying out {'sigma0': 0.15300335690289915, 'sigma1': 0.15300335690289915, 'sigma2': 0.0006254250037643314, 't_step': 5.0}
trying out {'sigma0': 0.15300335690289915, 'sigma1': 0.15300335690289915, 'sigma2': 0.003911564353336136, 't_step': 5.0}
trying out {'sigma0': 0.15300335690289915, 'sigma1': 0.15300335690289915, 'sigma2': 0.024463901504096726, 't_step': 5.0}
trying out {'sigma0': 0.16087497902878956, 'sigma1': 0.0006254250037643314, 'sigma2': 0.00010000000000000009, 't_step': 5.0}
trying out {'sigma0': 0.16087497902878956, 'sigma1': 0.003911564353336136, 'sigma2': 0.00010000000000000009, 't_step': 5.0}
trying out {'sigma0': 0.16087497902878956, 'sigma1': 0.003911564353336136, 'sigma2': 0.0006254250037643314, 't_step': 5.0}
trying out {'sigma0': 0.16087497902878956, 'sigma1': 0.024463901504096726, 'sigma2': 0.00010000000000000009, 't_step': 5.0}
trying out {'sigma0': 0.16087497902878956, 'sigma1': 0.024463901504096726, 'sigma2': 0.0006254250037643314, 't_step': 5.0}
trying out {'sigma0': 0.16087497902878956, 'sigma1': 0.024463901504096726, 'sigma2': 0.003911564353336136, 't_step': 5.0}
trying out {'sigma0': 0.16087497902878956, 'sigma1': 0.15300335690289915, 'sigma2': 0.00010000000000000009, 't_step': 5.0}
trying out {'sigma0': 0.16087497902878956, 'sigma1': 0.15300335690289915, 'sigma2': 0.0006254250037643314, 't_step': 5.0}
trying out {'sigma0': 0.16087497902878956, 'sigma1': 0.15300335690289915, 'sigma2': 0.003911564353336136, 't_step': 5.0}
trying out {'sigma0': 0.16087497902878956, 'sigma1': 0.15300335690289915, 'sigma2': 0.024463901504096726, 't_step': 5.0}
trying out {'sigma0': 0.16915157550391677, 'sigma1': 0.0006254250037643314, 'sigma2': 0.00010000000000000009, 't_step': 5.0}
trying out {'sigma0': 0.16915157550391677, 'sigma1': 0.003911564353336136, 'sigma2': 0.00010000000000000009, 't_step': 5.0}
trying out {'sigma0': 0.16915157550391677, 'sigma1': 0.003911564353336136, 'sigma2': 0.0006254250037643314, 't_step': 5.0}
trying out {'sigma0': 0.16915157550391677, 'sigma1': 0.024463901504096726, 'sigma2': 0.00010000000000000009, 't_step': 5.0}
trying out {'sigma0': 0.16915157550391677, 'sigma1': 0.024463901504096726, 'sigma2': 0.0006254250037643314, 't_step': 5.0}
trying out {'sigma0': 0.16915157550391677, 'sigma1': 0.024463901504096726, 'sigma2': 0.003911564353336136, 't_step': 5.0}
trying out {'sigma0': 0.16915157550391677, 'sigma1': 0.15300335690289915, 'sigma2': 0.00010000000000000009, 't_step': 5.0}
trying out {'sigma0': 0.16915157550391677, 'sigma1': 0.15300335690289915, 'sigma2': 0.0006254250037643314, 't_step': 5.0}
trying out {'sigma0': 0.16915157550391677, 'sigma1': 0.15300335690289915, 'sigma2': 0.003911564353336136, 't_step': 5.0}
trying out {'sigma0': 0.16915157550391677, 'sigma1': 0.15300335690289915, 'sigma2': 0.024463901504096726, 't_step': 5.0}
trying out {'sigma0': 0.1778539811982628, 'sigma1': 0.0006254250037643314, 'sigma2': 0.00010000000000000009, 't_step': 5.0}
trying out {'sigma0': 0.1778539811982628, 'sigma1': 0.003911564353336136, 'sigma2': 0.00010000000000000009, 't_step': 5.0}
trying out {'sigma0': 0.1778539811982628, 'sigma1': 0.003911564353336136, 'sigma2': 0.0006254250037643314, 't_step': 5.0}
trying out {'sigma0': 0.1778539811982628, 'sigma1': 0.024463901504096726, 'sigma2': 0.00010000000000000009, 't_step': 5.0}
trying out {'sigma0': 0.1778539811982628, 'sigma1': 0.024463901504096726, 'sigma2': 0.0006254250037643314, 't_step': 5.0}
trying out {'sigma0': 0.1778539811982628, 'sigma1': 0.024463901504096726, 'sigma2': 0.003911564353336136, 't_step': 5.0}
trying out {'sigma0': 0.1778539811982628, 'sigma1': 0.15300335690289915, 'sigma2': 0.00010000000000000009, 't_step': 5.0}
trying out {'sigma0': 0.1778539811982628, 'sigma1': 0.15300335690289915, 'sigma2': 0.0006254250037643314, 't_step': 5.0}
trying out {'sigma0': 0.1778539811982628, 'sigma1': 0.15300335690289915, 'sigma2': 0.003911564353336136, 't_step': 5.0}
trying out {'sigma0': 0.1778539811982628, 'sigma1': 0.15300335690289915, 'sigma2': 0.024463901504096726, 't_step': 5.0}
trying out {'sigma0': 0.1870041028813212, 'sigma1': 0.0006254250037643314, 'sigma2': 0.00010000000000000009, 't_step': 5.0}
trying out {'sigma0': 0.1870041028813212, 'sigma1': 0.003911564353336136, 'sigma2': 0.00010000000000000009, 't_step': 5.0}
trying out {'sigma0': 0.1870041028813212, 'sigma1': 0.003911564353336136, 'sigma2': 0.0006254250037643314, 't_step': 5.0}
trying out {'sigma0': 0.1870041028813212, 'sigma1': 0.024463901504096726, 'sigma2': 0.00010000000000000009, 't_step': 5.0}
trying out {'sigma0': 0.1870041028813212, 'sigma1': 0.024463901504096726, 'sigma2': 0.0006254250037643314, 't_step': 5.0}
trying out {'sigma0': 0.1870041028813212, 'sigma1': 0.024463901504096726, 'sigma2': 0.003911564353336136, 't_step': 5.0}
trying out {'sigma0': 0.1870041028813212, 'sigma1': 0.15300335690289915, 'sigma2': 0.00010000000000000009, 't_step': 5.0}
trying out {'sigma0': 0.1870041028813212, 'sigma1': 0.15300335690289915, 'sigma2': 0.0006254250037643314, 't_step': 5.0}
trying out {'sigma0': 0.1870041028813212, 'sigma1': 0.15300335690289915, 'sigma2': 0.003911564353336136, 't_step': 5.0}
trying out {'sigma0': 0.1870041028813212, 'sigma1': 0.15300335690289915, 'sigma2': 0.024463901504096726, 't_step': 5.0}
Stage B best params: {'sigma0': 0.15300335690289915, 'sigma1': 0.024463901504096726, 'sigma2': 0.003911564353336136, 't_step': 5.0, 'noise_mode': 'three-regime', 'metric': 'cosine', 'layer': 'resnet50-layer2', 'encoder': 'resnet50-layer2', 'stimulus_set': 'Industrial and Nature'}
Stage B mse_per_isi: [1.47708329 0.60414615 0.08157047 0.01687125 0.00217104 0.02660627
 0.08206645 0.16413289]
Stage B obj (ISI>=1 mean): 0.13965207364973103
✔ Saved 1 best models to /om2/user/bjmedina/auditory-memory/memory/fits/fits_v11_three-regime_all
refined search candidate: {'sigma0': 3.0000000000000004, 'sigma1': 0.10000000000000002, 'sigma2': 0.0035204079180025235, 't_step': 5.0}
refined search candidate: {'sigma0': 3.0000000000000004, 'sigma1': 0.10000000000000002, 'sigma2': 0.0037015236884041804, 't_step': 5.0}
refined search candidate: {'sigma0': 3.0000000000000004, 'sigma1': 0.10000000000000002, 'sigma2': 0.0038919573910035352, 't_step': 5.0}
refined search candidate: {'sigma0': 3.0000000000000004, 'sigma1': 0.10000000000000002, 'sigma2': 0.004092188409016353, 't_step': 5.0}
refined search candidate: {'sigma0': 3.0000000000000004, 'sigma1': 0.10000000000000002, 'sigma2': 0.004302720788669749, 't_step': 5.0}
refined search candidate: {'sigma0': 3.0000000000000004, 'sigma1': 0.1000024999062555, 'sigma2': 0.0035204079180025235, 't_step': 5.0}
refined search candidate: {'sigma0': 3.0000000000000004, 'sigma1': 0.1000024999062555, 'sigma2': 0.0037015236884041804, 't_step': 5.0}
refined search candidate: {'sigma0': 3.0000000000000004, 'sigma1': 0.1000024999062555, 'sigma2': 0.0038919573910035352, 't_step': 5.0}
refined search candidate: {'sigma0': 3.0000000000000004, 'sigma1': 0.1000024999062555, 'sigma2': 0.004092188409016353, 't_step': 5.0}
refined search candidate: {'sigma0': 3.0000000000000004, 'sigma1': 0.1000024999062555, 'sigma2': 0.004302720788669749, 't_step': 5.0}
refined search candidate: {'sigma0': 3.0000000000000004, 'sigma1': 0.10000499987500627, 'sigma2': 0.0035204079180025235, 't_step': 5.0}
refined search candidate: {'sigma0': 3.0000000000000004, 'sigma1': 0.10000499987500627, 'sigma2': 0.0037015236884041804, 't_step': 5.0}
refined search candidate: {'sigma0': 3.0000000000000004, 'sigma1': 0.10000499987500627, 'sigma2': 0.0038919573910035352, 't_step': 5.0}
refined search candidate: {'sigma0': 3.0000000000000004, 'sigma1': 0.10000499987500627, 'sigma2': 0.004092188409016353, 't_step': 5.0}
refined search candidate: {'sigma0': 3.0000000000000004, 'sigma1': 0.10000499987500627, 'sigma2': 0.004302720788669749, 't_step': 5.0}
refined search candidate: {'sigma0': 3.0000000000000004, 'sigma1': 0.10000749990625393, 'sigma2': 0.0035204079180025235, 't_step': 5.0}
refined search candidate: {'sigma0': 3.0000000000000004, 'sigma1': 0.10000749990625393, 'sigma2': 0.0037015236884041804, 't_step': 5.0}
refined search candidate: {'sigma0': 3.0000000000000004, 'sigma1': 0.10000749990625393, 'sigma2': 0.0038919573910035352, 't_step': 5.0}
refined search candidate: {'sigma0': 3.0000000000000004, 'sigma1': 0.10000749990625393, 'sigma2': 0.004092188409016353, 't_step': 5.0}
refined search candidate: {'sigma0': 3.0000000000000004, 'sigma1': 0.10000749990625393, 'sigma2': 0.004302720788669749, 't_step': 5.0}
refined search candidate: {'sigma0': 3.0000000000000004, 'sigma1': 0.10001000000000003, 'sigma2': 0.0035204079180025235, 't_step': 5.0}
refined search candidate: {'sigma0': 3.0000000000000004, 'sigma1': 0.10001000000000003, 'sigma2': 0.0037015236884041804, 't_step': 5.0}
refined search candidate: {'sigma0': 3.0000000000000004, 'sigma1': 0.10001000000000003, 'sigma2': 0.0038919573910035352, 't_step': 5.0}
refined search candidate: {'sigma0': 3.0000000000000004, 'sigma1': 0.10001000000000003, 'sigma2': 0.004092188409016353, 't_step': 5.0}
refined search candidate: {'sigma0': 3.0000000000000004, 'sigma1': 0.10001000000000003, 'sigma2': 0.004302720788669749, 't_step': 5.0}
refined search candidate: {'sigma0': 3.000074997187664, 'sigma1': 0.10000000000000002, 'sigma2': 0.0035204079180025235, 't_step': 5.0}
refined search candidate: {'sigma0': 3.000074997187664, 'sigma1': 0.10000000000000002, 'sigma2': 0.0037015236884041804, 't_step': 5.0}
refined search candidate: {'sigma0': 3.000074997187664, 'sigma1': 0.10000000000000002, 'sigma2': 0.0038919573910035352, 't_step': 5.0}
refined search candidate: {'sigma0': 3.000074997187664, 'sigma1': 0.10000000000000002, 'sigma2': 0.004092188409016353, 't_step': 5.0}
refined search candidate: {'sigma0': 3.000074997187664, 'sigma1': 0.10000000000000002, 'sigma2': 0.004302720788669749, 't_step': 5.0}
refined search candidate: {'sigma0': 3.000074997187664, 'sigma1': 0.1000024999062555, 'sigma2': 0.0035204079180025235, 't_step': 5.0}
refined search candidate: {'sigma0': 3.000074997187664, 'sigma1': 0.1000024999062555, 'sigma2': 0.0037015236884041804, 't_step': 5.0}
refined search candidate: {'sigma0': 3.000074997187664, 'sigma1': 0.1000024999062555, 'sigma2': 0.0038919573910035352, 't_step': 5.0}
refined search candidate: {'sigma0': 3.000074997187664, 'sigma1': 0.1000024999062555, 'sigma2': 0.004092188409016353, 't_step': 5.0}
refined search candidate: {'sigma0': 3.000074997187664, 'sigma1': 0.1000024999062555, 'sigma2': 0.004302720788669749, 't_step': 5.0}
refined search candidate: {'sigma0': 3.000074997187664, 'sigma1': 0.10000499987500627, 'sigma2': 0.0035204079180025235, 't_step': 5.0}
refined search candidate: {'sigma0': 3.000074997187664, 'sigma1': 0.10000499987500627, 'sigma2': 0.0037015236884041804, 't_step': 5.0}
refined search candidate: {'sigma0': 3.000074997187664, 'sigma1': 0.10000499987500627, 'sigma2': 0.0038919573910035352, 't_step': 5.0}
refined search candidate: {'sigma0': 3.000074997187664, 'sigma1': 0.10000499987500627, 'sigma2': 0.004092188409016353, 't_step': 5.0}
refined search candidate: {'sigma0': 3.000074997187664, 'sigma1': 0.10000499987500627, 'sigma2': 0.004302720788669749, 't_step': 5.0}
refined search candidate: {'sigma0': 3.000074997187664, 'sigma1': 0.10000749990625393, 'sigma2': 0.0035204079180025235, 't_step': 5.0}
refined search candidate: {'sigma0': 3.000074997187664, 'sigma1': 0.10000749990625393, 'sigma2': 0.0037015236884041804, 't_step': 5.0}
refined search candidate: {'sigma0': 3.000074997187664, 'sigma1': 0.10000749990625393, 'sigma2': 0.0038919573910035352, 't_step': 5.0}
refined search candidate: {'sigma0': 3.000074997187664, 'sigma1': 0.10000749990625393, 'sigma2': 0.004092188409016353, 't_step': 5.0}
refined search candidate: {'sigma0': 3.000074997187664, 'sigma1': 0.10000749990625393, 'sigma2': 0.004302720788669749, 't_step': 5.0}
refined search candidate: {'sigma0': 3.000074997187664, 'sigma1': 0.10001000000000003, 'sigma2': 0.0035204079180025235, 't_step': 5.0}
refined search candidate: {'sigma0': 3.000074997187664, 'sigma1': 0.10001000000000003, 'sigma2': 0.0037015236884041804, 't_step': 5.0}
refined search candidate: {'sigma0': 3.000074997187664, 'sigma1': 0.10001000000000003, 'sigma2': 0.0038919573910035352, 't_step': 5.0}
refined search candidate: {'sigma0': 3.000074997187664, 'sigma1': 0.10001000000000003, 'sigma2': 0.004092188409016353, 't_step': 5.0}
refined search candidate: {'sigma0': 3.000074997187664, 'sigma1': 0.10001000000000003, 'sigma2': 0.004302720788669749, 't_step': 5.0}
refined search candidate: {'sigma0': 3.0001499962501876, 'sigma1': 0.10000000000000002, 'sigma2': 0.0035204079180025235, 't_step': 5.0}
refined search candidate: {'sigma0': 3.0001499962501876, 'sigma1': 0.10000000000000002, 'sigma2': 0.0037015236884041804, 't_step': 5.0}
refined search candidate: {'sigma0': 3.0001499962501876, 'sigma1': 0.10000000000000002, 'sigma2': 0.0038919573910035352, 't_step': 5.0}
refined search candidate: {'sigma0': 3.0001499962501876, 'sigma1': 0.10000000000000002, 'sigma2': 0.004092188409016353, 't_step': 5.0}
refined search candidate: {'sigma0': 3.0001499962501876, 'sigma1': 0.10000000000000002, 'sigma2': 0.004302720788669749, 't_step': 5.0}
refined search candidate: {'sigma0': 3.0001499962501876, 'sigma1': 0.1000024999062555, 'sigma2': 0.0035204079180025235, 't_step': 5.0}
refined search candidate: {'sigma0': 3.0001499962501876, 'sigma1': 0.1000024999062555, 'sigma2': 0.0037015236884041804, 't_step': 5.0}
refined search candidate: {'sigma0': 3.0001499962501876, 'sigma1': 0.1000024999062555, 'sigma2': 0.0038919573910035352, 't_step': 5.0}
refined search candidate: {'sigma0': 3.0001499962501876, 'sigma1': 0.1000024999062555, 'sigma2': 0.004092188409016353, 't_step': 5.0}
refined search candidate: {'sigma0': 3.0001499962501876, 'sigma1': 0.1000024999062555, 'sigma2': 0.004302720788669749, 't_step': 5.0}
refined search candidate: {'sigma0': 3.0001499962501876, 'sigma1': 0.10000499987500627, 'sigma2': 0.0035204079180025235, 't_step': 5.0}
refined search candidate: {'sigma0': 3.0001499962501876, 'sigma1': 0.10000499987500627, 'sigma2': 0.0037015236884041804, 't_step': 5.0}
refined search candidate: {'sigma0': 3.0001499962501876, 'sigma1': 0.10000499987500627, 'sigma2': 0.0038919573910035352, 't_step': 5.0}
refined search candidate: {'sigma0': 3.0001499962501876, 'sigma1': 0.10000499987500627, 'sigma2': 0.004092188409016353, 't_step': 5.0}
refined search candidate: {'sigma0': 3.0001499962501876, 'sigma1': 0.10000499987500627, 'sigma2': 0.004302720788669749, 't_step': 5.0}
refined search candidate: {'sigma0': 3.0001499962501876, 'sigma1': 0.10000749990625393, 'sigma2': 0.0035204079180025235, 't_step': 5.0}
refined search candidate: {'sigma0': 3.0001499962501876, 'sigma1': 0.10000749990625393, 'sigma2': 0.0037015236884041804, 't_step': 5.0}
refined search candidate: {'sigma0': 3.0001499962501876, 'sigma1': 0.10000749990625393, 'sigma2': 0.0038919573910035352, 't_step': 5.0}
refined search candidate: {'sigma0': 3.0001499962501876, 'sigma1': 0.10000749990625393, 'sigma2': 0.004092188409016353, 't_step': 5.0}
refined search candidate: {'sigma0': 3.0001499962501876, 'sigma1': 0.10000749990625393, 'sigma2': 0.004302720788669749, 't_step': 5.0}
refined search candidate: {'sigma0': 3.0001499962501876, 'sigma1': 0.10001000000000003, 'sigma2': 0.0035204079180025235, 't_step': 5.0}
refined search candidate: {'sigma0': 3.0001499962501876, 'sigma1': 0.10001000000000003, 'sigma2': 0.0037015236884041804, 't_step': 5.0}
refined search candidate: {'sigma0': 3.0001499962501876, 'sigma1': 0.10001000000000003, 'sigma2': 0.0038919573910035352, 't_step': 5.0}
refined search candidate: {'sigma0': 3.0001499962501876, 'sigma1': 0.10001000000000003, 'sigma2': 0.004092188409016353, 't_step': 5.0}
refined search candidate: {'sigma0': 3.0001499962501876, 'sigma1': 0.10001000000000003, 'sigma2': 0.004302720788669749, 't_step': 5.0}
refined search candidate: {'sigma0': 3.0002249971876176, 'sigma1': 0.10000000000000002, 'sigma2': 0.0035204079180025235, 't_step': 5.0}
refined search candidate: {'sigma0': 3.0002249971876176, 'sigma1': 0.10000000000000002, 'sigma2': 0.0037015236884041804, 't_step': 5.0}
refined search candidate: {'sigma0': 3.0002249971876176, 'sigma1': 0.10000000000000002, 'sigma2': 0.0038919573910035352, 't_step': 5.0}
refined search candidate: {'sigma0': 3.0002249971876176, 'sigma1': 0.10000000000000002, 'sigma2': 0.004092188409016353, 't_step': 5.0}
refined search candidate: {'sigma0': 3.0002249971876176, 'sigma1': 0.10000000000000002, 'sigma2': 0.004302720788669749, 't_step': 5.0}
refined search candidate: {'sigma0': 3.0002249971876176, 'sigma1': 0.1000024999062555, 'sigma2': 0.0035204079180025235, 't_step': 5.0}
refined search candidate: {'sigma0': 3.0002249971876176, 'sigma1': 0.1000024999062555, 'sigma2': 0.0037015236884041804, 't_step': 5.0}
refined search candidate: {'sigma0': 3.0002249971876176, 'sigma1': 0.1000024999062555, 'sigma2': 0.0038919573910035352, 't_step': 5.0}
refined search candidate: {'sigma0': 3.0002249971876176, 'sigma1': 0.1000024999062555, 'sigma2': 0.004092188409016353, 't_step': 5.0}
refined search candidate: {'sigma0': 3.0002249971876176, 'sigma1': 0.1000024999062555, 'sigma2': 0.004302720788669749, 't_step': 5.0}
refined search candidate: {'sigma0': 3.0002249971876176, 'sigma1': 0.10000499987500627, 'sigma2': 0.0035204079180025235, 't_step': 5.0}
refined search candidate: {'sigma0': 3.0002249971876176, 'sigma1': 0.10000499987500627, 'sigma2': 0.0037015236884041804, 't_step': 5.0}
refined search candidate: {'sigma0': 3.0002249971876176, 'sigma1': 0.10000499987500627, 'sigma2': 0.0038919573910035352, 't_step': 5.0}
refined search candidate: {'sigma0': 3.0002249971876176, 'sigma1': 0.10000499987500627, 'sigma2': 0.004092188409016353, 't_step': 5.0}
refined search candidate: {'sigma0': 3.0002249971876176, 'sigma1': 0.10000499987500627, 'sigma2': 0.004302720788669749, 't_step': 5.0}
refined search candidate: {'sigma0': 3.0002249971876176, 'sigma1': 0.10000749990625393, 'sigma2': 0.0035204079180025235, 't_step': 5.0}
refined search candidate: {'sigma0': 3.0002249971876176, 'sigma1': 0.10000749990625393, 'sigma2': 0.0037015236884041804, 't_step': 5.0}
refined search candidate: {'sigma0': 3.0002249971876176, 'sigma1': 0.10000749990625393, 'sigma2': 0.0038919573910035352, 't_step': 5.0}
refined search candidate: {'sigma0': 3.0002249971876176, 'sigma1': 0.10000749990625393, 'sigma2': 0.004092188409016353, 't_step': 5.0}
refined search candidate: {'sigma0': 3.0002249971876176, 'sigma1': 0.10000749990625393, 'sigma2': 0.004302720788669749, 't_step': 5.0}
refined search candidate: {'sigma0': 3.0002249971876176, 'sigma1': 0.10001000000000003, 'sigma2': 0.0035204079180025235, 't_step': 5.0}
refined search candidate: {'sigma0': 3.0002249971876176, 'sigma1': 0.10001000000000003, 'sigma2': 0.0037015236884041804, 't_step': 5.0}
refined search candidate: {'sigma0': 3.0002249971876176, 'sigma1': 0.10001000000000003, 'sigma2': 0.0038919573910035352, 't_step': 5.0}
refined search candidate: {'sigma0': 3.0002249971876176, 'sigma1': 0.10001000000000003, 'sigma2': 0.004092188409016353, 't_step': 5.0}
refined search candidate: {'sigma0': 3.0002249971876176, 'sigma1': 0.10001000000000003, 'sigma2': 0.004302720788669749, 't_step': 5.0}
refined search candidate: {'sigma0': 3.0003, 'sigma1': 0.10000000000000002, 'sigma2': 0.0035204079180025235, 't_step': 5.0}
refined search candidate: {'sigma0': 3.0003, 'sigma1': 0.10000000000000002, 'sigma2': 0.0037015236884041804, 't_step': 5.0}
refined search candidate: {'sigma0': 3.0003, 'sigma1': 0.10000000000000002, 'sigma2': 0.0038919573910035352, 't_step': 5.0}
refined search candidate: {'sigma0': 3.0003, 'sigma1': 0.10000000000000002, 'sigma2': 0.004092188409016353, 't_step': 5.0}
refined search candidate: {'sigma0': 3.0003, 'sigma1': 0.10000000000000002, 'sigma2': 0.004302720788669749, 't_step': 5.0}
refined search candidate: {'sigma0': 3.0003, 'sigma1': 0.1000024999062555, 'sigma2': 0.0035204079180025235, 't_step': 5.0}
refined search candidate: {'sigma0': 3.0003, 'sigma1': 0.1000024999062555, 'sigma2': 0.0037015236884041804, 't_step': 5.0}
refined search candidate: {'sigma0': 3.0003, 'sigma1': 0.1000024999062555, 'sigma2': 0.0038919573910035352, 't_step': 5.0}
refined search candidate: {'sigma0': 3.0003, 'sigma1': 0.1000024999062555, 'sigma2': 0.004092188409016353, 't_step': 5.0}
refined search candidate: {'sigma0': 3.0003, 'sigma1': 0.1000024999062555, 'sigma2': 0.004302720788669749, 't_step': 5.0}
refined search candidate: {'sigma0': 3.0003, 'sigma1': 0.10000499987500627, 'sigma2': 0.0035204079180025235, 't_step': 5.0}
refined search candidate: {'sigma0': 3.0003, 'sigma1': 0.10000499987500627, 'sigma2': 0.0037015236884041804, 't_step': 5.0}
refined search candidate: {'sigma0': 3.0003, 'sigma1': 0.10000499987500627, 'sigma2': 0.0038919573910035352, 't_step': 5.0}
refined search candidate: {'sigma0': 3.0003, 'sigma1': 0.10000499987500627, 'sigma2': 0.004092188409016353, 't_step': 5.0}
refined search candidate: {'sigma0': 3.0003, 'sigma1': 0.10000499987500627, 'sigma2': 0.004302720788669749, 't_step': 5.0}
refined search candidate: {'sigma0': 3.0003, 'sigma1': 0.10000749990625393, 'sigma2': 0.0035204079180025235, 't_step': 5.0}
refined search candidate: {'sigma0': 3.0003, 'sigma1': 0.10000749990625393, 'sigma2': 0.0037015236884041804, 't_step': 5.0}
refined search candidate: {'sigma0': 3.0003, 'sigma1': 0.10000749990625393, 'sigma2': 0.0038919573910035352, 't_step': 5.0}
refined search candidate: {'sigma0': 3.0003, 'sigma1': 0.10000749990625393, 'sigma2': 0.004092188409016353, 't_step': 5.0}
refined search candidate: {'sigma0': 3.0003, 'sigma1': 0.10000749990625393, 'sigma2': 0.004302720788669749, 't_step': 5.0}
refined search candidate: {'sigma0': 3.0003, 'sigma1': 0.10001000000000003, 'sigma2': 0.0035204079180025235, 't_step': 5.0}
refined search candidate: {'sigma0': 3.0003, 'sigma1': 0.10001000000000003, 'sigma2': 0.0037015236884041804, 't_step': 5.0}
refined search candidate: {'sigma0': 3.0003, 'sigma1': 0.10001000000000003, 'sigma2': 0.0038919573910035352, 't_step': 5.0}
refined search candidate: {'sigma0': 3.0003, 'sigma1': 0.10001000000000003, 'sigma2': 0.004092188409016353, 't_step': 5.0}
refined search candidate: {'sigma0': 3.0003, 'sigma1': 0.10001000000000003, 'sigma2': 0.004302720788669749, 't_step': 5.0}
REFINED best params: {'sigma0': 3.000074997187664, 'sigma1': 0.10000499987500627, 'sigma2': 0.0037015236884041804, 't_step': 5, 'noise_mode': 'three-regime', 'metric': 'cosine', 'layer': 'resnet50-layer2', 'encoder': 'resnet50-layer2', 'stimulus_set': 'Industrial and Nature'}
REFINED mse_per_isi: [11.16461107  7.96785541  5.39959483  3.4609907   2.79885742  2.70102519
  1.77919381  0.82920627]
REFINED obj: 3.562389088501465
✔ Saved 1 best models to /om2/user/bjmedina/auditory-memory/memory/fits/fits_v11_three-regime_best
