=======================================
SLURM_ARRAY_TASK_ID = 20
YAML_PATH = /om2/user/bjmedina/auditory-memory/memory/model_yamls/three-regime/resnet50/run_000020.yaml
=======================================
Running config:
  YAML: /om2/user/bjmedina/auditory-memory/memory/model_yamls/three-regime/resnet50/run_000020.yaml
  Encoder: resnet50
  Metric: cosine
  Noise: three-regime
/om2/user/bjmedina/auditory-memory/memory/figures/figures_v11_three-regime_cosine_median_dist/atexts/resnet50/cosine/three-regime/ /om2/user/bjmedina/auditory-memory/memory/fits/fits_v11_three-regime_cosine_median_dist_best
Directory already exists: /om2/user/bjmedina/auditory-memory/memory/figures/figures_v11_three-regime_cosine_median_dist/atexts/resnet50/cosine/three-regime/
Directory already exists: /om2/user/bjmedina/auditory-memory/memory/fits/fits_v11_three-regime_cosine_median_dist_best
Directory already exists: /om2/user/bjmedina/auditory-memory/memory/fits/fits_v11_three-regime_cosine_median_dist_all
Encoder name: resnet50-avgpool
LOADING FROM /om2/user/bjmedina/models/cochdnn/model_directories/resnet50_word_speaker_audioset/
=> loading checkpoint '/om2/user/bjmedina/models/cochdnn/model_checkpoints/audio_rep_training_cochleagram_1/standard_training_word_and_audioset_and_speaker_decay_lr/542752d7-9849-49ff-b84a-6758a81585b4/5_checkpoint.pt'
=> loaded checkpoint '/om2/user/bjmedina/models/cochdnn/model_checkpoints/audio_rep_training_cochleagram_1/standard_training_word_and_audioset_and_speaker_decay_lr/542752d7-9849-49ff-b84a-6758a81585b4/5_checkpoint.pt' (epoch 6)
median distance: 0.2897521652629653
there are 22 candidates
Stage A best sigma0: 0.3220592258011771 mse_isi0: 0.016784172006205026
(0.2898533032210594, 0.3542651483812948)
trying out {'sigma0': 0.28985330322105946, 'sigma1': 0.0007337440009597485, 'sigma2': 0.00010000000000000009, 't_step': 5.0}
trying out {'sigma0': 0.28985330322105946, 'sigma1': 0.005383802589444189, 'sigma2': 0.00010000000000000009, 't_step': 5.0}
trying out {'sigma0': 0.28985330322105946, 'sigma1': 0.005383802589444189, 'sigma2': 0.0007337440009597485, 't_step': 5.0}
trying out {'sigma0': 0.28985330322105946, 'sigma1': 0.03950332852356233, 'sigma2': 0.00010000000000000009, 't_step': 5.0}
trying out {'sigma0': 0.28985330322105946, 'sigma1': 0.03950332852356233, 'sigma2': 0.0007337440009597485, 't_step': 5.0}
trying out {'sigma0': 0.28985330322105946, 'sigma1': 0.03950332852356233, 'sigma2': 0.005383802589444189, 't_step': 5.0}
trying out {'sigma0': 0.28985330322105946, 'sigma1': 0.28985330322105946, 'sigma2': 0.00010000000000000009, 't_step': 5.0}
trying out {'sigma0': 0.28985330322105946, 'sigma1': 0.28985330322105946, 'sigma2': 0.0007337440009597485, 't_step': 5.0}
trying out {'sigma0': 0.28985330322105946, 'sigma1': 0.28985330322105946, 'sigma2': 0.005383802589444189, 't_step': 5.0}
trying out {'sigma0': 0.28985330322105946, 'sigma1': 0.28985330322105946, 'sigma2': 0.03950332852356233, 't_step': 5.0}
trying out {'sigma0': 0.30476549679041554, 'sigma1': 0.0007337440009597485, 'sigma2': 0.00010000000000000009, 't_step': 5.0}
trying out {'sigma0': 0.30476549679041554, 'sigma1': 0.005383802589444189, 'sigma2': 0.00010000000000000009, 't_step': 5.0}
trying out {'sigma0': 0.30476549679041554, 'sigma1': 0.005383802589444189, 'sigma2': 0.0007337440009597485, 't_step': 5.0}
trying out {'sigma0': 0.30476549679041554, 'sigma1': 0.03950332852356233, 'sigma2': 0.00010000000000000009, 't_step': 5.0}
trying out {'sigma0': 0.30476549679041554, 'sigma1': 0.03950332852356233, 'sigma2': 0.0007337440009597485, 't_step': 5.0}
trying out {'sigma0': 0.30476549679041554, 'sigma1': 0.03950332852356233, 'sigma2': 0.005383802589444189, 't_step': 5.0}
trying out {'sigma0': 0.30476549679041554, 'sigma1': 0.28985330322105946, 'sigma2': 0.00010000000000000009, 't_step': 5.0}
trying out {'sigma0': 0.30476549679041554, 'sigma1': 0.28985330322105946, 'sigma2': 0.0007337440009597485, 't_step': 5.0}
trying out {'sigma0': 0.30476549679041554, 'sigma1': 0.28985330322105946, 'sigma2': 0.005383802589444189, 't_step': 5.0}
trying out {'sigma0': 0.30476549679041554, 'sigma1': 0.28985330322105946, 'sigma2': 0.03950332852356233, 't_step': 5.0}
trying out {'sigma0': 0.32044488367645546, 'sigma1': 0.0007337440009597485, 'sigma2': 0.00010000000000000009, 't_step': 5.0}
trying out {'sigma0': 0.32044488367645546, 'sigma1': 0.005383802589444189, 'sigma2': 0.00010000000000000009, 't_step': 5.0}
trying out {'sigma0': 0.32044488367645546, 'sigma1': 0.005383802589444189, 'sigma2': 0.0007337440009597485, 't_step': 5.0}
trying out {'sigma0': 0.32044488367645546, 'sigma1': 0.03950332852356233, 'sigma2': 0.00010000000000000009, 't_step': 5.0}
trying out {'sigma0': 0.32044488367645546, 'sigma1': 0.03950332852356233, 'sigma2': 0.0007337440009597485, 't_step': 5.0}
trying out {'sigma0': 0.32044488367645546, 'sigma1': 0.03950332852356233, 'sigma2': 0.005383802589444189, 't_step': 5.0}
trying out {'sigma0': 0.32044488367645546, 'sigma1': 0.28985330322105946, 'sigma2': 0.00010000000000000009, 't_step': 5.0}
trying out {'sigma0': 0.32044488367645546, 'sigma1': 0.28985330322105946, 'sigma2': 0.0007337440009597485, 't_step': 5.0}
trying out {'sigma0': 0.32044488367645546, 'sigma1': 0.28985330322105946, 'sigma2': 0.005383802589444189, 't_step': 5.0}
trying out {'sigma0': 0.32044488367645546, 'sigma1': 0.28985330322105946, 'sigma2': 0.03950332852356233, 't_step': 5.0}
trying out {'sigma0': 0.3369309339666903, 'sigma1': 0.0007337440009597485, 'sigma2': 0.00010000000000000009, 't_step': 5.0}
trying out {'sigma0': 0.3369309339666903, 'sigma1': 0.005383802589444189, 'sigma2': 0.00010000000000000009, 't_step': 5.0}
trying out {'sigma0': 0.3369309339666903, 'sigma1': 0.005383802589444189, 'sigma2': 0.0007337440009597485, 't_step': 5.0}
trying out {'sigma0': 0.3369309339666903, 'sigma1': 0.03950332852356233, 'sigma2': 0.00010000000000000009, 't_step': 5.0}
trying out {'sigma0': 0.3369309339666903, 'sigma1': 0.03950332852356233, 'sigma2': 0.0007337440009597485, 't_step': 5.0}
trying out {'sigma0': 0.3369309339666903, 'sigma1': 0.03950332852356233, 'sigma2': 0.005383802589444189, 't_step': 5.0}
trying out {'sigma0': 0.3369309339666903, 'sigma1': 0.28985330322105946, 'sigma2': 0.00010000000000000009, 't_step': 5.0}
trying out {'sigma0': 0.3369309339666903, 'sigma1': 0.28985330322105946, 'sigma2': 0.0007337440009597485, 't_step': 5.0}
trying out {'sigma0': 0.3369309339666903, 'sigma1': 0.28985330322105946, 'sigma2': 0.005383802589444189, 't_step': 5.0}
trying out {'sigma0': 0.3369309339666903, 'sigma1': 0.28985330322105946, 'sigma2': 0.03950332852356233, 't_step': 5.0}
trying out {'sigma0': 0.35426514838129486, 'sigma1': 0.0007337440009597485, 'sigma2': 0.00010000000000000009, 't_step': 5.0}
trying out {'sigma0': 0.35426514838129486, 'sigma1': 0.005383802589444189, 'sigma2': 0.00010000000000000009, 't_step': 5.0}
trying out {'sigma0': 0.35426514838129486, 'sigma1': 0.005383802589444189, 'sigma2': 0.0007337440009597485, 't_step': 5.0}
trying out {'sigma0': 0.35426514838129486, 'sigma1': 0.03950332852356233, 'sigma2': 0.00010000000000000009, 't_step': 5.0}
trying out {'sigma0': 0.35426514838129486, 'sigma1': 0.03950332852356233, 'sigma2': 0.0007337440009597485, 't_step': 5.0}
trying out {'sigma0': 0.35426514838129486, 'sigma1': 0.03950332852356233, 'sigma2': 0.005383802589444189, 't_step': 5.0}
trying out {'sigma0': 0.35426514838129486, 'sigma1': 0.28985330322105946, 'sigma2': 0.00010000000000000009, 't_step': 5.0}
trying out {'sigma0': 0.35426514838129486, 'sigma1': 0.28985330322105946, 'sigma2': 0.0007337440009597485, 't_step': 5.0}
trying out {'sigma0': 0.35426514838129486, 'sigma1': 0.28985330322105946, 'sigma2': 0.005383802589444189, 't_step': 5.0}
trying out {'sigma0': 0.35426514838129486, 'sigma1': 0.28985330322105946, 'sigma2': 0.03950332852356233, 't_step': 5.0}
Stage B best params: {'sigma0': 0.35426514838129486, 'sigma1': 0.28985330322105946, 'sigma2': 0.0007337440009597485, 't_step': 5.0, 'noise_mode': 'three-regime', 'metric': 'cosine', 'layer': 'resnet50-avgpool', 'encoder': 'resnet50-avgpool', 'stimulus_set': 'Auditory Textures'}
Stage B mse_per_isi: [2.33230455 0.06221198 0.01931296 0.39253312 0.41323964 0.20495219
 0.16114113 0.12603888]
Stage B obj (ISI>=1 mean): 0.19706141498177357
refined search candidate: {'sigma0': 0.869256495788896, 'sigma1': 0.2608679728989535, 'sigma2': 0.0006603696008637738, 't_step': 5.0}
refined search candidate: {'sigma0': 0.869256495788896, 'sigma1': 0.2608679728989535, 'sigma2': 0.0007300660630072975, 't_step': 5.0}
refined search candidate: {'sigma0': 0.869256495788896, 'sigma1': 0.2608679728989535, 'sigma2': 0.0008071184010557233, 't_step': 5.0}
refined search candidate: {'sigma0': 0.869256495788896, 'sigma1': 0.2608810159715298, 'sigma2': 0.0006603696008637738, 't_step': 5.0}
refined search candidate: {'sigma0': 0.869256495788896, 'sigma1': 0.2608810159715298, 'sigma2': 0.0007300660630072975, 't_step': 5.0}
refined search candidate: {'sigma0': 0.869256495788896, 'sigma1': 0.2608810159715298, 'sigma2': 0.0008071184010557233, 't_step': 5.0}
refined search candidate: {'sigma0': 0.869256495788896, 'sigma1': 0.2608940596962434, 'sigma2': 0.0006603696008637738, 't_step': 5.0}
refined search candidate: {'sigma0': 0.869256495788896, 'sigma1': 0.2608940596962434, 'sigma2': 0.0007300660630072975, 't_step': 5.0}
refined search candidate: {'sigma0': 0.869256495788896, 'sigma1': 0.2608940596962434, 'sigma2': 0.0008071184010557233, 't_step': 5.0}
refined search candidate: {'sigma0': 0.8692999575271692, 'sigma1': 0.2608679728989535, 'sigma2': 0.0006603696008637738, 't_step': 5.0}
refined search candidate: {'sigma0': 0.8692999575271692, 'sigma1': 0.2608679728989535, 'sigma2': 0.0007300660630072975, 't_step': 5.0}
refined search candidate: {'sigma0': 0.8692999575271692, 'sigma1': 0.2608679728989535, 'sigma2': 0.0008071184010557233, 't_step': 5.0}
refined search candidate: {'sigma0': 0.8692999575271692, 'sigma1': 0.2608810159715298, 'sigma2': 0.0006603696008637738, 't_step': 5.0}
refined search candidate: {'sigma0': 0.8692999575271692, 'sigma1': 0.2608810159715298, 'sigma2': 0.0007300660630072975, 't_step': 5.0}
refined search candidate: {'sigma0': 0.8692999575271692, 'sigma1': 0.2608810159715298, 'sigma2': 0.0008071184010557233, 't_step': 5.0}
refined search candidate: {'sigma0': 0.8692999575271692, 'sigma1': 0.2608940596962434, 'sigma2': 0.0006603696008637738, 't_step': 5.0}
refined search candidate: {'sigma0': 0.8692999575271692, 'sigma1': 0.2608940596962434, 'sigma2': 0.0007300660630072975, 't_step': 5.0}
refined search candidate: {'sigma0': 0.8692999575271692, 'sigma1': 0.2608940596962434, 'sigma2': 0.0008071184010557233, 't_step': 5.0}
refined search candidate: {'sigma0': 0.8693434214384749, 'sigma1': 0.2608679728989535, 'sigma2': 0.0006603696008637738, 't_step': 5.0}
refined search candidate: {'sigma0': 0.8693434214384749, 'sigma1': 0.2608679728989535, 'sigma2': 0.0007300660630072975, 't_step': 5.0}
refined search candidate: {'sigma0': 0.8693434214384749, 'sigma1': 0.2608679728989535, 'sigma2': 0.0008071184010557233, 't_step': 5.0}
refined search candidate: {'sigma0': 0.8693434214384749, 'sigma1': 0.2608810159715298, 'sigma2': 0.0006603696008637738, 't_step': 5.0}
refined search candidate: {'sigma0': 0.8693434214384749, 'sigma1': 0.2608810159715298, 'sigma2': 0.0007300660630072975, 't_step': 5.0}
refined search candidate: {'sigma0': 0.8693434214384749, 'sigma1': 0.2608810159715298, 'sigma2': 0.0008071184010557233, 't_step': 5.0}
refined search candidate: {'sigma0': 0.8693434214384749, 'sigma1': 0.2608940596962434, 'sigma2': 0.0006603696008637738, 't_step': 5.0}
refined search candidate: {'sigma0': 0.8693434214384749, 'sigma1': 0.2608940596962434, 'sigma2': 0.0007300660630072975, 't_step': 5.0}
refined search candidate: {'sigma0': 0.8693434214384749, 'sigma1': 0.2608940596962434, 'sigma2': 0.0008071184010557233, 't_step': 5.0}
REFINED best params: {'sigma0': 0.8692999575271692, 'sigma1': 0.2608679728989535, 'sigma2': 0.0006603696008637738, 't_step': 5, 'noise_mode': 'three-regime', 'metric': 'cosine', 'layer': 'resnet50-avgpool', 'encoder': 'resnet50-avgpool', 'stimulus_set': 'Auditory Textures'}
REFINED mse_per_isi: [1.32780424 1.0141736  0.3657364  0.50956669 0.22905267 0.10934679
 0.07420674 0.02658037]
REFINED obj: 0.33266618231116446
✔ Saved 1 best models to /om2/user/bjmedina/auditory-memory/memory/fits/fits_v11_three-regime_cosine_median_dist_all
