=======================================
SLURM_ARRAY_TASK_ID = 14
YAML_PATH = /om2/user/bjmedina/auditory-memory/memory/model_yamls/three-regime/kell2018/run_000014.yaml
=======================================
Running config:
  YAML: /om2/user/bjmedina/auditory-memory/memory/model_yamls/three-regime/kell2018/run_000014.yaml
  Encoder: kell2018
  Metric: cosine
  Noise: three-regime
/om2/user/bjmedina/auditory-memory/memory/figures/figures_v11_three-regime_cosine_median_dist/atexts/kell2018/cosine/three-regime/ /om2/user/bjmedina/auditory-memory/memory/fits/fits_v11_three-regime_cosine_median_dist_best
Directory already exists: /om2/user/bjmedina/auditory-memory/memory/figures/figures_v11_three-regime_cosine_median_dist/atexts/kell2018/cosine/three-regime/
Directory already exists: /om2/user/bjmedina/auditory-memory/memory/fits/fits_v11_three-regime_cosine_median_dist_best
Directory already exists: /om2/user/bjmedina/auditory-memory/memory/fits/fits_v11_three-regime_cosine_median_dist_all
Encoder name: kell2018-relu2
LOADING FROM /om2/user/bjmedina/models/cochdnn/model_directories/kell2018_word_speaker_audioset/
=> loading checkpoint '/om2/user/bjmedina/models/cochdnn/model_checkpoints/audio_rep_training_cochleagram_1/kell2018_word_audioset_speaker_decay_lr/5728d456-ddc2-4fc2-bf07-a41e658f36d4/5_checkpoint.pt'
=> loaded checkpoint '/om2/user/bjmedina/models/cochdnn/model_checkpoints/audio_rep_training_cochleagram_1/kell2018_word_audioset_speaker_decay_lr/5728d456-ddc2-4fc2-bf07-a41e658f36d4/5_checkpoint.pt' (epoch 6)
median distance: 0.5480995097432296
there are 22 candidates
Stage A best sigma0: 0.32657902816320755 mse_isi0: 0.02664740635201434
(0.2939211253468868, 0.35923693097952836)
trying out {'sigma0': 0.29392112534688675, 'sigma1': 0.0007363049165969972, 'sigma2': 0.00010000000000000009, 't_step': 5.0}
trying out {'sigma0': 0.29392112534688675, 'sigma1': 0.005421449302049105, 'sigma2': 0.00010000000000000009, 't_step': 5.0}
trying out {'sigma0': 0.29392112534688675, 'sigma1': 0.005421449302049105, 'sigma2': 0.0007363049165969972, 't_step': 5.0}
trying out {'sigma0': 0.29392112534688675, 'sigma1': 0.03991839776180108, 'sigma2': 0.00010000000000000009, 't_step': 5.0}
trying out {'sigma0': 0.29392112534688675, 'sigma1': 0.03991839776180108, 'sigma2': 0.0007363049165969972, 't_step': 5.0}
trying out {'sigma0': 0.29392112534688675, 'sigma1': 0.03991839776180108, 'sigma2': 0.005421449302049105, 't_step': 5.0}
trying out {'sigma0': 0.29392112534688675, 'sigma1': 0.29392112534688675, 'sigma2': 0.00010000000000000009, 't_step': 5.0}
trying out {'sigma0': 0.29392112534688675, 'sigma1': 0.29392112534688675, 'sigma2': 0.0007363049165969972, 't_step': 5.0}
trying out {'sigma0': 0.29392112534688675, 'sigma1': 0.29392112534688675, 'sigma2': 0.005421449302049105, 't_step': 5.0}
trying out {'sigma0': 0.29392112534688675, 'sigma1': 0.29392112534688675, 'sigma2': 0.03991839776180108, 't_step': 5.0}
trying out {'sigma0': 0.30904259771442094, 'sigma1': 0.0007363049165969972, 'sigma2': 0.00010000000000000009, 't_step': 5.0}
trying out {'sigma0': 0.30904259771442094, 'sigma1': 0.005421449302049105, 'sigma2': 0.00010000000000000009, 't_step': 5.0}
trying out {'sigma0': 0.30904259771442094, 'sigma1': 0.005421449302049105, 'sigma2': 0.0007363049165969972, 't_step': 5.0}
trying out {'sigma0': 0.30904259771442094, 'sigma1': 0.03991839776180108, 'sigma2': 0.00010000000000000009, 't_step': 5.0}
trying out {'sigma0': 0.30904259771442094, 'sigma1': 0.03991839776180108, 'sigma2': 0.0007363049165969972, 't_step': 5.0}
trying out {'sigma0': 0.30904259771442094, 'sigma1': 0.03991839776180108, 'sigma2': 0.005421449302049105, 't_step': 5.0}
trying out {'sigma0': 0.30904259771442094, 'sigma1': 0.29392112534688675, 'sigma2': 0.00010000000000000009, 't_step': 5.0}
trying out {'sigma0': 0.30904259771442094, 'sigma1': 0.29392112534688675, 'sigma2': 0.0007363049165969972, 't_step': 5.0}
trying out {'sigma0': 0.30904259771442094, 'sigma1': 0.29392112534688675, 'sigma2': 0.005421449302049105, 't_step': 5.0}
trying out {'sigma0': 0.30904259771442094, 'sigma1': 0.29392112534688675, 'sigma2': 0.03991839776180108, 't_step': 5.0}
trying out {'sigma0': 0.3249420302448806, 'sigma1': 0.0007363049165969972, 'sigma2': 0.00010000000000000009, 't_step': 5.0}
trying out {'sigma0': 0.3249420302448806, 'sigma1': 0.005421449302049105, 'sigma2': 0.00010000000000000009, 't_step': 5.0}
trying out {'sigma0': 0.3249420302448806, 'sigma1': 0.005421449302049105, 'sigma2': 0.0007363049165969972, 't_step': 5.0}
trying out {'sigma0': 0.3249420302448806, 'sigma1': 0.03991839776180108, 'sigma2': 0.00010000000000000009, 't_step': 5.0}
trying out {'sigma0': 0.3249420302448806, 'sigma1': 0.03991839776180108, 'sigma2': 0.0007363049165969972, 't_step': 5.0}
trying out {'sigma0': 0.3249420302448806, 'sigma1': 0.03991839776180108, 'sigma2': 0.005421449302049105, 't_step': 5.0}
trying out {'sigma0': 0.3249420302448806, 'sigma1': 0.29392112534688675, 'sigma2': 0.00010000000000000009, 't_step': 5.0}
trying out {'sigma0': 0.3249420302448806, 'sigma1': 0.29392112534688675, 'sigma2': 0.0007363049165969972, 't_step': 5.0}
trying out {'sigma0': 0.3249420302448806, 'sigma1': 0.29392112534688675, 'sigma2': 0.005421449302049105, 't_step': 5.0}
trying out {'sigma0': 0.3249420302448806, 'sigma1': 0.29392112534688675, 'sigma2': 0.03991839776180108, 't_step': 5.0}
trying out {'sigma0': 0.3416594469518265, 'sigma1': 0.0007363049165969972, 'sigma2': 0.00010000000000000009, 't_step': 5.0}
trying out {'sigma0': 0.3416594469518265, 'sigma1': 0.005421449302049105, 'sigma2': 0.00010000000000000009, 't_step': 5.0}
trying out {'sigma0': 0.3416594469518265, 'sigma1': 0.005421449302049105, 'sigma2': 0.0007363049165969972, 't_step': 5.0}
trying out {'sigma0': 0.3416594469518265, 'sigma1': 0.03991839776180108, 'sigma2': 0.00010000000000000009, 't_step': 5.0}
trying out {'sigma0': 0.3416594469518265, 'sigma1': 0.03991839776180108, 'sigma2': 0.0007363049165969972, 't_step': 5.0}
trying out {'sigma0': 0.3416594469518265, 'sigma1': 0.03991839776180108, 'sigma2': 0.005421449302049105, 't_step': 5.0}
trying out {'sigma0': 0.3416594469518265, 'sigma1': 0.29392112534688675, 'sigma2': 0.00010000000000000009, 't_step': 5.0}
trying out {'sigma0': 0.3416594469518265, 'sigma1': 0.29392112534688675, 'sigma2': 0.0007363049165969972, 't_step': 5.0}
trying out {'sigma0': 0.3416594469518265, 'sigma1': 0.29392112534688675, 'sigma2': 0.005421449302049105, 't_step': 5.0}
trying out {'sigma0': 0.3416594469518265, 'sigma1': 0.29392112534688675, 'sigma2': 0.03991839776180108, 't_step': 5.0}
trying out {'sigma0': 0.35923693097952836, 'sigma1': 0.0007363049165969972, 'sigma2': 0.00010000000000000009, 't_step': 5.0}
trying out {'sigma0': 0.35923693097952836, 'sigma1': 0.005421449302049105, 'sigma2': 0.00010000000000000009, 't_step': 5.0}
trying out {'sigma0': 0.35923693097952836, 'sigma1': 0.005421449302049105, 'sigma2': 0.0007363049165969972, 't_step': 5.0}
trying out {'sigma0': 0.35923693097952836, 'sigma1': 0.03991839776180108, 'sigma2': 0.00010000000000000009, 't_step': 5.0}
trying out {'sigma0': 0.35923693097952836, 'sigma1': 0.03991839776180108, 'sigma2': 0.0007363049165969972, 't_step': 5.0}
trying out {'sigma0': 0.35923693097952836, 'sigma1': 0.03991839776180108, 'sigma2': 0.005421449302049105, 't_step': 5.0}
trying out {'sigma0': 0.35923693097952836, 'sigma1': 0.29392112534688675, 'sigma2': 0.00010000000000000009, 't_step': 5.0}
trying out {'sigma0': 0.35923693097952836, 'sigma1': 0.29392112534688675, 'sigma2': 0.0007363049165969972, 't_step': 5.0}
trying out {'sigma0': 0.35923693097952836, 'sigma1': 0.29392112534688675, 'sigma2': 0.005421449302049105, 't_step': 5.0}
trying out {'sigma0': 0.35923693097952836, 'sigma1': 0.29392112534688675, 'sigma2': 0.03991839776180108, 't_step': 5.0}
Stage B best params: {'sigma0': 0.3416594469518265, 'sigma1': 0.29392112534688675, 'sigma2': 0.00010000000000000009, 't_step': 5.0, 'noise_mode': 'three-regime', 'metric': 'cosine', 'layer': 'kell2018-relu2', 'encoder': 'kell2018-relu2', 'stimulus_set': 'Auditory Textures'}
Stage B mse_per_isi: [2.14033611e+00 7.12614590e-02 4.24310732e-05 2.49758238e-02
 2.76431317e-02 1.82570899e-03 9.11490161e-03 1.69340763e-02]
Stage B obj (ISI>=1 mean): 0.021685361784235475
refined search candidate: {'sigma0': 0.3836696568202607, 'sigma1': 0.2645290128121981, 'sigma2': 0.00027404975487161477, 't_step': 5.0}
refined search candidate: {'sigma0': 0.3836696568202607, 'sigma1': 0.2645290128121981, 'sigma2': 0.00027406345701681324, 't_step': 5.0}
refined search candidate: {'sigma0': 0.3836696568202607, 'sigma1': 0.2645290128121981, 'sigma2': 0.00027407715984710193, 't_step': 5.0}
refined search candidate: {'sigma0': 0.3836696568202607, 'sigma1': 0.2924478272203924, 'sigma2': 0.00027404975487161477, 't_step': 5.0}
refined search candidate: {'sigma0': 0.3836696568202607, 'sigma1': 0.2924478272203924, 'sigma2': 0.00027406345701681324, 't_step': 5.0}
refined search candidate: {'sigma0': 0.3836696568202607, 'sigma1': 0.2924478272203924, 'sigma2': 0.00027407715984710193, 't_step': 5.0}
refined search candidate: {'sigma0': 0.3836696568202607, 'sigma1': 0.32331323788157545, 'sigma2': 0.00027404975487161477, 't_step': 5.0}
refined search candidate: {'sigma0': 0.3836696568202607, 'sigma1': 0.32331323788157545, 'sigma2': 0.00027406345701681324, 't_step': 5.0}
refined search candidate: {'sigma0': 0.3836696568202607, 'sigma1': 0.32331323788157545, 'sigma2': 0.00027407715984710193, 't_step': 5.0}
refined search candidate: {'sigma0': 0.38368883982353863, 'sigma1': 0.2645290128121981, 'sigma2': 0.00027404975487161477, 't_step': 5.0}
refined search candidate: {'sigma0': 0.38368883982353863, 'sigma1': 0.2645290128121981, 'sigma2': 0.00027406345701681324, 't_step': 5.0}
refined search candidate: {'sigma0': 0.38368883982353863, 'sigma1': 0.2645290128121981, 'sigma2': 0.00027407715984710193, 't_step': 5.0}
refined search candidate: {'sigma0': 0.38368883982353863, 'sigma1': 0.2924478272203924, 'sigma2': 0.00027404975487161477, 't_step': 5.0}
refined search candidate: {'sigma0': 0.38368883982353863, 'sigma1': 0.2924478272203924, 'sigma2': 0.00027406345701681324, 't_step': 5.0}
refined search candidate: {'sigma0': 0.38368883982353863, 'sigma1': 0.2924478272203924, 'sigma2': 0.00027407715984710193, 't_step': 5.0}
refined search candidate: {'sigma0': 0.38368883982353863, 'sigma1': 0.32331323788157545, 'sigma2': 0.00027404975487161477, 't_step': 5.0}
refined search candidate: {'sigma0': 0.38368883982353863, 'sigma1': 0.32331323788157545, 'sigma2': 0.00027406345701681324, 't_step': 5.0}
refined search candidate: {'sigma0': 0.38368883982353863, 'sigma1': 0.32331323788157545, 'sigma2': 0.00027407715984710193, 't_step': 5.0}
refined search candidate: {'sigma0': 0.3837080237859428, 'sigma1': 0.2645290128121981, 'sigma2': 0.00027404975487161477, 't_step': 5.0}
refined search candidate: {'sigma0': 0.3837080237859428, 'sigma1': 0.2645290128121981, 'sigma2': 0.00027406345701681324, 't_step': 5.0}
refined search candidate: {'sigma0': 0.3837080237859428, 'sigma1': 0.2645290128121981, 'sigma2': 0.00027407715984710193, 't_step': 5.0}
refined search candidate: {'sigma0': 0.3837080237859428, 'sigma1': 0.2924478272203924, 'sigma2': 0.00027404975487161477, 't_step': 5.0}
refined search candidate: {'sigma0': 0.3837080237859428, 'sigma1': 0.2924478272203924, 'sigma2': 0.00027406345701681324, 't_step': 5.0}
refined search candidate: {'sigma0': 0.3837080237859428, 'sigma1': 0.2924478272203924, 'sigma2': 0.00027407715984710193, 't_step': 5.0}
refined search candidate: {'sigma0': 0.3837080237859428, 'sigma1': 0.32331323788157545, 'sigma2': 0.00027404975487161477, 't_step': 5.0}
refined search candidate: {'sigma0': 0.3837080237859428, 'sigma1': 0.32331323788157545, 'sigma2': 0.00027406345701681324, 't_step': 5.0}
refined search candidate: {'sigma0': 0.3837080237859428, 'sigma1': 0.32331323788157545, 'sigma2': 0.00027407715984710193, 't_step': 5.0}
REFINED best params: {'sigma0': 0.3836696568202607, 'sigma1': 0.2924478272203924, 'sigma2': 0.00027404975487161477, 't_step': 5, 'noise_mode': 'three-regime', 'metric': 'cosine', 'layer': 'kell2018-relu2', 'encoder': 'kell2018-relu2', 'stimulus_set': 'Auditory Textures'}
REFINED mse_per_isi: [9.03228782e-01 9.28813232e-03 2.06509698e-03 3.47243776e-02
 3.68393667e-02 3.34658404e-03 3.78692359e-04 5.66787599e-03]
REFINED obj: 0.013187160865010567
✔ Saved 1 best models to /om2/user/bjmedina/auditory-memory/memory/fits/fits_v11_three-regime_cosine_median_dist_all
