=======================================
SLURM_ARRAY_TASK_ID = 12
YAML_PATH = /om2/user/bjmedina/auditory-memory/memory/model_yamls/three-regime/resnet50/run_000012.yaml
=======================================
Running config:
  YAML: /om2/user/bjmedina/auditory-memory/memory/model_yamls/three-regime/resnet50/run_000012.yaml
  Encoder: resnet50
  Metric: cosine
  Noise: three-regime
/om2/user/bjmedina/auditory-memory/memory/figures/figures_v12_three-regime/glob-music/resnet50/cosine/three-regime/ /om2/user/bjmedina/auditory-memory/memory/fits/fits_v12_three-regime_best
Directory already exists: /om2/user/bjmedina/auditory-memory/memory/figures/figures_v12_three-regime/glob-music/resnet50/cosine/three-regime/
Directory already exists: /om2/user/bjmedina/auditory-memory/memory/fits/fits_v12_three-regime_best
Directory already exists: /om2/user/bjmedina/auditory-memory/memory/fits/fits_v12_three-regime_all
Directory already exists: /om2/user/bjmedina/auditory-memory/memory/fits/fits_v12_three-regime_intermediate
Encoder name: resnet50-layer4
LOADING FROM /om2/user/bjmedina/models/cochdnn/model_directories/resnet50_word_speaker_audioset/
=> loading checkpoint '/om2/user/bjmedina/models/cochdnn/model_checkpoints/audio_rep_training_cochleagram_1/standard_training_word_and_audioset_and_speaker_decay_lr/542752d7-9849-49ff-b84a-6758a81585b4/5_checkpoint.pt'
=> loaded checkpoint '/om2/user/bjmedina/models/cochdnn/model_checkpoints/audio_rep_training_cochleagram_1/standard_training_word_and_audioset_and_speaker_decay_lr/542752d7-9849-49ff-b84a-6758a81585b4/5_checkpoint.pt' (epoch 6)
median distance: 1
there are 20 candidates
Stage A best sigma0: 2.3270287371949916 mse_isi0: 0.008686803592466137
✔ Saved 1 best models to /om2/user/bjmedina/auditory-memory/memory/fits/fits_v12_three-regime_all
(2.210677300335242, 2.443380174054741)
trying out {'sigma0': 2.210677300335242, 'sigma1': 0.010000000000000004, 'sigma2': 0.00010000000000000009, 't_step': 5.0}
trying out {'sigma0': 2.210677300335242, 'sigma1': 0.010000000000000004, 'sigma2': 0.0012193582976448719, 't_step': 5.0}
trying out {'sigma0': 2.210677300335242, 'sigma1': 0.038559495043833235, 'sigma2': 0.00010000000000000009, 't_step': 5.0}
trying out {'sigma0': 2.210677300335242, 'sigma1': 0.038559495043833235, 'sigma2': 0.0012193582976448719, 't_step': 5.0}
trying out {'sigma0': 2.210677300335242, 'sigma1': 0.038559495043833235, 'sigma2': 0.014868346580354, 't_step': 5.0}
trying out {'sigma0': 2.210677300335242, 'sigma1': 0.14868346580353992, 'sigma2': 0.00010000000000000009, 't_step': 5.0}
trying out {'sigma0': 2.210677300335242, 'sigma1': 0.14868346580353992, 'sigma2': 0.0012193582976448719, 't_step': 5.0}
trying out {'sigma0': 2.210677300335242, 'sigma1': 0.14868346580353992, 'sigma2': 0.014868346580354, 't_step': 5.0}
trying out {'sigma0': 2.210677300335242, 'sigma1': 0.5733159362751542, 'sigma2': 0.00010000000000000009, 't_step': 5.0}
trying out {'sigma0': 2.210677300335242, 'sigma1': 0.5733159362751542, 'sigma2': 0.0012193582976448719, 't_step': 5.0}
trying out {'sigma0': 2.210677300335242, 'sigma1': 0.5733159362751542, 'sigma2': 0.014868346580354, 't_step': 5.0}
trying out {'sigma0': 2.210677300335242, 'sigma1': 0.5733159362751542, 'sigma2': 0.18129841775014408, 't_step': 5.0}
trying out {'sigma0': 2.210677300335242, 'sigma1': 2.210677300335242, 'sigma2': 0.00010000000000000009, 't_step': 5.0}
trying out {'sigma0': 2.210677300335242, 'sigma1': 2.210677300335242, 'sigma2': 0.0012193582976448719, 't_step': 5.0}
trying out {'sigma0': 2.210677300335242, 'sigma1': 2.210677300335242, 'sigma2': 0.014868346580354, 't_step': 5.0}
trying out {'sigma0': 2.210677300335242, 'sigma1': 2.210677300335242, 'sigma2': 0.18129841775014408, 't_step': 5.0}
trying out {'sigma0': 2.266688155771121, 'sigma1': 0.010000000000000004, 'sigma2': 0.00010000000000000009, 't_step': 5.0}
trying out {'sigma0': 2.266688155771121, 'sigma1': 0.010000000000000004, 'sigma2': 0.0012193582976448719, 't_step': 5.0}
trying out {'sigma0': 2.266688155771121, 'sigma1': 0.038559495043833235, 'sigma2': 0.00010000000000000009, 't_step': 5.0}
trying out {'sigma0': 2.266688155771121, 'sigma1': 0.038559495043833235, 'sigma2': 0.0012193582976448719, 't_step': 5.0}
trying out {'sigma0': 2.266688155771121, 'sigma1': 0.038559495043833235, 'sigma2': 0.014868346580354, 't_step': 5.0}
trying out {'sigma0': 2.266688155771121, 'sigma1': 0.14868346580353992, 'sigma2': 0.00010000000000000009, 't_step': 5.0}
trying out {'sigma0': 2.266688155771121, 'sigma1': 0.14868346580353992, 'sigma2': 0.0012193582976448719, 't_step': 5.0}
trying out {'sigma0': 2.266688155771121, 'sigma1': 0.14868346580353992, 'sigma2': 0.014868346580354, 't_step': 5.0}
trying out {'sigma0': 2.266688155771121, 'sigma1': 0.5733159362751542, 'sigma2': 0.00010000000000000009, 't_step': 5.0}
trying out {'sigma0': 2.266688155771121, 'sigma1': 0.5733159362751542, 'sigma2': 0.0012193582976448719, 't_step': 5.0}
trying out {'sigma0': 2.266688155771121, 'sigma1': 0.5733159362751542, 'sigma2': 0.014868346580354, 't_step': 5.0}
trying out {'sigma0': 2.266688155771121, 'sigma1': 0.5733159362751542, 'sigma2': 0.18129841775014408, 't_step': 5.0}
trying out {'sigma0': 2.266688155771121, 'sigma1': 2.210677300335242, 'sigma2': 0.00010000000000000009, 't_step': 5.0}
trying out {'sigma0': 2.266688155771121, 'sigma1': 2.210677300335242, 'sigma2': 0.0012193582976448719, 't_step': 5.0}
trying out {'sigma0': 2.266688155771121, 'sigma1': 2.210677300335242, 'sigma2': 0.014868346580354, 't_step': 5.0}
trying out {'sigma0': 2.266688155771121, 'sigma1': 2.210677300335242, 'sigma2': 0.18129841775014408, 't_step': 5.0}
trying out {'sigma0': 2.324118131006251, 'sigma1': 0.010000000000000004, 'sigma2': 0.00010000000000000009, 't_step': 5.0}
trying out {'sigma0': 2.324118131006251, 'sigma1': 0.010000000000000004, 'sigma2': 0.0012193582976448719, 't_step': 5.0}
trying out {'sigma0': 2.324118131006251, 'sigma1': 0.038559495043833235, 'sigma2': 0.00010000000000000009, 't_step': 5.0}
trying out {'sigma0': 2.324118131006251, 'sigma1': 0.038559495043833235, 'sigma2': 0.0012193582976448719, 't_step': 5.0}
trying out {'sigma0': 2.324118131006251, 'sigma1': 0.038559495043833235, 'sigma2': 0.014868346580354, 't_step': 5.0}
trying out {'sigma0': 2.324118131006251, 'sigma1': 0.14868346580353992, 'sigma2': 0.00010000000000000009, 't_step': 5.0}
trying out {'sigma0': 2.324118131006251, 'sigma1': 0.14868346580353992, 'sigma2': 0.0012193582976448719, 't_step': 5.0}
trying out {'sigma0': 2.324118131006251, 'sigma1': 0.14868346580353992, 'sigma2': 0.014868346580354, 't_step': 5.0}
trying out {'sigma0': 2.324118131006251, 'sigma1': 0.5733159362751542, 'sigma2': 0.00010000000000000009, 't_step': 5.0}
trying out {'sigma0': 2.324118131006251, 'sigma1': 0.5733159362751542, 'sigma2': 0.0012193582976448719, 't_step': 5.0}
trying out {'sigma0': 2.324118131006251, 'sigma1': 0.5733159362751542, 'sigma2': 0.014868346580354, 't_step': 5.0}
trying out {'sigma0': 2.324118131006251, 'sigma1': 0.5733159362751542, 'sigma2': 0.18129841775014408, 't_step': 5.0}
trying out {'sigma0': 2.324118131006251, 'sigma1': 2.210677300335242, 'sigma2': 0.00010000000000000009, 't_step': 5.0}
trying out {'sigma0': 2.324118131006251, 'sigma1': 2.210677300335242, 'sigma2': 0.0012193582976448719, 't_step': 5.0}
trying out {'sigma0': 2.324118131006251, 'sigma1': 2.210677300335242, 'sigma2': 0.014868346580354, 't_step': 5.0}
trying out {'sigma0': 2.324118131006251, 'sigma1': 2.210677300335242, 'sigma2': 0.18129841775014408, 't_step': 5.0}
trying out {'sigma0': 2.383003181588693, 'sigma1': 0.010000000000000004, 'sigma2': 0.00010000000000000009, 't_step': 5.0}
trying out {'sigma0': 2.383003181588693, 'sigma1': 0.010000000000000004, 'sigma2': 0.0012193582976448719, 't_step': 5.0}
trying out {'sigma0': 2.383003181588693, 'sigma1': 0.038559495043833235, 'sigma2': 0.00010000000000000009, 't_step': 5.0}
trying out {'sigma0': 2.383003181588693, 'sigma1': 0.038559495043833235, 'sigma2': 0.0012193582976448719, 't_step': 5.0}
trying out {'sigma0': 2.383003181588693, 'sigma1': 0.038559495043833235, 'sigma2': 0.014868346580354, 't_step': 5.0}
trying out {'sigma0': 2.383003181588693, 'sigma1': 0.14868346580353992, 'sigma2': 0.00010000000000000009, 't_step': 5.0}
trying out {'sigma0': 2.383003181588693, 'sigma1': 0.14868346580353992, 'sigma2': 0.0012193582976448719, 't_step': 5.0}
trying out {'sigma0': 2.383003181588693, 'sigma1': 0.14868346580353992, 'sigma2': 0.014868346580354, 't_step': 5.0}
trying out {'sigma0': 2.383003181588693, 'sigma1': 0.5733159362751542, 'sigma2': 0.00010000000000000009, 't_step': 5.0}
trying out {'sigma0': 2.383003181588693, 'sigma1': 0.5733159362751542, 'sigma2': 0.0012193582976448719, 't_step': 5.0}
trying out {'sigma0': 2.383003181588693, 'sigma1': 0.5733159362751542, 'sigma2': 0.014868346580354, 't_step': 5.0}
trying out {'sigma0': 2.383003181588693, 'sigma1': 0.5733159362751542, 'sigma2': 0.18129841775014408, 't_step': 5.0}
trying out {'sigma0': 2.383003181588693, 'sigma1': 2.210677300335242, 'sigma2': 0.00010000000000000009, 't_step': 5.0}
trying out {'sigma0': 2.383003181588693, 'sigma1': 2.210677300335242, 'sigma2': 0.0012193582976448719, 't_step': 5.0}
trying out {'sigma0': 2.383003181588693, 'sigma1': 2.210677300335242, 'sigma2': 0.014868346580354, 't_step': 5.0}
trying out {'sigma0': 2.383003181588693, 'sigma1': 2.210677300335242, 'sigma2': 0.18129841775014408, 't_step': 5.0}
trying out {'sigma0': 2.443380174054741, 'sigma1': 0.010000000000000004, 'sigma2': 0.00010000000000000009, 't_step': 5.0}
trying out {'sigma0': 2.443380174054741, 'sigma1': 0.010000000000000004, 'sigma2': 0.0012193582976448719, 't_step': 5.0}
trying out {'sigma0': 2.443380174054741, 'sigma1': 0.038559495043833235, 'sigma2': 0.00010000000000000009, 't_step': 5.0}
trying out {'sigma0': 2.443380174054741, 'sigma1': 0.038559495043833235, 'sigma2': 0.0012193582976448719, 't_step': 5.0}
trying out {'sigma0': 2.443380174054741, 'sigma1': 0.038559495043833235, 'sigma2': 0.014868346580354, 't_step': 5.0}
trying out {'sigma0': 2.443380174054741, 'sigma1': 0.14868346580353992, 'sigma2': 0.00010000000000000009, 't_step': 5.0}
trying out {'sigma0': 2.443380174054741, 'sigma1': 0.14868346580353992, 'sigma2': 0.0012193582976448719, 't_step': 5.0}
trying out {'sigma0': 2.443380174054741, 'sigma1': 0.14868346580353992, 'sigma2': 0.014868346580354, 't_step': 5.0}
trying out {'sigma0': 2.443380174054741, 'sigma1': 0.5733159362751542, 'sigma2': 0.00010000000000000009, 't_step': 5.0}
trying out {'sigma0': 2.443380174054741, 'sigma1': 0.5733159362751542, 'sigma2': 0.0012193582976448719, 't_step': 5.0}
trying out {'sigma0': 2.443380174054741, 'sigma1': 0.5733159362751542, 'sigma2': 0.014868346580354, 't_step': 5.0}
trying out {'sigma0': 2.443380174054741, 'sigma1': 0.5733159362751542, 'sigma2': 0.18129841775014408, 't_step': 5.0}
trying out {'sigma0': 2.443380174054741, 'sigma1': 2.210677300335242, 'sigma2': 0.00010000000000000009, 't_step': 5.0}
trying out {'sigma0': 2.443380174054741, 'sigma1': 2.210677300335242, 'sigma2': 0.0012193582976448719, 't_step': 5.0}
trying out {'sigma0': 2.443380174054741, 'sigma1': 2.210677300335242, 'sigma2': 0.014868346580354, 't_step': 5.0}
trying out {'sigma0': 2.443380174054741, 'sigma1': 2.210677300335242, 'sigma2': 0.18129841775014408, 't_step': 5.0}
Stage B best params: {'sigma0': 2.443380174054741, 'sigma1': 0.5733159362751542, 'sigma2': 0.00010000000000000009, 't_step': 5.0, 'noise_mode': 'three-regime', 'metric': 'cosine', 'layer': 'resnet50-layer4', 'encoder': 'resnet50-layer4', 'stimulus_set': 'Globalized Music'}
Stage B mse_per_isi: [1.19055778 0.00707507 0.21197954 0.4372973  0.57201737 0.79414027
 0.2066489  0.14755643]
Stage B obj (ISI>=1 mean): 0.3395306998867657
✔ Saved 1 best models to /om2/user/bjmedina/auditory-memory/memory/fits/fits_v12_three-regime_intermediate
refined search candidate: {'sigma0': 3.0000000000000004, 'sigma1': 0.5159843426476388, 'sigma2': 0.0005000000000000001, 't_step': 5.0}
refined search candidate: {'sigma0': 3.0000000000000004, 'sigma1': 0.5159843426476388, 'sigma2': 0.0005000124995312774, 't_step': 5.0}
refined search candidate: {'sigma0': 3.0000000000000004, 'sigma1': 0.5159843426476388, 'sigma2': 0.0005000249993750314, 't_step': 5.0}
refined search candidate: {'sigma0': 3.0000000000000004, 'sigma1': 0.5159843426476388, 'sigma2': 0.0005000374995312696, 't_step': 5.0}
refined search candidate: {'sigma0': 3.0000000000000004, 'sigma1': 0.5159843426476388, 'sigma2': 0.00050005, 't_step': 5.0}
refined search candidate: {'sigma0': 3.0000000000000004, 'sigma1': 0.5358154166236357, 'sigma2': 0.0005000000000000001, 't_step': 5.0}
refined search candidate: {'sigma0': 3.0000000000000004, 'sigma1': 0.5358154166236357, 'sigma2': 0.0005000124995312774, 't_step': 5.0}
refined search candidate: {'sigma0': 3.0000000000000004, 'sigma1': 0.5358154166236357, 'sigma2': 0.0005000249993750314, 't_step': 5.0}
refined search candidate: {'sigma0': 3.0000000000000004, 'sigma1': 0.5358154166236357, 'sigma2': 0.0005000374995312696, 't_step': 5.0}
refined search candidate: {'sigma0': 3.0000000000000004, 'sigma1': 0.5358154166236357, 'sigma2': 0.00050005, 't_step': 5.0}
refined search candidate: {'sigma0': 3.0000000000000004, 'sigma1': 0.5564086677870711, 'sigma2': 0.0005000000000000001, 't_step': 5.0}
refined search candidate: {'sigma0': 3.0000000000000004, 'sigma1': 0.5564086677870711, 'sigma2': 0.0005000124995312774, 't_step': 5.0}
refined search candidate: {'sigma0': 3.0000000000000004, 'sigma1': 0.5564086677870711, 'sigma2': 0.0005000249993750314, 't_step': 5.0}
refined search candidate: {'sigma0': 3.0000000000000004, 'sigma1': 0.5564086677870711, 'sigma2': 0.0005000374995312696, 't_step': 5.0}
refined search candidate: {'sigma0': 3.0000000000000004, 'sigma1': 0.5564086677870711, 'sigma2': 0.00050005, 't_step': 5.0}
refined search candidate: {'sigma0': 3.0000000000000004, 'sigma1': 0.5777933892597272, 'sigma2': 0.0005000000000000001, 't_step': 5.0}
refined search candidate: {'sigma0': 3.0000000000000004, 'sigma1': 0.5777933892597272, 'sigma2': 0.0005000124995312774, 't_step': 5.0}
refined search candidate: {'sigma0': 3.0000000000000004, 'sigma1': 0.5777933892597272, 'sigma2': 0.0005000249993750314, 't_step': 5.0}
refined search candidate: {'sigma0': 3.0000000000000004, 'sigma1': 0.5777933892597272, 'sigma2': 0.0005000374995312696, 't_step': 5.0}
refined search candidate: {'sigma0': 3.0000000000000004, 'sigma1': 0.5777933892597272, 'sigma2': 0.00050005, 't_step': 5.0}
refined search candidate: {'sigma0': 3.0000000000000004, 'sigma1': 0.6, 'sigma2': 0.0005000000000000001, 't_step': 5.0}
refined search candidate: {'sigma0': 3.0000000000000004, 'sigma1': 0.6, 'sigma2': 0.0005000124995312774, 't_step': 5.0}
refined search candidate: {'sigma0': 3.0000000000000004, 'sigma1': 0.6, 'sigma2': 0.0005000249993750314, 't_step': 5.0}
refined search candidate: {'sigma0': 3.0000000000000004, 'sigma1': 0.6, 'sigma2': 0.0005000374995312696, 't_step': 5.0}
refined search candidate: {'sigma0': 3.0000000000000004, 'sigma1': 0.6, 'sigma2': 0.00050005, 't_step': 5.0}
refined search candidate: {'sigma0': 3.000074997187664, 'sigma1': 0.5159843426476388, 'sigma2': 0.0005000000000000001, 't_step': 5.0}
refined search candidate: {'sigma0': 3.000074997187664, 'sigma1': 0.5159843426476388, 'sigma2': 0.0005000124995312774, 't_step': 5.0}
refined search candidate: {'sigma0': 3.000074997187664, 'sigma1': 0.5159843426476388, 'sigma2': 0.0005000249993750314, 't_step': 5.0}
refined search candidate: {'sigma0': 3.000074997187664, 'sigma1': 0.5159843426476388, 'sigma2': 0.0005000374995312696, 't_step': 5.0}
refined search candidate: {'sigma0': 3.000074997187664, 'sigma1': 0.5159843426476388, 'sigma2': 0.00050005, 't_step': 5.0}
refined search candidate: {'sigma0': 3.000074997187664, 'sigma1': 0.5358154166236357, 'sigma2': 0.0005000000000000001, 't_step': 5.0}
refined search candidate: {'sigma0': 3.000074997187664, 'sigma1': 0.5358154166236357, 'sigma2': 0.0005000124995312774, 't_step': 5.0}
refined search candidate: {'sigma0': 3.000074997187664, 'sigma1': 0.5358154166236357, 'sigma2': 0.0005000249993750314, 't_step': 5.0}
refined search candidate: {'sigma0': 3.000074997187664, 'sigma1': 0.5358154166236357, 'sigma2': 0.0005000374995312696, 't_step': 5.0}
refined search candidate: {'sigma0': 3.000074997187664, 'sigma1': 0.5358154166236357, 'sigma2': 0.00050005, 't_step': 5.0}
refined search candidate: {'sigma0': 3.000074997187664, 'sigma1': 0.5564086677870711, 'sigma2': 0.0005000000000000001, 't_step': 5.0}
refined search candidate: {'sigma0': 3.000074997187664, 'sigma1': 0.5564086677870711, 'sigma2': 0.0005000124995312774, 't_step': 5.0}
refined search candidate: {'sigma0': 3.000074997187664, 'sigma1': 0.5564086677870711, 'sigma2': 0.0005000249993750314, 't_step': 5.0}
refined search candidate: {'sigma0': 3.000074997187664, 'sigma1': 0.5564086677870711, 'sigma2': 0.0005000374995312696, 't_step': 5.0}
refined search candidate: {'sigma0': 3.000074997187664, 'sigma1': 0.5564086677870711, 'sigma2': 0.00050005, 't_step': 5.0}
refined search candidate: {'sigma0': 3.000074997187664, 'sigma1': 0.5777933892597272, 'sigma2': 0.0005000000000000001, 't_step': 5.0}
refined search candidate: {'sigma0': 3.000074997187664, 'sigma1': 0.5777933892597272, 'sigma2': 0.0005000124995312774, 't_step': 5.0}
refined search candidate: {'sigma0': 3.000074997187664, 'sigma1': 0.5777933892597272, 'sigma2': 0.0005000249993750314, 't_step': 5.0}
refined search candidate: {'sigma0': 3.000074997187664, 'sigma1': 0.5777933892597272, 'sigma2': 0.0005000374995312696, 't_step': 5.0}
refined search candidate: {'sigma0': 3.000074997187664, 'sigma1': 0.5777933892597272, 'sigma2': 0.00050005, 't_step': 5.0}
refined search candidate: {'sigma0': 3.000074997187664, 'sigma1': 0.6, 'sigma2': 0.0005000000000000001, 't_step': 5.0}
refined search candidate: {'sigma0': 3.000074997187664, 'sigma1': 0.6, 'sigma2': 0.0005000124995312774, 't_step': 5.0}
refined search candidate: {'sigma0': 3.000074997187664, 'sigma1': 0.6, 'sigma2': 0.0005000249993750314, 't_step': 5.0}
refined search candidate: {'sigma0': 3.000074997187664, 'sigma1': 0.6, 'sigma2': 0.0005000374995312696, 't_step': 5.0}
refined search candidate: {'sigma0': 3.000074997187664, 'sigma1': 0.6, 'sigma2': 0.00050005, 't_step': 5.0}
refined search candidate: {'sigma0': 3.0001499962501876, 'sigma1': 0.5159843426476388, 'sigma2': 0.0005000000000000001, 't_step': 5.0}
refined search candidate: {'sigma0': 3.0001499962501876, 'sigma1': 0.5159843426476388, 'sigma2': 0.0005000124995312774, 't_step': 5.0}
refined search candidate: {'sigma0': 3.0001499962501876, 'sigma1': 0.5159843426476388, 'sigma2': 0.0005000249993750314, 't_step': 5.0}
refined search candidate: {'sigma0': 3.0001499962501876, 'sigma1': 0.5159843426476388, 'sigma2': 0.0005000374995312696, 't_step': 5.0}
refined search candidate: {'sigma0': 3.0001499962501876, 'sigma1': 0.5159843426476388, 'sigma2': 0.00050005, 't_step': 5.0}
refined search candidate: {'sigma0': 3.0001499962501876, 'sigma1': 0.5358154166236357, 'sigma2': 0.0005000000000000001, 't_step': 5.0}
refined search candidate: {'sigma0': 3.0001499962501876, 'sigma1': 0.5358154166236357, 'sigma2': 0.0005000124995312774, 't_step': 5.0}
refined search candidate: {'sigma0': 3.0001499962501876, 'sigma1': 0.5358154166236357, 'sigma2': 0.0005000249993750314, 't_step': 5.0}
refined search candidate: {'sigma0': 3.0001499962501876, 'sigma1': 0.5358154166236357, 'sigma2': 0.0005000374995312696, 't_step': 5.0}
refined search candidate: {'sigma0': 3.0001499962501876, 'sigma1': 0.5358154166236357, 'sigma2': 0.00050005, 't_step': 5.0}
refined search candidate: {'sigma0': 3.0001499962501876, 'sigma1': 0.5564086677870711, 'sigma2': 0.0005000000000000001, 't_step': 5.0}
refined search candidate: {'sigma0': 3.0001499962501876, 'sigma1': 0.5564086677870711, 'sigma2': 0.0005000124995312774, 't_step': 5.0}
refined search candidate: {'sigma0': 3.0001499962501876, 'sigma1': 0.5564086677870711, 'sigma2': 0.0005000249993750314, 't_step': 5.0}
refined search candidate: {'sigma0': 3.0001499962501876, 'sigma1': 0.5564086677870711, 'sigma2': 0.0005000374995312696, 't_step': 5.0}
refined search candidate: {'sigma0': 3.0001499962501876, 'sigma1': 0.5564086677870711, 'sigma2': 0.00050005, 't_step': 5.0}
refined search candidate: {'sigma0': 3.0001499962501876, 'sigma1': 0.5777933892597272, 'sigma2': 0.0005000000000000001, 't_step': 5.0}
refined search candidate: {'sigma0': 3.0001499962501876, 'sigma1': 0.5777933892597272, 'sigma2': 0.0005000124995312774, 't_step': 5.0}
refined search candidate: {'sigma0': 3.0001499962501876, 'sigma1': 0.5777933892597272, 'sigma2': 0.0005000249993750314, 't_step': 5.0}
refined search candidate: {'sigma0': 3.0001499962501876, 'sigma1': 0.5777933892597272, 'sigma2': 0.0005000374995312696, 't_step': 5.0}
refined search candidate: {'sigma0': 3.0001499962501876, 'sigma1': 0.5777933892597272, 'sigma2': 0.00050005, 't_step': 5.0}
refined search candidate: {'sigma0': 3.0001499962501876, 'sigma1': 0.6, 'sigma2': 0.0005000000000000001, 't_step': 5.0}
refined search candidate: {'sigma0': 3.0001499962501876, 'sigma1': 0.6, 'sigma2': 0.0005000124995312774, 't_step': 5.0}
refined search candidate: {'sigma0': 3.0001499962501876, 'sigma1': 0.6, 'sigma2': 0.0005000249993750314, 't_step': 5.0}
refined search candidate: {'sigma0': 3.0001499962501876, 'sigma1': 0.6, 'sigma2': 0.0005000374995312696, 't_step': 5.0}
refined search candidate: {'sigma0': 3.0001499962501876, 'sigma1': 0.6, 'sigma2': 0.00050005, 't_step': 5.0}
refined search candidate: {'sigma0': 3.0002249971876176, 'sigma1': 0.5159843426476388, 'sigma2': 0.0005000000000000001, 't_step': 5.0}
refined search candidate: {'sigma0': 3.0002249971876176, 'sigma1': 0.5159843426476388, 'sigma2': 0.0005000124995312774, 't_step': 5.0}
refined search candidate: {'sigma0': 3.0002249971876176, 'sigma1': 0.5159843426476388, 'sigma2': 0.0005000249993750314, 't_step': 5.0}
refined search candidate: {'sigma0': 3.0002249971876176, 'sigma1': 0.5159843426476388, 'sigma2': 0.0005000374995312696, 't_step': 5.0}
refined search candidate: {'sigma0': 3.0002249971876176, 'sigma1': 0.5159843426476388, 'sigma2': 0.00050005, 't_step': 5.0}
refined search candidate: {'sigma0': 3.0002249971876176, 'sigma1': 0.5358154166236357, 'sigma2': 0.0005000000000000001, 't_step': 5.0}
refined search candidate: {'sigma0': 3.0002249971876176, 'sigma1': 0.5358154166236357, 'sigma2': 0.0005000124995312774, 't_step': 5.0}
refined search candidate: {'sigma0': 3.0002249971876176, 'sigma1': 0.5358154166236357, 'sigma2': 0.0005000249993750314, 't_step': 5.0}
refined search candidate: {'sigma0': 3.0002249971876176, 'sigma1': 0.5358154166236357, 'sigma2': 0.0005000374995312696, 't_step': 5.0}
refined search candidate: {'sigma0': 3.0002249971876176, 'sigma1': 0.5358154166236357, 'sigma2': 0.00050005, 't_step': 5.0}
refined search candidate: {'sigma0': 3.0002249971876176, 'sigma1': 0.5564086677870711, 'sigma2': 0.0005000000000000001, 't_step': 5.0}
refined search candidate: {'sigma0': 3.0002249971876176, 'sigma1': 0.5564086677870711, 'sigma2': 0.0005000124995312774, 't_step': 5.0}
refined search candidate: {'sigma0': 3.0002249971876176, 'sigma1': 0.5564086677870711, 'sigma2': 0.0005000249993750314, 't_step': 5.0}
refined search candidate: {'sigma0': 3.0002249971876176, 'sigma1': 0.5564086677870711, 'sigma2': 0.0005000374995312696, 't_step': 5.0}
refined search candidate: {'sigma0': 3.0002249971876176, 'sigma1': 0.5564086677870711, 'sigma2': 0.00050005, 't_step': 5.0}
refined search candidate: {'sigma0': 3.0002249971876176, 'sigma1': 0.5777933892597272, 'sigma2': 0.0005000000000000001, 't_step': 5.0}
refined search candidate: {'sigma0': 3.0002249971876176, 'sigma1': 0.5777933892597272, 'sigma2': 0.0005000124995312774, 't_step': 5.0}
refined search candidate: {'sigma0': 3.0002249971876176, 'sigma1': 0.5777933892597272, 'sigma2': 0.0005000249993750314, 't_step': 5.0}
refined search candidate: {'sigma0': 3.0002249971876176, 'sigma1': 0.5777933892597272, 'sigma2': 0.0005000374995312696, 't_step': 5.0}
refined search candidate: {'sigma0': 3.0002249971876176, 'sigma1': 0.5777933892597272, 'sigma2': 0.00050005, 't_step': 5.0}
refined search candidate: {'sigma0': 3.0002249971876176, 'sigma1': 0.6, 'sigma2': 0.0005000000000000001, 't_step': 5.0}
refined search candidate: {'sigma0': 3.0002249971876176, 'sigma1': 0.6, 'sigma2': 0.0005000124995312774, 't_step': 5.0}
refined search candidate: {'sigma0': 3.0002249971876176, 'sigma1': 0.6, 'sigma2': 0.0005000249993750314, 't_step': 5.0}
refined search candidate: {'sigma0': 3.0002249971876176, 'sigma1': 0.6, 'sigma2': 0.0005000374995312696, 't_step': 5.0}
refined search candidate: {'sigma0': 3.0002249971876176, 'sigma1': 0.6, 'sigma2': 0.00050005, 't_step': 5.0}
refined search candidate: {'sigma0': 3.0003, 'sigma1': 0.5159843426476388, 'sigma2': 0.0005000000000000001, 't_step': 5.0}
refined search candidate: {'sigma0': 3.0003, 'sigma1': 0.5159843426476388, 'sigma2': 0.0005000124995312774, 't_step': 5.0}
refined search candidate: {'sigma0': 3.0003, 'sigma1': 0.5159843426476388, 'sigma2': 0.0005000249993750314, 't_step': 5.0}
refined search candidate: {'sigma0': 3.0003, 'sigma1': 0.5159843426476388, 'sigma2': 0.0005000374995312696, 't_step': 5.0}
refined search candidate: {'sigma0': 3.0003, 'sigma1': 0.5159843426476388, 'sigma2': 0.00050005, 't_step': 5.0}
refined search candidate: {'sigma0': 3.0003, 'sigma1': 0.5358154166236357, 'sigma2': 0.0005000000000000001, 't_step': 5.0}
refined search candidate: {'sigma0': 3.0003, 'sigma1': 0.5358154166236357, 'sigma2': 0.0005000124995312774, 't_step': 5.0}
refined search candidate: {'sigma0': 3.0003, 'sigma1': 0.5358154166236357, 'sigma2': 0.0005000249993750314, 't_step': 5.0}
refined search candidate: {'sigma0': 3.0003, 'sigma1': 0.5358154166236357, 'sigma2': 0.0005000374995312696, 't_step': 5.0}
refined search candidate: {'sigma0': 3.0003, 'sigma1': 0.5358154166236357, 'sigma2': 0.00050005, 't_step': 5.0}
refined search candidate: {'sigma0': 3.0003, 'sigma1': 0.5564086677870711, 'sigma2': 0.0005000000000000001, 't_step': 5.0}
refined search candidate: {'sigma0': 3.0003, 'sigma1': 0.5564086677870711, 'sigma2': 0.0005000124995312774, 't_step': 5.0}
refined search candidate: {'sigma0': 3.0003, 'sigma1': 0.5564086677870711, 'sigma2': 0.0005000249993750314, 't_step': 5.0}
refined search candidate: {'sigma0': 3.0003, 'sigma1': 0.5564086677870711, 'sigma2': 0.0005000374995312696, 't_step': 5.0}
refined search candidate: {'sigma0': 3.0003, 'sigma1': 0.5564086677870711, 'sigma2': 0.00050005, 't_step': 5.0}
refined search candidate: {'sigma0': 3.0003, 'sigma1': 0.5777933892597272, 'sigma2': 0.0005000000000000001, 't_step': 5.0}
refined search candidate: {'sigma0': 3.0003, 'sigma1': 0.5777933892597272, 'sigma2': 0.0005000124995312774, 't_step': 5.0}
refined search candidate: {'sigma0': 3.0003, 'sigma1': 0.5777933892597272, 'sigma2': 0.0005000249993750314, 't_step': 5.0}
refined search candidate: {'sigma0': 3.0003, 'sigma1': 0.5777933892597272, 'sigma2': 0.0005000374995312696, 't_step': 5.0}
refined search candidate: {'sigma0': 3.0003, 'sigma1': 0.5777933892597272, 'sigma2': 0.00050005, 't_step': 5.0}
refined search candidate: {'sigma0': 3.0003, 'sigma1': 0.6, 'sigma2': 0.0005000000000000001, 't_step': 5.0}
refined search candidate: {'sigma0': 3.0003, 'sigma1': 0.6, 'sigma2': 0.0005000124995312774, 't_step': 5.0}
refined search candidate: {'sigma0': 3.0003, 'sigma1': 0.6, 'sigma2': 0.0005000249993750314, 't_step': 5.0}
refined search candidate: {'sigma0': 3.0003, 'sigma1': 0.6, 'sigma2': 0.0005000374995312696, 't_step': 5.0}
refined search candidate: {'sigma0': 3.0003, 'sigma1': 0.6, 'sigma2': 0.00050005, 't_step': 5.0}
REFINED best params: {'sigma0': 3.0002249971876176, 'sigma1': 0.5564086677870711, 'sigma2': 0.0005000000000000001, 't_step': 5, 'noise_mode': 'three-regime', 'metric': 'cosine', 'layer': 'resnet50-layer4', 'encoder': 'resnet50-layer4', 'stimulus_set': 'Globalized Music'}
REFINED mse_per_isi: [1.83847889e-02 7.06013463e-04 7.47297965e-02 1.43773470e-01
 2.71425981e-03 4.19035797e-06 2.71784014e-03 4.32614255e-02]
REFINED obj: 0.03827242792064225
✔ Saved 1 best models to /om2/user/bjmedina/auditory-memory/memory/fits/fits_v12_three-regime_best
