=======================================
SLURM_ARRAY_TASK_ID = 1
YAML_PATH = /om2/user/bjmedina/auditory-memory/memory/model_yamls/three-regime/resnet50/run_000001.yaml
=======================================
Running config:
  YAML: /om2/user/bjmedina/auditory-memory/memory/model_yamls/three-regime/resnet50/run_000001.yaml
  Encoder: resnet50
  Metric: cosine
  Noise: three-regime
/om2/user/bjmedina/auditory-memory/memory/figures/figures_v11_three-regime/env-sounds/resnet50/cosine/three-regime/ /om2/user/bjmedina/auditory-memory/memory/fits/fits_v11_three-regime_best
Directory already exists: /om2/user/bjmedina/auditory-memory/memory/figures/figures_v11_three-regime/env-sounds/resnet50/cosine/three-regime/
Directory already exists: /om2/user/bjmedina/auditory-memory/memory/fits/fits_v11_three-regime_best
Directory already exists: /om2/user/bjmedina/auditory-memory/memory/fits/fits_v11_three-regime_all
Encoder name: resnet50-conv1_relu1
LOADING FROM /om2/user/bjmedina/models/cochdnn/model_directories/resnet50_word_speaker_audioset/
=> loading checkpoint '/om2/user/bjmedina/models/cochdnn/model_checkpoints/audio_rep_training_cochleagram_1/standard_training_word_and_audioset_and_speaker_decay_lr/542752d7-9849-49ff-b84a-6758a81585b4/5_checkpoint.pt'
=> loaded checkpoint '/om2/user/bjmedina/models/cochdnn/model_checkpoints/audio_rep_training_cochleagram_1/standard_training_word_and_audioset_and_speaker_decay_lr/542752d7-9849-49ff-b84a-6758a81585b4/5_checkpoint.pt' (epoch 6)
median distance: 1
there are 29 candidates
Stage A best sigma0: 0.26926552514864727 mse_isi0: 0.012753783972247582
✔ Saved 1 best models to /om2/user/bjmedina/auditory-memory/memory/fits/fits_v11_three-regime_all
(0.24233897263378254, 0.296192077663512)
trying out {'sigma0': 0.2423389726337825, 'sigma1': 0.0007016262284293709, 'sigma2': 0.00010000000000000009, 't_step': 5.0}
trying out {'sigma0': 0.2423389726337825, 'sigma1': 0.004922793644200238, 'sigma2': 0.00010000000000000009, 't_step': 5.0}
trying out {'sigma0': 0.2423389726337825, 'sigma1': 0.004922793644200238, 'sigma2': 0.0007016262284293709, 't_step': 5.0}
trying out {'sigma0': 0.2423389726337825, 'sigma1': 0.03453961137916292, 'sigma2': 0.00010000000000000009, 't_step': 5.0}
trying out {'sigma0': 0.2423389726337825, 'sigma1': 0.03453961137916292, 'sigma2': 0.0007016262284293709, 't_step': 5.0}
trying out {'sigma0': 0.2423389726337825, 'sigma1': 0.03453961137916292, 'sigma2': 0.004922793644200238, 't_step': 5.0}
trying out {'sigma0': 0.2423389726337825, 'sigma1': 0.2423389726337825, 'sigma2': 0.00010000000000000009, 't_step': 5.0}
trying out {'sigma0': 0.2423389726337825, 'sigma1': 0.2423389726337825, 'sigma2': 0.0007016262284293709, 't_step': 5.0}
trying out {'sigma0': 0.2423389726337825, 'sigma1': 0.2423389726337825, 'sigma2': 0.004922793644200238, 't_step': 5.0}
trying out {'sigma0': 0.2423389726337825, 'sigma1': 0.2423389726337825, 'sigma2': 0.03453961137916292, 't_step': 5.0}
trying out {'sigma0': 0.25480667829438614, 'sigma1': 0.0007016262284293709, 'sigma2': 0.00010000000000000009, 't_step': 5.0}
trying out {'sigma0': 0.25480667829438614, 'sigma1': 0.004922793644200238, 'sigma2': 0.00010000000000000009, 't_step': 5.0}
trying out {'sigma0': 0.25480667829438614, 'sigma1': 0.004922793644200238, 'sigma2': 0.0007016262284293709, 't_step': 5.0}
trying out {'sigma0': 0.25480667829438614, 'sigma1': 0.03453961137916292, 'sigma2': 0.00010000000000000009, 't_step': 5.0}
trying out {'sigma0': 0.25480667829438614, 'sigma1': 0.03453961137916292, 'sigma2': 0.0007016262284293709, 't_step': 5.0}
trying out {'sigma0': 0.25480667829438614, 'sigma1': 0.03453961137916292, 'sigma2': 0.004922793644200238, 't_step': 5.0}
trying out {'sigma0': 0.25480667829438614, 'sigma1': 0.2423389726337825, 'sigma2': 0.00010000000000000009, 't_step': 5.0}
trying out {'sigma0': 0.25480667829438614, 'sigma1': 0.2423389726337825, 'sigma2': 0.0007016262284293709, 't_step': 5.0}
trying out {'sigma0': 0.25480667829438614, 'sigma1': 0.2423389726337825, 'sigma2': 0.004922793644200238, 't_step': 5.0}
trying out {'sigma0': 0.25480667829438614, 'sigma1': 0.2423389726337825, 'sigma2': 0.03453961137916292, 't_step': 5.0}
trying out {'sigma0': 0.2679158147688207, 'sigma1': 0.0007016262284293709, 'sigma2': 0.00010000000000000009, 't_step': 5.0}
trying out {'sigma0': 0.2679158147688207, 'sigma1': 0.004922793644200238, 'sigma2': 0.00010000000000000009, 't_step': 5.0}
trying out {'sigma0': 0.2679158147688207, 'sigma1': 0.004922793644200238, 'sigma2': 0.0007016262284293709, 't_step': 5.0}
trying out {'sigma0': 0.2679158147688207, 'sigma1': 0.03453961137916292, 'sigma2': 0.00010000000000000009, 't_step': 5.0}
trying out {'sigma0': 0.2679158147688207, 'sigma1': 0.03453961137916292, 'sigma2': 0.0007016262284293709, 't_step': 5.0}
trying out {'sigma0': 0.2679158147688207, 'sigma1': 0.03453961137916292, 'sigma2': 0.004922793644200238, 't_step': 5.0}
trying out {'sigma0': 0.2679158147688207, 'sigma1': 0.2423389726337825, 'sigma2': 0.00010000000000000009, 't_step': 5.0}
trying out {'sigma0': 0.2679158147688207, 'sigma1': 0.2423389726337825, 'sigma2': 0.0007016262284293709, 't_step': 5.0}
trying out {'sigma0': 0.2679158147688207, 'sigma1': 0.2423389726337825, 'sigma2': 0.004922793644200238, 't_step': 5.0}
trying out {'sigma0': 0.2679158147688207, 'sigma1': 0.2423389726337825, 'sigma2': 0.03453961137916292, 't_step': 5.0}
trying out {'sigma0': 0.28169938199309136, 'sigma1': 0.0007016262284293709, 'sigma2': 0.00010000000000000009, 't_step': 5.0}
trying out {'sigma0': 0.28169938199309136, 'sigma1': 0.004922793644200238, 'sigma2': 0.00010000000000000009, 't_step': 5.0}
trying out {'sigma0': 0.28169938199309136, 'sigma1': 0.004922793644200238, 'sigma2': 0.0007016262284293709, 't_step': 5.0}
trying out {'sigma0': 0.28169938199309136, 'sigma1': 0.03453961137916292, 'sigma2': 0.00010000000000000009, 't_step': 5.0}
trying out {'sigma0': 0.28169938199309136, 'sigma1': 0.03453961137916292, 'sigma2': 0.0007016262284293709, 't_step': 5.0}
trying out {'sigma0': 0.28169938199309136, 'sigma1': 0.03453961137916292, 'sigma2': 0.004922793644200238, 't_step': 5.0}
trying out {'sigma0': 0.28169938199309136, 'sigma1': 0.2423389726337825, 'sigma2': 0.00010000000000000009, 't_step': 5.0}
trying out {'sigma0': 0.28169938199309136, 'sigma1': 0.2423389726337825, 'sigma2': 0.0007016262284293709, 't_step': 5.0}
trying out {'sigma0': 0.28169938199309136, 'sigma1': 0.2423389726337825, 'sigma2': 0.004922793644200238, 't_step': 5.0}
trying out {'sigma0': 0.28169938199309136, 'sigma1': 0.2423389726337825, 'sigma2': 0.03453961137916292, 't_step': 5.0}
trying out {'sigma0': 0.296192077663512, 'sigma1': 0.0007016262284293709, 'sigma2': 0.00010000000000000009, 't_step': 5.0}
trying out {'sigma0': 0.296192077663512, 'sigma1': 0.004922793644200238, 'sigma2': 0.00010000000000000009, 't_step': 5.0}
trying out {'sigma0': 0.296192077663512, 'sigma1': 0.004922793644200238, 'sigma2': 0.0007016262284293709, 't_step': 5.0}
trying out {'sigma0': 0.296192077663512, 'sigma1': 0.03453961137916292, 'sigma2': 0.00010000000000000009, 't_step': 5.0}
trying out {'sigma0': 0.296192077663512, 'sigma1': 0.03453961137916292, 'sigma2': 0.0007016262284293709, 't_step': 5.0}
trying out {'sigma0': 0.296192077663512, 'sigma1': 0.03453961137916292, 'sigma2': 0.004922793644200238, 't_step': 5.0}
trying out {'sigma0': 0.296192077663512, 'sigma1': 0.2423389726337825, 'sigma2': 0.00010000000000000009, 't_step': 5.0}
trying out {'sigma0': 0.296192077663512, 'sigma1': 0.2423389726337825, 'sigma2': 0.0007016262284293709, 't_step': 5.0}
trying out {'sigma0': 0.296192077663512, 'sigma1': 0.2423389726337825, 'sigma2': 0.004922793644200238, 't_step': 5.0}
trying out {'sigma0': 0.296192077663512, 'sigma1': 0.2423389726337825, 'sigma2': 0.03453961137916292, 't_step': 5.0}
Stage B best params: {'sigma0': 0.2423389726337825, 'sigma1': 0.03453961137916292, 'sigma2': 0.004922793644200238, 't_step': 5.0, 'noise_mode': 'three-regime', 'metric': 'cosine', 'layer': 'resnet50-conv1_relu1', 'encoder': 'resnet50-conv1_relu1', 'stimulus_set': 'Industrial and Nature'}
Stage B mse_per_isi: [9.91194063e-01 6.56992188e-01 7.39940556e-02 5.13393967e-02
 1.40458395e-02 3.07551387e-03 2.01213332e-06 2.88613996e-02]
Stage B obj (ISI>=1 mean): 0.11833005790483032
✔ Saved 1 best models to /om2/user/bjmedina/auditory-memory/memory/fits/fits_v11_three-regime_all
refined search candidate: {'sigma0': 3.0000000000000004, 'sigma1': 0.10000000000000002, 'sigma2': 0.004430514279780216, 't_step': 5.0}
refined search candidate: {'sigma0': 3.0000000000000004, 'sigma1': 0.10000000000000002, 'sigma2': 0.0046584526396942685, 't_step': 5.0}
refined search candidate: {'sigma0': 3.0000000000000004, 'sigma1': 0.10000000000000002, 'sigma2': 0.004898117831447554, 't_step': 5.0}
refined search candidate: {'sigma0': 3.0000000000000004, 'sigma1': 0.10000000000000002, 'sigma2': 0.005150113169835519, 't_step': 5.0}
refined search candidate: {'sigma0': 3.0000000000000004, 'sigma1': 0.10000000000000002, 'sigma2': 0.005415073008620262, 't_step': 5.0}
refined search candidate: {'sigma0': 3.0000000000000004, 'sigma1': 0.1000024999062555, 'sigma2': 0.004430514279780216, 't_step': 5.0}
refined search candidate: {'sigma0': 3.0000000000000004, 'sigma1': 0.1000024999062555, 'sigma2': 0.0046584526396942685, 't_step': 5.0}
refined search candidate: {'sigma0': 3.0000000000000004, 'sigma1': 0.1000024999062555, 'sigma2': 0.004898117831447554, 't_step': 5.0}
refined search candidate: {'sigma0': 3.0000000000000004, 'sigma1': 0.1000024999062555, 'sigma2': 0.005150113169835519, 't_step': 5.0}
refined search candidate: {'sigma0': 3.0000000000000004, 'sigma1': 0.1000024999062555, 'sigma2': 0.005415073008620262, 't_step': 5.0}
refined search candidate: {'sigma0': 3.0000000000000004, 'sigma1': 0.10000499987500627, 'sigma2': 0.004430514279780216, 't_step': 5.0}
refined search candidate: {'sigma0': 3.0000000000000004, 'sigma1': 0.10000499987500627, 'sigma2': 0.0046584526396942685, 't_step': 5.0}
refined search candidate: {'sigma0': 3.0000000000000004, 'sigma1': 0.10000499987500627, 'sigma2': 0.004898117831447554, 't_step': 5.0}
refined search candidate: {'sigma0': 3.0000000000000004, 'sigma1': 0.10000499987500627, 'sigma2': 0.005150113169835519, 't_step': 5.0}
refined search candidate: {'sigma0': 3.0000000000000004, 'sigma1': 0.10000499987500627, 'sigma2': 0.005415073008620262, 't_step': 5.0}
refined search candidate: {'sigma0': 3.0000000000000004, 'sigma1': 0.10000749990625393, 'sigma2': 0.004430514279780216, 't_step': 5.0}
refined search candidate: {'sigma0': 3.0000000000000004, 'sigma1': 0.10000749990625393, 'sigma2': 0.0046584526396942685, 't_step': 5.0}
refined search candidate: {'sigma0': 3.0000000000000004, 'sigma1': 0.10000749990625393, 'sigma2': 0.004898117831447554, 't_step': 5.0}
refined search candidate: {'sigma0': 3.0000000000000004, 'sigma1': 0.10000749990625393, 'sigma2': 0.005150113169835519, 't_step': 5.0}
refined search candidate: {'sigma0': 3.0000000000000004, 'sigma1': 0.10000749990625393, 'sigma2': 0.005415073008620262, 't_step': 5.0}
refined search candidate: {'sigma0': 3.0000000000000004, 'sigma1': 0.10001000000000003, 'sigma2': 0.004430514279780216, 't_step': 5.0}
refined search candidate: {'sigma0': 3.0000000000000004, 'sigma1': 0.10001000000000003, 'sigma2': 0.0046584526396942685, 't_step': 5.0}
refined search candidate: {'sigma0': 3.0000000000000004, 'sigma1': 0.10001000000000003, 'sigma2': 0.004898117831447554, 't_step': 5.0}
refined search candidate: {'sigma0': 3.0000000000000004, 'sigma1': 0.10001000000000003, 'sigma2': 0.005150113169835519, 't_step': 5.0}
refined search candidate: {'sigma0': 3.0000000000000004, 'sigma1': 0.10001000000000003, 'sigma2': 0.005415073008620262, 't_step': 5.0}
refined search candidate: {'sigma0': 3.000074997187664, 'sigma1': 0.10000000000000002, 'sigma2': 0.004430514279780216, 't_step': 5.0}
refined search candidate: {'sigma0': 3.000074997187664, 'sigma1': 0.10000000000000002, 'sigma2': 0.0046584526396942685, 't_step': 5.0}
refined search candidate: {'sigma0': 3.000074997187664, 'sigma1': 0.10000000000000002, 'sigma2': 0.004898117831447554, 't_step': 5.0}
refined search candidate: {'sigma0': 3.000074997187664, 'sigma1': 0.10000000000000002, 'sigma2': 0.005150113169835519, 't_step': 5.0}
refined search candidate: {'sigma0': 3.000074997187664, 'sigma1': 0.10000000000000002, 'sigma2': 0.005415073008620262, 't_step': 5.0}
refined search candidate: {'sigma0': 3.000074997187664, 'sigma1': 0.1000024999062555, 'sigma2': 0.004430514279780216, 't_step': 5.0}
refined search candidate: {'sigma0': 3.000074997187664, 'sigma1': 0.1000024999062555, 'sigma2': 0.0046584526396942685, 't_step': 5.0}
refined search candidate: {'sigma0': 3.000074997187664, 'sigma1': 0.1000024999062555, 'sigma2': 0.004898117831447554, 't_step': 5.0}
refined search candidate: {'sigma0': 3.000074997187664, 'sigma1': 0.1000024999062555, 'sigma2': 0.005150113169835519, 't_step': 5.0}
refined search candidate: {'sigma0': 3.000074997187664, 'sigma1': 0.1000024999062555, 'sigma2': 0.005415073008620262, 't_step': 5.0}
refined search candidate: {'sigma0': 3.000074997187664, 'sigma1': 0.10000499987500627, 'sigma2': 0.004430514279780216, 't_step': 5.0}
refined search candidate: {'sigma0': 3.000074997187664, 'sigma1': 0.10000499987500627, 'sigma2': 0.0046584526396942685, 't_step': 5.0}
refined search candidate: {'sigma0': 3.000074997187664, 'sigma1': 0.10000499987500627, 'sigma2': 0.004898117831447554, 't_step': 5.0}
refined search candidate: {'sigma0': 3.000074997187664, 'sigma1': 0.10000499987500627, 'sigma2': 0.005150113169835519, 't_step': 5.0}
refined search candidate: {'sigma0': 3.000074997187664, 'sigma1': 0.10000499987500627, 'sigma2': 0.005415073008620262, 't_step': 5.0}
refined search candidate: {'sigma0': 3.000074997187664, 'sigma1': 0.10000749990625393, 'sigma2': 0.004430514279780216, 't_step': 5.0}
refined search candidate: {'sigma0': 3.000074997187664, 'sigma1': 0.10000749990625393, 'sigma2': 0.0046584526396942685, 't_step': 5.0}
refined search candidate: {'sigma0': 3.000074997187664, 'sigma1': 0.10000749990625393, 'sigma2': 0.004898117831447554, 't_step': 5.0}
refined search candidate: {'sigma0': 3.000074997187664, 'sigma1': 0.10000749990625393, 'sigma2': 0.005150113169835519, 't_step': 5.0}
refined search candidate: {'sigma0': 3.000074997187664, 'sigma1': 0.10000749990625393, 'sigma2': 0.005415073008620262, 't_step': 5.0}
refined search candidate: {'sigma0': 3.000074997187664, 'sigma1': 0.10001000000000003, 'sigma2': 0.004430514279780216, 't_step': 5.0}
refined search candidate: {'sigma0': 3.000074997187664, 'sigma1': 0.10001000000000003, 'sigma2': 0.0046584526396942685, 't_step': 5.0}
refined search candidate: {'sigma0': 3.000074997187664, 'sigma1': 0.10001000000000003, 'sigma2': 0.004898117831447554, 't_step': 5.0}
refined search candidate: {'sigma0': 3.000074997187664, 'sigma1': 0.10001000000000003, 'sigma2': 0.005150113169835519, 't_step': 5.0}
refined search candidate: {'sigma0': 3.000074997187664, 'sigma1': 0.10001000000000003, 'sigma2': 0.005415073008620262, 't_step': 5.0}
refined search candidate: {'sigma0': 3.0001499962501876, 'sigma1': 0.10000000000000002, 'sigma2': 0.004430514279780216, 't_step': 5.0}
refined search candidate: {'sigma0': 3.0001499962501876, 'sigma1': 0.10000000000000002, 'sigma2': 0.0046584526396942685, 't_step': 5.0}
refined search candidate: {'sigma0': 3.0001499962501876, 'sigma1': 0.10000000000000002, 'sigma2': 0.004898117831447554, 't_step': 5.0}
refined search candidate: {'sigma0': 3.0001499962501876, 'sigma1': 0.10000000000000002, 'sigma2': 0.005150113169835519, 't_step': 5.0}
refined search candidate: {'sigma0': 3.0001499962501876, 'sigma1': 0.10000000000000002, 'sigma2': 0.005415073008620262, 't_step': 5.0}
refined search candidate: {'sigma0': 3.0001499962501876, 'sigma1': 0.1000024999062555, 'sigma2': 0.004430514279780216, 't_step': 5.0}
refined search candidate: {'sigma0': 3.0001499962501876, 'sigma1': 0.1000024999062555, 'sigma2': 0.0046584526396942685, 't_step': 5.0}
refined search candidate: {'sigma0': 3.0001499962501876, 'sigma1': 0.1000024999062555, 'sigma2': 0.004898117831447554, 't_step': 5.0}
refined search candidate: {'sigma0': 3.0001499962501876, 'sigma1': 0.1000024999062555, 'sigma2': 0.005150113169835519, 't_step': 5.0}
refined search candidate: {'sigma0': 3.0001499962501876, 'sigma1': 0.1000024999062555, 'sigma2': 0.005415073008620262, 't_step': 5.0}
refined search candidate: {'sigma0': 3.0001499962501876, 'sigma1': 0.10000499987500627, 'sigma2': 0.004430514279780216, 't_step': 5.0}
refined search candidate: {'sigma0': 3.0001499962501876, 'sigma1': 0.10000499987500627, 'sigma2': 0.0046584526396942685, 't_step': 5.0}
refined search candidate: {'sigma0': 3.0001499962501876, 'sigma1': 0.10000499987500627, 'sigma2': 0.004898117831447554, 't_step': 5.0}
refined search candidate: {'sigma0': 3.0001499962501876, 'sigma1': 0.10000499987500627, 'sigma2': 0.005150113169835519, 't_step': 5.0}
refined search candidate: {'sigma0': 3.0001499962501876, 'sigma1': 0.10000499987500627, 'sigma2': 0.005415073008620262, 't_step': 5.0}
refined search candidate: {'sigma0': 3.0001499962501876, 'sigma1': 0.10000749990625393, 'sigma2': 0.004430514279780216, 't_step': 5.0}
refined search candidate: {'sigma0': 3.0001499962501876, 'sigma1': 0.10000749990625393, 'sigma2': 0.0046584526396942685, 't_step': 5.0}
refined search candidate: {'sigma0': 3.0001499962501876, 'sigma1': 0.10000749990625393, 'sigma2': 0.004898117831447554, 't_step': 5.0}
refined search candidate: {'sigma0': 3.0001499962501876, 'sigma1': 0.10000749990625393, 'sigma2': 0.005150113169835519, 't_step': 5.0}
refined search candidate: {'sigma0': 3.0001499962501876, 'sigma1': 0.10000749990625393, 'sigma2': 0.005415073008620262, 't_step': 5.0}
refined search candidate: {'sigma0': 3.0001499962501876, 'sigma1': 0.10001000000000003, 'sigma2': 0.004430514279780216, 't_step': 5.0}
refined search candidate: {'sigma0': 3.0001499962501876, 'sigma1': 0.10001000000000003, 'sigma2': 0.0046584526396942685, 't_step': 5.0}
refined search candidate: {'sigma0': 3.0001499962501876, 'sigma1': 0.10001000000000003, 'sigma2': 0.004898117831447554, 't_step': 5.0}
refined search candidate: {'sigma0': 3.0001499962501876, 'sigma1': 0.10001000000000003, 'sigma2': 0.005150113169835519, 't_step': 5.0}
refined search candidate: {'sigma0': 3.0001499962501876, 'sigma1': 0.10001000000000003, 'sigma2': 0.005415073008620262, 't_step': 5.0}
refined search candidate: {'sigma0': 3.0002249971876176, 'sigma1': 0.10000000000000002, 'sigma2': 0.004430514279780216, 't_step': 5.0}
refined search candidate: {'sigma0': 3.0002249971876176, 'sigma1': 0.10000000000000002, 'sigma2': 0.0046584526396942685, 't_step': 5.0}
refined search candidate: {'sigma0': 3.0002249971876176, 'sigma1': 0.10000000000000002, 'sigma2': 0.004898117831447554, 't_step': 5.0}
refined search candidate: {'sigma0': 3.0002249971876176, 'sigma1': 0.10000000000000002, 'sigma2': 0.005150113169835519, 't_step': 5.0}
refined search candidate: {'sigma0': 3.0002249971876176, 'sigma1': 0.10000000000000002, 'sigma2': 0.005415073008620262, 't_step': 5.0}
refined search candidate: {'sigma0': 3.0002249971876176, 'sigma1': 0.1000024999062555, 'sigma2': 0.004430514279780216, 't_step': 5.0}
refined search candidate: {'sigma0': 3.0002249971876176, 'sigma1': 0.1000024999062555, 'sigma2': 0.0046584526396942685, 't_step': 5.0}
refined search candidate: {'sigma0': 3.0002249971876176, 'sigma1': 0.1000024999062555, 'sigma2': 0.004898117831447554, 't_step': 5.0}
refined search candidate: {'sigma0': 3.0002249971876176, 'sigma1': 0.1000024999062555, 'sigma2': 0.005150113169835519, 't_step': 5.0}
refined search candidate: {'sigma0': 3.0002249971876176, 'sigma1': 0.1000024999062555, 'sigma2': 0.005415073008620262, 't_step': 5.0}
refined search candidate: {'sigma0': 3.0002249971876176, 'sigma1': 0.10000499987500627, 'sigma2': 0.004430514279780216, 't_step': 5.0}
refined search candidate: {'sigma0': 3.0002249971876176, 'sigma1': 0.10000499987500627, 'sigma2': 0.0046584526396942685, 't_step': 5.0}
refined search candidate: {'sigma0': 3.0002249971876176, 'sigma1': 0.10000499987500627, 'sigma2': 0.004898117831447554, 't_step': 5.0}
refined search candidate: {'sigma0': 3.0002249971876176, 'sigma1': 0.10000499987500627, 'sigma2': 0.005150113169835519, 't_step': 5.0}
refined search candidate: {'sigma0': 3.0002249971876176, 'sigma1': 0.10000499987500627, 'sigma2': 0.005415073008620262, 't_step': 5.0}
refined search candidate: {'sigma0': 3.0002249971876176, 'sigma1': 0.10000749990625393, 'sigma2': 0.004430514279780216, 't_step': 5.0}
refined search candidate: {'sigma0': 3.0002249971876176, 'sigma1': 0.10000749990625393, 'sigma2': 0.0046584526396942685, 't_step': 5.0}
refined search candidate: {'sigma0': 3.0002249971876176, 'sigma1': 0.10000749990625393, 'sigma2': 0.004898117831447554, 't_step': 5.0}
refined search candidate: {'sigma0': 3.0002249971876176, 'sigma1': 0.10000749990625393, 'sigma2': 0.005150113169835519, 't_step': 5.0}
refined search candidate: {'sigma0': 3.0002249971876176, 'sigma1': 0.10000749990625393, 'sigma2': 0.005415073008620262, 't_step': 5.0}
refined search candidate: {'sigma0': 3.0002249971876176, 'sigma1': 0.10001000000000003, 'sigma2': 0.004430514279780216, 't_step': 5.0}
refined search candidate: {'sigma0': 3.0002249971876176, 'sigma1': 0.10001000000000003, 'sigma2': 0.0046584526396942685, 't_step': 5.0}
refined search candidate: {'sigma0': 3.0002249971876176, 'sigma1': 0.10001000000000003, 'sigma2': 0.004898117831447554, 't_step': 5.0}
refined search candidate: {'sigma0': 3.0002249971876176, 'sigma1': 0.10001000000000003, 'sigma2': 0.005150113169835519, 't_step': 5.0}
refined search candidate: {'sigma0': 3.0002249971876176, 'sigma1': 0.10001000000000003, 'sigma2': 0.005415073008620262, 't_step': 5.0}
refined search candidate: {'sigma0': 3.0003, 'sigma1': 0.10000000000000002, 'sigma2': 0.004430514279780216, 't_step': 5.0}
refined search candidate: {'sigma0': 3.0003, 'sigma1': 0.10000000000000002, 'sigma2': 0.0046584526396942685, 't_step': 5.0}
refined search candidate: {'sigma0': 3.0003, 'sigma1': 0.10000000000000002, 'sigma2': 0.004898117831447554, 't_step': 5.0}
refined search candidate: {'sigma0': 3.0003, 'sigma1': 0.10000000000000002, 'sigma2': 0.005150113169835519, 't_step': 5.0}
refined search candidate: {'sigma0': 3.0003, 'sigma1': 0.10000000000000002, 'sigma2': 0.005415073008620262, 't_step': 5.0}
refined search candidate: {'sigma0': 3.0003, 'sigma1': 0.1000024999062555, 'sigma2': 0.004430514279780216, 't_step': 5.0}
refined search candidate: {'sigma0': 3.0003, 'sigma1': 0.1000024999062555, 'sigma2': 0.0046584526396942685, 't_step': 5.0}
refined search candidate: {'sigma0': 3.0003, 'sigma1': 0.1000024999062555, 'sigma2': 0.004898117831447554, 't_step': 5.0}
refined search candidate: {'sigma0': 3.0003, 'sigma1': 0.1000024999062555, 'sigma2': 0.005150113169835519, 't_step': 5.0}
refined search candidate: {'sigma0': 3.0003, 'sigma1': 0.1000024999062555, 'sigma2': 0.005415073008620262, 't_step': 5.0}
refined search candidate: {'sigma0': 3.0003, 'sigma1': 0.10000499987500627, 'sigma2': 0.004430514279780216, 't_step': 5.0}
refined search candidate: {'sigma0': 3.0003, 'sigma1': 0.10000499987500627, 'sigma2': 0.0046584526396942685, 't_step': 5.0}
refined search candidate: {'sigma0': 3.0003, 'sigma1': 0.10000499987500627, 'sigma2': 0.004898117831447554, 't_step': 5.0}
refined search candidate: {'sigma0': 3.0003, 'sigma1': 0.10000499987500627, 'sigma2': 0.005150113169835519, 't_step': 5.0}
refined search candidate: {'sigma0': 3.0003, 'sigma1': 0.10000499987500627, 'sigma2': 0.005415073008620262, 't_step': 5.0}
refined search candidate: {'sigma0': 3.0003, 'sigma1': 0.10000749990625393, 'sigma2': 0.004430514279780216, 't_step': 5.0}
refined search candidate: {'sigma0': 3.0003, 'sigma1': 0.10000749990625393, 'sigma2': 0.0046584526396942685, 't_step': 5.0}
refined search candidate: {'sigma0': 3.0003, 'sigma1': 0.10000749990625393, 'sigma2': 0.004898117831447554, 't_step': 5.0}
refined search candidate: {'sigma0': 3.0003, 'sigma1': 0.10000749990625393, 'sigma2': 0.005150113169835519, 't_step': 5.0}
refined search candidate: {'sigma0': 3.0003, 'sigma1': 0.10000749990625393, 'sigma2': 0.005415073008620262, 't_step': 5.0}
refined search candidate: {'sigma0': 3.0003, 'sigma1': 0.10001000000000003, 'sigma2': 0.004430514279780216, 't_step': 5.0}
refined search candidate: {'sigma0': 3.0003, 'sigma1': 0.10001000000000003, 'sigma2': 0.0046584526396942685, 't_step': 5.0}
refined search candidate: {'sigma0': 3.0003, 'sigma1': 0.10001000000000003, 'sigma2': 0.004898117831447554, 't_step': 5.0}
refined search candidate: {'sigma0': 3.0003, 'sigma1': 0.10001000000000003, 'sigma2': 0.005150113169835519, 't_step': 5.0}
refined search candidate: {'sigma0': 3.0003, 'sigma1': 0.10001000000000003, 'sigma2': 0.005415073008620262, 't_step': 5.0}
REFINED best params: {'sigma0': 3.000074997187664, 'sigma1': 0.10000749990625393, 'sigma2': 0.005150113169835519, 't_step': 5, 'noise_mode': 'three-regime', 'metric': 'cosine', 'layer': 'resnet50-conv1_relu1', 'encoder': 'resnet50-conv1_relu1', 'stimulus_set': 'Industrial and Nature'}
REFINED mse_per_isi: [11.04413409  8.5392339   4.74253024  3.69318469  3.22012808  2.54184806
  2.08435958  1.00457413]
REFINED obj: 3.6894083843189116
✔ Saved 1 best models to /om2/user/bjmedina/auditory-memory/memory/fits/fits_v11_three-regime_best
