=======================================
SLURM_ARRAY_TASK_ID = 1
YAML_PATH = /om2/user/bjmedina/auditory-memory/memory/model_yamls/three-regime/resnet50/run_000001.yaml
=======================================
Running config:
  YAML: /om2/user/bjmedina/auditory-memory/memory/model_yamls/three-regime/resnet50/run_000001.yaml
  Encoder: resnet50
  Metric: cosine
  Noise: three-regime
/om2/user/bjmedina/auditory-memory/memory/figures/figures_v11_three-regime_cosine_median_dist/env-sounds/resnet50/cosine/three-regime/ /om2/user/bjmedina/auditory-memory/memory/fits/fits_v11_three-regime_cosine_median_dist_best
Directory already exists: /om2/user/bjmedina/auditory-memory/memory/figures/figures_v11_three-regime_cosine_median_dist/env-sounds/resnet50/cosine/three-regime/
Directory already exists: /om2/user/bjmedina/auditory-memory/memory/fits/fits_v11_three-regime_cosine_median_dist_best
Directory already exists: /om2/user/bjmedina/auditory-memory/memory/fits/fits_v11_three-regime_cosine_median_dist_all
Encoder name: resnet50-conv1_relu1
LOADING FROM /om2/user/bjmedina/models/cochdnn/model_directories/resnet50_word_speaker_audioset/
=> loading checkpoint '/om2/user/bjmedina/models/cochdnn/model_checkpoints/audio_rep_training_cochleagram_1/standard_training_word_and_audioset_and_speaker_decay_lr/542752d7-9849-49ff-b84a-6758a81585b4/5_checkpoint.pt'
=> loaded checkpoint '/om2/user/bjmedina/models/cochdnn/model_checkpoints/audio_rep_training_cochleagram_1/standard_training_word_and_audioset_and_speaker_decay_lr/542752d7-9849-49ff-b84a-6758a81585b4/5_checkpoint.pt' (epoch 6)
median distance: 0.12003156344196325
there are 22 candidates
Stage A best sigma0: 0.20366395866258563 mse_isi0: 0.48669991511310584
(0.18329756279632708, 0.2240303545288442)
trying out {'sigma0': 0.18329756279632708, 'sigma1': 0.0006543184593630207, 'sigma2': 0.00010000000000000009, 't_step': 5.0}
trying out {'sigma0': 0.18329756279632708, 'sigma1': 0.004281326462631965, 'sigma2': 0.00010000000000000009, 't_step': 5.0}
trying out {'sigma0': 0.18329756279632708, 'sigma1': 0.004281326462631965, 'sigma2': 0.0006543184593630207, 't_step': 5.0}
trying out {'sigma0': 0.18329756279632708, 'sigma1': 0.028013509350594736, 'sigma2': 0.00010000000000000009, 't_step': 5.0}
trying out {'sigma0': 0.18329756279632708, 'sigma1': 0.028013509350594736, 'sigma2': 0.0006543184593630207, 't_step': 5.0}
trying out {'sigma0': 0.18329756279632708, 'sigma1': 0.028013509350594736, 'sigma2': 0.004281326462631965, 't_step': 5.0}
trying out {'sigma0': 0.18329756279632708, 'sigma1': 0.18329756279632708, 'sigma2': 0.00010000000000000009, 't_step': 5.0}
trying out {'sigma0': 0.18329756279632708, 'sigma1': 0.18329756279632708, 'sigma2': 0.0006543184593630207, 't_step': 5.0}
trying out {'sigma0': 0.18329756279632708, 'sigma1': 0.18329756279632708, 'sigma2': 0.004281326462631965, 't_step': 5.0}
trying out {'sigma0': 0.18329756279632708, 'sigma1': 0.18329756279632708, 'sigma2': 0.028013509350594736, 't_step': 5.0}
trying out {'sigma0': 0.19272774250045627, 'sigma1': 0.0006543184593630207, 'sigma2': 0.00010000000000000009, 't_step': 5.0}
trying out {'sigma0': 0.19272774250045627, 'sigma1': 0.004281326462631965, 'sigma2': 0.00010000000000000009, 't_step': 5.0}
trying out {'sigma0': 0.19272774250045627, 'sigma1': 0.004281326462631965, 'sigma2': 0.0006543184593630207, 't_step': 5.0}
trying out {'sigma0': 0.19272774250045627, 'sigma1': 0.028013509350594736, 'sigma2': 0.00010000000000000009, 't_step': 5.0}
trying out {'sigma0': 0.19272774250045627, 'sigma1': 0.028013509350594736, 'sigma2': 0.0006543184593630207, 't_step': 5.0}
trying out {'sigma0': 0.19272774250045627, 'sigma1': 0.028013509350594736, 'sigma2': 0.004281326462631965, 't_step': 5.0}
trying out {'sigma0': 0.19272774250045627, 'sigma1': 0.18329756279632708, 'sigma2': 0.00010000000000000009, 't_step': 5.0}
trying out {'sigma0': 0.19272774250045627, 'sigma1': 0.18329756279632708, 'sigma2': 0.0006543184593630207, 't_step': 5.0}
trying out {'sigma0': 0.19272774250045627, 'sigma1': 0.18329756279632708, 'sigma2': 0.004281326462631965, 't_step': 5.0}
trying out {'sigma0': 0.19272774250045627, 'sigma1': 0.18329756279632708, 'sigma2': 0.028013509350594736, 't_step': 5.0}
trying out {'sigma0': 0.20264308026067468, 'sigma1': 0.0006543184593630207, 'sigma2': 0.00010000000000000009, 't_step': 5.0}
trying out {'sigma0': 0.20264308026067468, 'sigma1': 0.004281326462631965, 'sigma2': 0.00010000000000000009, 't_step': 5.0}
trying out {'sigma0': 0.20264308026067468, 'sigma1': 0.004281326462631965, 'sigma2': 0.0006543184593630207, 't_step': 5.0}
trying out {'sigma0': 0.20264308026067468, 'sigma1': 0.028013509350594736, 'sigma2': 0.00010000000000000009, 't_step': 5.0}
trying out {'sigma0': 0.20264308026067468, 'sigma1': 0.028013509350594736, 'sigma2': 0.0006543184593630207, 't_step': 5.0}
trying out {'sigma0': 0.20264308026067468, 'sigma1': 0.028013509350594736, 'sigma2': 0.004281326462631965, 't_step': 5.0}
trying out {'sigma0': 0.20264308026067468, 'sigma1': 0.18329756279632708, 'sigma2': 0.00010000000000000009, 't_step': 5.0}
trying out {'sigma0': 0.20264308026067468, 'sigma1': 0.18329756279632708, 'sigma2': 0.0006543184593630207, 't_step': 5.0}
trying out {'sigma0': 0.20264308026067468, 'sigma1': 0.18329756279632708, 'sigma2': 0.004281326462631965, 't_step': 5.0}
trying out {'sigma0': 0.20264308026067468, 'sigma1': 0.18329756279632708, 'sigma2': 0.028013509350594736, 't_step': 5.0}
trying out {'sigma0': 0.21306853618874838, 'sigma1': 0.0006543184593630207, 'sigma2': 0.00010000000000000009, 't_step': 5.0}
trying out {'sigma0': 0.21306853618874838, 'sigma1': 0.004281326462631965, 'sigma2': 0.00010000000000000009, 't_step': 5.0}
trying out {'sigma0': 0.21306853618874838, 'sigma1': 0.004281326462631965, 'sigma2': 0.0006543184593630207, 't_step': 5.0}
trying out {'sigma0': 0.21306853618874838, 'sigma1': 0.028013509350594736, 'sigma2': 0.00010000000000000009, 't_step': 5.0}
trying out {'sigma0': 0.21306853618874838, 'sigma1': 0.028013509350594736, 'sigma2': 0.0006543184593630207, 't_step': 5.0}
trying out {'sigma0': 0.21306853618874838, 'sigma1': 0.028013509350594736, 'sigma2': 0.004281326462631965, 't_step': 5.0}
trying out {'sigma0': 0.21306853618874838, 'sigma1': 0.18329756279632708, 'sigma2': 0.00010000000000000009, 't_step': 5.0}
trying out {'sigma0': 0.21306853618874838, 'sigma1': 0.18329756279632708, 'sigma2': 0.0006543184593630207, 't_step': 5.0}
trying out {'sigma0': 0.21306853618874838, 'sigma1': 0.18329756279632708, 'sigma2': 0.004281326462631965, 't_step': 5.0}
trying out {'sigma0': 0.21306853618874838, 'sigma1': 0.18329756279632708, 'sigma2': 0.028013509350594736, 't_step': 5.0}
trying out {'sigma0': 0.2240303545288442, 'sigma1': 0.0006543184593630207, 'sigma2': 0.00010000000000000009, 't_step': 5.0}
trying out {'sigma0': 0.2240303545288442, 'sigma1': 0.004281326462631965, 'sigma2': 0.00010000000000000009, 't_step': 5.0}
trying out {'sigma0': 0.2240303545288442, 'sigma1': 0.004281326462631965, 'sigma2': 0.0006543184593630207, 't_step': 5.0}
trying out {'sigma0': 0.2240303545288442, 'sigma1': 0.028013509350594736, 'sigma2': 0.00010000000000000009, 't_step': 5.0}
trying out {'sigma0': 0.2240303545288442, 'sigma1': 0.028013509350594736, 'sigma2': 0.0006543184593630207, 't_step': 5.0}
trying out {'sigma0': 0.2240303545288442, 'sigma1': 0.028013509350594736, 'sigma2': 0.004281326462631965, 't_step': 5.0}
trying out {'sigma0': 0.2240303545288442, 'sigma1': 0.18329756279632708, 'sigma2': 0.00010000000000000009, 't_step': 5.0}
trying out {'sigma0': 0.2240303545288442, 'sigma1': 0.18329756279632708, 'sigma2': 0.0006543184593630207, 't_step': 5.0}
trying out {'sigma0': 0.2240303545288442, 'sigma1': 0.18329756279632708, 'sigma2': 0.004281326462631965, 't_step': 5.0}
trying out {'sigma0': 0.2240303545288442, 'sigma1': 0.18329756279632708, 'sigma2': 0.028013509350594736, 't_step': 5.0}
Stage B best params: {'sigma0': 0.2240303545288442, 'sigma1': 0.028013509350594736, 'sigma2': 0.004281326462631965, 't_step': 5.0, 'noise_mode': 'three-regime', 'metric': 'cosine', 'layer': 'resnet50-conv1_relu1', 'encoder': 'resnet50-conv1_relu1', 'stimulus_set': 'Industrial and Nature'}
Stage B mse_per_isi: [0.83312551 0.29081443 0.01235477 0.00191201 0.02058812 0.00419108
 0.04602089 0.2480749 ]
Stage B obj (ISI>=1 mean): 0.08913659897753765
refined search candidate: {'sigma0': 0.36009469032588975, 'sigma1': 0.02521215841553526, 'sigma2': 0.003853193816368767, 't_step': 5.0}
refined search candidate: {'sigma0': 0.36009469032588975, 'sigma1': 0.02521215841553526, 'sigma2': 0.004259866044470927, 't_step': 5.0}
refined search candidate: {'sigma0': 0.36009469032588975, 'sigma1': 0.02521215841553526, 'sigma2': 0.004709459108895161, 't_step': 5.0}
refined search candidate: {'sigma0': 0.36009469032588975, 'sigma1': 0.027873089873110594, 'sigma2': 0.003853193816368767, 't_step': 5.0}
refined search candidate: {'sigma0': 0.36009469032588975, 'sigma1': 0.027873089873110594, 'sigma2': 0.004259866044470927, 't_step': 5.0}
refined search candidate: {'sigma0': 0.36009469032588975, 'sigma1': 0.027873089873110594, 'sigma2': 0.004709459108895161, 't_step': 5.0}
refined search candidate: {'sigma0': 0.36009469032588975, 'sigma1': 0.030814860285654208, 'sigma2': 0.003853193816368767, 't_step': 5.0}
refined search candidate: {'sigma0': 0.36009469032588975, 'sigma1': 0.030814860285654208, 'sigma2': 0.004259866044470927, 't_step': 5.0}
refined search candidate: {'sigma0': 0.36009469032588975, 'sigma1': 0.030814860285654208, 'sigma2': 0.004709459108895161, 't_step': 5.0}
refined search candidate: {'sigma0': 0.3601126946103102, 'sigma1': 0.02521215841553526, 'sigma2': 0.003853193816368767, 't_step': 5.0}
refined search candidate: {'sigma0': 0.3601126946103102, 'sigma1': 0.02521215841553526, 'sigma2': 0.004259866044470927, 't_step': 5.0}
refined search candidate: {'sigma0': 0.3601126946103102, 'sigma1': 0.02521215841553526, 'sigma2': 0.004709459108895161, 't_step': 5.0}
refined search candidate: {'sigma0': 0.3601126946103102, 'sigma1': 0.027873089873110594, 'sigma2': 0.003853193816368767, 't_step': 5.0}
refined search candidate: {'sigma0': 0.3601126946103102, 'sigma1': 0.027873089873110594, 'sigma2': 0.004259866044470927, 't_step': 5.0}
refined search candidate: {'sigma0': 0.3601126946103102, 'sigma1': 0.027873089873110594, 'sigma2': 0.004709459108895161, 't_step': 5.0}
refined search candidate: {'sigma0': 0.3601126946103102, 'sigma1': 0.030814860285654208, 'sigma2': 0.003853193816368767, 't_step': 5.0}
refined search candidate: {'sigma0': 0.3601126946103102, 'sigma1': 0.030814860285654208, 'sigma2': 0.004259866044470927, 't_step': 5.0}
refined search candidate: {'sigma0': 0.3601126946103102, 'sigma1': 0.030814860285654208, 'sigma2': 0.004709459108895161, 't_step': 5.0}
refined search candidate: {'sigma0': 0.36013069979492235, 'sigma1': 0.02521215841553526, 'sigma2': 0.003853193816368767, 't_step': 5.0}
refined search candidate: {'sigma0': 0.36013069979492235, 'sigma1': 0.02521215841553526, 'sigma2': 0.004259866044470927, 't_step': 5.0}
refined search candidate: {'sigma0': 0.36013069979492235, 'sigma1': 0.02521215841553526, 'sigma2': 0.004709459108895161, 't_step': 5.0}
refined search candidate: {'sigma0': 0.36013069979492235, 'sigma1': 0.027873089873110594, 'sigma2': 0.003853193816368767, 't_step': 5.0}
refined search candidate: {'sigma0': 0.36013069979492235, 'sigma1': 0.027873089873110594, 'sigma2': 0.004259866044470927, 't_step': 5.0}
refined search candidate: {'sigma0': 0.36013069979492235, 'sigma1': 0.027873089873110594, 'sigma2': 0.004709459108895161, 't_step': 5.0}
refined search candidate: {'sigma0': 0.36013069979492235, 'sigma1': 0.030814860285654208, 'sigma2': 0.003853193816368767, 't_step': 5.0}
refined search candidate: {'sigma0': 0.36013069979492235, 'sigma1': 0.030814860285654208, 'sigma2': 0.004259866044470927, 't_step': 5.0}
refined search candidate: {'sigma0': 0.36013069979492235, 'sigma1': 0.030814860285654208, 'sigma2': 0.004709459108895161, 't_step': 5.0}
REFINED best params: {'sigma0': 0.36009469032588975, 'sigma1': 0.030814860285654208, 'sigma2': 0.004709459108895161, 't_step': 5, 'noise_mode': 'three-regime', 'metric': 'cosine', 'layer': 'resnet50-conv1_relu1', 'encoder': 'resnet50-conv1_relu1', 'stimulus_set': 'Industrial and Nature'}
REFINED mse_per_isi: [4.0239409  2.58837816 1.14212069 0.66937072 0.42332798 0.38844015
 0.27874614 0.13344692]
REFINED obj: 0.8034043926537162
✔ Saved 1 best models to /om2/user/bjmedina/auditory-memory/memory/fits/fits_v11_three-regime_cosine_median_dist_all
