=======================================
SLURM_ARRAY_TASK_ID = 5
YAML_PATH = /om2/user/bjmedina/auditory-memory/memory/model_yamls/three-regime/resnet50/run_000005.yaml
=======================================
Running config:
  YAML: /om2/user/bjmedina/auditory-memory/memory/model_yamls/three-regime/resnet50/run_000005.yaml
  Encoder: resnet50
  Metric: cosine
  Noise: three-regime
/om2/user/bjmedina/auditory-memory/memory/figures/figures_v11_three-regime_cosine_median_dist/env-sounds/resnet50/cosine/three-regime/ /om2/user/bjmedina/auditory-memory/memory/fits/fits_v11_three-regime_cosine_median_dist_best
Directory already exists: /om2/user/bjmedina/auditory-memory/memory/figures/figures_v11_three-regime_cosine_median_dist/env-sounds/resnet50/cosine/three-regime/
Directory already exists: /om2/user/bjmedina/auditory-memory/memory/fits/fits_v11_three-regime_cosine_median_dist_best
Directory already exists: /om2/user/bjmedina/auditory-memory/memory/fits/fits_v11_three-regime_cosine_median_dist_all
Encoder name: resnet50-layer4
LOADING FROM /om2/user/bjmedina/models/cochdnn/model_directories/resnet50_word_speaker_audioset/
=> loading checkpoint '/om2/user/bjmedina/models/cochdnn/model_checkpoints/audio_rep_training_cochleagram_1/standard_training_word_and_audioset_and_speaker_decay_lr/542752d7-9849-49ff-b84a-6758a81585b4/5_checkpoint.pt'
=> loaded checkpoint '/om2/user/bjmedina/models/cochdnn/model_checkpoints/audio_rep_training_cochleagram_1/standard_training_word_and_audioset_and_speaker_decay_lr/542752d7-9849-49ff-b84a-6758a81585b4/5_checkpoint.pt' (epoch 6)
median distance: 0.41324841214082253
there are 22 candidates
Stage A best sigma0: 0.49825882932675053 mse_isi0: 0.0002662926604621658
(0.4484329463940755, 0.5480847122594257)
trying out {'sigma0': 0.4484329463940755, 'sigma1': 0.0008183222848150965, 'sigma2': 0.00010000000000000009, 't_step': 5.0}
trying out {'sigma0': 0.4484329463940755, 'sigma1': 0.006696513618249994, 'sigma2': 0.00010000000000000009, 't_step': 5.0}
trying out {'sigma0': 0.4484329463940755, 'sigma1': 0.006696513618249994, 'sigma2': 0.0008183222848150965, 't_step': 5.0}
trying out {'sigma0': 0.4484329463940755, 'sigma1': 0.05479906324381739, 'sigma2': 0.00010000000000000009, 't_step': 5.0}
trying out {'sigma0': 0.4484329463940755, 'sigma1': 0.05479906324381739, 'sigma2': 0.0008183222848150965, 't_step': 5.0}
trying out {'sigma0': 0.4484329463940755, 'sigma1': 0.05479906324381739, 'sigma2': 0.006696513618249994, 't_step': 5.0}
trying out {'sigma0': 0.4484329463940755, 'sigma1': 0.4484329463940755, 'sigma2': 0.00010000000000000009, 't_step': 5.0}
trying out {'sigma0': 0.4484329463940755, 'sigma1': 0.4484329463940755, 'sigma2': 0.0008183222848150965, 't_step': 5.0}
trying out {'sigma0': 0.4484329463940755, 'sigma1': 0.4484329463940755, 'sigma2': 0.006696513618249994, 't_step': 5.0}
trying out {'sigma0': 0.4484329463940755, 'sigma1': 0.4484329463940755, 'sigma2': 0.05479906324381739, 't_step': 5.0}
trying out {'sigma0': 0.47150364741832823, 'sigma1': 0.0008183222848150965, 'sigma2': 0.00010000000000000009, 't_step': 5.0}
trying out {'sigma0': 0.47150364741832823, 'sigma1': 0.006696513618249994, 'sigma2': 0.00010000000000000009, 't_step': 5.0}
trying out {'sigma0': 0.47150364741832823, 'sigma1': 0.006696513618249994, 'sigma2': 0.0008183222848150965, 't_step': 5.0}
trying out {'sigma0': 0.47150364741832823, 'sigma1': 0.05479906324381739, 'sigma2': 0.00010000000000000009, 't_step': 5.0}
trying out {'sigma0': 0.47150364741832823, 'sigma1': 0.05479906324381739, 'sigma2': 0.0008183222848150965, 't_step': 5.0}
trying out {'sigma0': 0.47150364741832823, 'sigma1': 0.05479906324381739, 'sigma2': 0.006696513618249994, 't_step': 5.0}
trying out {'sigma0': 0.47150364741832823, 'sigma1': 0.4484329463940755, 'sigma2': 0.00010000000000000009, 't_step': 5.0}
trying out {'sigma0': 0.47150364741832823, 'sigma1': 0.4484329463940755, 'sigma2': 0.0008183222848150965, 't_step': 5.0}
trying out {'sigma0': 0.47150364741832823, 'sigma1': 0.4484329463940755, 'sigma2': 0.006696513618249994, 't_step': 5.0}
trying out {'sigma0': 0.47150364741832823, 'sigma1': 0.4484329463940755, 'sigma2': 0.05479906324381739, 't_step': 5.0}
trying out {'sigma0': 0.4957612756075684, 'sigma1': 0.0008183222848150965, 'sigma2': 0.00010000000000000009, 't_step': 5.0}
trying out {'sigma0': 0.4957612756075684, 'sigma1': 0.006696513618249994, 'sigma2': 0.00010000000000000009, 't_step': 5.0}
trying out {'sigma0': 0.4957612756075684, 'sigma1': 0.006696513618249994, 'sigma2': 0.0008183222848150965, 't_step': 5.0}
trying out {'sigma0': 0.4957612756075684, 'sigma1': 0.05479906324381739, 'sigma2': 0.00010000000000000009, 't_step': 5.0}
trying out {'sigma0': 0.4957612756075684, 'sigma1': 0.05479906324381739, 'sigma2': 0.0008183222848150965, 't_step': 5.0}
trying out {'sigma0': 0.4957612756075684, 'sigma1': 0.05479906324381739, 'sigma2': 0.006696513618249994, 't_step': 5.0}
trying out {'sigma0': 0.4957612756075684, 'sigma1': 0.4484329463940755, 'sigma2': 0.00010000000000000009, 't_step': 5.0}
trying out {'sigma0': 0.4957612756075684, 'sigma1': 0.4484329463940755, 'sigma2': 0.0008183222848150965, 't_step': 5.0}
trying out {'sigma0': 0.4957612756075684, 'sigma1': 0.4484329463940755, 'sigma2': 0.006696513618249994, 't_step': 5.0}
trying out {'sigma0': 0.4957612756075684, 'sigma1': 0.4484329463940755, 'sigma2': 0.05479906324381739, 't_step': 5.0}
trying out {'sigma0': 0.5212668952568731, 'sigma1': 0.0008183222848150965, 'sigma2': 0.00010000000000000009, 't_step': 5.0}
trying out {'sigma0': 0.5212668952568731, 'sigma1': 0.006696513618249994, 'sigma2': 0.00010000000000000009, 't_step': 5.0}
trying out {'sigma0': 0.5212668952568731, 'sigma1': 0.006696513618249994, 'sigma2': 0.0008183222848150965, 't_step': 5.0}
trying out {'sigma0': 0.5212668952568731, 'sigma1': 0.05479906324381739, 'sigma2': 0.00010000000000000009, 't_step': 5.0}
trying out {'sigma0': 0.5212668952568731, 'sigma1': 0.05479906324381739, 'sigma2': 0.0008183222848150965, 't_step': 5.0}
trying out {'sigma0': 0.5212668952568731, 'sigma1': 0.05479906324381739, 'sigma2': 0.006696513618249994, 't_step': 5.0}
trying out {'sigma0': 0.5212668952568731, 'sigma1': 0.4484329463940755, 'sigma2': 0.00010000000000000009, 't_step': 5.0}
trying out {'sigma0': 0.5212668952568731, 'sigma1': 0.4484329463940755, 'sigma2': 0.0008183222848150965, 't_step': 5.0}
trying out {'sigma0': 0.5212668952568731, 'sigma1': 0.4484329463940755, 'sigma2': 0.006696513618249994, 't_step': 5.0}
trying out {'sigma0': 0.5212668952568731, 'sigma1': 0.4484329463940755, 'sigma2': 0.05479906324381739, 't_step': 5.0}
trying out {'sigma0': 0.5480847122594257, 'sigma1': 0.0008183222848150965, 'sigma2': 0.00010000000000000009, 't_step': 5.0}
trying out {'sigma0': 0.5480847122594257, 'sigma1': 0.006696513618249994, 'sigma2': 0.00010000000000000009, 't_step': 5.0}
trying out {'sigma0': 0.5480847122594257, 'sigma1': 0.006696513618249994, 'sigma2': 0.0008183222848150965, 't_step': 5.0}
trying out {'sigma0': 0.5480847122594257, 'sigma1': 0.05479906324381739, 'sigma2': 0.00010000000000000009, 't_step': 5.0}
trying out {'sigma0': 0.5480847122594257, 'sigma1': 0.05479906324381739, 'sigma2': 0.0008183222848150965, 't_step': 5.0}
trying out {'sigma0': 0.5480847122594257, 'sigma1': 0.05479906324381739, 'sigma2': 0.006696513618249994, 't_step': 5.0}
trying out {'sigma0': 0.5480847122594257, 'sigma1': 0.4484329463940755, 'sigma2': 0.00010000000000000009, 't_step': 5.0}
trying out {'sigma0': 0.5480847122594257, 'sigma1': 0.4484329463940755, 'sigma2': 0.0008183222848150965, 't_step': 5.0}
trying out {'sigma0': 0.5480847122594257, 'sigma1': 0.4484329463940755, 'sigma2': 0.006696513618249994, 't_step': 5.0}
trying out {'sigma0': 0.5480847122594257, 'sigma1': 0.4484329463940755, 'sigma2': 0.05479906324381739, 't_step': 5.0}
Stage B best params: {'sigma0': 0.5480847122594257, 'sigma1': 0.4484329463940755, 'sigma2': 0.0008183222848150965, 't_step': 5.0, 'noise_mode': 'three-regime', 'metric': 'cosine', 'layer': 'resnet50-layer4', 'encoder': 'resnet50-layer4', 'stimulus_set': 'Industrial and Nature'}
Stage B mse_per_isi: [2.04375718e+00 1.91520427e-01 3.85078326e-02 3.53088335e-01
 1.92091750e-01 1.33297364e-01 7.37077022e-03 9.90086260e-05]
Stage B obj (ISI>=1 mean): 0.13085364113282177
refined search candidate: {'sigma0': 1.2397452364224675, 'sigma1': 0.40358965175466793, 'sigma2': 0.0007364900563335872, 't_step': 5.0}
refined search candidate: {'sigma0': 1.2397452364224675, 'sigma1': 0.40358965175466793, 'sigma2': 0.0008142203928954066, 't_step': 5.0}
refined search candidate: {'sigma0': 1.2397452364224675, 'sigma1': 0.40358965175466793, 'sigma2': 0.0009001545132966061, 't_step': 5.0}
refined search candidate: {'sigma0': 1.2397452364224675, 'sigma1': 0.4036098307327938, 'sigma2': 0.0007364900563335872, 't_step': 5.0}
refined search candidate: {'sigma0': 1.2397452364224675, 'sigma1': 0.4036098307327938, 'sigma2': 0.0008142203928954066, 't_step': 5.0}
refined search candidate: {'sigma0': 1.2397452364224675, 'sigma1': 0.4036098307327938, 'sigma2': 0.0009001545132966061, 't_step': 5.0}
refined search candidate: {'sigma0': 1.2397452364224675, 'sigma1': 0.4036300107198434, 'sigma2': 0.0007364900563335872, 't_step': 5.0}
refined search candidate: {'sigma0': 1.2397452364224675, 'sigma1': 0.4036300107198434, 'sigma2': 0.0008142203928954066, 't_step': 5.0}
refined search candidate: {'sigma0': 1.2397452364224675, 'sigma1': 0.4036300107198434, 'sigma2': 0.0009001545132966061, 't_step': 5.0}
refined search candidate: {'sigma0': 1.2398072221346845, 'sigma1': 0.40358965175466793, 'sigma2': 0.0007364900563335872, 't_step': 5.0}
refined search candidate: {'sigma0': 1.2398072221346845, 'sigma1': 0.40358965175466793, 'sigma2': 0.0008142203928954066, 't_step': 5.0}
refined search candidate: {'sigma0': 1.2398072221346845, 'sigma1': 0.40358965175466793, 'sigma2': 0.0009001545132966061, 't_step': 5.0}
refined search candidate: {'sigma0': 1.2398072221346845, 'sigma1': 0.4036098307327938, 'sigma2': 0.0007364900563335872, 't_step': 5.0}
refined search candidate: {'sigma0': 1.2398072221346845, 'sigma1': 0.4036098307327938, 'sigma2': 0.0008142203928954066, 't_step': 5.0}
refined search candidate: {'sigma0': 1.2398072221346845, 'sigma1': 0.4036098307327938, 'sigma2': 0.0009001545132966061, 't_step': 5.0}
refined search candidate: {'sigma0': 1.2398072221346845, 'sigma1': 0.4036300107198434, 'sigma2': 0.0007364900563335872, 't_step': 5.0}
refined search candidate: {'sigma0': 1.2398072221346845, 'sigma1': 0.4036300107198434, 'sigma2': 0.0008142203928954066, 't_step': 5.0}
refined search candidate: {'sigma0': 1.2398072221346845, 'sigma1': 0.4036300107198434, 'sigma2': 0.0009001545132966061, 't_step': 5.0}
refined search candidate: {'sigma0': 1.2398692109461098, 'sigma1': 0.40358965175466793, 'sigma2': 0.0007364900563335872, 't_step': 5.0}
refined search candidate: {'sigma0': 1.2398692109461098, 'sigma1': 0.40358965175466793, 'sigma2': 0.0008142203928954066, 't_step': 5.0}
refined search candidate: {'sigma0': 1.2398692109461098, 'sigma1': 0.40358965175466793, 'sigma2': 0.0009001545132966061, 't_step': 5.0}
refined search candidate: {'sigma0': 1.2398692109461098, 'sigma1': 0.4036098307327938, 'sigma2': 0.0007364900563335872, 't_step': 5.0}
refined search candidate: {'sigma0': 1.2398692109461098, 'sigma1': 0.4036098307327938, 'sigma2': 0.0008142203928954066, 't_step': 5.0}
refined search candidate: {'sigma0': 1.2398692109461098, 'sigma1': 0.4036098307327938, 'sigma2': 0.0009001545132966061, 't_step': 5.0}
refined search candidate: {'sigma0': 1.2398692109461098, 'sigma1': 0.4036300107198434, 'sigma2': 0.0007364900563335872, 't_step': 5.0}
refined search candidate: {'sigma0': 1.2398692109461098, 'sigma1': 0.4036300107198434, 'sigma2': 0.0008142203928954066, 't_step': 5.0}
refined search candidate: {'sigma0': 1.2398692109461098, 'sigma1': 0.4036300107198434, 'sigma2': 0.0009001545132966061, 't_step': 5.0}
REFINED best params: {'sigma0': 1.2398072221346845, 'sigma1': 0.4036300107198434, 'sigma2': 0.0009001545132966061, 't_step': 5, 'noise_mode': 'three-regime', 'metric': 'cosine', 'layer': 'resnet50-layer4', 'encoder': 'resnet50-layer4', 'stimulus_set': 'Industrial and Nature'}
REFINED mse_per_isi: [1.35621162e+00 1.09896563e+00 4.77365175e-01 4.27905575e-01
 1.68244817e-01 1.82443062e-01 3.63437399e-02 9.97179231e-06]
REFINED obj: 0.34161113934195597
✔ Saved 1 best models to /om2/user/bjmedina/auditory-memory/memory/fits/fits_v11_three-regime_cosine_median_dist_all
