=======================================
SLURM_ARRAY_TASK_ID = 7
YAML_PATH = /om2/user/bjmedina/auditory-memory/memory/model_yamls/three-regime/kell2018/run_000007.yaml
=======================================
Running config:
  YAML: /om2/user/bjmedina/auditory-memory/memory/model_yamls/three-regime/kell2018/run_000007.yaml
  Encoder: kell2018
  Metric: cosine
  Noise: three-regime
/om2/user/bjmedina/auditory-memory/memory/figures/figures_v11_three-regime_cosine_median_dist/glob-music/kell2018/cosine/three-regime/ /om2/user/bjmedina/auditory-memory/memory/fits/fits_v11_three-regime_cosine_median_dist_best
Directory already exists: /om2/user/bjmedina/auditory-memory/memory/figures/figures_v11_three-regime_cosine_median_dist/glob-music/kell2018/cosine/three-regime/
Directory already exists: /om2/user/bjmedina/auditory-memory/memory/fits/fits_v11_three-regime_cosine_median_dist_best
Directory already exists: /om2/user/bjmedina/auditory-memory/memory/fits/fits_v11_three-regime_cosine_median_dist_all
Encoder name: kell2018-relu1
LOADING FROM /om2/user/bjmedina/models/cochdnn/model_directories/kell2018_word_speaker_audioset/
=> loading checkpoint '/om2/user/bjmedina/models/cochdnn/model_checkpoints/audio_rep_training_cochleagram_1/kell2018_word_audioset_speaker_decay_lr/5728d456-ddc2-4fc2-bf07-a41e658f36d4/5_checkpoint.pt'
=> loaded checkpoint '/om2/user/bjmedina/models/cochdnn/model_checkpoints/audio_rep_training_cochleagram_1/kell2018_word_audioset_speaker_decay_lr/5728d456-ddc2-4fc2-bf07-a41e658f36d4/5_checkpoint.pt' (epoch 6)
median distance: 0.18392808060447663
there are 22 candidates
Stage A best sigma0: 0.27620950206267764 mse_isi0: 9.379245872298934
(0.24858855185640988, 0.30383045226894545)
trying out {'sigma0': 0.24858855185640985, 'sigma1': 0.000706106616614582, 'sigma2': 0.00010000000000000009, 't_step': 5.0}
trying out {'sigma0': 0.24858855185640985, 'sigma1': 0.004985865540268913, 'sigma2': 0.00010000000000000009, 't_step': 5.0}
trying out {'sigma0': 0.24858855185640985, 'sigma1': 0.004985865540268913, 'sigma2': 0.000706106616614582, 't_step': 5.0}
trying out {'sigma0': 0.24858855185640985, 'sigma1': 0.035205526475345104, 'sigma2': 0.00010000000000000009, 't_step': 5.0}
trying out {'sigma0': 0.24858855185640985, 'sigma1': 0.035205526475345104, 'sigma2': 0.000706106616614582, 't_step': 5.0}
trying out {'sigma0': 0.24858855185640985, 'sigma1': 0.035205526475345104, 'sigma2': 0.004985865540268913, 't_step': 5.0}
trying out {'sigma0': 0.24858855185640985, 'sigma1': 0.24858855185640985, 'sigma2': 0.00010000000000000009, 't_step': 5.0}
trying out {'sigma0': 0.24858855185640985, 'sigma1': 0.24858855185640985, 'sigma2': 0.000706106616614582, 't_step': 5.0}
trying out {'sigma0': 0.24858855185640985, 'sigma1': 0.24858855185640985, 'sigma2': 0.004985865540268913, 't_step': 5.0}
trying out {'sigma0': 0.24858855185640985, 'sigma1': 0.24858855185640985, 'sigma2': 0.035205526475345104, 't_step': 5.0}
trying out {'sigma0': 0.26137778200563994, 'sigma1': 0.000706106616614582, 'sigma2': 0.00010000000000000009, 't_step': 5.0}
trying out {'sigma0': 0.26137778200563994, 'sigma1': 0.004985865540268913, 'sigma2': 0.00010000000000000009, 't_step': 5.0}
trying out {'sigma0': 0.26137778200563994, 'sigma1': 0.004985865540268913, 'sigma2': 0.000706106616614582, 't_step': 5.0}
trying out {'sigma0': 0.26137778200563994, 'sigma1': 0.035205526475345104, 'sigma2': 0.00010000000000000009, 't_step': 5.0}
trying out {'sigma0': 0.26137778200563994, 'sigma1': 0.035205526475345104, 'sigma2': 0.000706106616614582, 't_step': 5.0}
trying out {'sigma0': 0.26137778200563994, 'sigma1': 0.035205526475345104, 'sigma2': 0.004985865540268913, 't_step': 5.0}
trying out {'sigma0': 0.26137778200563994, 'sigma1': 0.24858855185640985, 'sigma2': 0.00010000000000000009, 't_step': 5.0}
trying out {'sigma0': 0.26137778200563994, 'sigma1': 0.24858855185640985, 'sigma2': 0.000706106616614582, 't_step': 5.0}
trying out {'sigma0': 0.26137778200563994, 'sigma1': 0.24858855185640985, 'sigma2': 0.004985865540268913, 't_step': 5.0}
trying out {'sigma0': 0.26137778200563994, 'sigma1': 0.24858855185640985, 'sigma2': 0.035205526475345104, 't_step': 5.0}
trying out {'sigma0': 0.2748249845618393, 'sigma1': 0.000706106616614582, 'sigma2': 0.00010000000000000009, 't_step': 5.0}
trying out {'sigma0': 0.2748249845618393, 'sigma1': 0.004985865540268913, 'sigma2': 0.00010000000000000009, 't_step': 5.0}
trying out {'sigma0': 0.2748249845618393, 'sigma1': 0.004985865540268913, 'sigma2': 0.000706106616614582, 't_step': 5.0}
trying out {'sigma0': 0.2748249845618393, 'sigma1': 0.035205526475345104, 'sigma2': 0.00010000000000000009, 't_step': 5.0}
trying out {'sigma0': 0.2748249845618393, 'sigma1': 0.035205526475345104, 'sigma2': 0.000706106616614582, 't_step': 5.0}
trying out {'sigma0': 0.2748249845618393, 'sigma1': 0.035205526475345104, 'sigma2': 0.004985865540268913, 't_step': 5.0}
trying out {'sigma0': 0.2748249845618393, 'sigma1': 0.24858855185640985, 'sigma2': 0.00010000000000000009, 't_step': 5.0}
trying out {'sigma0': 0.2748249845618393, 'sigma1': 0.24858855185640985, 'sigma2': 0.000706106616614582, 't_step': 5.0}
trying out {'sigma0': 0.2748249845618393, 'sigma1': 0.24858855185640985, 'sigma2': 0.004985865540268913, 't_step': 5.0}
trying out {'sigma0': 0.2748249845618393, 'sigma1': 0.24858855185640985, 'sigma2': 0.035205526475345104, 't_step': 5.0}
trying out {'sigma0': 0.2889640104826716, 'sigma1': 0.000706106616614582, 'sigma2': 0.00010000000000000009, 't_step': 5.0}
trying out {'sigma0': 0.2889640104826716, 'sigma1': 0.004985865540268913, 'sigma2': 0.00010000000000000009, 't_step': 5.0}
trying out {'sigma0': 0.2889640104826716, 'sigma1': 0.004985865540268913, 'sigma2': 0.000706106616614582, 't_step': 5.0}
trying out {'sigma0': 0.2889640104826716, 'sigma1': 0.035205526475345104, 'sigma2': 0.00010000000000000009, 't_step': 5.0}
trying out {'sigma0': 0.2889640104826716, 'sigma1': 0.035205526475345104, 'sigma2': 0.000706106616614582, 't_step': 5.0}
trying out {'sigma0': 0.2889640104826716, 'sigma1': 0.035205526475345104, 'sigma2': 0.004985865540268913, 't_step': 5.0}
trying out {'sigma0': 0.2889640104826716, 'sigma1': 0.24858855185640985, 'sigma2': 0.00010000000000000009, 't_step': 5.0}
trying out {'sigma0': 0.2889640104826716, 'sigma1': 0.24858855185640985, 'sigma2': 0.000706106616614582, 't_step': 5.0}
trying out {'sigma0': 0.2889640104826716, 'sigma1': 0.24858855185640985, 'sigma2': 0.004985865540268913, 't_step': 5.0}
trying out {'sigma0': 0.2889640104826716, 'sigma1': 0.24858855185640985, 'sigma2': 0.035205526475345104, 't_step': 5.0}
trying out {'sigma0': 0.30383045226894545, 'sigma1': 0.000706106616614582, 'sigma2': 0.00010000000000000009, 't_step': 5.0}
trying out {'sigma0': 0.30383045226894545, 'sigma1': 0.004985865540268913, 'sigma2': 0.00010000000000000009, 't_step': 5.0}
trying out {'sigma0': 0.30383045226894545, 'sigma1': 0.004985865540268913, 'sigma2': 0.000706106616614582, 't_step': 5.0}
trying out {'sigma0': 0.30383045226894545, 'sigma1': 0.035205526475345104, 'sigma2': 0.00010000000000000009, 't_step': 5.0}
trying out {'sigma0': 0.30383045226894545, 'sigma1': 0.035205526475345104, 'sigma2': 0.000706106616614582, 't_step': 5.0}
trying out {'sigma0': 0.30383045226894545, 'sigma1': 0.035205526475345104, 'sigma2': 0.004985865540268913, 't_step': 5.0}
trying out {'sigma0': 0.30383045226894545, 'sigma1': 0.24858855185640985, 'sigma2': 0.00010000000000000009, 't_step': 5.0}
trying out {'sigma0': 0.30383045226894545, 'sigma1': 0.24858855185640985, 'sigma2': 0.000706106616614582, 't_step': 5.0}
trying out {'sigma0': 0.30383045226894545, 'sigma1': 0.24858855185640985, 'sigma2': 0.004985865540268913, 't_step': 5.0}
trying out {'sigma0': 0.30383045226894545, 'sigma1': 0.24858855185640985, 'sigma2': 0.035205526475345104, 't_step': 5.0}
Stage B best params: {'sigma0': 0.24858855185640985, 'sigma1': 0.000706106616614582, 'sigma2': 0.00010000000000000009, 't_step': 5.0, 'noise_mode': 'three-regime', 'metric': 'cosine', 'layer': 'kell2018-relu1', 'encoder': 'kell2018-relu1', 'stimulus_set': 'Globalized Music'}
Stage B mse_per_isi: [ 9.37924587 15.58867873 25.05624244 29.40390506 28.85288019 29.69784812
 29.63033092 32.35778024]
Stage B obj (ISI>=1 mean): 27.226809385288423
refined search candidate: {'sigma0': 0.22372969667076886, 'sigma1': 0.018392808060447668, 'sigma2': 9.196404030223829e-05, 't_step': 5.0}
refined search candidate: {'sigma0': 0.22372969667076886, 'sigma1': 0.018392808060447668, 'sigma2': 0.00010057854857396894, 't_step': 5.0}
refined search candidate: {'sigma0': 0.22372969667076886, 'sigma1': 0.018392808060447668, 'sigma2': 0.0001100000000000002, 't_step': 5.0}
refined search candidate: {'sigma0': 0.22372969667076886, 'sigma1': 0.01839372767786083, 'sigma2': 9.196404030223829e-05, 't_step': 5.0}
refined search candidate: {'sigma0': 0.22372969667076886, 'sigma1': 0.01839372767786083, 'sigma2': 0.00010057854857396894, 't_step': 5.0}
refined search candidate: {'sigma0': 0.22372969667076886, 'sigma1': 0.01839372767786083, 'sigma2': 0.0001100000000000002, 't_step': 5.0}
refined search candidate: {'sigma0': 0.22372969667076886, 'sigma1': 0.018394647341253713, 'sigma2': 9.196404030223829e-05, 't_step': 5.0}
refined search candidate: {'sigma0': 0.22372969667076886, 'sigma1': 0.018394647341253713, 'sigma2': 0.00010057854857396894, 't_step': 5.0}
refined search candidate: {'sigma0': 0.22372969667076886, 'sigma1': 0.018394647341253713, 'sigma2': 0.0001100000000000002, 't_step': 5.0}
refined search candidate: {'sigma0': 0.22374088287595426, 'sigma1': 0.018392808060447668, 'sigma2': 9.196404030223829e-05, 't_step': 5.0}
refined search candidate: {'sigma0': 0.22374088287595426, 'sigma1': 0.018392808060447668, 'sigma2': 0.00010057854857396894, 't_step': 5.0}
refined search candidate: {'sigma0': 0.22374088287595426, 'sigma1': 0.018392808060447668, 'sigma2': 0.0001100000000000002, 't_step': 5.0}
refined search candidate: {'sigma0': 0.22374088287595426, 'sigma1': 0.01839372767786083, 'sigma2': 9.196404030223829e-05, 't_step': 5.0}
refined search candidate: {'sigma0': 0.22374088287595426, 'sigma1': 0.01839372767786083, 'sigma2': 0.00010057854857396894, 't_step': 5.0}
refined search candidate: {'sigma0': 0.22374088287595426, 'sigma1': 0.01839372767786083, 'sigma2': 0.0001100000000000002, 't_step': 5.0}
refined search candidate: {'sigma0': 0.22374088287595426, 'sigma1': 0.018394647341253713, 'sigma2': 9.196404030223829e-05, 't_step': 5.0}
refined search candidate: {'sigma0': 0.22374088287595426, 'sigma1': 0.018394647341253713, 'sigma2': 0.00010057854857396894, 't_step': 5.0}
refined search candidate: {'sigma0': 0.22374088287595426, 'sigma1': 0.018394647341253713, 'sigma2': 0.0001100000000000002, 't_step': 5.0}
refined search candidate: {'sigma0': 0.22375206964043592, 'sigma1': 0.018392808060447668, 'sigma2': 9.196404030223829e-05, 't_step': 5.0}
refined search candidate: {'sigma0': 0.22375206964043592, 'sigma1': 0.018392808060447668, 'sigma2': 0.00010057854857396894, 't_step': 5.0}
refined search candidate: {'sigma0': 0.22375206964043592, 'sigma1': 0.018392808060447668, 'sigma2': 0.0001100000000000002, 't_step': 5.0}
refined search candidate: {'sigma0': 0.22375206964043592, 'sigma1': 0.01839372767786083, 'sigma2': 9.196404030223829e-05, 't_step': 5.0}
refined search candidate: {'sigma0': 0.22375206964043592, 'sigma1': 0.01839372767786083, 'sigma2': 0.00010057854857396894, 't_step': 5.0}
refined search candidate: {'sigma0': 0.22375206964043592, 'sigma1': 0.01839372767786083, 'sigma2': 0.0001100000000000002, 't_step': 5.0}
refined search candidate: {'sigma0': 0.22375206964043592, 'sigma1': 0.018394647341253713, 'sigma2': 9.196404030223829e-05, 't_step': 5.0}
refined search candidate: {'sigma0': 0.22375206964043592, 'sigma1': 0.018394647341253713, 'sigma2': 0.00010057854857396894, 't_step': 5.0}
refined search candidate: {'sigma0': 0.22375206964043592, 'sigma1': 0.018394647341253713, 'sigma2': 0.0001100000000000002, 't_step': 5.0}
REFINED best params: {'sigma0': 0.22372969667076886, 'sigma1': 0.018392808060447668, 'sigma2': 9.196404030223829e-05, 't_step': 5, 'noise_mode': 'three-regime', 'metric': 'cosine', 'layer': 'kell2018-relu1', 'encoder': 'kell2018-relu1', 'stimulus_set': 'Globalized Music'}
REFINED mse_per_isi: [ 9.37924587 15.58867873 25.05624244 29.40390506 28.85288019 29.69784812
 29.63033092 32.35778024]
REFINED obj: 27.226809385288423
✔ Saved 1 best models to /om2/user/bjmedina/auditory-memory/memory/fits/fits_v11_three-regime_cosine_median_dist_all
