=======================================
SLURM_ARRAY_TASK_ID = 15
YAML_PATH = /om2/user/bjmedina/auditory-memory/memory/model_yamls/three-regime/resnet50/run_000015.yaml
=======================================
Running config:
  YAML: /om2/user/bjmedina/auditory-memory/memory/model_yamls/three-regime/resnet50/run_000015.yaml
  Encoder: resnet50
  Metric: cosine
  Noise: three-regime
/om2/user/bjmedina/auditory-memory/memory/figures/figures_v11_three-regime_cosine_median_dist/atexts/resnet50/cosine/three-regime/ /om2/user/bjmedina/auditory-memory/memory/fits/fits_v11_three-regime_cosine_median_dist_best
Directory already exists: /om2/user/bjmedina/auditory-memory/memory/figures/figures_v11_three-regime_cosine_median_dist/atexts/resnet50/cosine/three-regime/
Directory already exists: /om2/user/bjmedina/auditory-memory/memory/fits/fits_v11_three-regime_cosine_median_dist_best
Directory already exists: /om2/user/bjmedina/auditory-memory/memory/fits/fits_v11_three-regime_cosine_median_dist_all
Encoder name: resnet50-conv1_relu1
LOADING FROM /om2/user/bjmedina/models/cochdnn/model_directories/resnet50_word_speaker_audioset/
=> loading checkpoint '/om2/user/bjmedina/models/cochdnn/model_checkpoints/audio_rep_training_cochleagram_1/standard_training_word_and_audioset_and_speaker_decay_lr/542752d7-9849-49ff-b84a-6758a81585b4/5_checkpoint.pt'
=> loaded checkpoint '/om2/user/bjmedina/models/cochdnn/model_checkpoints/audio_rep_training_cochleagram_1/standard_training_word_and_audioset_and_speaker_decay_lr/542752d7-9849-49ff-b84a-6758a81585b4/5_checkpoint.pt' (epoch 6)
median distance: 0.11082944746788642
there are 22 candidates
Stage A best sigma0: 0.21091252128581156 mse_isi0: 0.0020097041764235704
(0.1898212691572304, 0.23200377341439274)
trying out {'sigma0': 0.1898212691572304, 'sigma1': 0.0006600642603409725, 'sigma2': 0.00010000000000000009, 't_step': 5.0}
trying out {'sigma0': 0.1898212691572304, 'sigma1': 0.004356848277794747, 'sigma2': 0.00010000000000000009, 't_step': 5.0}
trying out {'sigma0': 0.1898212691572304, 'sigma1': 0.004356848277794747, 'sigma2': 0.0006600642603409725, 't_step': 5.0}
trying out {'sigma0': 0.1898212691572304, 'sigma1': 0.028757998359004274, 'sigma2': 0.00010000000000000009, 't_step': 5.0}
trying out {'sigma0': 0.1898212691572304, 'sigma1': 0.028757998359004274, 'sigma2': 0.0006600642603409725, 't_step': 5.0}
trying out {'sigma0': 0.1898212691572304, 'sigma1': 0.028757998359004274, 'sigma2': 0.004356848277794747, 't_step': 5.0}
trying out {'sigma0': 0.1898212691572304, 'sigma1': 0.1898212691572304, 'sigma2': 0.00010000000000000009, 't_step': 5.0}
trying out {'sigma0': 0.1898212691572304, 'sigma1': 0.1898212691572304, 'sigma2': 0.0006600642603409725, 't_step': 5.0}
trying out {'sigma0': 0.1898212691572304, 'sigma1': 0.1898212691572304, 'sigma2': 0.004356848277794747, 't_step': 5.0}
trying out {'sigma0': 0.1898212691572304, 'sigma1': 0.1898212691572304, 'sigma2': 0.028757998359004274, 't_step': 5.0}
trying out {'sigma0': 0.19958707647354254, 'sigma1': 0.0006600642603409725, 'sigma2': 0.00010000000000000009, 't_step': 5.0}
trying out {'sigma0': 0.19958707647354254, 'sigma1': 0.004356848277794747, 'sigma2': 0.00010000000000000009, 't_step': 5.0}
trying out {'sigma0': 0.19958707647354254, 'sigma1': 0.004356848277794747, 'sigma2': 0.0006600642603409725, 't_step': 5.0}
trying out {'sigma0': 0.19958707647354254, 'sigma1': 0.028757998359004274, 'sigma2': 0.00010000000000000009, 't_step': 5.0}
trying out {'sigma0': 0.19958707647354254, 'sigma1': 0.028757998359004274, 'sigma2': 0.0006600642603409725, 't_step': 5.0}
trying out {'sigma0': 0.19958707647354254, 'sigma1': 0.028757998359004274, 'sigma2': 0.004356848277794747, 't_step': 5.0}
trying out {'sigma0': 0.19958707647354254, 'sigma1': 0.1898212691572304, 'sigma2': 0.00010000000000000009, 't_step': 5.0}
trying out {'sigma0': 0.19958707647354254, 'sigma1': 0.1898212691572304, 'sigma2': 0.0006600642603409725, 't_step': 5.0}
trying out {'sigma0': 0.19958707647354254, 'sigma1': 0.1898212691572304, 'sigma2': 0.004356848277794747, 't_step': 5.0}
trying out {'sigma0': 0.19958707647354254, 'sigma1': 0.1898212691572304, 'sigma2': 0.028757998359004274, 't_step': 5.0}
trying out {'sigma0': 0.20985530900786512, 'sigma1': 0.0006600642603409725, 'sigma2': 0.00010000000000000009, 't_step': 5.0}
trying out {'sigma0': 0.20985530900786512, 'sigma1': 0.004356848277794747, 'sigma2': 0.00010000000000000009, 't_step': 5.0}
trying out {'sigma0': 0.20985530900786512, 'sigma1': 0.004356848277794747, 'sigma2': 0.0006600642603409725, 't_step': 5.0}
trying out {'sigma0': 0.20985530900786512, 'sigma1': 0.028757998359004274, 'sigma2': 0.00010000000000000009, 't_step': 5.0}
trying out {'sigma0': 0.20985530900786512, 'sigma1': 0.028757998359004274, 'sigma2': 0.0006600642603409725, 't_step': 5.0}
trying out {'sigma0': 0.20985530900786512, 'sigma1': 0.028757998359004274, 'sigma2': 0.004356848277794747, 't_step': 5.0}
trying out {'sigma0': 0.20985530900786512, 'sigma1': 0.1898212691572304, 'sigma2': 0.00010000000000000009, 't_step': 5.0}
trying out {'sigma0': 0.20985530900786512, 'sigma1': 0.1898212691572304, 'sigma2': 0.0006600642603409725, 't_step': 5.0}
trying out {'sigma0': 0.20985530900786512, 'sigma1': 0.1898212691572304, 'sigma2': 0.004356848277794747, 't_step': 5.0}
trying out {'sigma0': 0.20985530900786512, 'sigma1': 0.1898212691572304, 'sigma2': 0.028757998359004274, 't_step': 5.0}
trying out {'sigma0': 0.22065181522223673, 'sigma1': 0.0006600642603409725, 'sigma2': 0.00010000000000000009, 't_step': 5.0}
trying out {'sigma0': 0.22065181522223673, 'sigma1': 0.004356848277794747, 'sigma2': 0.00010000000000000009, 't_step': 5.0}
trying out {'sigma0': 0.22065181522223673, 'sigma1': 0.004356848277794747, 'sigma2': 0.0006600642603409725, 't_step': 5.0}
trying out {'sigma0': 0.22065181522223673, 'sigma1': 0.028757998359004274, 'sigma2': 0.00010000000000000009, 't_step': 5.0}
trying out {'sigma0': 0.22065181522223673, 'sigma1': 0.028757998359004274, 'sigma2': 0.0006600642603409725, 't_step': 5.0}
trying out {'sigma0': 0.22065181522223673, 'sigma1': 0.028757998359004274, 'sigma2': 0.004356848277794747, 't_step': 5.0}
trying out {'sigma0': 0.22065181522223673, 'sigma1': 0.1898212691572304, 'sigma2': 0.00010000000000000009, 't_step': 5.0}
trying out {'sigma0': 0.22065181522223673, 'sigma1': 0.1898212691572304, 'sigma2': 0.0006600642603409725, 't_step': 5.0}
trying out {'sigma0': 0.22065181522223673, 'sigma1': 0.1898212691572304, 'sigma2': 0.004356848277794747, 't_step': 5.0}
trying out {'sigma0': 0.22065181522223673, 'sigma1': 0.1898212691572304, 'sigma2': 0.028757998359004274, 't_step': 5.0}
trying out {'sigma0': 0.23200377341439274, 'sigma1': 0.0006600642603409725, 'sigma2': 0.00010000000000000009, 't_step': 5.0}
trying out {'sigma0': 0.23200377341439274, 'sigma1': 0.004356848277794747, 'sigma2': 0.00010000000000000009, 't_step': 5.0}
trying out {'sigma0': 0.23200377341439274, 'sigma1': 0.004356848277794747, 'sigma2': 0.0006600642603409725, 't_step': 5.0}
trying out {'sigma0': 0.23200377341439274, 'sigma1': 0.028757998359004274, 'sigma2': 0.00010000000000000009, 't_step': 5.0}
trying out {'sigma0': 0.23200377341439274, 'sigma1': 0.028757998359004274, 'sigma2': 0.0006600642603409725, 't_step': 5.0}
trying out {'sigma0': 0.23200377341439274, 'sigma1': 0.028757998359004274, 'sigma2': 0.004356848277794747, 't_step': 5.0}
trying out {'sigma0': 0.23200377341439274, 'sigma1': 0.1898212691572304, 'sigma2': 0.00010000000000000009, 't_step': 5.0}
trying out {'sigma0': 0.23200377341439274, 'sigma1': 0.1898212691572304, 'sigma2': 0.0006600642603409725, 't_step': 5.0}
trying out {'sigma0': 0.23200377341439274, 'sigma1': 0.1898212691572304, 'sigma2': 0.004356848277794747, 't_step': 5.0}
trying out {'sigma0': 0.23200377341439274, 'sigma1': 0.1898212691572304, 'sigma2': 0.028757998359004274, 't_step': 5.0}
Stage B best params: {'sigma0': 0.23200377341439274, 'sigma1': 0.028757998359004274, 'sigma2': 0.0006600642603409725, 't_step': 5.0, 'noise_mode': 'three-regime', 'metric': 'cosine', 'layer': 'resnet50-conv1_relu1', 'encoder': 'resnet50-conv1_relu1', 'stimulus_set': 'Auditory Textures'}
Stage B mse_per_isi: [0.10359353 0.01421474 0.202367   0.11477504 0.35738686 0.40356451
 0.60078801 0.4022323 ]
Stage B obj (ISI>=1 mean): 0.2993326381740305
refined search candidate: {'sigma0': 0.33248834240365926, 'sigma1': 0.025882198523103844, 'sigma2': 0.0005940578343068755, 't_step': 5.0}
refined search candidate: {'sigma0': 0.33248834240365926, 'sigma1': 0.025882198523103844, 'sigma2': 0.0006567556467223411, 't_step': 5.0}
refined search candidate: {'sigma0': 0.33248834240365926, 'sigma1': 0.025882198523103844, 'sigma2': 0.0007260706863750697, 't_step': 5.0}
refined search candidate: {'sigma0': 0.33248834240365926, 'sigma1': 0.02861384708354205, 'sigma2': 0.0005940578343068755, 't_step': 5.0}
refined search candidate: {'sigma0': 0.33248834240365926, 'sigma1': 0.02861384708354205, 'sigma2': 0.0006567556467223411, 't_step': 5.0}
refined search candidate: {'sigma0': 0.33248834240365926, 'sigma1': 0.02861384708354205, 'sigma2': 0.0007260706863750697, 't_step': 5.0}
refined search candidate: {'sigma0': 0.33248834240365926, 'sigma1': 0.031633798194904694, 'sigma2': 0.0005940578343068755, 't_step': 5.0}
refined search candidate: {'sigma0': 0.33248834240365926, 'sigma1': 0.031633798194904694, 'sigma2': 0.0006567556467223411, 't_step': 5.0}
refined search candidate: {'sigma0': 0.33248834240365926, 'sigma1': 0.031633798194904694, 'sigma2': 0.0007260706863750697, 't_step': 5.0}
refined search candidate: {'sigma0': 0.3325049664051898, 'sigma1': 0.025882198523103844, 'sigma2': 0.0005940578343068755, 't_step': 5.0}
refined search candidate: {'sigma0': 0.3325049664051898, 'sigma1': 0.025882198523103844, 'sigma2': 0.0006567556467223411, 't_step': 5.0}
refined search candidate: {'sigma0': 0.3325049664051898, 'sigma1': 0.025882198523103844, 'sigma2': 0.0007260706863750697, 't_step': 5.0}
refined search candidate: {'sigma0': 0.3325049664051898, 'sigma1': 0.02861384708354205, 'sigma2': 0.0005940578343068755, 't_step': 5.0}
refined search candidate: {'sigma0': 0.3325049664051898, 'sigma1': 0.02861384708354205, 'sigma2': 0.0006567556467223411, 't_step': 5.0}
refined search candidate: {'sigma0': 0.3325049664051898, 'sigma1': 0.02861384708354205, 'sigma2': 0.0007260706863750697, 't_step': 5.0}
refined search candidate: {'sigma0': 0.3325049664051898, 'sigma1': 0.031633798194904694, 'sigma2': 0.0005940578343068755, 't_step': 5.0}
refined search candidate: {'sigma0': 0.3325049664051898, 'sigma1': 0.031633798194904694, 'sigma2': 0.0006567556467223411, 't_step': 5.0}
refined search candidate: {'sigma0': 0.3325049664051898, 'sigma1': 0.031633798194904694, 'sigma2': 0.0007260706863750697, 't_step': 5.0}
refined search candidate: {'sigma0': 0.3325215912378996, 'sigma1': 0.025882198523103844, 'sigma2': 0.0005940578343068755, 't_step': 5.0}
refined search candidate: {'sigma0': 0.3325215912378996, 'sigma1': 0.025882198523103844, 'sigma2': 0.0006567556467223411, 't_step': 5.0}
refined search candidate: {'sigma0': 0.3325215912378996, 'sigma1': 0.025882198523103844, 'sigma2': 0.0007260706863750697, 't_step': 5.0}
refined search candidate: {'sigma0': 0.3325215912378996, 'sigma1': 0.02861384708354205, 'sigma2': 0.0005940578343068755, 't_step': 5.0}
refined search candidate: {'sigma0': 0.3325215912378996, 'sigma1': 0.02861384708354205, 'sigma2': 0.0006567556467223411, 't_step': 5.0}
refined search candidate: {'sigma0': 0.3325215912378996, 'sigma1': 0.02861384708354205, 'sigma2': 0.0007260706863750697, 't_step': 5.0}
refined search candidate: {'sigma0': 0.3325215912378996, 'sigma1': 0.031633798194904694, 'sigma2': 0.0005940578343068755, 't_step': 5.0}
refined search candidate: {'sigma0': 0.3325215912378996, 'sigma1': 0.031633798194904694, 'sigma2': 0.0006567556467223411, 't_step': 5.0}
refined search candidate: {'sigma0': 0.3325215912378996, 'sigma1': 0.031633798194904694, 'sigma2': 0.0007260706863750697, 't_step': 5.0}
REFINED best params: {'sigma0': 0.3325049664051898, 'sigma1': 0.031633798194904694, 'sigma2': 0.0005940578343068755, 't_step': 5, 'noise_mode': 'three-regime', 'metric': 'cosine', 'layer': 'resnet50-conv1_relu1', 'encoder': 'resnet50-conv1_relu1', 'stimulus_set': 'Auditory Textures'}
REFINED mse_per_isi: [6.75413116e-01 2.29447137e-01 5.30105576e-03 2.35178524e-03
 5.80480817e-04 3.14036290e-02 1.37242854e-02 5.49450965e-02]
REFINED obj: 0.04825049564628984
✔ Saved 1 best models to /om2/user/bjmedina/auditory-memory/memory/fits/fits_v11_three-regime_cosine_median_dist_all
