=======================================
SLURM_ARRAY_TASK_ID = 2
YAML_PATH = /om2/user/bjmedina/auditory-memory/memory/model_yamls/all-texture-pca/run_000002.yaml
=======================================
Running config:
  YAML: /om2/user/bjmedina/auditory-memory/memory/model_yamls/all-texture-pca/run_000002.yaml
  Encoder: texture_pca
  Metric: cosine
  Noise: two-regime
[dm1lpmjlyvo_multi.csv] ISI=0 d' = 4.56 (HR=1.00, FAR=0.20)
[hb63jv6twn6_multi.csv] ISI=0 d' = 4.56 (HR=1.00, FAR=0.20)
[e6j2vuxjq81_multi.csv] ISI=0 d' = 2.88 (HR=1.00, FAR=0.80)
[skgm551ckzm_multi.csv] ISI=0 d' = 4.56 (HR=1.00, FAR=0.20)
[pff2f8uv367_multi.csv] ISI=0 d' = 4.56 (HR=1.00, FAR=0.20)
[z668btdgacl_multi.csv] ISI=0 d' = 3.97 (HR=1.00, FAR=0.40)
[06nou8lg799_multi.csv] ISI=0 d' = 2.88 (HR=1.00, FAR=0.80)
[6ntpvlzbg7z_multi.csv] ISI=0 d' = 3.47 (HR=1.00, FAR=0.60)
[t1j5vg397xq_multi.csv] ISI=0 d' = 2.88 (HR=1.00, FAR=0.80)
[hy9eaufl8f9_multi.csv] ISI=0 d' = 4.56 (HR=1.00, FAR=0.20)
[gvzyr83t0hv_multi.csv] ISI=0 d' = 3.97 (HR=1.00, FAR=0.40)
[6kbv2u7w591_multi.csv] ISI=0 d' = 0.00 (HR=0.80, FAR=0.80)
[tlac282x63y_multi.csv] ISI=0 d' = -1.09 (HR=0.20, FAR=0.60)
[sat9l9kj5cd_multi.csv] ISI=0 d' = 3.47 (HR=1.00, FAR=0.60)
[4zmf26c8qrv_multi.csv] ISI=0 d' = 7.44 (HR=1.00, FAR=0.00)
[808mtf2udx0_multi.csv] ISI=0 d' = 3.47 (HR=1.00, FAR=0.60)
[17uy37cmur1_multi.csv] ISI=0 d' = 3.97 (HR=1.00, FAR=0.40)
[vnyppteqyc5_multi.csv] ISI=0 d' = 1.68 (HR=0.80, FAR=0.20)
[q95r7gjysfk_multi.csv] ISI=0 d' = 0.00 (HR=0.60, FAR=0.60)
[wnlod12xeh0_multi.csv] ISI=0 d' = 3.47 (HR=1.00, FAR=0.60)
[zuqmcwwm5wn_multi.csv] ISI=0 d' = 3.47 (HR=1.00, FAR=0.60)
[bk6luc1n48h_multi.csv] ISI=0 d' = 2.88 (HR=1.00, FAR=0.80)
[jjxr2y4xowe_multi.csv] ISI=0 d' = 3.97 (HR=1.00, FAR=0.40)
[qvq0mez4zgc_multi.csv] ISI=0 d' = 2.88 (HR=1.00, FAR=0.80)
[0xdaar43x1k_multi.csv] ISI=0 d' = 3.47 (HR=1.00, FAR=0.60)
[4f79cozedar_multi.csv] ISI=0 d' = 3.97 (HR=1.00, FAR=0.40)
[vj73ydrhcx9_multi.csv] ISI=0 d' = 3.97 (HR=1.00, FAR=0.40)
[rwzbzwmmtkw_multi.csv] ISI=0 d' = 0.00 (HR=0.80, FAR=0.80)
[orqpzya2jka_multi.csv] ISI=0 d' = 4.56 (HR=1.00, FAR=0.20)
[3gyybfgor7h_multi.csv] ISI=0 d' = 4.56 (HR=1.00, FAR=0.20)
[j5a61e3g695_multi.csv] ISI=0 d' = 3.47 (HR=1.00, FAR=0.60)
[l4qcf3vas1v_multi.csv] ISI=0 d' = 3.47 (HR=1.00, FAR=0.60)
[6jszbzagna8_multi.csv] ISI=0 d' = 3.47 (HR=1.00, FAR=0.60)
[0sp7nzfun00_multi.csv] ISI=0 d' = 7.44 (HR=1.00, FAR=0.00)
[79retwv1jet_multi.csv] ISI=0 d' = 1.68 (HR=0.80, FAR=0.20)
[ty88qmurfc0_multi.csv] ISI=0 d' = 3.47 (HR=1.00, FAR=0.60)
[qhdyhy2fe88_multi.csv] ISI=0 d' = 3.97 (HR=1.00, FAR=0.40)
[69ppe2blabg_multi.csv] ISI=0 d' = 3.97 (HR=1.00, FAR=0.40)
[5je8wdhy34j_multi.csv] ISI=0 d' = 3.97 (HR=1.00, FAR=0.40)
[zrzdlc1n56f_multi.csv] ISI=0 d' = 3.47 (HR=1.00, FAR=0.60)
[bbas9wqo4c3_multi.csv] ISI=0 d' = 4.56 (HR=1.00, FAR=0.20)
[01v9lp3rlcz_multi.csv] ISI=0 d' = 3.97 (HR=1.00, FAR=0.40)
[q0mbx4dad3s_multi.csv] ISI=0 d' = 3.97 (HR=1.00, FAR=0.40)
[nlxh1tm7y36_multi.csv] ISI=0 d' = 3.47 (HR=1.00, FAR=0.60)
[d6rdjp0s064_multi.csv] ISI=0 d' = 4.56 (HR=1.00, FAR=0.20)
[4ehutyxttla_multi.csv] ISI=0 d' = 3.47 (HR=1.00, FAR=0.60)
[6vucnb4opsr_multi.csv] ISI=0 d' = 3.97 (HR=1.00, FAR=0.40)
[abz584yg19g_multi.csv] ISI=0 d' = 3.47 (HR=1.00, FAR=0.60)
[545um4hsn9b_multi.csv] ISI=0 d' = 4.56 (HR=1.00, FAR=0.20)
[pnpn6x8kafk_multi.csv] ISI=0 d' = 3.97 (HR=1.00, FAR=0.40)
[yy54ube6rz8_multi.csv] ISI=0 d' = 3.97 (HR=1.00, FAR=0.40)
[nptjh7k74m0_multi.csv] ISI=0 d' = 4.56 (HR=0.80, FAR=0.00)
[jb918bartl7_multi.csv] ISI=0 d' = 4.56 (HR=1.00, FAR=0.20)
[rhv4exr5d6j_multi.csv] ISI=0 d' = 3.47 (HR=1.00, FAR=0.60)
[vps9tj7lzky_multi.csv] ISI=0 d' = 3.47 (HR=1.00, FAR=0.60)
[928bt8w9hu0_multi.csv] ISI=0 d' = 3.97 (HR=1.00, FAR=0.40)
[t4sb8gbdos3_multi.csv] ISI=0 d' = 4.56 (HR=1.00, FAR=0.20)
[v3qkwpkdm18_multi.csv] ISI=0 d' = 3.97 (HR=1.00, FAR=0.40)
[0okqak4k8j0_multi.csv] ISI=0 d' = 4.56 (HR=1.00, FAR=0.20)
[w329u8xby0o_multi.csv] ISI=0 d' = 2.88 (HR=1.00, FAR=0.80)
[1s3of6vbxoq_multi.csv] ISI=0 d' = 4.56 (HR=1.00, FAR=0.20)
[2fzn27ymuz8_multi.csv] ISI=0 d' = 3.47 (HR=1.00, FAR=0.60)
[azmbra421gp_multi.csv] ISI=0 d' = 7.44 (HR=1.00, FAR=0.00)
[26gq4t5wuq3_multi.csv] ISI=0 d' = 4.56 (HR=1.00, FAR=0.20)
[fz7vsyg6jpk_multi.csv] ISI=0 d' = 7.44 (HR=1.00, FAR=0.00)
[1pv3hj1bfv8_multi.csv] ISI=0 d' = 4.56 (HR=1.00, FAR=0.20)
[5pewrhrtwa7_multi.csv] ISI=0 d' = 7.44 (HR=1.00, FAR=0.00)
[h0179yhnbvx_multi.csv] ISI=0 d' = 4.56 (HR=1.00, FAR=0.20)
[b2oczm0chht_multi.csv] ISI=0 d' = 0.00 (HR=0.80, FAR=0.80)
[g4efr0fcbfa_multi.csv] ISI=0 d' = 1.68 (HR=0.80, FAR=0.20)
[8et65yclumo_multi.csv] ISI=0 d' = 4.56 (HR=1.00, FAR=0.20)
[rctyshnfzj5_multi.csv] ISI=0 d' = 3.97 (HR=1.00, FAR=0.40)
[3bjfagcykk4_multi.csv] ISI=0 d' = 4.56 (HR=1.00, FAR=0.20)
[3ebr40995qu_multi.csv] ISI=0 d' = 7.44 (HR=1.00, FAR=0.00)
[0r9z57j0hs7_multi.csv] ISI=0 d' = 4.56 (HR=1.00, FAR=0.20)
[lxnzrjkpesl_multi.csv] ISI=0 d' = 0.59 (HR=0.40, FAR=0.20)
[f0w1wed0a20_multi.csv] ISI=0 d' = 3.47 (HR=1.00, FAR=0.60)
[t8n6lrrjfdd_multi.csv] ISI=0 d' = 7.44 (HR=1.00, FAR=0.00)
[x8h02ckfqyb_multi.csv] ISI=0 d' = 0.59 (HR=0.80, FAR=0.60)
[oq5e6g58mup_multi.csv] ISI=0 d' = 4.56 (HR=1.00, FAR=0.20)
[9cfknrapzy4_multi.csv] ISI=0 d' = 7.44 (HR=1.00, FAR=0.00)
[0160kd8np7v_multi.csv] ISI=0 d' = 3.47 (HR=1.00, FAR=0.60)
[94d26zfjuym_multi.csv] ISI=0 d' = 4.56 (HR=1.00, FAR=0.20)
[gva8y1cuhcc_multi.csv] ISI=0 d' = 3.47 (HR=1.00, FAR=0.60)
[76x1mh220ar_multi.csv] ISI=0 d' = 4.56 (HR=1.00, FAR=0.20)
[eq3qw5sj6yx_multi.csv] ISI=0 d' = 3.47 (HR=1.00, FAR=0.60)
[kty5qt188hr_multi.csv] ISI=0 d' = 4.56 (HR=1.00, FAR=0.20)
[qu58k71ecl7_multi.csv] ISI=0 d' = 7.44 (HR=1.00, FAR=0.00)
[lxbdvbw9atw_multi.csv] ISI=0 d' = 3.97 (HR=1.00, FAR=0.40)
[v9geb2uhfqt_multi.csv] ISI=0 d' = 0.00 (HR=1.00, FAR=1.00)
[c1blnyoh6sh_multi.csv] ISI=0 d' = 3.97 (HR=0.60, FAR=0.00)
[cgajce1n5c5_multi.csv] ISI=0 d' = 3.47 (HR=1.00, FAR=0.60)
[43mwhbyvg9w_multi.csv] ISI=0 d' = 7.44 (HR=1.00, FAR=0.00)
[jhonos0la9f_multi.csv] ISI=0 d' = 3.97 (HR=1.00, FAR=0.40)
[mrlakf8c7lw_multi.csv] ISI=0 d' = 3.97 (HR=1.00, FAR=0.40)
[h9cvavm07xs_multi.csv] ISI=0 d' = 0.00 (HR=0.40, FAR=0.40)
[lac6urvk603_multi.csv] ISI=0 d' = 3.47 (HR=1.00, FAR=0.60)
[nuy3wjf5o88_multi.csv] ISI=0 d' = 3.47 (HR=1.00, FAR=0.60)
[44tam8omnh7_multi.csv] ISI=0 d' = 4.56 (HR=1.00, FAR=0.20)
[sngdsborygm_multi.csv] ISI=0 d' = 7.44 (HR=1.00, FAR=0.00)
[a1q0rzldwof_multi.csv] ISI=0 d' = 3.47 (HR=1.00, FAR=0.60)
[l7tcwcozyrr_multi.csv] ISI=0 d' = 7.44 (HR=1.00, FAR=0.00)
[ccreakoduuz_multi.csv] ISI=0 d' = 3.97 (HR=1.00, FAR=0.40)
[2qttt9vg54c_multi.csv] ISI=0 d' = 3.97 (HR=1.00, FAR=0.40)
[rgq0wjmn6b5_multi.csv] ISI=0 d' = 0.00 (HR=0.60, FAR=0.60)
[k75pqqktanr_multi.csv] ISI=0 d' = 4.56 (HR=1.00, FAR=0.20)
[0uhklymc6at_multi.csv] ISI=0 d' = 4.56 (HR=1.00, FAR=0.20)
[gul5v9f3fgq_multi.csv] ISI=0 d' = 3.97 (HR=1.00, FAR=0.40)
[oe4s7vyx1z4_multi.csv] ISI=0 d' = 3.47 (HR=1.00, FAR=0.60)
[306c6xnkca0_multi.csv] ISI=0 d' = 2.88 (HR=1.00, FAR=0.80)
[0521c25wfse_multi.csv] ISI=0 d' = 3.97 (HR=1.00, FAR=0.40)
[r3zpok7f0q5_multi.csv] ISI=0 d' = 7.44 (HR=1.00, FAR=0.00)
[6ybqattzc4z_multi.csv] ISI=0 d' = 4.56 (HR=1.00, FAR=0.20)
[0x32vewwbxm_multi.csv] ISI=0 d' = 3.47 (HR=1.00, FAR=0.60)
[r3kxo2usnrg_multi.csv] ISI=0 d' = 3.47 (HR=1.00, FAR=0.60)
[re1mda284ko_multi.csv] ISI=0 d' = 3.97 (HR=1.00, FAR=0.40)
[tkzj4ftmpxn_multi.csv] ISI=0 d' = 3.47 (HR=1.00, FAR=0.60)
[zz4g5vj8wzu_multi.csv] ISI=0 d' = 4.56 (HR=1.00, FAR=0.20)
[cad1enwv7a3_multi.csv] ISI=0 d' = 7.44 (HR=1.00, FAR=0.00)
[8qvbq64mm4b_multi.csv] ISI=0 d' = 3.47 (HR=1.00, FAR=0.60)
[0chd1x7bv72_multi.csv] ISI=0 d' = 3.47 (HR=1.00, FAR=0.60)
[anqeql093dl_multi.csv] ISI=0 d' = 2.88 (HR=1.00, FAR=0.80)
[ksxdm86z9yb_multi.csv] ISI=0 d' = 3.47 (HR=1.00, FAR=0.60)
[o6l39brjr5p_multi.csv] ISI=0 d' = 0.00 (HR=0.80, FAR=0.80)
[0xrwjqyhupm_multi.csv] ISI=0 d' = 4.56 (HR=1.00, FAR=0.20)
[clzflt2fo0d_multi.csv] ISI=0 d' = 3.47 (HR=1.00, FAR=0.60)
[aenqzlbs5uc_multi.csv] ISI=0 d' = 4.56 (HR=1.00, FAR=0.20)
[zccnjg2odj3_multi.csv] ISI=0 d' = 3.97 (HR=1.00, FAR=0.40)
[q8gv37zg85x_multi.csv] ISI=0 d' = 0.00 (HR=1.00, FAR=1.00)
[m6pg4hlhay6_multi.csv] ISI=0 d' = 4.56 (HR=0.80, FAR=0.00)
[xk5a4svfves_multi.csv] ISI=0 d' = 4.56 (HR=1.00, FAR=0.20)
[v1efwfcy0h0_multi.csv] ISI=0 d' = 3.47 (HR=1.00, FAR=0.60)
[v9pmabfbgwq_multi.csv] ISI=0 d' = 7.44 (HR=1.00, FAR=0.00)
[fl68wguhn4r_multi.csv] ISI=0 d' = 3.97 (HR=1.00, FAR=0.40)
[f47s5w9t6t6_multi.csv] ISI=0 d' = 4.56 (HR=1.00, FAR=0.20)
[tlw8b3yma4z_multi.csv] ISI=0 d' = 3.97 (HR=1.00, FAR=0.40)
[grllpehmpnr_multi.csv] ISI=0 d' = 3.97 (HR=1.00, FAR=0.40)
[d0k2mokwxqb_multi.csv] ISI=0 d' = 4.56 (HR=1.00, FAR=0.20)
[zcw15y1ggly_multi.csv] ISI=0 d' = 3.47 (HR=1.00, FAR=0.60)
[tvsotzfu9q3_multi.csv] ISI=0 d' = 4.56 (HR=1.00, FAR=0.20)
[3x4gcnqbrr3_multi.csv] ISI=0 d' = 3.97 (HR=1.00, FAR=0.40)
[7ykj1x61r62_multi.csv] ISI=0 d' = 3.47 (HR=1.00, FAR=0.60)
[1djwydmj0t1_multi.csv] ISI=0 d' = 7.44 (HR=1.00, FAR=0.00)
[klp4qk0hfvg_multi.csv] ISI=0 d' = 4.56 (HR=1.00, FAR=0.20)
[1o3xyqmb7mz_multi.csv] ISI=0 d' = 3.97 (HR=1.00, FAR=0.40)
[fhh6zjb2mbk_multi.csv] ISI=0 d' = 7.44 (HR=1.00, FAR=0.00)
[6dj125c7mjt_multi.csv] ISI=0 d' = 4.56 (HR=1.00, FAR=0.20)
[07dsrnacyjj_multi.csv] ISI=0 d' = 2.88 (HR=1.00, FAR=0.80)
[j32b9so59vw_multi.csv] ISI=0 d' = 4.56 (HR=1.00, FAR=0.20)
[jq3xnlyxap6_multi.csv] ISI=0 d' = 4.56 (HR=1.00, FAR=0.20)
[ywan2ha8x4n_multi.csv] ISI=0 d' = 3.97 (HR=1.00, FAR=0.40)
[37cvre6eg9s_multi.csv] ISI=0 d' = 3.47 (HR=1.00, FAR=0.60)
[8tu97cya9jj_multi.csv] ISI=0 d' = 0.00 (HR=1.00, FAR=1.00)
[jc4yzmhypd3_multi.csv] ISI=0 d' = 2.88 (HR=1.00, FAR=0.80)
[n07q5wam94a_multi.csv] ISI=0 d' = 3.97 (HR=1.00, FAR=0.40)
[3tvm9mbf7b7_multi.csv] ISI=0 d' = 7.44 (HR=1.00, FAR=0.00)
[fhb0dfe2fzy_multi.csv] ISI=0 d' = 4.56 (HR=1.00, FAR=0.20)
[2pnmxwlmhlr_multi.csv] ISI=0 d' = 3.47 (HR=1.00, FAR=0.60)
[avb399bn3xs_multi.csv] ISI=0 d' = 2.88 (HR=1.00, FAR=0.80)
[61ypdszdyw2_multi.csv] ISI=0 d' = 3.97 (HR=1.00, FAR=0.40)
[7e1fdkxhe01_multi.csv] ISI=0 d' = 3.97 (HR=1.00, FAR=0.40)
[clb40b70u1l_multi.csv] ISI=0 d' = 4.56 (HR=1.00, FAR=0.20)
[wbbvnp7pqse_multi.csv] ISI=0 d' = 3.47 (HR=1.00, FAR=0.60)
[g3cy363bok7_multi.csv] ISI=0 d' = 1.68 (HR=0.80, FAR=0.20)
[kasc4aayjro_multi.csv] ISI=0 d' = 2.88 (HR=1.00, FAR=0.80)
[d1a7xrgg65x_multi.csv] ISI=0 d' = 0.00 (HR=1.00, FAR=1.00)
[7cdy0c4xl0f_multi.csv] ISI=0 d' = 3.97 (HR=1.00, FAR=0.40)
[1fmqqy8upv0_multi.csv] ISI=0 d' = 4.56 (HR=1.00, FAR=0.20)
[j4gb6hot4t1_multi.csv] ISI=0 d' = 4.56 (HR=1.00, FAR=0.20)
[859t527gqph_multi.csv] ISI=0 d' = 3.47 (HR=1.00, FAR=0.60)
[0ufvzovqena_multi.csv] ISI=0 d' = 0.00 (HR=1.00, FAR=1.00)
[6ab0gnoe928_multi.csv] ISI=0 d' = 3.97 (HR=1.00, FAR=0.40)
[3e5ax1y0u17_multi.csv] ISI=0 d' = 7.44 (HR=1.00, FAR=0.00)
[bqf6u3k6cof_multi.csv] ISI=0 d' = 3.97 (HR=1.00, FAR=0.40)
[gq0pj9ccf2m_multi.csv] ISI=0 d' = 2.88 (HR=1.00, FAR=0.80)
[8bn5ke13raz_multi.csv] ISI=0 d' = 4.56 (HR=1.00, FAR=0.20)
[hr00dz0vq8g_multi.csv] ISI=0 d' = 3.47 (HR=1.00, FAR=0.60)
[qrqgm5c3nm6_multi.csv] ISI=0 d' = 3.97 (HR=1.00, FAR=0.40)
[lbwv7rjumbp_multi.csv] ISI=0 d' = 3.47 (HR=1.00, FAR=0.60)
[yyud3gjrs7w_multi.csv] ISI=0 d' = 3.47 (HR=1.00, FAR=0.60)
[y4nonmfghqc_multi.csv] ISI=0 d' = 3.47 (HR=1.00, FAR=0.60)
[l70o0ygz0l0_multi.csv] ISI=0 d' = 4.56 (HR=1.00, FAR=0.20)
[9lw0a720rpk_multi.csv] ISI=0 d' = 2.88 (HR=1.00, FAR=0.80)
[mvz39glwagk_multi.csv] ISI=0 d' = 3.97 (HR=1.00, FAR=0.40)
[jr3o2k5o5t2_multi.csv] ISI=0 d' = 4.56 (HR=1.00, FAR=0.20)
[a7go0gcrd7g_multi.csv] ISI=0 d' = 4.56 (HR=1.00, FAR=0.20)
/om2/user/bjmedina/auditory-memory/memory/figures/atexts/texture_pca/cosine/two-regime_t2/ /om2/user/bjmedina/auditory-memory/memory/fits
Directory already exists: /om2/user/bjmedina/auditory-memory/memory/figures/atexts/texture_pca/cosine/two-regime_t2/
Directory already exists: /om2/user/bjmedina/auditory-memory/memory/fits
Encoder name: texture_pca
/om2/user/bjmedina/models/cochdnn/model_directories/texture_pca_audioset/
