=======================================
Running combination:
  Metric:     cosine
  Noise mode: exp-step
  Rate:       1.0
=======================================
Saved /om2/user/bjmedina/auditory-memory/memory/figures/model-behavior-step-functions/DistanceMemoryModel_cosine_exp-step_texture_statistics_rate1.0_prolific_batch/DistanceMemoryModel_Fig01.png and /om2/user/bjmedina/auditory-memory/memory/figures/model-behavior-step-functions/DistanceMemoryModel_cosine_exp-step_texture_statistics_rate1.0_prolific_batch/DistanceMemoryModel_Fig01.pdf
Saved /om2/user/bjmedina/auditory-memory/memory/figures/model-behavior-step-functions/DistanceMemoryModel_cosine_exp-step_texture_statistics_rate1.0_prolific_batch/DistanceMemoryModel_Fig02.png and /om2/user/bjmedina/auditory-memory/memory/figures/model-behavior-step-functions/DistanceMemoryModel_cosine_exp-step_texture_statistics_rate1.0_prolific_batch/DistanceMemoryModel_Fig02.pdf
Saved /om2/user/bjmedina/auditory-memory/memory/figures/model-behavior-step-functions/DistanceMemoryModel_cosine_exp-step_texture_statistics_rate1.0_prolific_batch/DistanceMemoryModel_Fig03.png and /om2/user/bjmedina/auditory-memory/memory/figures/model-behavior-step-functions/DistanceMemoryModel_cosine_exp-step_texture_statistics_rate1.0_prolific_batch/DistanceMemoryModel_Fig03.pdf
Saved /om2/user/bjmedina/auditory-memory/memory/figures/model-behavior-step-functions/DistanceMemoryModel_cosine_exp-step_texture_statistics_rate1.0_prolific_batch/DistanceMemoryModel_Fig04.png and /om2/user/bjmedina/auditory-memory/memory/figures/model-behavior-step-functions/DistanceMemoryModel_cosine_exp-step_texture_statistics_rate1.0_prolific_batch/DistanceMemoryModel_Fig04.pdf
Saved /om2/user/bjmedina/auditory-memory/memory/figures/model-behavior-step-functions/DistanceMemoryModel_cosine_exp-step_texture_statistics_rate1.0_prolific_batch/DistanceMemoryModel_Fig05.png and /om2/user/bjmedina/auditory-memory/memory/figures/model-behavior-step-functions/DistanceMemoryModel_cosine_exp-step_texture_statistics_rate1.0_prolific_batch/DistanceMemoryModel_Fig05.pdf
✅ All figures saved to /om2/user/bjmedina/auditory-memory/memory/figures/model-behavior-step-functions/DistanceMemoryModel_cosine_exp-step_texture_statistics_rate1.0_prolific_batch
Saved /om2/user/bjmedina/auditory-memory/memory/figures/model-behavior-step-functions/DistanceMemoryModel_cosine_exp-step_texture_statistics_rate1.0_prolific_batch/NoiseOverlay_ROC_overlay.png and /om2/user/bjmedina/auditory-memory/memory/figures/model-behavior-step-functions/DistanceMemoryModel_cosine_exp-step_texture_statistics_rate1.0_prolific_batch/NoiseOverlay_ROC_overlay.pdf
💾 Saved full runs → /om2/user/bjmedina/auditory-memory/memory/figures/model-behavior-step-functions/DistanceMemoryModel_cosine_exp-step_texture_statistics_rate1.0_prolific_batch/runs.pkl
🧭 Saved metadata → /om2/user/bjmedina/auditory-memory/memory/figures/model-behavior-step-functions/DistanceMemoryModel_cosine_exp-step_texture_statistics_rate1.0_prolific_batch/info.json
Best σ₀ = 0.0794  (α=0.157, β=0.723, R²=0.931)
[6.72235713 5.76788007 2.37060735 0.07993609 0.22491518 0.1552855
 0.17547804 0.10905483 0.12059278]
✅ Completed: {'model_name': 'DistanceMemoryModel', 'metric': 'cosine', 'noise_mode': 'exp-step', 'encoder': 'texture_statistics', 'rate': 1.0, 'run_id': 'prolific_batch'}
✅ Done: metric=cosine, noise_mode=exp-step, rate=1.0
