=======================================
Running combination:
  Metric:     euclidean
  Noise mode: exp-step
  Rate:       0.3
=======================================
Saved /om2/user/bjmedina/auditory-memory/memory/figures/model-behavior-step-functions/DistanceMemoryModel_euclidean_exp-step_texture_statistics_rate0.3_prolific_batch/DistanceMemoryModel_Fig01.png and /om2/user/bjmedina/auditory-memory/memory/figures/model-behavior-step-functions/DistanceMemoryModel_euclidean_exp-step_texture_statistics_rate0.3_prolific_batch/DistanceMemoryModel_Fig01.pdf
Saved /om2/user/bjmedina/auditory-memory/memory/figures/model-behavior-step-functions/DistanceMemoryModel_euclidean_exp-step_texture_statistics_rate0.3_prolific_batch/DistanceMemoryModel_Fig02.png and /om2/user/bjmedina/auditory-memory/memory/figures/model-behavior-step-functions/DistanceMemoryModel_euclidean_exp-step_texture_statistics_rate0.3_prolific_batch/DistanceMemoryModel_Fig02.pdf
Saved /om2/user/bjmedina/auditory-memory/memory/figures/model-behavior-step-functions/DistanceMemoryModel_euclidean_exp-step_texture_statistics_rate0.3_prolific_batch/DistanceMemoryModel_Fig03.png and /om2/user/bjmedina/auditory-memory/memory/figures/model-behavior-step-functions/DistanceMemoryModel_euclidean_exp-step_texture_statistics_rate0.3_prolific_batch/DistanceMemoryModel_Fig03.pdf
Saved /om2/user/bjmedina/auditory-memory/memory/figures/model-behavior-step-functions/DistanceMemoryModel_euclidean_exp-step_texture_statistics_rate0.3_prolific_batch/DistanceMemoryModel_Fig04.png and /om2/user/bjmedina/auditory-memory/memory/figures/model-behavior-step-functions/DistanceMemoryModel_euclidean_exp-step_texture_statistics_rate0.3_prolific_batch/DistanceMemoryModel_Fig04.pdf
Saved /om2/user/bjmedina/auditory-memory/memory/figures/model-behavior-step-functions/DistanceMemoryModel_euclidean_exp-step_texture_statistics_rate0.3_prolific_batch/DistanceMemoryModel_Fig05.png and /om2/user/bjmedina/auditory-memory/memory/figures/model-behavior-step-functions/DistanceMemoryModel_euclidean_exp-step_texture_statistics_rate0.3_prolific_batch/DistanceMemoryModel_Fig05.pdf
✅ All figures saved to /om2/user/bjmedina/auditory-memory/memory/figures/model-behavior-step-functions/DistanceMemoryModel_euclidean_exp-step_texture_statistics_rate0.3_prolific_batch
Saved /om2/user/bjmedina/auditory-memory/memory/figures/model-behavior-step-functions/DistanceMemoryModel_euclidean_exp-step_texture_statistics_rate0.3_prolific_batch/NoiseOverlay_ROC_overlay.png and /om2/user/bjmedina/auditory-memory/memory/figures/model-behavior-step-functions/DistanceMemoryModel_euclidean_exp-step_texture_statistics_rate0.3_prolific_batch/NoiseOverlay_ROC_overlay.pdf
💾 Saved full runs → /om2/user/bjmedina/auditory-memory/memory/figures/model-behavior-step-functions/DistanceMemoryModel_euclidean_exp-step_texture_statistics_rate0.3_prolific_batch/runs.pkl
🧭 Saved metadata → /om2/user/bjmedina/auditory-memory/memory/figures/model-behavior-step-functions/DistanceMemoryModel_euclidean_exp-step_texture_statistics_rate0.3_prolific_batch/info.json
Best σ₀ = 0.316  (α=0.461, β=-0.434, R²=0.951)
[4.83311236 4.3337109  3.58961032 2.59497815 2.55994242 2.50994068
 2.49762148 2.5379604  2.49120479]
✅ Completed: {'model_name': 'DistanceMemoryModel', 'metric': 'euclidean', 'noise_mode': 'exp-step', 'encoder': 'texture_statistics', 'rate': 0.3, 'run_id': 'prolific_batch'}
✅ Done: metric=euclidean, noise_mode=exp-step, rate=0.3
