=======================================
Running combination:
  Metric:     euclidean
  Noise mode: exp-step
  Rate:       1.0
=======================================
Saved /om2/user/bjmedina/auditory-memory/memory/figures/model-behavior-step-functions/DistanceMemoryModel_euclidean_exp-step_texture_statistics_rate1.0_prolific_batch/DistanceMemoryModel_Fig01.png and /om2/user/bjmedina/auditory-memory/memory/figures/model-behavior-step-functions/DistanceMemoryModel_euclidean_exp-step_texture_statistics_rate1.0_prolific_batch/DistanceMemoryModel_Fig01.pdf
Saved /om2/user/bjmedina/auditory-memory/memory/figures/model-behavior-step-functions/DistanceMemoryModel_euclidean_exp-step_texture_statistics_rate1.0_prolific_batch/DistanceMemoryModel_Fig02.png and /om2/user/bjmedina/auditory-memory/memory/figures/model-behavior-step-functions/DistanceMemoryModel_euclidean_exp-step_texture_statistics_rate1.0_prolific_batch/DistanceMemoryModel_Fig02.pdf
Saved /om2/user/bjmedina/auditory-memory/memory/figures/model-behavior-step-functions/DistanceMemoryModel_euclidean_exp-step_texture_statistics_rate1.0_prolific_batch/DistanceMemoryModel_Fig03.png and /om2/user/bjmedina/auditory-memory/memory/figures/model-behavior-step-functions/DistanceMemoryModel_euclidean_exp-step_texture_statistics_rate1.0_prolific_batch/DistanceMemoryModel_Fig03.pdf
Saved /om2/user/bjmedina/auditory-memory/memory/figures/model-behavior-step-functions/DistanceMemoryModel_euclidean_exp-step_texture_statistics_rate1.0_prolific_batch/DistanceMemoryModel_Fig04.png and /om2/user/bjmedina/auditory-memory/memory/figures/model-behavior-step-functions/DistanceMemoryModel_euclidean_exp-step_texture_statistics_rate1.0_prolific_batch/DistanceMemoryModel_Fig04.pdf
Saved /om2/user/bjmedina/auditory-memory/memory/figures/model-behavior-step-functions/DistanceMemoryModel_euclidean_exp-step_texture_statistics_rate1.0_prolific_batch/DistanceMemoryModel_Fig05.png and /om2/user/bjmedina/auditory-memory/memory/figures/model-behavior-step-functions/DistanceMemoryModel_euclidean_exp-step_texture_statistics_rate1.0_prolific_batch/DistanceMemoryModel_Fig05.pdf
✅ All figures saved to /om2/user/bjmedina/auditory-memory/memory/figures/model-behavior-step-functions/DistanceMemoryModel_euclidean_exp-step_texture_statistics_rate1.0_prolific_batch
Saved /om2/user/bjmedina/auditory-memory/memory/figures/model-behavior-step-functions/DistanceMemoryModel_euclidean_exp-step_texture_statistics_rate1.0_prolific_batch/NoiseOverlay_ROC_overlay.png and /om2/user/bjmedina/auditory-memory/memory/figures/model-behavior-step-functions/DistanceMemoryModel_euclidean_exp-step_texture_statistics_rate1.0_prolific_batch/NoiseOverlay_ROC_overlay.pdf
💾 Saved full runs → /om2/user/bjmedina/auditory-memory/memory/figures/model-behavior-step-functions/DistanceMemoryModel_euclidean_exp-step_texture_statistics_rate1.0_prolific_batch/runs.pkl
🧭 Saved metadata → /om2/user/bjmedina/auditory-memory/memory/figures/model-behavior-step-functions/DistanceMemoryModel_euclidean_exp-step_texture_statistics_rate1.0_prolific_batch/info.json
Best σ₀ = 0.0794  (α=0.145, β=0.727, R²=0.913)
[6.72235713 6.55568048 2.75452415 0.0237467  0.17756892 0.16399382
 0.16258008 0.05617608 0.10790757]
✅ Completed: {'model_name': 'DistanceMemoryModel', 'metric': 'euclidean', 'noise_mode': 'exp-step', 'encoder': 'texture_statistics', 'rate': 1.0, 'run_id': 'prolific_batch'}
✅ Done: metric=euclidean, noise_mode=exp-step, rate=1.0
