Traceback (most recent call last):
  File "/om2/user/bjmedina/auditory-memory/memory/src/model/main.py", line 232, in <module>
    main(args)
  File "/om2/user/bjmedina/auditory-memory/memory/src/model/main.py", line 152, in main
    curves, runs = rocs_across_noise(
                   ^^^^^^^^^^^^^^^^^^
  File "/om2/user/bjmedina/auditory-memory/memory/utls/analysis_helpers.py", line 189, in rocs_across_noise
    res = roc_from_arrays(run["hits"], run["fas"], score_type=score_type)
          ^^^^^^^^^^^^^^^^^^^^^^^^^^^^^^^^^^^^^^^^^^^^^^^^^^^^^^^^^^^^^^^
  File "/om2/user/bjmedina/auditory-memory/memory/utls/roc_utils.py", line 31, in roc_from_arrays
    fpr, tpr, _ = roc_curve(y_true, y_score)
                  ^^^^^^^^^^^^^^^^^^^^^^^^^^
  File "/om2/user/gelbanna/miniconda3/envs/asr312/lib/python3.12/site-packages/sklearn/utils/_param_validation.py", line 213, in wrapper
    return func(*args, **kwargs)
           ^^^^^^^^^^^^^^^^^^^^^
  File "/om2/user/gelbanna/miniconda3/envs/asr312/lib/python3.12/site-packages/sklearn/metrics/_ranking.py", line 1145, in roc_curve
    fps, tps, thresholds = _binary_clf_curve(
                           ^^^^^^^^^^^^^^^^^^
  File "/om2/user/gelbanna/miniconda3/envs/asr312/lib/python3.12/site-packages/sklearn/metrics/_ranking.py", line 823, in _binary_clf_curve
    assert_all_finite(y_score)
  File "/om2/user/gelbanna/miniconda3/envs/asr312/lib/python3.12/site-packages/sklearn/utils/validation.py", line 213, in assert_all_finite
    _assert_all_finite(
  File "/om2/user/gelbanna/miniconda3/envs/asr312/lib/python3.12/site-packages/sklearn/utils/validation.py", line 123, in _assert_all_finite
    _assert_all_finite_element_wise(
  File "/om2/user/gelbanna/miniconda3/envs/asr312/lib/python3.12/site-packages/sklearn/utils/validation.py", line 172, in _assert_all_finite_element_wise
    raise ValueError(msg_err)
ValueError: Input contains NaN.
