=======================================
Running combination:
  Metric:     cosine
  Noise mode: exp-step
  Rate:       0.3
=======================================
Saved /om2/user/bjmedina/auditory-memory/memory/figures/model-behavior-step-functions/DistanceMemoryModel_cosine_exp-step_texture_statistics_rate0.3_prolific_batch/DistanceMemoryModel_Fig01.png and /om2/user/bjmedina/auditory-memory/memory/figures/model-behavior-step-functions/DistanceMemoryModel_cosine_exp-step_texture_statistics_rate0.3_prolific_batch/DistanceMemoryModel_Fig01.pdf
Saved /om2/user/bjmedina/auditory-memory/memory/figures/model-behavior-step-functions/DistanceMemoryModel_cosine_exp-step_texture_statistics_rate0.3_prolific_batch/DistanceMemoryModel_Fig02.png and /om2/user/bjmedina/auditory-memory/memory/figures/model-behavior-step-functions/DistanceMemoryModel_cosine_exp-step_texture_statistics_rate0.3_prolific_batch/DistanceMemoryModel_Fig02.pdf
Saved /om2/user/bjmedina/auditory-memory/memory/figures/model-behavior-step-functions/DistanceMemoryModel_cosine_exp-step_texture_statistics_rate0.3_prolific_batch/DistanceMemoryModel_Fig03.png and /om2/user/bjmedina/auditory-memory/memory/figures/model-behavior-step-functions/DistanceMemoryModel_cosine_exp-step_texture_statistics_rate0.3_prolific_batch/DistanceMemoryModel_Fig03.pdf
Saved /om2/user/bjmedina/auditory-memory/memory/figures/model-behavior-step-functions/DistanceMemoryModel_cosine_exp-step_texture_statistics_rate0.3_prolific_batch/DistanceMemoryModel_Fig04.png and /om2/user/bjmedina/auditory-memory/memory/figures/model-behavior-step-functions/DistanceMemoryModel_cosine_exp-step_texture_statistics_rate0.3_prolific_batch/DistanceMemoryModel_Fig04.pdf
Saved /om2/user/bjmedina/auditory-memory/memory/figures/model-behavior-step-functions/DistanceMemoryModel_cosine_exp-step_texture_statistics_rate0.3_prolific_batch/DistanceMemoryModel_Fig05.png and /om2/user/bjmedina/auditory-memory/memory/figures/model-behavior-step-functions/DistanceMemoryModel_cosine_exp-step_texture_statistics_rate0.3_prolific_batch/DistanceMemoryModel_Fig05.pdf
✅ All figures saved to /om2/user/bjmedina/auditory-memory/memory/figures/model-behavior-step-functions/DistanceMemoryModel_cosine_exp-step_texture_statistics_rate0.3_prolific_batch
Saved /om2/user/bjmedina/auditory-memory/memory/figures/model-behavior-step-functions/DistanceMemoryModel_cosine_exp-step_texture_statistics_rate0.3_prolific_batch/NoiseOverlay_ROC_overlay.png and /om2/user/bjmedina/auditory-memory/memory/figures/model-behavior-step-functions/DistanceMemoryModel_cosine_exp-step_texture_statistics_rate0.3_prolific_batch/NoiseOverlay_ROC_overlay.pdf
💾 Saved full runs → /om2/user/bjmedina/auditory-memory/memory/figures/model-behavior-step-functions/DistanceMemoryModel_cosine_exp-step_texture_statistics_rate0.3_prolific_batch/runs.pkl
🧭 Saved metadata → /om2/user/bjmedina/auditory-memory/memory/figures/model-behavior-step-functions/DistanceMemoryModel_cosine_exp-step_texture_statistics_rate0.3_prolific_batch/info.json
Best σ₀ = 0.63  (α=0.645, β=0.346, R²=0.935)
[2.26112    1.90806698 1.22458688 0.58798049 0.67342707 0.54508563
 0.64756249 0.62304312 0.60981155]
✅ Completed: {'model_name': 'DistanceMemoryModel', 'metric': 'cosine', 'noise_mode': 'exp-step', 'encoder': 'texture_statistics', 'rate': 0.3, 'run_id': 'prolific_batch'}
✅ Done: metric=cosine, noise_mode=exp-step, rate=0.3
