=======================================
Running combination:
  Metric:     cosine
  Noise mode: exp-step
  Rate:       0.01
=======================================
Saved /om2/user/bjmedina/auditory-memory/memory/figures/model-behavior-step-functions/DistanceMemoryModel_cosine_exp-step_texture_statistics_rate0.01_prolific_batch/DistanceMemoryModel_Fig01.png and /om2/user/bjmedina/auditory-memory/memory/figures/model-behavior-step-functions/DistanceMemoryModel_cosine_exp-step_texture_statistics_rate0.01_prolific_batch/DistanceMemoryModel_Fig01.pdf
Saved /om2/user/bjmedina/auditory-memory/memory/figures/model-behavior-step-functions/DistanceMemoryModel_cosine_exp-step_texture_statistics_rate0.01_prolific_batch/DistanceMemoryModel_Fig02.png and /om2/user/bjmedina/auditory-memory/memory/figures/model-behavior-step-functions/DistanceMemoryModel_cosine_exp-step_texture_statistics_rate0.01_prolific_batch/DistanceMemoryModel_Fig02.pdf
Saved /om2/user/bjmedina/auditory-memory/memory/figures/model-behavior-step-functions/DistanceMemoryModel_cosine_exp-step_texture_statistics_rate0.01_prolific_batch/DistanceMemoryModel_Fig03.png and /om2/user/bjmedina/auditory-memory/memory/figures/model-behavior-step-functions/DistanceMemoryModel_cosine_exp-step_texture_statistics_rate0.01_prolific_batch/DistanceMemoryModel_Fig03.pdf
Saved /om2/user/bjmedina/auditory-memory/memory/figures/model-behavior-step-functions/DistanceMemoryModel_cosine_exp-step_texture_statistics_rate0.01_prolific_batch/DistanceMemoryModel_Fig04.png and /om2/user/bjmedina/auditory-memory/memory/figures/model-behavior-step-functions/DistanceMemoryModel_cosine_exp-step_texture_statistics_rate0.01_prolific_batch/DistanceMemoryModel_Fig04.pdf
Saved /om2/user/bjmedina/auditory-memory/memory/figures/model-behavior-step-functions/DistanceMemoryModel_cosine_exp-step_texture_statistics_rate0.01_prolific_batch/DistanceMemoryModel_Fig05.png and /om2/user/bjmedina/auditory-memory/memory/figures/model-behavior-step-functions/DistanceMemoryModel_cosine_exp-step_texture_statistics_rate0.01_prolific_batch/DistanceMemoryModel_Fig05.pdf
✅ All figures saved to /om2/user/bjmedina/auditory-memory/memory/figures/model-behavior-step-functions/DistanceMemoryModel_cosine_exp-step_texture_statistics_rate0.01_prolific_batch
Saved /om2/user/bjmedina/auditory-memory/memory/figures/model-behavior-step-functions/DistanceMemoryModel_cosine_exp-step_texture_statistics_rate0.01_prolific_batch/NoiseOverlay_ROC_overlay.png and /om2/user/bjmedina/auditory-memory/memory/figures/model-behavior-step-functions/DistanceMemoryModel_cosine_exp-step_texture_statistics_rate0.01_prolific_batch/NoiseOverlay_ROC_overlay.pdf
💾 Saved full runs → /om2/user/bjmedina/auditory-memory/memory/figures/model-behavior-step-functions/DistanceMemoryModel_cosine_exp-step_texture_statistics_rate0.01_prolific_batch/runs.pkl
🧭 Saved metadata → /om2/user/bjmedina/auditory-memory/memory/figures/model-behavior-step-functions/DistanceMemoryModel_cosine_exp-step_texture_statistics_rate0.01_prolific_batch/info.json
Best σ₀ = 0.63  (α=2.373, β=-2.060, R²=0.838)
[1.63213176 1.48993095 1.30631578 1.19244593 1.19889584 1.12387342
 1.16933634 1.21741097 1.2668371 ]
✅ Completed: {'model_name': 'DistanceMemoryModel', 'metric': 'cosine', 'noise_mode': 'exp-step', 'encoder': 'texture_statistics', 'rate': 0.01, 'run_id': 'prolific_batch'}
✅ Done: metric=cosine, noise_mode=exp-step, rate=0.01
