=======================================
Running combination:
  Metric:     euclidean
  Noise mode: exp-step
  Rate:       0.5
=======================================
Saved /om2/user/bjmedina/auditory-memory/memory/figures/model-behavior-step-functions/DistanceMemoryModel_euclidean_exp-step_texture_statistics_rate0.5_prolific_batch/DistanceMemoryModel_Fig01.png and /om2/user/bjmedina/auditory-memory/memory/figures/model-behavior-step-functions/DistanceMemoryModel_euclidean_exp-step_texture_statistics_rate0.5_prolific_batch/DistanceMemoryModel_Fig01.pdf
Saved /om2/user/bjmedina/auditory-memory/memory/figures/model-behavior-step-functions/DistanceMemoryModel_euclidean_exp-step_texture_statistics_rate0.5_prolific_batch/DistanceMemoryModel_Fig02.png and /om2/user/bjmedina/auditory-memory/memory/figures/model-behavior-step-functions/DistanceMemoryModel_euclidean_exp-step_texture_statistics_rate0.5_prolific_batch/DistanceMemoryModel_Fig02.pdf
Saved /om2/user/bjmedina/auditory-memory/memory/figures/model-behavior-step-functions/DistanceMemoryModel_euclidean_exp-step_texture_statistics_rate0.5_prolific_batch/DistanceMemoryModel_Fig03.png and /om2/user/bjmedina/auditory-memory/memory/figures/model-behavior-step-functions/DistanceMemoryModel_euclidean_exp-step_texture_statistics_rate0.5_prolific_batch/DistanceMemoryModel_Fig03.pdf
Saved /om2/user/bjmedina/auditory-memory/memory/figures/model-behavior-step-functions/DistanceMemoryModel_euclidean_exp-step_texture_statistics_rate0.5_prolific_batch/DistanceMemoryModel_Fig04.png and /om2/user/bjmedina/auditory-memory/memory/figures/model-behavior-step-functions/DistanceMemoryModel_euclidean_exp-step_texture_statistics_rate0.5_prolific_batch/DistanceMemoryModel_Fig04.pdf
Saved /om2/user/bjmedina/auditory-memory/memory/figures/model-behavior-step-functions/DistanceMemoryModel_euclidean_exp-step_texture_statistics_rate0.5_prolific_batch/DistanceMemoryModel_Fig05.png and /om2/user/bjmedina/auditory-memory/memory/figures/model-behavior-step-functions/DistanceMemoryModel_euclidean_exp-step_texture_statistics_rate0.5_prolific_batch/DistanceMemoryModel_Fig05.pdf
✅ All figures saved to /om2/user/bjmedina/auditory-memory/memory/figures/model-behavior-step-functions/DistanceMemoryModel_euclidean_exp-step_texture_statistics_rate0.5_prolific_batch
Saved /om2/user/bjmedina/auditory-memory/memory/figures/model-behavior-step-functions/DistanceMemoryModel_euclidean_exp-step_texture_statistics_rate0.5_prolific_batch/NoiseOverlay_ROC_overlay.png and /om2/user/bjmedina/auditory-memory/memory/figures/model-behavior-step-functions/DistanceMemoryModel_euclidean_exp-step_texture_statistics_rate0.5_prolific_batch/NoiseOverlay_ROC_overlay.pdf
💾 Saved full runs → /om2/user/bjmedina/auditory-memory/memory/figures/model-behavior-step-functions/DistanceMemoryModel_euclidean_exp-step_texture_statistics_rate0.5_prolific_batch/runs.pkl
🧭 Saved metadata → /om2/user/bjmedina/auditory-memory/memory/figures/model-behavior-step-functions/DistanceMemoryModel_euclidean_exp-step_texture_statistics_rate0.5_prolific_batch/info.json
Best σ₀ = 0.316  (α=0.233, β=0.554, R²=0.938)
[5.45215964 4.19358203 2.70424165 0.7307966  0.81556953 0.82399647
 0.85174274 0.71047316 0.8312728 ]
✅ Completed: {'model_name': 'DistanceMemoryModel', 'metric': 'euclidean', 'noise_mode': 'exp-step', 'encoder': 'texture_statistics', 'rate': 0.5, 'run_id': 'prolific_batch'}
✅ Done: metric=euclidean, noise_mode=exp-step, rate=0.5
