=======================================
Running combination:
  Metric:     loglikelihood
  Noise mode: exp-step
  Rate:       0.1
=======================================
Saved /om2/user/bjmedina/auditory-memory/memory/figures/model-behavior-step-functions/LikelihoodMemoryModel_loglikelihood_exp-step_texture_statistics_rate0.1_prolific_batch/LikelihoodMemoryModel_Fig01.png and /om2/user/bjmedina/auditory-memory/memory/figures/model-behavior-step-functions/LikelihoodMemoryModel_loglikelihood_exp-step_texture_statistics_rate0.1_prolific_batch/LikelihoodMemoryModel_Fig01.pdf
Saved /om2/user/bjmedina/auditory-memory/memory/figures/model-behavior-step-functions/LikelihoodMemoryModel_loglikelihood_exp-step_texture_statistics_rate0.1_prolific_batch/LikelihoodMemoryModel_Fig02.png and /om2/user/bjmedina/auditory-memory/memory/figures/model-behavior-step-functions/LikelihoodMemoryModel_loglikelihood_exp-step_texture_statistics_rate0.1_prolific_batch/LikelihoodMemoryModel_Fig02.pdf
Saved /om2/user/bjmedina/auditory-memory/memory/figures/model-behavior-step-functions/LikelihoodMemoryModel_loglikelihood_exp-step_texture_statistics_rate0.1_prolific_batch/LikelihoodMemoryModel_Fig03.png and /om2/user/bjmedina/auditory-memory/memory/figures/model-behavior-step-functions/LikelihoodMemoryModel_loglikelihood_exp-step_texture_statistics_rate0.1_prolific_batch/LikelihoodMemoryModel_Fig03.pdf
Saved /om2/user/bjmedina/auditory-memory/memory/figures/model-behavior-step-functions/LikelihoodMemoryModel_loglikelihood_exp-step_texture_statistics_rate0.1_prolific_batch/LikelihoodMemoryModel_Fig04.png and /om2/user/bjmedina/auditory-memory/memory/figures/model-behavior-step-functions/LikelihoodMemoryModel_loglikelihood_exp-step_texture_statistics_rate0.1_prolific_batch/LikelihoodMemoryModel_Fig04.pdf
Saved /om2/user/bjmedina/auditory-memory/memory/figures/model-behavior-step-functions/LikelihoodMemoryModel_loglikelihood_exp-step_texture_statistics_rate0.1_prolific_batch/LikelihoodMemoryModel_Fig05.png and /om2/user/bjmedina/auditory-memory/memory/figures/model-behavior-step-functions/LikelihoodMemoryModel_loglikelihood_exp-step_texture_statistics_rate0.1_prolific_batch/LikelihoodMemoryModel_Fig05.pdf
✅ All figures saved to /om2/user/bjmedina/auditory-memory/memory/figures/model-behavior-step-functions/LikelihoodMemoryModel_loglikelihood_exp-step_texture_statistics_rate0.1_prolific_batch
Saved /om2/user/bjmedina/auditory-memory/memory/figures/model-behavior-step-functions/LikelihoodMemoryModel_loglikelihood_exp-step_texture_statistics_rate0.1_prolific_batch/NoiseOverlay_ROC_overlay.png and /om2/user/bjmedina/auditory-memory/memory/figures/model-behavior-step-functions/LikelihoodMemoryModel_loglikelihood_exp-step_texture_statistics_rate0.1_prolific_batch/NoiseOverlay_ROC_overlay.pdf
💾 Saved full runs → /om2/user/bjmedina/auditory-memory/memory/figures/model-behavior-step-functions/LikelihoodMemoryModel_loglikelihood_exp-step_texture_statistics_rate0.1_prolific_batch/runs.pkl
🧭 Saved metadata → /om2/user/bjmedina/auditory-memory/memory/figures/model-behavior-step-functions/LikelihoodMemoryModel_loglikelihood_exp-step_texture_statistics_rate0.1_prolific_batch/info.json
Best σ₀ = 0.63  (α=0.350, β=0.679, R²=0.974)
[3.34914483 2.41410468 1.37066856 0.62174498 0.12825204 0.10855348
 0.09959832 0.01867201 0.08048266]
✅ Completed: {'model_name': 'LikelihoodMemoryModel', 'metric': 'loglikelihood', 'noise_mode': 'exp-step', 'encoder': 'texture_statistics', 'rate': 0.1, 'run_id': 'prolific_batch'}
✅ Done: metric=loglikelihood, noise_mode=exp-step, rate=0.1
