cuda
2008997
[3wwdmsyqfc4.csv] d' = 3.97 (HR=1.00, FAR=0.40)
[7jogrkbp84y.csv] d' = 0.00 (HR=0.60, FAR=0.60)
[x2u1rnl6jry.csv] d' = 3.47 (HR=1.00, FAR=0.60)
[wj0a6qjnn25.csv] d' = 2.88 (HR=1.00, FAR=0.80)
[1dqenpvpfbn.csv] d' = 3.97 (HR=1.00, FAR=0.40)
[nbgjl1qv11s.csv] d' = 3.47 (HR=1.00, FAR=0.60)
[57bou300szv.csv] d' = 3.97 (HR=1.00, FAR=0.40)
[prp17n1tkt9.csv] d' = -2.88 (HR=0.80, FAR=1.00)
[ospmoysz4bs.csv] d' = 3.47 (HR=1.00, FAR=0.60)
[hfnot2lwmcf.csv] d' = 2.88 (HR=1.00, FAR=0.80)
[fb6k9ozgjrt.csv] d' = 3.97 (HR=1.00, FAR=0.40)
[dmpvasordex.csv] d' = 3.47 (HR=1.00, FAR=0.60)
[m43hv0vduja.csv] d' = 4.56 (HR=1.00, FAR=0.20)
[gp06nr5fdvt.csv] d' = 0.00 (HR=1.00, FAR=1.00)
[w42gcgbetat.csv] d' = 3.97 (HR=1.00, FAR=0.40)
[lxbdvdvzyed.csv] d' = 4.56 (HR=1.00, FAR=0.20)
[su4y3ecm70b.csv] d' = 4.56 (HR=1.00, FAR=0.20)
[ucl3fo5l4nk.csv] d' = 3.97 (HR=1.00, FAR=0.40)
[3k986dfw0e4.csv] d' = 3.47 (HR=1.00, FAR=0.60)
[w4nnqxpetfp.csv] d' = 0.00 (HR=0.80, FAR=0.80)
[zhgyzwna4g9.csv] d' = 3.47 (HR=1.00, FAR=0.60)
[nmo0su2n2p4.csv] d' = 3.97 (HR=1.00, FAR=0.40)
[mqsel2qj1bm.csv] d' = 3.47 (HR=1.00, FAR=0.60)
[lvsjd57zzas.csv] d' = 3.97 (HR=1.00, FAR=0.40)
[tf6ge9da7k3.csv] d' = 4.56 (HR=1.00, FAR=0.20)
[7xm8l8vae6v.csv] d' = 7.44 (HR=1.00, FAR=0.00)
[vyfl17zhg56.csv] d' = 3.97 (HR=1.00, FAR=0.40)
[t7fzgmcyvoa.csv] d' = 7.44 (HR=1.00, FAR=0.00)
[h7j7a1oyysq.csv] d' = 4.56 (HR=1.00, FAR=0.20)
[llwbpg1ugqv.csv] d' = 1.09 (HR=0.80, FAR=0.40)
[a7llgexkbm9.csv] d' = 3.47 (HR=1.00, FAR=0.60)
[zur0wkbpxtw.csv] d' = 3.97 (HR=1.00, FAR=0.40)
[l4bk09zh5b0.csv] d' = 0.00 (HR=1.00, FAR=1.00)
[vfhx71458jt.csv] d' = 4.56 (HR=1.00, FAR=0.20)
[v06lbxm84la.csv] d' = 3.47 (HR=1.00, FAR=0.60)
[m3h147roq6e.csv] d' = 2.88 (HR=1.00, FAR=0.80)
[yt5at846fch.csv] d' = 3.97 (HR=1.00, FAR=0.40)
[autvnk866y5.csv] d' = 3.97 (HR=1.00, FAR=0.40)
[hght3z7y93s.csv] d' = 3.97 (HR=1.00, FAR=0.40)
[cdczcxcat2y.csv] d' = 1.68 (HR=0.80, FAR=0.20)
[fe7lt8zkvy0.csv] d' = 7.44 (HR=1.00, FAR=0.00)
[xlgk883bzvk.csv] d' = 0.00 (HR=1.00, FAR=1.00)
[lhc6wdhczjx.csv] d' = 3.97 (HR=1.00, FAR=0.40)
[hb1m1ndt6xt.csv] d' = 3.47 (HR=1.00, FAR=0.60)
[ftgfad3kmo8.csv] d' = 2.88 (HR=1.00, FAR=0.80)
[6q3fay5lcyu.csv] d' = 3.97 (HR=1.00, FAR=0.40)
[0vsmemo501p.csv] d' = 4.56 (HR=1.00, FAR=0.20)
[zbtgv9yczsz.csv] d' = 4.56 (HR=1.00, FAR=0.20)
[2we169pb6lm.csv] d' = 3.97 (HR=1.00, FAR=0.40)
[b1xg0cek7ps.csv] d' = 3.47 (HR=1.00, FAR=0.60)
[01zrp0w3xu9.csv] d' = 4.56 (HR=1.00, FAR=0.20)
[26by5pzo9uy.csv] d' = 3.47 (HR=1.00, FAR=0.60)
[d98s66lgw1p.csv] d' = 4.56 (HR=1.00, FAR=0.20)
[x76pv0c77tz.csv] d' = 3.97 (HR=1.00, FAR=0.40)
[lgoq8nhy1gc.csv] d' = 7.44 (HR=1.00, FAR=0.00)
[rzor32wqmdx.csv] d' = 4.56 (HR=1.00, FAR=0.20)
[4xmhs63nfl4.csv] d' = 4.56 (HR=1.00, FAR=0.20)
[j95er2wowed.csv] d' = 1.09 (HR=0.80, FAR=0.40)
[u6tgqe54sry.csv] d' = 0.00 (HR=0.60, FAR=0.60)
[pnt1rtfaz6y.csv] d' = 1.09 (HR=0.80, FAR=0.40)
[4fzanpjobzz.csv] d' = 0.00 (HR=0.60, FAR=0.60)
[lwtmg1q49s0.csv] d' = 3.47 (HR=1.00, FAR=0.60)
[51dj8f5ye1x.csv] d' = 4.56 (HR=1.00, FAR=0.20)
[hm0s3cem5sf.csv] d' = 2.88 (HR=1.00, FAR=0.80)
[baekyqloe8n.csv] d' = 7.44 (HR=1.00, FAR=0.00)
[yqw5tk2nn82.csv] d' = 2.88 (HR=1.00, FAR=0.80)
[3qsuq4y6gzc.csv] d' = 3.97 (HR=1.00, FAR=0.40)
[886uuanxhlb.csv] d' = 4.56 (HR=1.00, FAR=0.20)
[5vahh5clc4m.csv] d' = 3.97 (HR=1.00, FAR=0.40)
[osh4sjbrv6m.csv] d' = 7.44 (HR=1.00, FAR=0.00)
[fhvnuzuwowk.csv] d' = 3.97 (HR=1.00, FAR=0.40)
[h73oycd2dpk.csv] d' = 4.56 (HR=1.00, FAR=0.20)
[zdw57lu2upe.csv] d' = 0.00 (HR=1.00, FAR=1.00)
[r63t5s7zcv7.csv] d' = 2.88 (HR=1.00, FAR=0.80)
[qfrzmoysh0g.csv] d' = 3.47 (HR=1.00, FAR=0.60)
[takg6akbug2.csv] d' = 3.47 (HR=1.00, FAR=0.60)
[8pmy17e5ov0.csv] d' = 7.44 (HR=1.00, FAR=0.00)
[ucwmfa69aef.csv] d' = 3.47 (HR=1.00, FAR=0.60)
[g0l29o5ylzr.csv] d' = 3.47 (HR=1.00, FAR=0.60)
[gwowcldxp3u.csv] d' = 4.56 (HR=1.00, FAR=0.20)
[wzm5b7znfly.csv] d' = 3.97 (HR=1.00, FAR=0.40)
[mvodc63bvd7.csv] d' = 3.97 (HR=1.00, FAR=0.40)
[ny45f4le3e2.csv] d' = 2.88 (HR=1.00, FAR=0.80)
[o3w2trah8na.csv] d' = 0.00 (HR=0.60, FAR=0.60)
[mtdlvzq0amu.csv] d' = 3.47 (HR=1.00, FAR=0.60)
[0hzeevb7dat.csv] d' = 4.56 (HR=1.00, FAR=0.20)
[26z6umd832u.csv] d' = 4.56 (HR=1.00, FAR=0.20)
[vk2malrxkl7.csv] d' = 3.97 (HR=1.00, FAR=0.40)
[ynznubwlhws.csv] d' = 1.68 (HR=0.80, FAR=0.20)
[v58dg6z1lkg.csv] d' = 7.44 (HR=1.00, FAR=0.00)
[rl1ny9jy6so.csv] d' = 1.09 (HR=0.80, FAR=0.40)
[nozl0qsnc05.csv] d' = 3.97 (HR=1.00, FAR=0.40)
[vqqvylxyo1o.csv] d' = 3.47 (HR=1.00, FAR=0.60)
[j6pbzc1runz.csv] d' = 3.97 (HR=1.00, FAR=0.40)
[xegxbs3e8nf.csv] d' = 0.59 (HR=0.80, FAR=0.60)
[qeyq974gshb.csv] d' = 3.97 (HR=1.00, FAR=0.40)
[srksk3hjhoh.csv] d' = 3.97 (HR=1.00, FAR=0.40)
[xh9dswnlznp.csv] d' = 3.97 (HR=1.00, FAR=0.40)
[5t9vjqaotfx.csv] d' = 0.59 (HR=0.80, FAR=0.60)
[3ebq5l7hsoe.csv] d' = 3.47 (HR=1.00, FAR=0.60)
[1wbhs2fyz8d.csv] d' = 7.44 (HR=1.00, FAR=0.00)
[2ejx1kqxtn4.csv] d' = 3.97 (HR=1.00, FAR=0.40)
[ecdh7dzj6dm.csv] d' = 2.88 (HR=1.00, FAR=0.80)
[xgzz4pohce6.csv] d' = 3.97 (HR=1.00, FAR=0.40)
[hlcrjw6tzly.csv] d' = 7.44 (HR=1.00, FAR=0.00)
[l0oxqd1742y.csv] d' = 3.97 (HR=1.00, FAR=0.40)
[55njp8kbpdh.csv] d' = 3.47 (HR=1.00, FAR=0.60)
[gsgoh92ql9n.csv] d' = 7.44 (HR=1.00, FAR=0.00)
[pn9dt73a4xc.csv] d' = 3.47 (HR=1.00, FAR=0.60)
[437o7570e4f.csv] d' = 7.44 (HR=1.00, FAR=0.00)
[4jm8oddszxt.csv] d' = 3.97 (HR=1.00, FAR=0.40)
[oyxb7tq5slj.csv] d' = 7.44 (HR=1.00, FAR=0.00)
[v5hf3f47l5n.csv] d' = 3.47 (HR=1.00, FAR=0.60)
[6o0txamaayk.csv] d' = 3.47 (HR=1.00, FAR=0.60)
[76ewf821heq.csv] d' = 1.09 (HR=0.80, FAR=0.40)
[bwbg65gnu3y.csv] d' = 2.88 (HR=1.00, FAR=0.80)
Number of participants used in analysis: 97
Directory already exists: /om2/user/bjmedina/auditory-memory/memory/figures/human-results/isi-16-only/atexts-len120
/om2/user/bjmedina/auditory-memory/memory/figures/human-results/isi-16-only/atexts-len120
[saved] /om2/user/bjmedina/auditory-memory/memory/figures/human-results/isi-16-only/atexts-len120/eval_log_20250829_134007.csv
[saved] /om2/user/bjmedina/auditory-memory/memory/figures/human-results/isi-16-only/atexts-len120/runs_summary_20250829_134007.csv
[saved] /om2/user/bjmedina/auditory-memory/memory/figures/human-results/isi-16-only/atexts-len120/best_overall_20250829_134007.json
[saved] /om2/user/bjmedina/auditory-memory/memory/figures/human-results/isi-16-only/atexts-len120/marginal_noise_variance_20250829_134007.csv
[saved] /om2/user/bjmedina/auditory-memory/memory/figures/human-results/isi-16-only/atexts-len120/marginal_criterion_20250829_134007.csv
BEST: {'x': [0.36976926580110914, 61.80281803987533], 'mse': 0.005142154922072794, 'run': 2}
