/om2/user/bjmedina/auditory-memory/memory/utls/runners_utils.py:209: RuntimeWarning: Mean of empty slice
  dprimes.append(np.nanmean(aucs))
/om2/user/gelbanna/miniconda3/envs/asr312/lib/python3.12/site-packages/torch/cuda/__init__.py:118: UserWarning: CUDA initialization: CUDA unknown error - this may be due to an incorrectly set up environment, e.g. changing env variable CUDA_VISIBLE_DEVICES after program start. Setting the available devices to be zero. (Triggered internally at /opt/conda/conda-bld/pytorch_1712608847532/work/c10/cuda/CUDAFunctions.cpp:108.)
  return torch._C._cuda_getDeviceCount() > 0
Traceback (most recent call last):
  File "/rdma/vast-rdma/vast/mcdermott/bjmedina/auditory-memory/memory/src/model/subsample_analysis.py", line 343, in <module>
    encoder = build_encoder(encoder_cfg)
              ^^^^^^^^^^^^^^^^^^^^^^^^^^
  File "/om2/user/bjmedina/auditory-memory/memory/utls/runners_utils.py", line 280, in build_encoder
    return ResNet50Encoder(
           ^^^^^^^^^^^^^^^^
  File "/om2/user/bjmedina/auditory-memory/memory/utls/encoders.py", line 370, in __init__
    model, ds, all_layers = build_network.main(return_metamer_layers=True)
                            ^^^^^^^^^^^^^^^^^^^^^^^^^^^^^^^^^^^^^^^^^^^^^^
  File "/om2/user/bjmedina/models/cochdnn/model_directories/resnet50_word_speaker_audioset/build_network.py", line 104, in main
    model, ds, metamer_layers = build_net(include_rep_in_model=include_rep_in_model,
                                ^^^^^^^^^^^^^^^^^^^^^^^^^^^^^^^^^^^^^^^^^^^^^^^^^^^^
  File "/om2/user/bjmedina/models/cochdnn/model_directories/resnet50_word_speaker_audioset/build_network.py", line 78, in build_net
    model, _ = make_and_restore_model(arch='resnet_multi_task50', 
               ^^^^^^^^^^^^^^^^^^^^^^^^^^^^^^^^^^^^^^^^^^^^^^^^^^
  File "/om2/user/bjmedina/models/cochdnn/robustness/model_utils.py", line 84, in make_and_restore_model
    checkpoint = ch.load(resume_path, pickle_module=dill)
                 ^^^^^^^^^^^^^^^^^^^^^^^^^^^^^^^^^^^^^^^^
  File "/om2/user/gelbanna/miniconda3/envs/asr312/lib/python3.12/site-packages/torch/serialization.py", line 1040, in load
    return _legacy_load(opened_file, map_location, pickle_module, **pickle_load_args)
           ^^^^^^^^^^^^^^^^^^^^^^^^^^^^^^^^^^^^^^^^^^^^^^^^^^^^^^^^^^^^^^^^^^^^^^^^^^
  File "/om2/user/gelbanna/miniconda3/envs/asr312/lib/python3.12/site-packages/torch/serialization.py", line 1272, in _legacy_load
    result = unpickler.load()
             ^^^^^^^^^^^^^^^^
  File "/om2/user/gelbanna/miniconda3/envs/asr312/lib/python3.12/site-packages/dill/_dill.py", line 444, in load
    obj = StockUnpickler.load(self)
          ^^^^^^^^^^^^^^^^^^^^^^^^^
  File "/om2/user/gelbanna/miniconda3/envs/asr312/lib/python3.12/site-packages/torch/serialization.py", line 1205, in persistent_load
    obj = restore_location(obj, location)
          ^^^^^^^^^^^^^^^^^^^^^^^^^^^^^^^
  File "/om2/user/gelbanna/miniconda3/envs/asr312/lib/python3.12/site-packages/torch/serialization.py", line 390, in default_restore_location
    result = fn(storage, location)
             ^^^^^^^^^^^^^^^^^^^^^
  File "/om2/user/gelbanna/miniconda3/envs/asr312/lib/python3.12/site-packages/torch/serialization.py", line 265, in _cuda_deserialize
    device = validate_cuda_device(location)
             ^^^^^^^^^^^^^^^^^^^^^^^^^^^^^^
  File "/om2/user/gelbanna/miniconda3/envs/asr312/lib/python3.12/site-packages/torch/serialization.py", line 249, in validate_cuda_device
    raise RuntimeError('Attempting to deserialize object on a CUDA '
RuntimeError: Attempting to deserialize object on a CUDA device but torch.cuda.is_available() is False. If you are running on a CPU-only machine, please use torch.load with map_location=torch.device('cpu') to map your storages to the CPU.
