Running subsample_analysis with SUBSAMPLE=56
{'results_root': '/om2/user/bjmedina/auditory-memory/memory', 'tag': 'slurm', 'experiment': {'is_multi': True, 'n_seqs': 36, 'n_samples': 50, 'which_task': 0}, 'metric': 'cosine', 'noise_model': {'name': 'three-regime', 'sigma0_min': 3.0, 'sigma0_max': 0.5, 'sigma1_min': 0.1, 'sigma1_max': 0.6, 'sigma2_min': 0.0005, 'sigma2_max': 0.1, 't_step': 5}, 'run_id': 'run_000005', 'representation': {'type': 'resnet50', 'layer': 'layer4', 'time_avg': True}} /om2/user/bjmedina/auditory-memory/memory/model_yamls/three-regime/resnet50/time_avg/run_000005.yaml
resnet50 layer4
{'name': 'three-regime', 'sigma0_min': 3.0, 'sigma0_max': 0.5, 'sigma1_min': 0.1, 'sigma1_max': 0.6, 'sigma2_min': 0.0005, 'sigma2_max': 0.1, 't_step': 5}
Directory already exists: /om2/user/bjmedina/auditory-memory/memory/figures/v13_three-regime_time_avg/env-sounds/resnet50/cosine/three-regime_t5/
Directory already exists: /om2/user/bjmedina/auditory-memory/memory/fits/v13_three-regime_time_avg_all
Directory already exists: /om2/user/bjmedina/auditory-memory/memory/fits/v13_three-regime_time_avg
layer4
Encoder name: resnet50-layer4
LOADING FROM /om2/user/bjmedina/models/cochdnn/model_directories/resnet50_word_speaker_audioset/
=> loading checkpoint '/om2/user/bjmedina/models/cochdnn/model_checkpoints/audio_rep_training_cochleagram_1/standard_training_word_and_audioset_and_speaker_decay_lr/542752d7-9849-49ff-b84a-6758a81585b4/5_checkpoint.pt'
=> loaded checkpoint '/om2/user/bjmedina/models/cochdnn/model_checkpoints/audio_rep_training_cochleagram_1/standard_training_word_and_audioset_and_speaker_decay_lr/542752d7-9849-49ff-b84a-6758a81585b4/5_checkpoint.pt' (epoch 6)
(80, 14336)
median distance: 0.36585625843367386
there are 20 candidates
rep 0, 56 experiments
rep 1, 56 experiments
rep 2, 56 experiments
rep 3, 56 experiments
rep 4, 56 experiments
rep 5, 56 experiments
rep 6, 56 experiments
rep 7, 56 experiments
rep 8, 56 experiments
rep 9, 56 experiments
rep 10, 56 experiments
rep 11, 56 experiments
rep 12, 56 experiments
rep 13, 56 experiments
rep 14, 56 experiments
rep 15, 56 experiments
rep 16, 56 experiments
rep 17, 56 experiments
rep 18, 56 experiments
rep 19, 56 experiments
Directory already exists: /om2/user/bjmedina/auditory-memory/memory/fits/v13_three-regime_time_avg_all/sigma0/
Saved figure to: /om2/user/bjmedina/auditory-memory/memory/fits/v13_three-regime_time_avg_all/sigma0/stability_2026-02-06_105849-resnet50-layer4-timeavg-56_expeirments.png
